#
# There is insufficient memory for the Java Runtime Environment to continue.
# Native memory allocation (malloc) failed to allocate 1198576 bytes. Error detail: Chunk::new
# Possible reasons:
#   The system is out of physical RAM or swap space
#   This process is running with CompressedOops enabled, and the Java Heap may be blocking the growth of the native heap
# Possible solutions:
#   Reduce memory load on the system
#   Increase physical memory or swap space
#   Check if swap backing store is full
#   Decrease Java heap size (-Xmx/-Xms)
#   Decrease number of Java threads
#   Decrease Java thread stack sizes (-Xss)
#   Set larger code cache with -XX:ReservedCodeCacheSize=
#   JVM is running with Unscaled Compressed Oops mode in which the Java heap is
#     placed in the first 4GB address space. The Java Heap base address is the
#     maximum limit for the native heap growth. Please use -XX:HeapBaseMinAddress
#     to set the Java Heap base and to place the Java Heap above 4GB virtual address.
# This output file may be truncated or incomplete.
#
#  Out of Memory Error (arena.cpp:168), pid=28440, tid=22012
#
# JRE version: OpenJDK Runtime Environment Temurin-21.0.10+7 (21.0.10+7) (build 21.0.10+7-LTS)
# Java VM: OpenJDK 64-Bit Server VM Temurin-21.0.10+7 (21.0.10+7-LTS, mixed mode, sharing, tiered, compressed oops, compressed class ptrs, parallel gc, windows-amd64)
# No core dump will be written. Minidumps are not enabled by default on client versions of Windows
#

---------------  S U M M A R Y ------------

Command Line: --add-modules=ALL-SYSTEM --add-opens=java.base/java.util=ALL-UNNAMED --add-opens=java.base/java.lang=ALL-UNNAMED --add-opens=java.base/sun.nio.fs=ALL-UNNAMED -Declipse.application=org.eclipse.jdt.ls.core.id1 -Dosgi.bundles.defaultStartLevel=4 -Declipse.product=org.eclipse.jdt.ls.core.product -Djava.import.generatesMetadataFilesAtProjectRoot=false -DDetectVMInstallationsJob.disabled=true -Dfile.encoding=utf8 -XX:+UseParallelGC -XX:GCTimeRatio=4 -XX:AdaptiveSizePolicyWeight=90 -Dsun.zip.disableMemoryMapping=true -Xmx2G -Xms100m -Xlog:disable -javaagent:c:\Users\RISHABH UPWANSHI\.vscode\extensions\redhat.java-1.54.0-win32-x64\lombok\lombok-1.18.39-4050.jar c:\Users\RISHABH UPWANSHI\.vscode\extensions\redhat.java-1.54.0-win32-x64\server\plugins\org.eclipse.equinox.launcher_1.7.100.v20251111-0406.jar -configuration c:\Users\RISHABH UPWANSHI\AppData\Roaming\Code\User\globalStorage\redhat.java\1.54.0\config_ss_win -data c:\Users\RISHABH UPWANSHI\AppData\Roaming\Code\User\workspaceStorage\f4a2606078933381c2a47e88c5c240c0\redhat.java\ss_ws --pipe=\\.\pipe\lsp-b7f3ad114d96ef2a4de0f47fcba1e411-sock

Host: AMD Ryzen 7 7435HS                             , 16 cores, 15G,  Windows 11 , 64 bit Build 26100 (10.0.26100.8737)
Time: Thu Jun 25 00:00:05 2026 India Standard Time elapsed time: 3.133495 seconds (0d 0h 0m 3s)

---------------  T H R E A D  ---------------

Current thread (0x000001e3fca13660):  JavaThread "C2 CompilerThread1" daemon [_thread_in_native, id=22012, stack(0x000000d6ac400000,0x000000d6ac500000) (1024K)]


Current CompileTask:
C2:3133 2913       4       org.lombokweb.asm.ClassReader::readMethod (1070 bytes)

Stack: [0x000000d6ac400000,0x000000d6ac500000]
Native frames: (J=compiled Java code, j=interpreted, Vv=VM code, C=native code)
V  [jvm.dll+0x6d7a39]
V  [jvm.dll+0x8b4b26]
V  [jvm.dll+0x8b70de]
V  [jvm.dll+0x8b77c3]
V  [jvm.dll+0x284346]
V  [jvm.dll+0xc66ed]
V  [jvm.dll+0xc6c31]
V  [jvm.dll+0x3bec01]
V  [jvm.dll+0x38b162]
V  [jvm.dll+0x38a5aa]
V  [jvm.dll+0x24c560]
V  [jvm.dll+0x24bb40]
V  [jvm.dll+0x1cb34e]
V  [jvm.dll+0x25b85d]
V  [jvm.dll+0x259dea]
V  [jvm.dll+0x3f857e]
V  [jvm.dll+0x85f59d]
V  [jvm.dll+0x6d626d]
C  [ucrtbase.dll+0x2cd30]
C  [KERNEL32.DLL+0x2e957]
C  [ntdll.dll+0xaad6c]


---------------  P R O C E S S  ---------------

Threads class SMR info:
_java_thread_list=0x000001e3fef9fcb0, length=24, elements={
0x000001e3e48fce20, 0x000001e3fc878370, 0x000001e3e48ac190, 0x000001e3fc87ca00,
0x000001e3fc87d6e0, 0x000001e3fc87f600, 0x000001e3fc883530, 0x000001e3fc8ac610,
0x000001e3fc8ae620, 0x000001e3fc973540, 0x000001e3fca13660, 0x000001e3fcb0ad30,
0x000001e3fcb72cf0, 0x000001e3fcb733a0, 0x000001e3fdf608a0, 0x000001e3fdfb0db0,
0x000001e3fe9bc700, 0x000001e3feaa1130, 0x000001e3feaa17a0, 0x000001e3fe962330,
0x000001e3fecf1040, 0x000001e3fe91a0b0, 0x000001e3fef98b80, 0x000001e3feddec10
}

Java Threads: ( => current thread )
  0x000001e3e48fce20 JavaThread "main"                              [_thread_blocked, id=27440, stack(0x000000d6ab700000,0x000000d6ab800000) (1024K)]
  0x000001e3fc878370 JavaThread "Reference Handler"          daemon [_thread_blocked, id=29936, stack(0x000000d6abb00000,0x000000d6abc00000) (1024K)]
  0x000001e3e48ac190 JavaThread "Finalizer"                  daemon [_thread_blocked, id=13996, stack(0x000000d6abc00000,0x000000d6abd00000) (1024K)]
  0x000001e3fc87ca00 JavaThread "Signal Dispatcher"          daemon [_thread_blocked, id=9204, stack(0x000000d6abd00000,0x000000d6abe00000) (1024K)]
  0x000001e3fc87d6e0 JavaThread "Attach Listener"            daemon [_thread_blocked, id=15292, stack(0x000000d6abe00000,0x000000d6abf00000) (1024K)]
  0x000001e3fc87f600 JavaThread "Service Thread"             daemon [_thread_blocked, id=22828, stack(0x000000d6abf00000,0x000000d6ac000000) (1024K)]
  0x000001e3fc883530 JavaThread "Monitor Deflation Thread"   daemon [_thread_blocked, id=2200, stack(0x000000d6ac000000,0x000000d6ac100000) (1024K)]
  0x000001e3fc8ac610 JavaThread "C2 CompilerThread0"         daemon [_thread_blocked, id=13428, stack(0x000000d6ac100000,0x000000d6ac200000) (1024K)]
  0x000001e3fc8ae620 JavaThread "C1 CompilerThread0"         daemon [_thread_blocked, id=8208, stack(0x000000d6ac200000,0x000000d6ac300000) (1024K)]
  0x000001e3fc973540 JavaThread "C1 CompilerThread1"         daemon [_thread_blocked, id=2068, stack(0x000000d6ac300000,0x000000d6ac400000) (1024K)]
=>0x000001e3fca13660 JavaThread "C2 CompilerThread1"         daemon [_thread_in_native, id=22012, stack(0x000000d6ac400000,0x000000d6ac500000) (1024K)]
  0x000001e3fcb0ad30 JavaThread "Common-Cleaner"             daemon [_thread_blocked, id=27612, stack(0x000000d6ac500000,0x000000d6ac600000) (1024K)]
  0x000001e3fcb72cf0 JavaThread "C1 CompilerThread2"         daemon [_thread_blocked, id=6884, stack(0x000000d6ac600000,0x000000d6ac700000) (1024K)]
  0x000001e3fcb733a0 JavaThread "C1 CompilerThread3"         daemon [_thread_blocked, id=20916, stack(0x000000d6ac700000,0x000000d6ac800000) (1024K)]
  0x000001e3fdf608a0 JavaThread "Notification Thread"        daemon [_thread_blocked, id=28168, stack(0x000000d6ac800000,0x000000d6ac900000) (1024K)]
  0x000001e3fdfb0db0 JavaThread "C2 CompilerThread2"         daemon [_thread_blocked, id=21796, stack(0x000000d6ac900000,0x000000d6aca00000) (1024K)]
  0x000001e3fe9bc700 JavaThread "Active Thread: Equinox Container: c1a275ff-a26e-44a8-90de-492216dc41b4"        [_thread_blocked, id=22056, stack(0x000000d6ad100000,0x000000d6ad200000) (1024K)]
  0x000001e3feaa1130 JavaThread "Framework Event Dispatcher: Equinox Container: c1a275ff-a26e-44a8-90de-492216dc41b4" daemon [_thread_blocked, id=12096, stack(0x000000d6ad300000,0x000000d6ad400000) (1024K)]
  0x000001e3feaa17a0 JavaThread "Start Level: Equinox Container: c1a275ff-a26e-44a8-90de-492216dc41b4" daemon [_thread_blocked, id=6860, stack(0x000000d6ad400000,0x000000d6ad500000) (1024K)]
  0x000001e3fe962330 JavaThread "SCR Component Actor"        daemon [_thread_blocked, id=30692, stack(0x000000d6aca00000,0x000000d6acb00000) (1024K)]
  0x000001e3fecf1040 JavaThread "Worker-JM"                         [_thread_blocked, id=15492, stack(0x000000d6ad500000,0x000000d6ad600000) (1024K)]
  0x000001e3fe91a0b0 JavaThread "JNA Cleaner"                daemon [_thread_blocked, id=22784, stack(0x000000d6ad800000,0x000000d6ad900000) (1024K)]
  0x000001e3fef98b80 JavaThread "Worker-0"                          [_thread_blocked, id=15140, stack(0x000000d6ad900000,0x000000d6ada00000) (1024K)]
  0x000001e3feddec10 JavaThread "Worker-1"                          [_thread_blocked, id=5528, stack(0x000000d6ada00000,0x000000d6adb00000) (1024K)]
Total: 24

Other Threads:
  0x000001e3e49be800 VMThread "VM Thread"                           [id=2400, stack(0x000000d6aba00000,0x000000d6abb00000) (1024K)] _threads_hazard_ptr=0x000001e3fef9fcb0
  0x000001e3e49694a0 WatcherThread "VM Periodic Task Thread"        [id=22008, stack(0x000000d6ab900000,0x000000d6aba00000) (1024K)]
  0x000001e3e491b370 WorkerThread "GC Thread#0"                     [id=4072, stack(0x000000d6ab800000,0x000000d6ab900000) (1024K)]
  0x000001e3fe38c3c0 WorkerThread "GC Thread#1"                     [id=19620, stack(0x000000d6acb00000,0x000000d6acc00000) (1024K)]
  0x000001e3fe38c010 WorkerThread "GC Thread#2"                     [id=30156, stack(0x000000d6acc00000,0x000000d6acd00000) (1024K)]
  0x000001e3fe38bc60 WorkerThread "GC Thread#3"                     [id=9620, stack(0x000000d6acd00000,0x000000d6ace00000) (1024K)]
  0x000001e3fe38c770 WorkerThread "GC Thread#4"                     [id=9248, stack(0x000000d6ace00000,0x000000d6acf00000) (1024K)]
  0x000001e3fe38b500 WorkerThread "GC Thread#5"                     [id=30072, stack(0x000000d6acf00000,0x000000d6ad000000) (1024K)]
  0x000001e3fe38ada0 WorkerThread "GC Thread#6"                     [id=30320, stack(0x000000d6ad000000,0x000000d6ad100000) (1024K)]
  0x000001e3fe38b8b0 WorkerThread "GC Thread#7"                     [id=7828, stack(0x000000d6ad200000,0x000000d6ad300000) (1024K)]
  0x000001e3fea756d0 WorkerThread "GC Thread#8"                     [id=3400, stack(0x000000d6ad600000,0x000000d6ad700000) (1024K)]
  0x000001e3fea72330 WorkerThread "GC Thread#9"                     [id=2220, stack(0x000000d6ad700000,0x000000d6ad800000) (1024K)]
  0x000001e3fea75a80 WorkerThread "GC Thread#10"                    [id=19236, stack(0x000000d6adb00000,0x000000d6adc00000) (1024K)]
  0x000001e3fea74460 WorkerThread "GC Thread#11"                    [id=15224, stack(0x000000d6adc00000,0x000000d6add00000) (1024K)]
  0x000001e3fea75e30 WorkerThread "GC Thread#12"                    [id=20696, stack(0x000000d6add00000,0x000000d6ade00000) (1024K)]
Total: 15

Threads with active compile tasks:
C2 CompilerThread0  3147 2984       4       java.util.concurrent.ConcurrentHashMap$ValueIterator::next (34 bytes)
C2 CompilerThread1  3147 2913       4       org.lombokweb.asm.ClassReader::readMethod (1070 bytes)
C1 CompilerThread3  3147 2986 %     3       lombok.launch.PackageShader::apply @ 154 (252 bytes)
C2 CompilerThread2  3147 2985       4       jdk.internal.loader.BuiltinClassLoader::moduleReaderFor (45 bytes)
Total: 4

VM state: synchronizing (normal execution)

VM Mutex/Monitor currently owned by a thread:  ([mutex/lock_event])
[0x00007ffa2d67e560] Threads_lock - owner thread: 0x000001e3e49be800

Heap address: 0x0000000080000000, size: 2048 MB, Compressed Oops mode: 32-bit

CDS archive(s) mapped at: [0x000001e380000000-0x000001e380ba0000-0x000001e380ba0000), size 12189696, SharedBaseAddress: 0x000001e380000000, ArchiveRelocationMode: 1.
Compressed class space mapped at: 0x000001e381000000-0x000001e3c1000000, reserved size: 1073741824
Narrow klass base: 0x000001e380000000, Narrow klass shift: 0, Narrow klass range: 0x100000000

GC Precious Log:
 CardTable entry size: 512
 CPUs: 16 total, 16 available
 Memory: 16202M
 Large Page Support: Disabled
 NUMA Support: Disabled
 Compressed Oops: Enabled (32-bit)
 Alignments: Space 512K, Generation 512K, Heap 2M
 Heap Min Capacity: 100M
 Heap Initial Capacity: 100M
 Heap Max Capacity: 2G
 Pre-touch: Disabled
 Parallel Workers: 13

Heap:
 PSYoungGen      total 30208K, used 17127K [0x00000000d5580000, 0x00000000d7800000, 0x0000000100000000)
  eden space 25088K, 68% used [0x00000000d5580000,0x00000000d6639d70,0x00000000d6e00000)
  from space 5120K, 0% used [0x00000000d7300000,0x00000000d7300000,0x00000000d7800000)
  to   space 5120K, 0% used [0x00000000d6e00000,0x00000000d6e00000,0x00000000d7300000)
 ParOldGen       total 68608K, used 8877K [0x0000000080000000, 0x0000000084300000, 0x00000000d5580000)
  object space 68608K, 12% used [0x0000000080000000,0x00000000808ab720,0x0000000084300000)
 Metaspace       used 22087K, committed 22848K, reserved 1114112K
  class space    used 2141K, committed 2496K, reserved 1048576K

Card table byte_map: [0x000001e3e42a0000,0x000001e3e46b0000] _byte_map_base: 0x000001e3e3ea0000

Marking Bits: (ParMarkBitMap*) 0x00007ffa2d683450
 Begin Bits: [0x000001e3f6db0000, 0x000001e3f8db0000)
 End Bits:   [0x000001e3f8db0000, 0x000001e3fadb0000)

Polling page: 0x000001e3e2700000

Metaspace:

Usage:
  Non-class:     19.48 MB used.
      Class:      2.09 MB used.
       Both:     21.57 MB used.

Virtual space:
  Non-class space:       64.00 MB reserved,      19.88 MB ( 31%) committed,  1 nodes.
      Class space:        1.00 GB reserved,       2.44 MB ( <1%) committed,  1 nodes.
             Both:        1.06 GB reserved,      22.31 MB (  2%) committed. 

Chunk freelists:
   Non-Class:  11.72 MB
       Class:  13.56 MB
        Both:  25.28 MB

MaxMetaspaceSize: unlimited
CompressedClassSpaceSize: 1.00 GB
Initial GC threshold: 21.00 MB
Current GC threshold: 35.00 MB
CDS: on
 - commit_granule_bytes: 65536.
 - commit_granule_words: 8192.
 - virtual_space_node_default_size: 8388608.
 - enlarge_chunks_in_place: 1.
 - use_allocation_guard: 0.


Internal statistics:

num_allocs_failed_limit: 3.
num_arena_births: 508.
num_arena_deaths: 14.
num_vsnodes_births: 2.
num_vsnodes_deaths: 0.
num_space_committed: 357.
num_space_uncommitted: 0.
num_chunks_returned_to_freelist: 17.
num_chunks_taken_from_freelist: 1351.
num_chunk_merges: 9.
num_chunk_splits: 875.
num_chunks_enlarged: 575.
num_inconsistent_stats: 0.

CodeHeap 'non-profiled nmethods': size=119168Kb used=1332Kb max_used=1332Kb free=117835Kb
 bounds [0x000001e3ef6a0000, 0x000001e3ef910000, 0x000001e3f6b00000]
CodeHeap 'profiled nmethods': size=119104Kb used=5846Kb max_used=5846Kb free=113257Kb
 bounds [0x000001e3e7b00000, 0x000001e3e80c0000, 0x000001e3eef50000]
CodeHeap 'non-nmethods': size=7488Kb used=3008Kb max_used=3037Kb free=4479Kb
 bounds [0x000001e3eef50000, 0x000001e3ef250000, 0x000001e3ef6a0000]
CodeCache: size=245760Kb, used=10186Kb, max_used=10215Kb, free=235571Kb
 total_blobs=3586, nmethods=2981, adapters=508, full_count=0
Compilation: enabled, stopped_count=0, restarted_count=0

Compilation events (20 events):
Event: 2.108 Thread 0x000001e3fcb733a0 2976       3       java.net.URI$Parser::scanEscape (115 bytes)
Event: 2.109 Thread 0x000001e3fcb733a0 nmethod 2976 0x000001e3e80b1510 code [0x000001e3e80b1820, 0x000001e3e80b2930]
Event: 2.110 Thread 0x000001e3fc8ac610 nmethod 2975 0x000001e3ef7eae10 code [0x000001e3ef7eb000, 0x000001e3ef7eb408]
Event: 2.115 Thread 0x000001e3fcb733a0 2977       1       org.eclipse.osgi.internal.loader.EquinoxClassLoader::getDebug (5 bytes)
Event: 2.115 Thread 0x000001e3fcb733a0 nmethod 2977 0x000001e3ef7eb790 code [0x000001e3ef7eb920, 0x000001e3ef7eb9e8]
Event: 2.116 Thread 0x000001e3fcb72cf0 2978       3       java.nio.ByteBuffer::array (35 bytes)
Event: 2.117 Thread 0x000001e3fcb72cf0 nmethod 2978 0x000001e3e80b3010 code [0x000001e3e80b31e0, 0x000001e3e80b3498]
Event: 2.118 Thread 0x000001e3fdfb0db0 2979       4       lombok.launch.ClassFileMetaData::decodeString (181 bytes)
Event: 2.118 Thread 0x000001e3fc8ac610 2980       4       lombok.launch.ClassFileMetaData::readValue (27 bytes)
Event: 2.119 Thread 0x000001e3fc8ac610 nmethod 2980 0x000001e3ef7eba90 code [0x000001e3ef7ebc20, 0x000001e3ef7ebd28]
Event: 2.119 Thread 0x000001e3fc8ac610 2981       4       lombok.launch.PackageShader::readValue (21 bytes)
Event: 2.119 Thread 0x000001e3fc8ac610 nmethod 2981 0x000001e3ef7ebe10 code [0x000001e3ef7ebfa0, 0x000001e3ef7ec080]
Event: 2.120 Thread 0x000001e3fcb733a0 2982       3       java.nio.charset.CoderResult::isOverflow (14 bytes)
Event: 2.120 Thread 0x000001e3fcb733a0 nmethod 2982 0x000001e3e80b3590 code [0x000001e3e80b3720, 0x000001e3e80b3880]
Event: 2.121 Thread 0x000001e3fcb733a0 2983       3       java.net.URL::toString (5 bytes)
Event: 2.121 Thread 0x000001e3fcb733a0 nmethod 2983 0x000001e3e80b3910 code [0x000001e3e80b3ac0, 0x000001e3e80b3d00]
Event: 2.125 Thread 0x000001e3fc8ac610 2984       4       java.util.concurrent.ConcurrentHashMap$ValueIterator::next (34 bytes)
Event: 2.126 Thread 0x000001e3fdfb0db0 nmethod 2979 0x000001e3ef7ec190 code [0x000001e3ef7ec360, 0x000001e3ef7eccc0]
Event: 2.126 Thread 0x000001e3fdfb0db0 2985       4       jdk.internal.loader.BuiltinClassLoader::moduleReaderFor (45 bytes)
Event: 2.127 Thread 0x000001e3fcb733a0 2986 %     3       lombok.launch.PackageShader::apply @ 154 (252 bytes)

GC Heap History (14 events):
Event: 0.602 GC heap before
{Heap before GC invocations=1 (full 0):
 PSYoungGen      total 29696K, used 25600K [0x00000000d5580000, 0x00000000d7680000, 0x0000000100000000)
  eden space 25600K, 100% used [0x00000000d5580000,0x00000000d6e80000,0x00000000d6e80000)
  from space 4096K, 0% used [0x00000000d7280000,0x00000000d7280000,0x00000000d7680000)
  to   space 4096K, 0% used [0x00000000d6e80000,0x00000000d6e80000,0x00000000d7280000)
 ParOldGen       total 68608K, used 0K [0x0000000080000000, 0x0000000084300000, 0x00000000d5580000)
  object space 68608K, 0% used [0x0000000080000000,0x0000000080000000,0x0000000084300000)
 Metaspace       used 4181K, committed 4480K, reserved 1114112K
  class space    used 454K, committed 576K, reserved 1048576K
}
Event: 0.609 GC heap after
{Heap after GC invocations=1 (full 0):
 PSYoungGen      total 29696K, used 3612K [0x00000000d5580000, 0x00000000d7680000, 0x0000000100000000)
  eden space 25600K, 0% used [0x00000000d5580000,0x00000000d5580000,0x00000000d6e80000)
  from space 4096K, 88% used [0x00000000d6e80000,0x00000000d7207000,0x00000000d7280000)
  to   space 4096K, 0% used [0x00000000d7280000,0x00000000d7280000,0x00000000d7680000)
 ParOldGen       total 68608K, used 16K [0x0000000080000000, 0x0000000084300000, 0x00000000d5580000)
  object space 68608K, 0% used [0x0000000080000000,0x0000000080004000,0x0000000084300000)
 Metaspace       used 4181K, committed 4480K, reserved 1114112K
  class space    used 454K, committed 576K, reserved 1048576K
}
Event: 1.175 GC heap before
{Heap before GC invocations=2 (full 0):
 PSYoungGen      total 29696K, used 29212K [0x00000000d5580000, 0x00000000d7680000, 0x0000000100000000)
  eden space 25600K, 100% used [0x00000000d5580000,0x00000000d6e80000,0x00000000d6e80000)
  from space 4096K, 88% used [0x00000000d6e80000,0x00000000d7207000,0x00000000d7280000)
  to   space 4096K, 0% used [0x00000000d7280000,0x00000000d7280000,0x00000000d7680000)
 ParOldGen       total 68608K, used 16K [0x0000000080000000, 0x0000000084300000, 0x00000000d5580000)
  object space 68608K, 0% used [0x0000000080000000,0x0000000080004000,0x0000000084300000)
 Metaspace       used 7990K, committed 8256K, reserved 1114112K
  class space    used 831K, committed 960K, reserved 1048576K
}
Event: 1.178 GC heap after
{Heap after GC invocations=2 (full 0):
 PSYoungGen      total 29696K, used 4086K [0x00000000d5580000, 0x00000000d7680000, 0x0000000100000000)
  eden space 25600K, 0% used [0x00000000d5580000,0x00000000d5580000,0x00000000d6e80000)
  from space 4096K, 99% used [0x00000000d7280000,0x00000000d767d810,0x00000000d7680000)
  to   space 4096K, 0% used [0x00000000d6e80000,0x00000000d6e80000,0x00000000d7280000)
 ParOldGen       total 68608K, used 1085K [0x0000000080000000, 0x0000000084300000, 0x00000000d5580000)
  object space 68608K, 1% used [0x0000000080000000,0x000000008010f660,0x0000000084300000)
 Metaspace       used 7990K, committed 8256K, reserved 1114112K
  class space    used 831K, committed 960K, reserved 1048576K
}
Event: 1.548 GC heap before
{Heap before GC invocations=3 (full 0):
 PSYoungGen      total 29696K, used 29686K [0x00000000d5580000, 0x00000000d7680000, 0x0000000100000000)
  eden space 25600K, 100% used [0x00000000d5580000,0x00000000d6e80000,0x00000000d6e80000)
  from space 4096K, 99% used [0x00000000d7280000,0x00000000d767d810,0x00000000d7680000)
  to   space 4096K, 0% used [0x00000000d6e80000,0x00000000d6e80000,0x00000000d7280000)
 ParOldGen       total 68608K, used 1085K [0x0000000080000000, 0x0000000084300000, 0x00000000d5580000)
  object space 68608K, 1% used [0x0000000080000000,0x000000008010f660,0x0000000084300000)
 Metaspace       used 12675K, committed 13120K, reserved 1114112K
  class space    used 1342K, committed 1536K, reserved 1048576K
}
Event: 1.551 GC heap after
{Heap after GC invocations=3 (full 0):
 PSYoungGen      total 29696K, used 4066K [0x00000000d5580000, 0x00000000d7680000, 0x0000000100000000)
  eden space 25600K, 0% used [0x00000000d5580000,0x00000000d5580000,0x00000000d6e80000)
  from space 4096K, 99% used [0x00000000d6e80000,0x00000000d7278890,0x00000000d7280000)
  to   space 4096K, 0% used [0x00000000d7280000,0x00000000d7280000,0x00000000d7680000)
 ParOldGen       total 68608K, used 2640K [0x0000000080000000, 0x0000000084300000, 0x00000000d5580000)
  object space 68608K, 3% used [0x0000000080000000,0x0000000080294180,0x0000000084300000)
 Metaspace       used 12675K, committed 13120K, reserved 1114112K
  class space    used 1342K, committed 1536K, reserved 1048576K
}
Event: 1.832 GC heap before
{Heap before GC invocations=4 (full 0):
 PSYoungGen      total 29696K, used 29666K [0x00000000d5580000, 0x00000000d7680000, 0x0000000100000000)
  eden space 25600K, 100% used [0x00000000d5580000,0x00000000d6e80000,0x00000000d6e80000)
  from space 4096K, 99% used [0x00000000d6e80000,0x00000000d7278890,0x00000000d7280000)
  to   space 4096K, 0% used [0x00000000d7280000,0x00000000d7280000,0x00000000d7680000)
 ParOldGen       total 68608K, used 2640K [0x0000000080000000, 0x0000000084300000, 0x00000000d5580000)
  object space 68608K, 3% used [0x0000000080000000,0x0000000080294180,0x0000000084300000)
 Metaspace       used 16670K, committed 17344K, reserved 1114112K
  class space    used 1751K, committed 2048K, reserved 1048576K
}
Event: 1.835 GC heap after
{Heap after GC invocations=4 (full 0):
 PSYoungGen      total 29696K, used 4067K [0x00000000d5580000, 0x00000000d7680000, 0x0000000100000000)
  eden space 25600K, 0% used [0x00000000d5580000,0x00000000d5580000,0x00000000d6e80000)
  from space 4096K, 99% used [0x00000000d7280000,0x00000000d7678d78,0x00000000d7680000)
  to   space 4096K, 0% used [0x00000000d6e80000,0x00000000d6e80000,0x00000000d7280000)
 ParOldGen       total 68608K, used 4738K [0x0000000080000000, 0x0000000084300000, 0x00000000d5580000)
  object space 68608K, 6% used [0x0000000080000000,0x00000000804a0bd8,0x0000000084300000)
 Metaspace       used 16670K, committed 17344K, reserved 1114112K
  class space    used 1751K, committed 2048K, reserved 1048576K
}
Event: 1.982 GC heap before
{Heap before GC invocations=5 (full 0):
 PSYoungGen      total 29696K, used 29667K [0x00000000d5580000, 0x00000000d7680000, 0x0000000100000000)
  eden space 25600K, 100% used [0x00000000d5580000,0x00000000d6e80000,0x00000000d6e80000)
  from space 4096K, 99% used [0x00000000d7280000,0x00000000d7678d78,0x00000000d7680000)
  to   space 4096K, 0% used [0x00000000d6e80000,0x00000000d6e80000,0x00000000d7280000)
 ParOldGen       total 68608K, used 4738K [0x0000000080000000, 0x0000000084300000, 0x00000000d5580000)
  object space 68608K, 6% used [0x0000000080000000,0x00000000804a0bd8,0x0000000084300000)
 Metaspace       used 19975K, committed 20672K, reserved 1114112K
  class space    used 1991K, committed 2304K, reserved 1048576K
}
Event: 1.984 GC heap after
{Heap after GC invocations=5 (full 0):
 PSYoungGen      total 29184K, used 4084K [0x00000000d5580000, 0x00000000d7800000, 0x0000000100000000)
  eden space 25088K, 0% used [0x00000000d5580000,0x00000000d5580000,0x00000000d6e00000)
  from space 4096K, 99% used [0x00000000d6e80000,0x00000000d727d210,0x00000000d7280000)
  to   space 5120K, 0% used [0x00000000d7300000,0x00000000d7300000,0x00000000d7800000)
 ParOldGen       total 68608K, used 4988K [0x0000000080000000, 0x0000000084300000, 0x00000000d5580000)
  object space 68608K, 7% used [0x0000000080000000,0x00000000804df128,0x0000000084300000)
 Metaspace       used 19975K, committed 20672K, reserved 1114112K
  class space    used 1991K, committed 2304K, reserved 1048576K
}
Event: 2.026 GC heap before
{Heap before GC invocations=6 (full 0):
 PSYoungGen      total 29184K, used 12630K [0x00000000d5580000, 0x00000000d7800000, 0x0000000100000000)
  eden space 25088K, 34% used [0x00000000d5580000,0x00000000d5dd8940,0x00000000d6e00000)
  from space 4096K, 99% used [0x00000000d6e80000,0x00000000d727d210,0x00000000d7280000)
  to   space 5120K, 0% used [0x00000000d7300000,0x00000000d7300000,0x00000000d7800000)
 ParOldGen       total 68608K, used 4988K [0x0000000080000000, 0x0000000084300000, 0x00000000d5580000)
  object space 68608K, 7% used [0x0000000080000000,0x00000000804df128,0x0000000084300000)
 Metaspace       used 20857K, committed 21504K, reserved 1114112K
  class space    used 2061K, committed 2368K, reserved 1048576K
}
Event: 2.028 GC heap after
{Heap after GC invocations=6 (full 0):
 PSYoungGen      total 30208K, used 4867K [0x00000000d5580000, 0x00000000d7800000, 0x0000000100000000)
  eden space 25088K, 0% used [0x00000000d5580000,0x00000000d5580000,0x00000000d6e00000)
  from space 5120K, 95% used [0x00000000d7300000,0x00000000d77c0c30,0x00000000d7800000)
  to   space 5120K, 0% used [0x00000000d6e00000,0x00000000d6e00000,0x00000000d7300000)
 ParOldGen       total 68608K, used 5303K [0x0000000080000000, 0x0000000084300000, 0x00000000d5580000)
  object space 68608K, 7% used [0x0000000080000000,0x000000008052dd88,0x0000000084300000)
 Metaspace       used 20857K, committed 21504K, reserved 1114112K
  class space    used 2061K, committed 2368K, reserved 1048576K
}
Event: 2.028 GC heap before
{Heap before GC invocations=7 (full 1):
 PSYoungGen      total 30208K, used 4867K [0x00000000d5580000, 0x00000000d7800000, 0x0000000100000000)
  eden space 25088K, 0% used [0x00000000d5580000,0x00000000d5580000,0x00000000d6e00000)
  from space 5120K, 95% used [0x00000000d7300000,0x00000000d77c0c30,0x00000000d7800000)
  to   space 5120K, 0% used [0x00000000d6e00000,0x00000000d6e00000,0x00000000d7300000)
 ParOldGen       total 68608K, used 5303K [0x0000000080000000, 0x0000000084300000, 0x00000000d5580000)
  object space 68608K, 7% used [0x0000000080000000,0x000000008052dd88,0x0000000084300000)
 Metaspace       used 20857K, committed 21504K, reserved 1114112K
  class space    used 2061K, committed 2368K, reserved 1048576K
}
Event: 2.043 GC heap after
{Heap after GC invocations=7 (full 1):
 PSYoungGen      total 30208K, used 0K [0x00000000d5580000, 0x00000000d7800000, 0x0000000100000000)
  eden space 25088K, 0% used [0x00000000d5580000,0x00000000d5580000,0x00000000d6e00000)
  from space 5120K, 0% used [0x00000000d7300000,0x00000000d7300000,0x00000000d7800000)
  to   space 5120K, 0% used [0x00000000d6e00000,0x00000000d6e00000,0x00000000d7300000)
 ParOldGen       total 68608K, used 8877K [0x0000000080000000, 0x0000000084300000, 0x00000000d5580000)
  object space 68608K, 12% used [0x0000000080000000,0x00000000808ab720,0x0000000084300000)
 Metaspace       used 20844K, committed 21504K, reserved 1114112K
  class space    used 2057K, committed 2368K, reserved 1048576K
}

Dll operation events (10 events):
Event: 0.008 Loaded shared library c:\Users\RISHABH UPWANSHI\.vscode\extensions\redhat.java-1.54.0-win32-x64\jre\21.0.10-win32-x86_64\bin\java.dll
Event: 0.057 Loaded shared library c:\Users\RISHABH UPWANSHI\.vscode\extensions\redhat.java-1.54.0-win32-x64\jre\21.0.10-win32-x86_64\bin\zip.dll
Event: 0.072 Loaded shared library C:\Users\RISHABH UPWANSHI\.vscode\extensions\redhat.java-1.54.0-win32-x64\jre\21.0.10-win32-x86_64\bin\instrument.dll
Event: 0.076 Loaded shared library C:\Users\RISHABH UPWANSHI\.vscode\extensions\redhat.java-1.54.0-win32-x64\jre\21.0.10-win32-x86_64\bin\net.dll
Event: 0.078 Loaded shared library C:\Users\RISHABH UPWANSHI\.vscode\extensions\redhat.java-1.54.0-win32-x64\jre\21.0.10-win32-x86_64\bin\nio.dll
Event: 0.081 Loaded shared library C:\Users\RISHABH UPWANSHI\.vscode\extensions\redhat.java-1.54.0-win32-x64\jre\21.0.10-win32-x86_64\bin\zip.dll
Event: 0.094 Loaded shared library C:\Users\RISHABH UPWANSHI\.vscode\extensions\redhat.java-1.54.0-win32-x64\jre\21.0.10-win32-x86_64\bin\jimage.dll
Event: 0.166 Loaded shared library c:\Users\RISHABH UPWANSHI\.vscode\extensions\redhat.java-1.54.0-win32-x64\jre\21.0.10-win32-x86_64\bin\verify.dll
Event: 1.242 Loaded shared library C:\Users\RISHABH UPWANSHI\AppData\Roaming\Code\User\globalStorage\redhat.java\1.54.0\config_ss_win\org.eclipse.equinox.launcher\org.eclipse.equinox.launcher.win32.win32.x86_64_1.3.0.v20260203-2149\eclipse_11919.dll
Event: 1.749 Loaded shared library C:\Users\RISHABH UPWANSHI\AppData\Local\Temp\jna-1647839792\jna12338865242371066617.dll

Deoptimization events (20 events):
Event: 1.835 Thread 0x000001e3feaa17a0 DEOPT PACKING pc=0x000001e3ef79f014 sp=0x000000d6ad4ef690
Event: 1.835 Thread 0x000001e3feaa17a0 DEOPT UNPACKING pc=0x000001e3eefa3aa2 sp=0x000000d6ad4ef638 mode 2
Event: 1.871 Thread 0x000001e3feaa17a0 Uncommon trap: trap_request=0xffffff45 fr.pc=0x000001e3ef7c3110 relative=0x0000000000000890
Event: 1.871 Thread 0x000001e3feaa17a0 Uncommon trap: reason=unstable_if action=reinterpret pc=0x000001e3ef7c3110 method=org.lombokweb.asm.ClassReader.readUTF8(I[C)Ljava/lang/String; @ 11 c2
Event: 1.871 Thread 0x000001e3feaa17a0 DEOPT PACKING pc=0x000001e3ef7c3110 sp=0x000000d6ad4ef880
Event: 1.871 Thread 0x000001e3feaa17a0 DEOPT UNPACKING pc=0x000001e3eefa3aa2 sp=0x000000d6ad4ef888 mode 2
Event: 2.004 Thread 0x000001e3feaa17a0 Uncommon trap: trap_request=0xffffff45 fr.pc=0x000001e3ef7dbf6c relative=0x000000000000014c
Event: 2.004 Thread 0x000001e3feaa17a0 Uncommon trap: reason=unstable_if action=reinterpret pc=0x000001e3ef7dbf6c method=org.lombokweb.asm.ByteVector.putByteArray([BII)Lorg/lombokweb/asm/ByteVector; @ 20 c2
Event: 2.004 Thread 0x000001e3feaa17a0 DEOPT PACKING pc=0x000001e3ef7dbf6c sp=0x000000d6ad4f2a20
Event: 2.004 Thread 0x000001e3feaa17a0 DEOPT UNPACKING pc=0x000001e3eefa3aa2 sp=0x000000d6ad4f29f0 mode 2
Event: 2.004 Thread 0x000001e3feaa17a0 Uncommon trap: trap_request=0xffffff45 fr.pc=0x000001e3ef7cc3a4 relative=0x0000000000000364
Event: 2.004 Thread 0x000001e3feaa17a0 Uncommon trap: reason=unstable_if action=reinterpret pc=0x000001e3ef7cc3a4 method=org.lombokweb.asm.Label.resolve([BLorg/lombokweb/asm/ByteVector;I)Z @ 81 c2
Event: 2.004 Thread 0x000001e3feaa17a0 DEOPT PACKING pc=0x000001e3ef7cc3a4 sp=0x000000d6ad4f2ab0
Event: 2.004 Thread 0x000001e3feaa17a0 DEOPT UNPACKING pc=0x000001e3eefa3aa2 sp=0x000000d6ad4f29b8 mode 2
Event: 2.005 Thread 0x000001e3feaa17a0 Uncommon trap: trap_request=0xffffff45 fr.pc=0x000001e3ef7cbbcc relative=0x000000000000022c
Event: 2.005 Thread 0x000001e3feaa17a0 Uncommon trap: reason=unstable_if action=reinterpret pc=0x000001e3ef7cbbcc method=org.lombokweb.asm.Label.resolve([BLorg/lombokweb/asm/ByteVector;I)Z @ 81 c2
Event: 2.005 Thread 0x000001e3feaa17a0 DEOPT PACKING pc=0x000001e3ef7cbbcc sp=0x000000d6ad4f2a20
Event: 2.005 Thread 0x000001e3feaa17a0 DEOPT UNPACKING pc=0x000001e3eefa3aa2 sp=0x000000d6ad4f29b0 mode 2
Event: 2.022 Thread 0x000001e3feaa17a0 DEOPT PACKING pc=0x000001e3e7fa2039 sp=0x000000d6ad4f2780
Event: 2.022 Thread 0x000001e3feaa17a0 DEOPT UNPACKING pc=0x000001e3eefa4242 sp=0x000000d6ad4f1c80 mode 0

Classes loaded (20 events):
Event: 1.845 Loading class java/util/zip/GZIPInputStream
Event: 1.845 Loading class java/util/zip/GZIPInputStream done
Event: 1.848 Loading class java/net/SocketTimeoutException
Event: 1.848 Loading class java/io/InterruptedIOException
Event: 1.848 Loading class java/io/InterruptedIOException done
Event: 1.848 Loading class java/net/SocketTimeoutException done
Event: 1.848 Loading class java/net/SocketException
Event: 1.848 Loading class java/net/SocketException done
Event: 1.848 Loading class java/net/UnknownHostException
Event: 1.848 Loading class java/net/UnknownHostException done
Event: 1.848 Loading class java/net/ProtocolException
Event: 1.848 Loading class java/net/ProtocolException done
Event: 1.859 Loading class java/lang/ThreadLocal$SuppliedThreadLocal
Event: 1.859 Loading class java/lang/ThreadLocal$SuppliedThreadLocal done
Event: 1.865 Loading class java/io/FileWriter
Event: 1.865 Loading class java/io/FileWriter done
Event: 1.866 Loading class java/lang/NegativeArraySizeException
Event: 1.866 Loading class java/lang/NegativeArraySizeException done
Event: 2.103 Loading class org/w3c/dom/DOMException
Event: 2.103 Loading class org/w3c/dom/DOMException done

Classes unloaded (7 events):
Event: 2.030 Thread 0x000001e3e49be800 Unloading class 0x000001e381191400 'java/lang/invoke/LambdaForm$MH+0x000001e381191400'
Event: 2.030 Thread 0x000001e3e49be800 Unloading class 0x000001e381191000 'java/lang/invoke/LambdaForm$MH+0x000001e381191000'
Event: 2.030 Thread 0x000001e3e49be800 Unloading class 0x000001e381190c00 'java/lang/invoke/LambdaForm$MH+0x000001e381190c00'
Event: 2.030 Thread 0x000001e3e49be800 Unloading class 0x000001e381190800 'java/lang/invoke/LambdaForm$MH+0x000001e381190800'
Event: 2.030 Thread 0x000001e3e49be800 Unloading class 0x000001e381190400 'java/lang/invoke/LambdaForm$BMH+0x000001e381190400'
Event: 2.030 Thread 0x000001e3e49be800 Unloading class 0x000001e381190000 'java/lang/invoke/LambdaForm$DMH+0x000001e381190000'
Event: 2.030 Thread 0x000001e3e49be800 Unloading class 0x000001e38118ec00 'java/lang/invoke/LambdaForm$DMH+0x000001e38118ec00'

Classes redefined (0 events):
No events

Internal exceptions (20 events):
Event: 1.770 Thread 0x000001e3feaa17a0 Exception <a 'java/lang/NoSuchMethodError'{0x00000000d6807f30}: 'void java.lang.invoke.Invokers$Holder.invokeExact_MT(java.lang.Object, java.lang.Object, int, java.lang.Object)'> (0x00000000d6807f30) 
thrown [s\src\hotspot\share\interpreter\linkResolver.cpp, line 773]
Event: 1.779 Thread 0x000001e3feaa17a0 Exception <a 'java/lang/NoSuchMethodError'{0x00000000d68f4d80}: 'java.lang.Object java.lang.invoke.DirectMethodHandle$Holder.invokeSpecial(java.lang.Object, java.lang.Object, java.lang.Object, long, java.lang.Object)'> (0x00000000d68f4d80) 
thrown [s\src\hotspot\share\interpreter\linkResolver.cpp, line 773]
Event: 1.779 Thread 0x000001e3feaa17a0 Exception <a 'java/lang/NoSuchMethodError'{0x00000000d68fc5c8}: 'java.lang.Object java.lang.invoke.DirectMethodHandle$Holder.newInvokeSpecial(java.lang.Object, java.lang.Object, java.lang.Object, long)'> (0x00000000d68fc5c8) 
thrown [s\src\hotspot\share\interpreter\linkResolver.cpp, line 773]
Event: 1.779 Thread 0x000001e3feaa17a0 Exception <a 'java/lang/NoSuchMethodError'{0x00000000d6900978}: 'java.lang.Object java.lang.invoke.DirectMethodHandle$Holder.invokeSpecial(java.lang.Object, java.lang.Object, java.lang.Object, java.lang.Object, long)'> (0x00000000d6900978) 
thrown [s\src\hotspot\share\interpreter\linkResolver.cpp, line 773]
Event: 1.779 Thread 0x000001e3feaa17a0 Exception <a 'java/lang/NoSuchMethodError'{0x00000000d6904598}: 'java.lang.Object java.lang.invoke.Invokers$Holder.linkToTargetMethod(java.lang.Object, java.lang.Object, long, java.lang.Object)'> (0x00000000d6904598) 
thrown [s\src\hotspot\share\interpreter\linkResolver.cpp, line 773]
Event: 1.783 Thread 0x000001e3feaa17a0 Exception <a 'java/lang/NoSuchMethodError'{0x00000000d6972148}: 'int java.lang.invoke.DirectMethodHandle$Holder.invokeStaticInit(java.lang.Object, java.lang.Object, java.lang.Object)'> (0x00000000d6972148) 
thrown [s\src\hotspot\share\interpreter\linkResolver.cpp, line 773]
Event: 1.788 Thread 0x000001e3feaa17a0 Exception <a 'java/lang/IncompatibleClassChangeError'{0x00000000d6a02318}: Found class java.lang.Object, but interface was expected> (0x00000000d6a02318) 
thrown [s\src\hotspot\share\interpreter\linkResolver.cpp, line 840]
Event: 1.791 Thread 0x000001e3feaa17a0 Exception <a 'java/lang/NoSuchMethodError'{0x00000000d6a19f48}: 'java.lang.Object java.lang.invoke.DirectMethodHandle$Holder.invokeSpecial(java.lang.Object, java.lang.Object, java.lang.Object, int, java.lang.Object, java.lang.Object)'> (0x00000000d6a19f48) 
thrown [s\src\hotspot\share\interpreter\linkResolver.cpp, line 773]
Event: 1.791 Thread 0x000001e3feaa17a0 Exception <a 'java/lang/NoSuchMethodError'{0x00000000d6a21a20}: 'java.lang.Object java.lang.invoke.DirectMethodHandle$Holder.newInvokeSpecial(java.lang.Object, java.lang.Object, java.lang.Object, int, java.lang.Object)'> (0x00000000d6a21a20) 
thrown [s\src\hotspot\share\interpreter\linkResolver.cpp, line 773]
Event: 1.791 Thread 0x000001e3feaa17a0 Exception <a 'java/lang/NoSuchMethodError'{0x00000000d6a259a0}: 'java.lang.Object java.lang.invoke.DirectMethodHandle$Holder.invokeSpecial(java.lang.Object, java.lang.Object, java.lang.Object, java.lang.Object, int, java.lang.Object)'> (0x00000000d6a259a0) 
thrown [s\src\hotspot\share\interpreter\linkResolver.cpp, line 773]
Event: 1.791 Thread 0x000001e3feaa17a0 Exception <a 'java/lang/NoSuchMethodError'{0x00000000d6a294e0}: 'java.lang.Object java.lang.invoke.Invokers$Holder.linkToTargetMethod(java.lang.Object, java.lang.Object, int, java.lang.Object, java.lang.Object)'> (0x00000000d6a294e0) 
thrown [s\src\hotspot\share\interpreter\linkResolver.cpp, line 773]
Event: 1.791 Thread 0x000001e3fef98b80 Exception <a 'java/lang/NoSuchMethodError'{0x00000000d69534d0}: 'java.lang.Object java.lang.invoke.DirectMethodHandle$Holder.invokeSpecial(java.lang.Object, java.lang.Object, int, java.lang.Object, java.lang.Object)'> (0x00000000d69534d0) 
thrown [s\src\hotspot\share\interpreter\linkResolver.cpp, line 773]
Event: 1.792 Thread 0x000001e3fef98b80 Exception <a 'java/lang/NoSuchMethodError'{0x00000000d695a208}: 'java.lang.Object java.lang.invoke.DirectMethodHandle$Holder.newInvokeSpecial(java.lang.Object, java.lang.Object, int, java.lang.Object)'> (0x00000000d695a208) 
thrown [s\src\hotspot\share\interpreter\linkResolver.cpp, line 773]
Event: 1.792 Thread 0x000001e3fef98b80 Exception <a 'java/lang/NoSuchMethodError'{0x00000000d695dae8}: 'java.lang.Object java.lang.invoke.DirectMethodHandle$Holder.invokeSpecial(java.lang.Object, java.lang.Object, java.lang.Object, int, java.lang.Object)'> (0x00000000d695dae8) 
thrown [s\src\hotspot\share\interpreter\linkResolver.cpp, line 773]
Event: 1.800 Thread 0x000001e3feaa17a0 Exception <a 'java/lang/NoSuchMethodError'{0x00000000d6b42c80}: 'void java.lang.invoke.DirectMethodHandle$Holder.invokeSpecial(java.lang.Object, java.lang.Object, java.lang.Object, java.lang.Object, java.lang.Object)'> (0x00000000d6b42c80) 
thrown [s\src\hotspot\share\interpreter\linkResolver.cpp, line 773]
Event: 1.822 Thread 0x000001e3feaa17a0 Exception <a 'java/lang/NoSuchMethodError'{0x00000000d6d6bb00}: 'double java.lang.invoke.DirectMethodHandle$Holder.invokeStatic(java.lang.Object, java.lang.Object)'> (0x00000000d6d6bb00) 
thrown [s\src\hotspot\share\interpreter\linkResolver.cpp, line 773]
Event: 1.822 Thread 0x000001e3feaa17a0 Exception <a 'java/lang/NoSuchMethodError'{0x00000000d6d6f1c0}: 'double java.lang.invoke.DirectMethodHandle$Holder.invokeStaticInit(java.lang.Object, java.lang.Object)'> (0x00000000d6d6f1c0) 
thrown [s\src\hotspot\share\interpreter\linkResolver.cpp, line 773]
Event: 2.004 Thread 0x000001e3feaa17a0 Implicit null exception at 0x000001e3ef7dbe75 to 0x000001e3ef7dbf50
Event: 2.096 Thread 0x000001e3feaa17a0 Exception <a 'java/io/FileNotFoundException'{0x00000000d63f4f20}> (0x00000000d63f4f20) 
thrown [s\src\hotspot\share\prims\jni.cpp, line 520]
Event: 2.097 Thread 0x000001e3feaa17a0 Exception <a 'java/io/FileNotFoundException'{0x00000000d63f5f78}> (0x00000000d63f5f78) 
thrown [s\src\hotspot\share\prims\jni.cpp, line 520]

ZGC Phase Switch (0 events):
No events

VM Operations (20 events):
Event: 1.503 Executing non-safepoint VM operation: HandshakeAllThreads (Deoptimize) done
Event: 1.548 Executing safepoint VM operation: ParallelGCFailedAllocation (Allocation Failure)
Event: 1.551 Executing safepoint VM operation: ParallelGCFailedAllocation (Allocation Failure) done
Event: 1.624 Executing non-safepoint VM operation: HandshakeAllThreads (Deoptimize)
Event: 1.624 Executing non-safepoint VM operation: HandshakeAllThreads (Deoptimize) done
Event: 1.626 Executing non-safepoint VM operation: HandshakeAllThreads (Deoptimize)
Event: 1.626 Executing non-safepoint VM operation: HandshakeAllThreads (Deoptimize) done
Event: 1.635 Executing non-safepoint VM operation: HandshakeAllThreads (Deoptimize)
Event: 1.635 Executing non-safepoint VM operation: HandshakeAllThreads (Deoptimize) done
Event: 1.733 Executing non-safepoint VM operation: HandshakeAllThreads (Deoptimize)
Event: 1.733 Executing non-safepoint VM operation: HandshakeAllThreads (Deoptimize) done
Event: 1.754 Executing non-safepoint VM operation: HandshakeAllThreads (Deoptimize)
Event: 1.754 Executing non-safepoint VM operation: HandshakeAllThreads (Deoptimize) done
Event: 1.831 Executing safepoint VM operation: ParallelGCFailedAllocation (Allocation Failure)
Event: 1.835 Executing safepoint VM operation: ParallelGCFailedAllocation (Allocation Failure) done
Event: 1.982 Executing safepoint VM operation: ParallelGCFailedAllocation (Allocation Failure)
Event: 1.984 Executing safepoint VM operation: ParallelGCFailedAllocation (Allocation Failure) done
Event: 2.026 Executing safepoint VM operation: CollectForMetadataAllocation (Metadata GC Threshold)
Event: 2.043 Executing safepoint VM operation: CollectForMetadataAllocation (Metadata GC Threshold) done
Event: 3.053 Executing safepoint VM operation: Cleanup

Memory protections (0 events):
No events

Nmethod flushes (0 events):
No events

Events (20 events):
Event: 0.032 Thread 0x000001e3e48fce20 Thread added: 0x000001e3fc883530
Event: 0.032 Thread 0x000001e3e48fce20 Thread added: 0x000001e3fc8ac610
Event: 0.032 Thread 0x000001e3e48fce20 Thread added: 0x000001e3fc8ae620
Event: 0.035 Thread 0x000001e3fc8ae620 Thread added: 0x000001e3fc973540
Event: 0.061 Thread 0x000001e3fc8ac610 Thread added: 0x000001e3fca13660
Event: 0.074 Thread 0x000001e3e48fce20 Thread added: 0x000001e3fcb0ad30
Event: 0.100 Thread 0x000001e3fc973540 Thread added: 0x000001e3fcb72cf0
Event: 0.100 Thread 0x000001e3fc973540 Thread added: 0x000001e3fcb733a0
Event: 0.254 Thread 0x000001e3e48fce20 Thread added: 0x000001e3fdf608a0
Event: 0.324 Thread 0x000001e3fcb733a0 Thread added: 0x000001e3fdfb0db0
Event: 0.401 Thread 0x000001e3fcb72cf0 Thread added: 0x000001e3fe47f7a0
Event: 1.047 Thread 0x000001e3e48fce20 Thread added: 0x000001e3fe9bc700
Event: 1.230 Thread 0x000001e3e48fce20 Thread added: 0x000001e3feaa1130
Event: 1.234 Thread 0x000001e3e48fce20 Thread added: 0x000001e3feaa17a0
Event: 1.333 Thread 0x000001e3fe47f7a0 Thread exited: 0x000001e3fe47f7a0
Event: 1.352 Thread 0x000001e3feaa17a0 Thread added: 0x000001e3fe962330
Event: 1.525 Thread 0x000001e3feaa17a0 Thread added: 0x000001e3fecf1040
Event: 1.764 Thread 0x000001e3feaa17a0 Thread added: 0x000001e3fe91a0b0
Event: 1.781 Thread 0x000001e3feaa17a0 Thread added: 0x000001e3fef98b80
Event: 1.792 Thread 0x000001e3feaa17a0 Thread added: 0x000001e3feddec10


Dynamic libraries:
0x00007ff671810000 - 0x00007ff67181e000 	c:\Users\RISHABH UPWANSHI\.vscode\extensions\redhat.java-1.54.0-win32-x64\jre\21.0.10-win32-x86_64\bin\java.exe
0x00007ffac3f20000 - 0x00007ffac4186000 	C:\Windows\SYSTEM32\ntdll.dll
0x00007ffac2af0000 - 0x00007ffac2bb9000 	C:\Windows\System32\KERNEL32.DLL
0x00007ffac15a0000 - 0x00007ffac19a0000 	C:\Windows\System32\KERNELBASE.dll
0x00007ffac1440000 - 0x00007ffac158c000 	C:\Windows\System32\ucrtbase.dll
0x00007ffab9f20000 - 0x00007ffab9f38000 	c:\Users\RISHABH UPWANSHI\.vscode\extensions\redhat.java-1.54.0-win32-x64\jre\21.0.10-win32-x86_64\bin\jli.dll
0x00007ffaad390000 - 0x00007ffaad3ae000 	c:\Users\RISHABH UPWANSHI\.vscode\extensions\redhat.java-1.54.0-win32-x64\jre\21.0.10-win32-x86_64\bin\VCRUNTIME140.dll
0x00007ffac3160000 - 0x00007ffac3327000 	C:\Windows\System32\USER32.dll
0x00007ffaa6810000 - 0x00007ffaa6aa2000 	C:\Windows\WinSxS\amd64_microsoft.windows.common-controls_6595b64144ccf1df_6.0.26100.8737_none_3e092eaee333b772\COMCTL32.dll
0x00007ffac12c0000 - 0x00007ffac12e7000 	C:\Windows\System32\win32u.dll
0x00007ffac27b0000 - 0x00007ffac2859000 	C:\Windows\System32\msvcrt.dll
0x00007ffac2780000 - 0x00007ffac27ab000 	C:\Windows\System32\GDI32.dll
0x00007ffac19b0000 - 0x00007ffac1ad9000 	C:\Windows\System32\gdi32full.dll
0x00007ffac1ae0000 - 0x00007ffac1b83000 	C:\Windows\System32\msvcp_win.dll
0x00007ffac3b80000 - 0x00007ffac3bb2000 	C:\Windows\System32\IMM32.DLL
0x00007ffabdec0000 - 0x00007ffabdecc000 	c:\Users\RISHABH UPWANSHI\.vscode\extensions\redhat.java-1.54.0-win32-x64\jre\21.0.10-win32-x86_64\bin\vcruntime140_1.dll
0x00007ffa81b80000 - 0x00007ffa81c0d000 	c:\Users\RISHABH UPWANSHI\.vscode\extensions\redhat.java-1.54.0-win32-x64\jre\21.0.10-win32-x86_64\bin\msvcp140.dll
0x00007ffa2c9c0000 - 0x00007ffa2d761000 	c:\Users\RISHABH UPWANSHI\.vscode\extensions\redhat.java-1.54.0-win32-x64\jre\21.0.10-win32-x86_64\bin\server\jvm.dll
0x00007ffac23b0000 - 0x00007ffac2467000 	C:\Windows\System32\ADVAPI32.dll
0x00007ffac2a40000 - 0x00007ffac2aea000 	C:\Windows\System32\sechost.dll
0x00007ffac1fe0000 - 0x00007ffac20f8000 	C:\Windows\System32\RPCRT4.dll
0x00007ffac2320000 - 0x00007ffac23a0000 	C:\Windows\System32\WS2_32.dll
0x00007ffac0fa0000 - 0x00007ffac0ffe000 	C:\Windows\SYSTEM32\POWRPROF.dll
0x00007ffab4f80000 - 0x00007ffab4fb6000 	C:\Windows\SYSTEM32\WINMM.dll
0x00007ffab9690000 - 0x00007ffab969b000 	C:\Windows\SYSTEM32\VERSION.dll
0x00007ffac0f80000 - 0x00007ffac0f94000 	C:\Windows\SYSTEM32\UMPDC.dll
0x00007ffabfe00000 - 0x00007ffabfe1b000 	C:\Windows\SYSTEM32\kernel.appcore.dll
0x00007ffab9a50000 - 0x00007ffab9a5a000 	c:\Users\RISHABH UPWANSHI\.vscode\extensions\redhat.java-1.54.0-win32-x64\jre\21.0.10-win32-x86_64\bin\jimage.dll
0x00007ffaa9750000 - 0x00007ffaa9992000 	C:\Windows\SYSTEM32\DBGHELP.DLL
0x00007ffac1c50000 - 0x00007ffac1fd3000 	C:\Windows\System32\combase.dll
0x00007ffac2500000 - 0x00007ffac25d9000 	C:\Windows\System32\OLEAUT32.dll
0x00007ffaa2460000 - 0x00007ffaa249b000 	C:\Windows\SYSTEM32\dbgcore.DLL
0x00007ffac1b90000 - 0x00007ffac1c3c000 	C:\Windows\System32\bcryptPrimitives.dll
0x00007ffaaca80000 - 0x00007ffaaca8f000 	c:\Users\RISHABH UPWANSHI\.vscode\extensions\redhat.java-1.54.0-win32-x64\jre\21.0.10-win32-x86_64\bin\instrument.dll
0x00007ffaab730000 - 0x00007ffaab750000 	c:\Users\RISHABH UPWANSHI\.vscode\extensions\redhat.java-1.54.0-win32-x64\jre\21.0.10-win32-x86_64\bin\java.dll
0x00007ffac33e0000 - 0x00007ffac3b72000 	C:\Windows\System32\SHELL32.dll
0x00007ffabeba0000 - 0x00007ffabf432000 	C:\Windows\SYSTEM32\windows.storage.dll
0x00007ffac3de0000 - 0x00007ffac3ed7000 	C:\Windows\System32\SHCORE.dll
0x00007ffac22b0000 - 0x00007ffac2317000 	C:\Windows\System32\shlwapi.dll
0x00007ffac1060000 - 0x00007ffac1089000 	C:\Windows\SYSTEM32\profapi.dll
0x00007ffa94650000 - 0x00007ffa94668000 	c:\Users\RISHABH UPWANSHI\.vscode\extensions\redhat.java-1.54.0-win32-x64\jre\21.0.10-win32-x86_64\bin\zip.dll
0x00007ffaaca70000 - 0x00007ffaaca80000 	C:\Users\RISHABH UPWANSHI\.vscode\extensions\redhat.java-1.54.0-win32-x64\jre\21.0.10-win32-x86_64\bin\net.dll
0x00007ffabaf40000 - 0x00007ffabb069000 	C:\Windows\SYSTEM32\WINHTTP.dll
0x00007ffac03d0000 - 0x00007ffac043c000 	C:\Windows\system32\mswsock.dll
0x00007ffa93d70000 - 0x00007ffa93d86000 	C:\Users\RISHABH UPWANSHI\.vscode\extensions\redhat.java-1.54.0-win32-x64\jre\21.0.10-win32-x86_64\bin\nio.dll
0x00007ffaac610000 - 0x00007ffaac620000 	c:\Users\RISHABH UPWANSHI\.vscode\extensions\redhat.java-1.54.0-win32-x64\jre\21.0.10-win32-x86_64\bin\verify.dll
0x00007ffa84100000 - 0x00007ffa84145000 	C:\Users\RISHABH UPWANSHI\AppData\Roaming\Code\User\globalStorage\redhat.java\1.54.0\config_ss_win\org.eclipse.equinox.launcher\org.eclipse.equinox.launcher.win32.win32.x86_64_1.3.0.v20260203-2149\eclipse_11919.dll
0x00007ffac25e0000 - 0x00007ffac2779000 	C:\Windows\System32\ole32.dll
0x00007ffac06f0000 - 0x00007ffac070b000 	C:\Windows\SYSTEM32\CRYPTSP.dll
0x00007ffabfd60000 - 0x00007ffabfd99000 	C:\Windows\system32\rsaenh.dll
0x00007ffac0490000 - 0x00007ffac04c2000 	C:\Windows\SYSTEM32\USERENV.dll
0x00007ffac1030000 - 0x00007ffac105a000 	C:\Windows\SYSTEM32\bcrypt.dll
0x00007ffac06d0000 - 0x00007ffac06dc000 	C:\Windows\SYSTEM32\CRYPTBASE.dll
0x00007ffabf7a0000 - 0x00007ffabf7d3000 	C:\Windows\SYSTEM32\IPHLPAPI.DLL
0x00007ffac2130000 - 0x00007ffac213a000 	C:\Windows\System32\NSI.dll
0x00007ffa827c0000 - 0x00007ffa82809000 	C:\Users\RISHABH UPWANSHI\AppData\Local\Temp\jna-1647839792\jna12338865242371066617.dll
0x00007ffac33b0000 - 0x00007ffac33b8000 	C:\Windows\System32\PSAPI.DLL

JVMTI agents:
c:\Users\RISHABH UPWANSHI\.vscode\extensions\redhat.java-1.54.0-win32-x64\lombok\lombok-1.18.39-4050.jar path:c:\Users\RISHABH UPWANSHI\.vscode\extensions\redhat.java-1.54.0-win32-x64\jre\21.0.10-win32-x86_64\bin\instrument.dll, loaded, initialized, instrumentlib options:none

dbghelp: loaded successfully - version: 4.0.5 - missing functions: none
symbol engine: initialized successfully - sym options: 0x614 - pdb path: .;c:\Users\RISHABH UPWANSHI\.vscode\extensions\redhat.java-1.54.0-win32-x64\jre\21.0.10-win32-x86_64\bin;C:\Windows\SYSTEM32;C:\Windows\WinSxS\amd64_microsoft.windows.common-controls_6595b64144ccf1df_6.0.26100.8737_none_3e092eaee333b772;c:\Users\RISHABH UPWANSHI\.vscode\extensions\redhat.java-1.54.0-win32-x64\jre\21.0.10-win32-x86_64\bin\server;C:\Users\RISHABH UPWANSHI\AppData\Roaming\Code\User\globalStorage\redhat.java\1.54.0\config_ss_win\org.eclipse.equinox.launcher\org.eclipse.equinox.launcher.win32.win32.x86_64_1.3.0.v20260203-2149;C:\Users\RISHABH UPWANSHI\AppData\Local\Temp\jna-1647839792

VM Arguments:
jvm_args: --add-modules=ALL-SYSTEM --add-opens=java.base/java.util=ALL-UNNAMED --add-opens=java.base/java.lang=ALL-UNNAMED --add-opens=java.base/sun.nio.fs=ALL-UNNAMED -Declipse.application=org.eclipse.jdt.ls.core.id1 -Dosgi.bundles.defaultStartLevel=4 -Declipse.product=org.eclipse.jdt.ls.core.product -Djava.import.generatesMetadataFilesAtProjectRoot=false -DDetectVMInstallationsJob.disabled=true -Dfile.encoding=utf8 -XX:+UseParallelGC -XX:GCTimeRatio=4 -XX:AdaptiveSizePolicyWeight=90 -Dsun.zip.disableMemoryMapping=true -Xmx2G -Xms100m -Xlog:disable -javaagent:c:\Users\RISHABH UPWANSHI\.vscode\extensions\redhat.java-1.54.0-win32-x64\lombok\lombok-1.18.39-4050.jar 
java_command: c:\Users\RISHABH UPWANSHI\.vscode\extensions\redhat.java-1.54.0-win32-x64\server\plugins\org.eclipse.equinox.launcher_1.7.100.v20251111-0406.jar -configuration c:\Users\RISHABH UPWANSHI\AppData\Roaming\Code\User\globalStorage\redhat.java\1.54.0\config_ss_win -data c:\Users\RISHABH UPWANSHI\AppData\Roaming\Code\User\workspaceStorage\f4a2606078933381c2a47e88c5c240c0\redhat.java\ss_ws --pipe=\\.\pipe\lsp-b7f3ad114d96ef2a4de0f47fcba1e411-sock
java_class_path (initial): c:\Users\RISHABH UPWANSHI\.vscode\extensions\redhat.java-1.54.0-win32-x64\server\plugins\org.eclipse.equinox.launcher_1.7.100.v20251111-0406.jar
Launcher Type: SUN_STANDARD

[Global flags]
    uintx AdaptiveSizePolicyWeight                 = 90                                        {product} {command line}
     intx CICompilerCount                          = 12                                        {product} {ergonomic}
    uintx GCTimeRatio                              = 4                                         {product} {command line}
   size_t InitialHeapSize                          = 104857600                                 {product} {command line}
   size_t MaxHeapSize                              = 2147483648                                {product} {command line}
   size_t MaxNewSize                               = 715653120                                 {product} {ergonomic}
   size_t MinHeapDeltaBytes                        = 524288                                    {product} {ergonomic}
   size_t MinHeapSize                              = 104857600                                 {product} {command line}
   size_t NewSize                                  = 34603008                                  {product} {ergonomic}
    uintx NonNMethodCodeHeapSize                   = 7602480                                {pd product} {ergonomic}
    uintx NonProfiledCodeHeapSize                  = 122027880                              {pd product} {ergonomic}
   size_t OldSize                                  = 70254592                                  {product} {ergonomic}
    uintx ProfiledCodeHeapSize                     = 122027880                              {pd product} {ergonomic}
    uintx ReservedCodeCacheSize                    = 251658240                              {pd product} {ergonomic}
     bool SegmentedCodeCache                       = true                                      {product} {ergonomic}
   size_t SoftMaxHeapSize                          = 2147483648                             {manageable} {ergonomic}
     bool UseCompressedOops                        = true                           {product lp64_product} {ergonomic}
     bool UseLargePagesIndividualAllocation        = false                                  {pd product} {ergonomic}
     bool UseParallelGC                            = true                                      {product} {command line}

Logging:
Log output configuration:
 #0: stdout all=off uptime,level,tags foldmultilines=false
 #1: stderr all=off uptime,level,tags foldmultilines=false

Release file:
JAVA_VERSION="21.0.10" 
MODULES="java.base java.compiler java.datatransfer java.xml java.prefs java.desktop java.instrument java.logging java.management java.security.sasl java.naming java.rmi java.management.rmi java.net.http java.scripting java.security.jgss java.transaction.xa java.sql java.sql.rowset java.xml.crypto java.se java.smartcardio jdk.accessibility jdk.internal.jvmstat jdk.attach jdk.charsets jdk.internal.opt jdk.zipfs jdk.compiler jdk.crypto.ec jdk.crypto.cryptoki jdk.crypto.mscapi jdk.dynalink jdk.internal.ed jdk.editpad jdk.hotspot.agent jdk.httpserver jdk.internal.le jdk.internal.vm.ci jdk.internal.vm.compiler jdk.internal.vm.compiler.management jdk.jartool jdk.javadoc jdk.jcmd jdk.management jdk.management.agent jdk.jconsole jdk.jdeps jdk.jdwp.agent jdk.jdi jdk.jfr jdk.jshell jdk.jsobject jdk.jstatd jdk.localedata jdk.management.jfr jdk.naming.dns jdk.naming.rmi jdk.net jdk.nio.mapmode jdk.random jdk.sctp jdk.security.auth jdk.security.jgss jdk.unsupported jdk.unsupported.desktop jdk.xml.dom" 

Environment Variables:
PATH=C:\Program Files\Common Files\Oracle\Java\javapath;C:\Python313\Scripts\;C:\Python313\;C:\Windows\system32;C:\Windows;C:\Windows\System32\Wbem;C:\Windows\System32\WindowsPowerShell\v1.0\;C:\Windows\System32\OpenSSH\;C:\Program Files (x86)\NVIDIA Corporation\PhysX\Common;C:\Program Files\dotnet\;C:\Program Files\NVIDIA Corporation\NVIDIA App\NvDLISR;C:\ProgramData\chocolatey\bin;C:\TDM-GCC-64\bin;C:\msys64\ucrt64\bin;C:\Program Files\Git\cmd;C:\Program Files\MongoDB\Server\8.2\bin;C:\Program Files\nodejs\;C:\Program Files\Microsoft SQL Server\170\Tools\Binn\;C:\Program Files\Microsoft SQL Server\Client SDK\ODBC\170\Tools\Binn\;E:\apache-maven-3.9.16-bin\apache-maven-3.9.16\bin;C:\Users\RISHABH UPWANSHI\AppData\Local\agy\bin;C:\Program Files\MySQL\MySQL Shell 8.0\bin\;C:\Users\RISHABH UPWANSHI\AppData\Local\Microsoft\WindowsApps;C:\Users\RISHABH UPWANSHI\AppData\Local\Programs\Microsoft VS Code\bin;C:\MinGW\bin;C:\Program Files\JetBrains\WebStorm 2025.2.2\bin;C:\Program Files\MySQL\MySQL Server 8.0\bin;C:\Program Files\mongosh\;C:\Users\RISHABH UPWANSHI\AppData\Roaming\npm;C:\Users\RISHABH UPWANSHI\.dotnet\tools;C:\Program Files\PostgreSQL\17\bin;
USERNAME=RISHABH UPWANSHI
OS=Windows_NT
PROCESSOR_IDENTIFIER=AMD64 Family 25 Model 68 Stepping 1, AuthenticAMD
TMP=C:\Users\RISHAB~1\AppData\Local\Temp
TEMP=C:\Users\RISHAB~1\AppData\Local\Temp




Periodic native trim disabled

---------------  S Y S T E M  ---------------

OS:
 Windows 11 , 64 bit Build 26100 (10.0.26100.8737)
OS uptime: 0 days 0:07 hours
Hyper-V role detected

CPU: total 16 (initial active 16) (16 cores per cpu, 2 threads per core) family 25 model 68 stepping 1 microcode 0xa404107, cx8, cmov, fxsr, ht, mmx, 3dnowpref, sse, sse2, sse3, ssse3, sse4a, sse4.1, sse4.2, popcnt, lzcnt, tsc, tscinvbit, avx, avx2, aes, erms, clmul, bmi1, bmi2, adx, sha, fma, vzeroupper, clflush, clflushopt, hv, rdtscp, rdpid, fsrm, f16c, cet_ss
Processor Information for the first 16 processors :
  Max Mhz: 3100, Current Mhz: 3100, Mhz Limit: 3100

Memory: 4k page, system-wide physical 16202M (7002M free)
TotalPageFile size 16202M (AvailPageFile size 3M)
current process WorkingSet (physical memory assigned to process): 148M, peak: 148M
current process commit charge ("private bytes"): 297M, peak: 298M

vm_info: OpenJDK 64-Bit Server VM (21.0.10+7-LTS) for windows-amd64 JRE (21.0.10+7-LTS), built on 2026-01-20T00:00:00Z by "admin" with MS VC++ 17.12 (VS2022)

END.
