#
# There is insufficient memory for the Java Runtime Environment to continue.
# Native memory allocation (malloc) failed to allocate 1879168 bytes. Error detail: Chunk::new
# Possible reasons:
#   The system is out of physical RAM or swap space
#   This process is running with CompressedOops enabled, and the Java Heap may be blocking the growth of the native heap
# Possible solutions:
#   Reduce memory load on the system
#   Increase physical memory or swap space
#   Check if swap backing store is full
#   Decrease Java heap size (-Xmx/-Xms)
#   Decrease number of Java threads
#   Decrease Java thread stack sizes (-Xss)
#   Set larger code cache with -XX:ReservedCodeCacheSize=
#   JVM is running with Unscaled Compressed Oops mode in which the Java heap is
#     placed in the first 4GB address space. The Java Heap base address is the
#     maximum limit for the native heap growth. Please use -XX:HeapBaseMinAddress
#     to set the Java Heap base and to place the Java Heap above 4GB virtual address.
# This output file may be truncated or incomplete.
#
#  Out of Memory Error (arena.cpp:168), pid=16032, tid=28700
#
# JRE version: OpenJDK Runtime Environment Temurin-21.0.10+7 (21.0.10+7) (build 21.0.10+7-LTS)
# Java VM: OpenJDK 64-Bit Server VM Temurin-21.0.10+7 (21.0.10+7-LTS, mixed mode, sharing, tiered, compressed oops, compressed class ptrs, parallel gc, windows-amd64)
# No core dump will be written. Minidumps are not enabled by default on client versions of Windows
#

---------------  S U M M A R Y ------------

Command Line: --add-modules=ALL-SYSTEM --add-opens=java.base/java.util=ALL-UNNAMED --add-opens=java.base/java.lang=ALL-UNNAMED --add-opens=java.base/sun.nio.fs=ALL-UNNAMED -Declipse.application=org.eclipse.jdt.ls.core.id1 -Dosgi.bundles.defaultStartLevel=4 -Declipse.product=org.eclipse.jdt.ls.core.product -Djava.import.generatesMetadataFilesAtProjectRoot=false -DDetectVMInstallationsJob.disabled=true -Dfile.encoding=utf8 -XX:+UseParallelGC -XX:GCTimeRatio=4 -XX:AdaptiveSizePolicyWeight=90 -Dsun.zip.disableMemoryMapping=true -Xmx2G -Xms100m -Xlog:disable -javaagent:c:\Users\RISHABH UPWANSHI\.vscode\extensions\redhat.java-1.54.0-win32-x64\lombok\lombok-1.18.39-4050.jar c:\Users\RISHABH UPWANSHI\.vscode\extensions\redhat.java-1.54.0-win32-x64\server\plugins\org.eclipse.equinox.launcher_1.7.100.v20251111-0406.jar -configuration c:\Users\RISHABH UPWANSHI\AppData\Roaming\Code\User\globalStorage\redhat.java\1.54.0\config_ss_win -data c:\Users\RISHABH UPWANSHI\AppData\Roaming\Code\User\workspaceStorage\f4a2606078933381c2a47e88c5c240c0\redhat.java\ss_ws --pipe=\\.\pipe\lsp-241eb9e148969957e288ca53f705409f-sock

Host: AMD Ryzen 7 7435HS                             , 16 cores, 15G,  Windows 11 , 64 bit Build 26100 (10.0.26100.8521)
Time: Wed Jun 24 23:47:33 2026 India Standard Time elapsed time: 24.460755 seconds (0d 0h 0m 24s)

---------------  T H R E A D  ---------------

Current thread (0x000001e0158fcaa0):  JavaThread "C2 CompilerThread0" daemon [_thread_in_native, id=28700, stack(0x000000d09ff00000,0x000000d0a0000000) (1024K)]


Current CompileTask:
C2:24460 5779 %     4       org.lombokweb.asm.ClassReader::readCode @ 2187 (5117 bytes)

Stack: [0x000000d09ff00000,0x000000d0a0000000]
Native frames: (J=compiled Java code, j=interpreted, Vv=VM code, C=native code)
V  [jvm.dll+0x6d7a39]
V  [jvm.dll+0x8b4b26]
V  [jvm.dll+0x8b70de]
V  [jvm.dll+0x8b77c3]
V  [jvm.dll+0x284346]
V  [jvm.dll+0xc66ed]
V  [jvm.dll+0xc6c31]
V  [jvm.dll+0x3bec3b]
V  [jvm.dll+0x1e3f69]
V  [jvm.dll+0x24c6b3]
V  [jvm.dll+0x24bb40]
V  [jvm.dll+0x1cb34e]
V  [jvm.dll+0x25b85d]
V  [jvm.dll+0x259dea]
V  [jvm.dll+0x3f857e]
V  [jvm.dll+0x85f59d]
V  [jvm.dll+0x6d626d]
C  [ucrtbase.dll+0x2cd30]
C  [KERNEL32.DLL+0x2e957]
C  [ntdll.dll+0x87c1c]


---------------  P R O C E S S  ---------------

Threads class SMR info:
_java_thread_list=0x000001e01b4bddd0, length=43, elements={
0x000001dfbc8fe2d0, 0x000001e0158ea8b0, 0x000001dfbc8ae280, 0x000001e0158ef3e0,
0x000001e0158f0400, 0x000001e0158f2320, 0x000001e0158f92b0, 0x000001e0158fcaa0,
0x000001e0158ffac0, 0x000001e015b58d60, 0x000001e01b011c30, 0x000001e01b78c390,
0x000001e01b7ef820, 0x000001e01b788010, 0x000001e01b8ffcc0, 0x000001e01be05a40,
0x000001e01beb7140, 0x000001e01be94340, 0x000001e01be9f100, 0x000001e01be9dd50,
0x000001e01be9e3e0, 0x000001e01be9ea70, 0x000001e01bea04b0, 0x000001e01be9fe20,
0x000001e01be9d6c0, 0x000001e01be9f790, 0x000001e01be9d030, 0x000001e01c6d4040,
0x000001e01c6d5a80, 0x000001e01c6d6110, 0x000001e01c6d7b50, 0x000001e01c6d4d60,
0x000001e01c6d46d0, 0x000001e01c6d6e30, 0x000001e01c6d81e0, 0x000001e01c6d8870,
0x000001e01c6d67a0, 0x000001e01c6d74c0, 0x000001e01c6d53f0, 0x000001e01c6d8f00,
0x000001e01c6da940, 0x000001e01c6d9590, 0x000001e01c67d970
}

Java Threads: ( => current thread )
  0x000001dfbc8fe2d0 JavaThread "main"                              [_thread_blocked, id=23488, stack(0x000000d09f500000,0x000000d09f600000) (1024K)]
  0x000001e0158ea8b0 JavaThread "Reference Handler"          daemon [_thread_blocked, id=17584, stack(0x000000d09f900000,0x000000d09fa00000) (1024K)]
  0x000001dfbc8ae280 JavaThread "Finalizer"                  daemon [_thread_blocked, id=3176, stack(0x000000d09fa00000,0x000000d09fb00000) (1024K)]
  0x000001e0158ef3e0 JavaThread "Signal Dispatcher"          daemon [_thread_blocked, id=29624, stack(0x000000d09fb00000,0x000000d09fc00000) (1024K)]
  0x000001e0158f0400 JavaThread "Attach Listener"            daemon [_thread_blocked, id=1128, stack(0x000000d09fc00000,0x000000d09fd00000) (1024K)]
  0x000001e0158f2320 JavaThread "Service Thread"             daemon [_thread_blocked, id=24532, stack(0x000000d09fd00000,0x000000d09fe00000) (1024K)]
  0x000001e0158f92b0 JavaThread "Monitor Deflation Thread"   daemon [_thread_blocked, id=21756, stack(0x000000d09fe00000,0x000000d09ff00000) (1024K)]
=>0x000001e0158fcaa0 JavaThread "C2 CompilerThread0"         daemon [_thread_in_native, id=28700, stack(0x000000d09ff00000,0x000000d0a0000000) (1024K)]
  0x000001e0158ffac0 JavaThread "C1 CompilerThread0"         daemon [_thread_in_vm, id=11372, stack(0x000000d0a0000000,0x000000d0a0100000) (1024K)]
  0x000001e015b58d60 JavaThread "Common-Cleaner"             daemon [_thread_blocked, id=29916, stack(0x000000d0a0300000,0x000000d0a0400000) (1024K)]
  0x000001e01b011c30 JavaThread "Notification Thread"        daemon [_thread_blocked, id=21020, stack(0x000000d0a0600000,0x000000d0a0700000) (1024K)]
  0x000001e01b78c390 JavaThread "Active Thread: Equinox Container: ded19c99-8446-45a0-97dd-0839f38a0727"        [_thread_blocked, id=20712, stack(0x000000d0a0f00000,0x000000d0a1000000) (1024K)]
  0x000001e01b7ef820 JavaThread "Framework Event Dispatcher: Equinox Container: ded19c99-8446-45a0-97dd-0839f38a0727" daemon [_thread_blocked, id=18584, stack(0x000000d0a1100000,0x000000d0a1200000) (1024K)]
  0x000001e01b788010 JavaThread "Start Level: Equinox Container: ded19c99-8446-45a0-97dd-0839f38a0727" daemon [_thread_blocked, id=26760, stack(0x000000d0a1200000,0x000000d0a1300000) (1024K)]
  0x000001e01b8ffcc0 JavaThread "SCR Component Actor"        daemon [_thread_blocked, id=28456, stack(0x000000d0a1300000,0x000000d0a1400000) (1024K)]
  0x000001e01be05a40 JavaThread "Worker-JM"                         [_thread_blocked, id=8564, stack(0x000000d0a1400000,0x000000d0a1500000) (1024K)]
  0x000001e01beb7140 JavaThread "JNA Cleaner"                daemon [_thread_blocked, id=29436, stack(0x000000d0a1700000,0x000000d0a1800000) (1024K)]
  0x000001e01be94340 JavaThread "Worker-0"                          [_thread_blocked, id=26132, stack(0x000000d0a1800000,0x000000d0a1900000) (1024K)]
  0x000001e01be9f100 JavaThread "Worker-1"                          [_thread_blocked, id=29324, stack(0x000000d0a1900000,0x000000d0a1a00000) (1024K)]
  0x000001e01be9dd50 JavaThread "Thread-1"                   daemon [_thread_in_native, id=16208, stack(0x000000d0a1f00000,0x000000d0a2000000) (1024K)]
  0x000001e01be9e3e0 JavaThread "Thread-2"                   daemon [_thread_in_native, id=10464, stack(0x000000d0a2000000,0x000000d0a2100000) (1024K)]
  0x000001e01be9ea70 JavaThread "Thread-3"                   daemon [_thread_in_native, id=25448, stack(0x000000d0a2100000,0x000000d0a2200000) (1024K)]
  0x000001e01bea04b0 JavaThread "Thread-4"                   daemon [_thread_in_native, id=14492, stack(0x000000d0a2200000,0x000000d0a2300000) (1024K)]
  0x000001e01be9fe20 JavaThread "Thread-5"                   daemon [_thread_in_native, id=19244, stack(0x000000d0a2300000,0x000000d0a2400000) (1024K)]
  0x000001e01be9d6c0 JavaThread "Thread-6"                   daemon [_thread_in_native, id=7532, stack(0x000000d0a2400000,0x000000d0a2500000) (1024K)]
  0x000001e01be9f790 JavaThread "Thread-7"                   daemon [_thread_in_native, id=2708, stack(0x000000d0a2500000,0x000000d0a2600000) (1024K)]
  0x000001e01be9d030 JavaThread "Thread-8"                   daemon [_thread_in_native, id=15128, stack(0x000000d0a2600000,0x000000d0a2700000) (1024K)]
  0x000001e01c6d4040 JavaThread "Thread-9"                   daemon [_thread_in_native, id=27464, stack(0x000000d0a2700000,0x000000d0a2800000) (1024K)]
  0x000001e01c6d5a80 JavaThread "Thread-10"                  daemon [_thread_in_native, id=27960, stack(0x000000d0a2800000,0x000000d0a2900000) (1024K)]
  0x000001e01c6d6110 JavaThread "Thread-11"                  daemon [_thread_in_native, id=24740, stack(0x000000d0a2900000,0x000000d0a2a00000) (1024K)]
  0x000001e01c6d7b50 JavaThread "Thread-12"                  daemon [_thread_in_native, id=20240, stack(0x000000d0a2a00000,0x000000d0a2b00000) (1024K)]
  0x000001e01c6d4d60 JavaThread "Thread-13"                  daemon [_thread_in_native, id=18412, stack(0x000000d0a2b00000,0x000000d0a2c00000) (1024K)]
  0x000001e01c6d46d0 JavaThread "Thread-14"                  daemon [_thread_in_native, id=28136, stack(0x000000d0a2c00000,0x000000d0a2d00000) (1024K)]
  0x000001e01c6d6e30 JavaThread "Thread-15"                  daemon [_thread_in_native, id=9036, stack(0x000000d0a2d00000,0x000000d0a2e00000) (1024K)]
  0x000001e01c6d81e0 JavaThread "Thread-16"                  daemon [_thread_in_native, id=4528, stack(0x000000d0a2e00000,0x000000d0a2f00000) (1024K)]
  0x000001e01c6d8870 JavaThread "Thread-17"                  daemon [_thread_in_native, id=13544, stack(0x000000d0a2f00000,0x000000d0a3000000) (1024K)]
  0x000001e01c6d67a0 JavaThread "pool-2-thread-1"                   [_thread_blocked, id=16696, stack(0x000000d0a3000000,0x000000d0a3100000) (1024K)]
  0x000001e01c6d74c0 JavaThread "Worker-2: Publish Diagnostics"        [_thread_in_vm, id=22020, stack(0x000000d0a3100000,0x000000d0a3200000) (1024K)]
  0x000001e01c6d53f0 JavaThread "WorkspaceEventsHandler"            [_thread_blocked, id=30504, stack(0x000000d0a3200000,0x000000d0a3300000) (1024K)]
  0x000001e01c6d8f00 JavaThread "pool-1-thread-1"                   [_thread_blocked, id=8156, stack(0x000000d0a3300000,0x000000d0a3400000) (1024K)]
  0x000001e01c6da940 JavaThread "Compiler Source File Reader" daemon [_thread_blocked, id=17600, stack(0x000000d0a0100000,0x000000d0a0200000) (1024K)]
  0x000001e01c6d9590 JavaThread "Compiler Processing Task"   daemon [_thread_blocked, id=12868, stack(0x000000d0a0500000,0x000000d0a0600000) (1024K)]
  0x000001e01c67d970 JavaThread "C1 CompilerThread1"         daemon [_thread_blocked, id=20808, stack(0x000000d0a0200000,0x000000d0a0300000) (1024K)]
Total: 43

Other Threads:
  0x000001e0158e3220 VMThread "VM Thread"                           [id=29184, stack(0x000000d09f800000,0x000000d09f900000) (1024K)]
  0x000001dfbc78ca00 WatcherThread "VM Periodic Task Thread"        [id=23908, stack(0x000000d09f700000,0x000000d09f800000) (1024K)]
  0x000001dfbc91c6a0 WorkerThread "GC Thread#0"                     [id=13320, stack(0x000000d09f600000,0x000000d09f700000) (1024K)]
  0x000001e01b542ee0 WorkerThread "GC Thread#1"                     [id=5852, stack(0x000000d0a0800000,0x000000d0a0900000) (1024K)]
  0x000001e01b543290 WorkerThread "GC Thread#2"                     [id=4256, stack(0x000000d0a0900000,0x000000d0a0a00000) (1024K)]
  0x000001e01b3d6000 WorkerThread "GC Thread#3"                     [id=840, stack(0x000000d0a0a00000,0x000000d0a0b00000) (1024K)]
  0x000001e01b3d67b0 WorkerThread "GC Thread#4"                     [id=16972, stack(0x000000d0a0b00000,0x000000d0a0c00000) (1024K)]
  0x000001e01b378b40 WorkerThread "GC Thread#5"                     [id=22000, stack(0x000000d0a0c00000,0x000000d0a0d00000) (1024K)]
  0x000001e01b644db0 WorkerThread "GC Thread#6"                     [id=13816, stack(0x000000d0a0d00000,0x000000d0a0e00000) (1024K)]
  0x000001e01b9e9c40 WorkerThread "GC Thread#7"                     [id=7320, stack(0x000000d0a1000000,0x000000d0a1100000) (1024K)]
  0x000001e01be16570 WorkerThread "GC Thread#8"                     [id=3528, stack(0x000000d0a1500000,0x000000d0a1600000) (1024K)]
  0x000001e01bc826a0 WorkerThread "GC Thread#9"                     [id=30300, stack(0x000000d0a1600000,0x000000d0a1700000) (1024K)]
  0x000001e01beb3520 WorkerThread "GC Thread#10"                    [id=22780, stack(0x000000d0a1a00000,0x000000d0a1b00000) (1024K)]
  0x000001e01be988f0 WorkerThread "GC Thread#11"                    [id=30268, stack(0x000000d0a1b00000,0x000000d0a1c00000) (1024K)]
  0x000001e01c0fd0b0 WorkerThread "GC Thread#12"                    [id=8368, stack(0x000000d0a1c00000,0x000000d0a1d00000) (1024K)]
Total: 15

Threads with active compile tasks:
C2 CompilerThread0  24476 5779 %     4       org.lombokweb.asm.ClassReader::readCode @ 2187 (5117 bytes)
Total: 1

VM state: not at safepoint (normal execution)

VM Mutex/Monitor currently owned by a thread: None

Heap address: 0x0000000080000000, size: 2048 MB, Compressed Oops mode: 32-bit

CDS archive(s) mapped at: [0x000001dfd4000000-0x000001dfd4ba0000-0x000001dfd4ba0000), size 12189696, SharedBaseAddress: 0x000001dfd4000000, ArchiveRelocationMode: 1.
Compressed class space mapped at: 0x000001dfd5000000-0x000001e015000000, reserved size: 1073741824
Narrow klass base: 0x000001dfd4000000, Narrow klass shift: 0, Narrow klass range: 0x100000000

GC Precious Log:
 CardTable entry size: 512
 CPUs: 16 total, 16 available
 Memory: 16202M
 Large Page Support: Disabled
 NUMA Support: Disabled
 Compressed Oops: Enabled (32-bit)
 Alignments: Space 512K, Generation 512K, Heap 2M
 Heap Min Capacity: 100M
 Heap Initial Capacity: 100M
 Heap Max Capacity: 2G
 Pre-touch: Disabled
 Parallel Workers: 13

Heap:
 PSYoungGen      total 22016K, used 11207K [0x00000000d5580000, 0x00000000d6f00000, 0x0000000100000000)
  eden space 20992K, 48% used [0x00000000d5580000,0x00000000d5f78848,0x00000000d6a00000)
  from space 1024K, 97% used [0x00000000d6c00000,0x00000000d6cf93d8,0x00000000d6d00000)
  to   space 2048K, 0% used [0x00000000d6a00000,0x00000000d6a00000,0x00000000d6c00000)
 ParOldGen       total 68608K, used 29196K [0x0000000080000000, 0x0000000084300000, 0x00000000d5580000)
  object space 68608K, 42% used [0x0000000080000000,0x0000000081c83390,0x0000000084300000)
 Metaspace       used 41824K, committed 42944K, reserved 1114112K
  class space    used 4200K, committed 4672K, reserved 1048576K

Card table byte_map: [0x000001dfbc2a0000,0x000001dfbc6b0000] _byte_map_base: 0x000001dfbbea0000

Marking Bits: (ParMarkBitMap*) 0x00007ffae0bd3450
 Begin Bits: [0x000001dfcedb0000, 0x000001dfd0db0000)
 End Bits:   [0x000001dfd0db0000, 0x000001dfd2db0000)

Polling page: 0x000001dfba980000

Metaspace:

Usage:
  Non-class:     36.74 MB used.
      Class:      4.10 MB used.
       Both:     40.84 MB used.

Virtual space:
  Non-class space:       64.00 MB reserved,      37.38 MB ( 58%) committed,  1 nodes.
      Class space:        1.00 GB reserved,       4.56 MB ( <1%) committed,  1 nodes.
             Both:        1.06 GB reserved,      41.94 MB (  4%) committed. 

Chunk freelists:
   Non-Class:  10.12 MB
       Class:  11.44 MB
        Both:  21.55 MB

MaxMetaspaceSize: unlimited
CompressedClassSpaceSize: 1.00 GB
Initial GC threshold: 21.00 MB
Current GC threshold: 58.38 MB
CDS: on
 - commit_granule_bytes: 65536.
 - commit_granule_words: 8192.
 - virtual_space_node_default_size: 8388608.
 - enlarge_chunks_in_place: 1.
 - use_allocation_guard: 0.


Internal statistics:

num_allocs_failed_limit: 6.
num_arena_births: 754.
num_arena_deaths: 14.
num_vsnodes_births: 2.
num_vsnodes_deaths: 0.
num_space_committed: 671.
num_space_uncommitted: 0.
num_chunks_returned_to_freelist: 20.
num_chunks_taken_from_freelist: 2488.
num_chunk_merges: 12.
num_chunk_splits: 1607.
num_chunks_enlarged: 1005.
num_inconsistent_stats: 0.

CodeHeap 'non-profiled nmethods': size=119168Kb used=3223Kb max_used=3223Kb free=115944Kb
 bounds [0x000001dfc76a0000, 0x000001dfc79d0000, 0x000001dfceb00000]
CodeHeap 'profiled nmethods': size=119104Kb used=11864Kb max_used=11864Kb free=107239Kb
 bounds [0x000001dfbfb00000, 0x000001dfc06a0000, 0x000001dfc6f50000]
CodeHeap 'non-nmethods': size=7488Kb used=1958Kb max_used=3124Kb free=5529Kb
 bounds [0x000001dfc6f50000, 0x000001dfc7270000, 0x000001dfc76a0000]
CodeCache: size=245760Kb, used=17045Kb, max_used=18211Kb, free=228712Kb
 total_blobs=6239, nmethods=5536, adapters=608, full_count=0
Compilation: enabled, stopped_count=0, restarted_count=0

Compilation events (20 events):
Event: 23.349 Thread 0x000001e01b0ac150 5871       1       org.eclipse.core.internal.dtree.DeltaDataTree::getParent (5 bytes)
Event: 23.349 Thread 0x000001e0158ffac0 5872       1       org.eclipse.core.internal.dtree.AbstractDataTreeNode::isDeleted (2 bytes)
Event: 23.350 Thread 0x000001e01b0ac150 nmethod 5871 0x000001dfc79b8b90 code [0x000001dfc79b8d20, 0x000001dfc79b8de8]
Event: 23.350 Thread 0x000001e0158ffac0 nmethod 5872 0x000001dfc79b8e90 code [0x000001dfc79b9020, 0x000001dfc79b90e8]
Event: 23.350 Thread 0x000001e0158ffac0 5873       3       org.eclipse.core.internal.dtree.DataTreeNode::<init> (12 bytes)
Event: 23.350 Thread 0x000001e01b0ac150 5874       1       org.eclipse.core.internal.dtree.NoDataDeltaNode::isDelta (2 bytes)
Event: 23.350 Thread 0x000001e01b0ac150 nmethod 5874 0x000001dfc79b9190 code [0x000001dfc79b9320, 0x000001dfc79b93e8]
Event: 23.350 Thread 0x000001e01b0ac150 5875       1       org.eclipse.core.internal.resources.ResourceInfo::getNodeId (5 bytes)
Event: 23.350 Thread 0x000001e0158ffac0 nmethod 5873 0x000001dfc0674a10 code [0x000001dfc0674bc0, 0x000001dfc0674e78]
Event: 23.350 Thread 0x000001e01b0ac150 nmethod 5875 0x000001dfc79b9490 code [0x000001dfc79b9620, 0x000001dfc79b96f0]
Event: 23.350 Thread 0x000001e0158ffac0 5877       1       org.eclipse.core.internal.events.ResourceDelta::setStatus (6 bytes)
Event: 23.350 Thread 0x000001e0158ffac0 nmethod 5877 0x000001dfc79b9790 code [0x000001dfc79b9920, 0x000001dfc79b99e8]
Event: 23.354 Thread 0x000001e01c67d970 nmethod 5869 0x000001dfc79b9a90 code [0x000001dfc79b9ca0, 0x000001dfc79ba570]
Event: 23.354 Thread 0x000001e01c67d970 5876       4       org.eclipse.core.internal.dtree.AbstractDataTreeNode::childAtOrNull (21 bytes)
Event: 23.358 Thread 0x000001e01c67d970 nmethod 5876 0x000001dfc79bab10 code [0x000001dfc79bacc0, 0x000001dfc79bb1e0]
Event: 23.358 Thread 0x000001e01c67d970 5870       4       java.nio.ByteBuffer::<init> (47 bytes)
Event: 23.359 Thread 0x000001e01c67d970 nmethod 5870 0x000001dfc79bb410 code [0x000001dfc79bb5a0, 0x000001dfc79bb730]
Event: 23.361 Thread 0x000001e015bef750 nmethod 5781 0x000001dfc79bb890 code [0x000001dfc79bbe60, 0x000001dfc79bfe78]
Event: 23.466 Thread 0x000001e0158ffac0 5878       3       jdk.internal.misc.Unsafe::putReferenceOpaque (9 bytes)
Event: 23.466 Thread 0x000001e0158ffac0 nmethod 5878 0x000001dfc0674f90 code [0x000001dfc0675120, 0x000001dfc0675250]

GC Heap History (20 events):
Event: 3.897 GC heap before
{Heap before GC invocations=15 (full 1):
 PSYoungGen      total 24576K, used 24224K [0x00000000d5580000, 0x00000000d7000000, 0x0000000100000000)
  eden space 22016K, 100% used [0x00000000d5580000,0x00000000d6b00000,0x00000000d6b00000)
  from space 2560K, 86% used [0x00000000d6b00000,0x00000000d6d28000,0x00000000d6d80000)
  to   space 2560K, 0% used [0x00000000d6d80000,0x00000000d6d80000,0x00000000d7000000)
 ParOldGen       total 68608K, used 20408K [0x0000000080000000, 0x0000000084300000, 0x00000000d5580000)
  object space 68608K, 29% used [0x0000000080000000,0x00000000813ee0d8,0x0000000084300000)
 Metaspace       used 32322K, committed 33216K, reserved 1114112K
  class space    used 3249K, committed 3648K, reserved 1048576K
}
Event: 3.899 GC heap after
{Heap after GC invocations=15 (full 1):
 PSYoungGen      total 24576K, used 2244K [0x00000000d5580000, 0x00000000d7000000, 0x0000000100000000)
  eden space 22016K, 0% used [0x00000000d5580000,0x00000000d5580000,0x00000000d6b00000)
  from space 2560K, 87% used [0x00000000d6d80000,0x00000000d6fb1000,0x00000000d7000000)
  to   space 2560K, 0% used [0x00000000d6b00000,0x00000000d6b00000,0x00000000d6d80000)
 ParOldGen       total 68608K, used 22358K [0x0000000080000000, 0x0000000084300000, 0x00000000d5580000)
  object space 68608K, 32% used [0x0000000080000000,0x00000000815d5aa0,0x0000000084300000)
 Metaspace       used 32322K, committed 33216K, reserved 1114112K
  class space    used 3249K, committed 3648K, reserved 1048576K
}
Event: 3.949 GC heap before
{Heap before GC invocations=16 (full 1):
 PSYoungGen      total 24576K, used 24260K [0x00000000d5580000, 0x00000000d7000000, 0x0000000100000000)
  eden space 22016K, 100% used [0x00000000d5580000,0x00000000d6b00000,0x00000000d6b00000)
  from space 2560K, 87% used [0x00000000d6d80000,0x00000000d6fb1000,0x00000000d7000000)
  to   space 2560K, 0% used [0x00000000d6b00000,0x00000000d6b00000,0x00000000d6d80000)
 ParOldGen       total 68608K, used 22358K [0x0000000080000000, 0x0000000084300000, 0x00000000d5580000)
  object space 68608K, 32% used [0x0000000080000000,0x00000000815d5aa0,0x0000000084300000)
 Metaspace       used 32377K, committed 33408K, reserved 1114112K
  class space    used 3251K, committed 3712K, reserved 1048576K
}
Event: 3.951 GC heap after
{Heap after GC invocations=16 (full 1):
 PSYoungGen      total 24576K, used 2272K [0x00000000d5580000, 0x00000000d7000000, 0x0000000100000000)
  eden space 22016K, 0% used [0x00000000d5580000,0x00000000d5580000,0x00000000d6b00000)
  from space 2560K, 88% used [0x00000000d6b00000,0x00000000d6d38010,0x00000000d6d80000)
  to   space 2560K, 0% used [0x00000000d6d80000,0x00000000d6d80000,0x00000000d7000000)
 ParOldGen       total 68608K, used 24398K [0x0000000080000000, 0x0000000084300000, 0x00000000d5580000)
  object space 68608K, 35% used [0x0000000080000000,0x00000000817d3ba0,0x0000000084300000)
 Metaspace       used 32377K, committed 33408K, reserved 1114112K
  class space    used 3251K, committed 3712K, reserved 1048576K
}
Event: 4.002 GC heap before
{Heap before GC invocations=17 (full 1):
 PSYoungGen      total 24576K, used 24288K [0x00000000d5580000, 0x00000000d7000000, 0x0000000100000000)
  eden space 22016K, 100% used [0x00000000d5580000,0x00000000d6b00000,0x00000000d6b00000)
  from space 2560K, 88% used [0x00000000d6b00000,0x00000000d6d38010,0x00000000d6d80000)
  to   space 2560K, 0% used [0x00000000d6d80000,0x00000000d6d80000,0x00000000d7000000)
 ParOldGen       total 68608K, used 24398K [0x0000000080000000, 0x0000000084300000, 0x00000000d5580000)
  object space 68608K, 35% used [0x0000000080000000,0x00000000817d3ba0,0x0000000084300000)
 Metaspace       used 32463K, committed 33472K, reserved 1114112K
  class space    used 3253K, committed 3712K, reserved 1048576K
}
Event: 4.004 GC heap after
{Heap after GC invocations=17 (full 1):
 PSYoungGen      total 24576K, used 2016K [0x00000000d5580000, 0x00000000d7000000, 0x0000000100000000)
  eden space 22016K, 0% used [0x00000000d5580000,0x00000000d5580000,0x00000000d6b00000)
  from space 2560K, 78% used [0x00000000d6d80000,0x00000000d6f78000,0x00000000d7000000)
  to   space 2560K, 0% used [0x00000000d6b00000,0x00000000d6b00000,0x00000000d6d80000)
 ParOldGen       total 68608K, used 26510K [0x0000000080000000, 0x0000000084300000, 0x00000000d5580000)
  object space 68608K, 38% used [0x0000000080000000,0x00000000819e3bb0,0x0000000084300000)
 Metaspace       used 32463K, committed 33472K, reserved 1114112K
  class space    used 3253K, committed 3712K, reserved 1048576K
}
Event: 4.336 GC heap before
{Heap before GC invocations=18 (full 1):
 PSYoungGen      total 24576K, used 24032K [0x00000000d5580000, 0x00000000d7000000, 0x0000000100000000)
  eden space 22016K, 100% used [0x00000000d5580000,0x00000000d6b00000,0x00000000d6b00000)
  from space 2560K, 78% used [0x00000000d6d80000,0x00000000d6f78000,0x00000000d7000000)
  to   space 2560K, 0% used [0x00000000d6b00000,0x00000000d6b00000,0x00000000d6d80000)
 ParOldGen       total 68608K, used 26510K [0x0000000080000000, 0x0000000084300000, 0x00000000d5580000)
  object space 68608K, 38% used [0x0000000080000000,0x00000000819e3bb0,0x0000000084300000)
 Metaspace       used 34448K, committed 35456K, reserved 1114112K
  class space    used 3530K, committed 3968K, reserved 1048576K
}
Event: 4.338 GC heap after
{Heap after GC invocations=18 (full 1):
 PSYoungGen      total 23040K, used 939K [0x00000000d5580000, 0x00000000d6e00000, 0x0000000100000000)
  eden space 22016K, 0% used [0x00000000d5580000,0x00000000d5580000,0x00000000d6b00000)
  from space 1024K, 91% used [0x00000000d6b00000,0x00000000d6beae58,0x00000000d6c00000)
  to   space 1536K, 0% used [0x00000000d6c80000,0x00000000d6c80000,0x00000000d6e00000)
 ParOldGen       total 68608K, used 28347K [0x0000000080000000, 0x0000000084300000, 0x00000000d5580000)
  object space 68608K, 41% used [0x0000000080000000,0x0000000081baedd0,0x0000000084300000)
 Metaspace       used 34448K, committed 35456K, reserved 1114112K
  class space    used 3530K, committed 3968K, reserved 1048576K
}
Event: 4.443 GC heap before
{Heap before GC invocations=19 (full 1):
 PSYoungGen      total 23040K, used 7995K [0x00000000d5580000, 0x00000000d6e00000, 0x0000000100000000)
  eden space 22016K, 32% used [0x00000000d5580000,0x00000000d5c63df0,0x00000000d6b00000)
  from space 1024K, 91% used [0x00000000d6b00000,0x00000000d6beae58,0x00000000d6c00000)
  to   space 1536K, 0% used [0x00000000d6c80000,0x00000000d6c80000,0x00000000d6e00000)
 ParOldGen       total 68608K, used 28347K [0x0000000080000000, 0x0000000084300000, 0x00000000d5580000)
  object space 68608K, 41% used [0x0000000080000000,0x0000000081baedd0,0x0000000084300000)
 Metaspace       used 34869K, committed 35840K, reserved 1114112K
  class space    used 3566K, committed 3968K, reserved 1048576K
}
Event: 4.443 GC heap after
{Heap after GC invocations=19 (full 1):
 PSYoungGen      total 22528K, used 416K [0x00000000d5580000, 0x00000000d6d00000, 0x0000000100000000)
  eden space 22016K, 0% used [0x00000000d5580000,0x00000000d5580000,0x00000000d6b00000)
  from space 512K, 81% used [0x00000000d6c80000,0x00000000d6ce8000,0x00000000d6d00000)
  to   space 1024K, 0% used [0x00000000d6b00000,0x00000000d6b00000,0x00000000d6c00000)
 ParOldGen       total 68608K, used 29077K [0x0000000080000000, 0x0000000084300000, 0x00000000d5580000)
  object space 68608K, 42% used [0x0000000080000000,0x0000000081c655f8,0x0000000084300000)
 Metaspace       used 34869K, committed 35840K, reserved 1114112K
  class space    used 3566K, committed 3968K, reserved 1048576K
}
Event: 4.443 GC heap before
{Heap before GC invocations=20 (full 2):
 PSYoungGen      total 22528K, used 416K [0x00000000d5580000, 0x00000000d6d00000, 0x0000000100000000)
  eden space 22016K, 0% used [0x00000000d5580000,0x00000000d5580000,0x00000000d6b00000)
  from space 512K, 81% used [0x00000000d6c80000,0x00000000d6ce8000,0x00000000d6d00000)
  to   space 1024K, 0% used [0x00000000d6b00000,0x00000000d6b00000,0x00000000d6c00000)
 ParOldGen       total 68608K, used 29077K [0x0000000080000000, 0x0000000084300000, 0x00000000d5580000)
  object space 68608K, 42% used [0x0000000080000000,0x0000000081c655f8,0x0000000084300000)
 Metaspace       used 34869K, committed 35840K, reserved 1114112K
  class space    used 3566K, committed 3968K, reserved 1048576K
}
Event: 4.471 GC heap after
{Heap after GC invocations=20 (full 2):
 PSYoungGen      total 22528K, used 0K [0x00000000d5580000, 0x00000000d6d00000, 0x0000000100000000)
  eden space 22016K, 0% used [0x00000000d5580000,0x00000000d5580000,0x00000000d6b00000)
  from space 512K, 0% used [0x00000000d6c80000,0x00000000d6c80000,0x00000000d6d00000)
  to   space 1024K, 0% used [0x00000000d6b00000,0x00000000d6b00000,0x00000000d6c00000)
 ParOldGen       total 68608K, used 27744K [0x0000000080000000, 0x0000000084300000, 0x00000000d5580000)
  object space 68608K, 40% used [0x0000000080000000,0x0000000081b182a0,0x0000000084300000)
 Metaspace       used 34869K, committed 35840K, reserved 1114112K
  class space    used 3566K, committed 3968K, reserved 1048576K
}
Event: 4.746 GC heap before
{Heap before GC invocations=21 (full 2):
 PSYoungGen      total 22528K, used 22016K [0x00000000d5580000, 0x00000000d6d00000, 0x0000000100000000)
  eden space 22016K, 100% used [0x00000000d5580000,0x00000000d6b00000,0x00000000d6b00000)
  from space 512K, 0% used [0x00000000d6c80000,0x00000000d6c80000,0x00000000d6d00000)
  to   space 1024K, 0% used [0x00000000d6b00000,0x00000000d6b00000,0x00000000d6c00000)
 ParOldGen       total 68608K, used 27744K [0x0000000080000000, 0x0000000084300000, 0x00000000d5580000)
  object space 68608K, 40% used [0x0000000080000000,0x0000000081b182a0,0x0000000084300000)
 Metaspace       used 37223K, committed 38208K, reserved 1114112K
  class space    used 3760K, committed 4224K, reserved 1048576K
}
Event: 4.747 GC heap after
{Heap after GC invocations=21 (full 2):
 PSYoungGen      total 23040K, used 1018K [0x00000000d5580000, 0x00000000d6e00000, 0x0000000100000000)
  eden space 22016K, 0% used [0x00000000d5580000,0x00000000d5580000,0x00000000d6b00000)
  from space 1024K, 99% used [0x00000000d6b00000,0x00000000d6bfebb0,0x00000000d6c00000)
  to   space 1536K, 0% used [0x00000000d6c80000,0x00000000d6c80000,0x00000000d6e00000)
 ParOldGen       total 68608K, used 27920K [0x0000000080000000, 0x0000000084300000, 0x00000000d5580000)
  object space 68608K, 40% used [0x0000000080000000,0x0000000081b442b0,0x0000000084300000)
 Metaspace       used 37223K, committed 38208K, reserved 1114112K
  class space    used 3760K, committed 4224K, reserved 1048576K
}
Event: 4.791 GC heap before
{Heap before GC invocations=22 (full 2):
 PSYoungGen      total 23040K, used 23034K [0x00000000d5580000, 0x00000000d6e00000, 0x0000000100000000)
  eden space 22016K, 100% used [0x00000000d5580000,0x00000000d6b00000,0x00000000d6b00000)
  from space 1024K, 99% used [0x00000000d6b00000,0x00000000d6bfebb0,0x00000000d6c00000)
  to   space 1536K, 0% used [0x00000000d6c80000,0x00000000d6c80000,0x00000000d6e00000)
 ParOldGen       total 68608K, used 27920K [0x0000000080000000, 0x0000000084300000, 0x00000000d5580000)
  object space 68608K, 40% used [0x0000000080000000,0x0000000081b442b0,0x0000000084300000)
 Metaspace       used 37256K, committed 38336K, reserved 1114112K
  class space    used 3760K, committed 4224K, reserved 1048576K
}
Event: 4.792 GC heap after
{Heap after GC invocations=22 (full 2):
 PSYoungGen      total 23552K, used 1296K [0x00000000d5580000, 0x00000000d6e00000, 0x0000000100000000)
  eden space 22016K, 0% used [0x00000000d5580000,0x00000000d5580000,0x00000000d6b00000)
  from space 1536K, 84% used [0x00000000d6c80000,0x00000000d6dc4300,0x00000000d6e00000)
  to   space 1536K, 0% used [0x00000000d6b00000,0x00000000d6b00000,0x00000000d6c80000)
 ParOldGen       total 68608K, used 28726K [0x0000000080000000, 0x0000000084300000, 0x00000000d5580000)
  object space 68608K, 41% used [0x0000000080000000,0x0000000081c0d900,0x0000000084300000)
 Metaspace       used 37256K, committed 38336K, reserved 1114112K
  class space    used 3760K, committed 4224K, reserved 1048576K
}
Event: 5.984 GC heap before
{Heap before GC invocations=23 (full 2):
 PSYoungGen      total 23552K, used 23312K [0x00000000d5580000, 0x00000000d6e00000, 0x0000000100000000)
  eden space 22016K, 100% used [0x00000000d5580000,0x00000000d6b00000,0x00000000d6b00000)
  from space 1536K, 84% used [0x00000000d6c80000,0x00000000d6dc4300,0x00000000d6e00000)
  to   space 1536K, 0% used [0x00000000d6b00000,0x00000000d6b00000,0x00000000d6c80000)
 ParOldGen       total 68608K, used 28726K [0x0000000080000000, 0x0000000084300000, 0x00000000d5580000)
  object space 68608K, 41% used [0x0000000080000000,0x0000000081c0d900,0x0000000084300000)
 Metaspace       used 38804K, committed 39872K, reserved 1114112K
  class space    used 3898K, committed 4352K, reserved 1048576K
}
Event: 5.985 GC heap after
{Heap after GC invocations=23 (full 2):
 PSYoungGen      total 23040K, used 608K [0x00000000d5580000, 0x00000000d6d00000, 0x0000000100000000)
  eden space 22016K, 0% used [0x00000000d5580000,0x00000000d5580000,0x00000000d6b00000)
  from space 1024K, 59% used [0x00000000d6b00000,0x00000000d6b98020,0x00000000d6c00000)
  to   space 1024K, 0% used [0x00000000d6c00000,0x00000000d6c00000,0x00000000d6d00000)
 ParOldGen       total 68608K, used 28742K [0x0000000080000000, 0x0000000084300000, 0x00000000d5580000)
  object space 68608K, 41% used [0x0000000080000000,0x0000000081c11900,0x0000000084300000)
 Metaspace       used 38804K, committed 39872K, reserved 1114112K
  class space    used 3898K, committed 4352K, reserved 1048576K
}
Event: 23.158 GC heap before
{Heap before GC invocations=24 (full 2):
 PSYoungGen      total 23040K, used 22624K [0x00000000d5580000, 0x00000000d6d00000, 0x0000000100000000)
  eden space 22016K, 100% used [0x00000000d5580000,0x00000000d6b00000,0x00000000d6b00000)
  from space 1024K, 59% used [0x00000000d6b00000,0x00000000d6b98020,0x00000000d6c00000)
  to   space 1024K, 0% used [0x00000000d6c00000,0x00000000d6c00000,0x00000000d6d00000)
 ParOldGen       total 68608K, used 28742K [0x0000000080000000, 0x0000000084300000, 0x00000000d5580000)
  object space 68608K, 41% used [0x0000000080000000,0x0000000081c11900,0x0000000084300000)
 Metaspace       used 41142K, committed 42240K, reserved 1114112K
  class space    used 4134K, committed 4608K, reserved 1048576K
}
Event: 23.159 GC heap after
{Heap after GC invocations=24 (full 2):
 PSYoungGen      total 22016K, used 996K [0x00000000d5580000, 0x00000000d6f00000, 0x0000000100000000)
  eden space 20992K, 0% used [0x00000000d5580000,0x00000000d5580000,0x00000000d6a00000)
  from space 1024K, 97% used [0x00000000d6c00000,0x00000000d6cf93d8,0x00000000d6d00000)
  to   space 2048K, 0% used [0x00000000d6a00000,0x00000000d6a00000,0x00000000d6c00000)
 ParOldGen       total 68608K, used 29196K [0x0000000080000000, 0x0000000084300000, 0x00000000d5580000)
  object space 68608K, 42% used [0x0000000080000000,0x0000000081c83390,0x0000000084300000)
 Metaspace       used 41142K, committed 42240K, reserved 1114112K
  class space    used 4134K, committed 4608K, reserved 1048576K
}

Dll operation events (10 events):
Event: 0.011 Loaded shared library c:\Users\RISHABH UPWANSHI\.vscode\extensions\redhat.java-1.54.0-win32-x64\jre\21.0.10-win32-x86_64\bin\java.dll
Event: 0.062 Loaded shared library c:\Users\RISHABH UPWANSHI\.vscode\extensions\redhat.java-1.54.0-win32-x64\jre\21.0.10-win32-x86_64\bin\zip.dll
Event: 0.080 Loaded shared library C:\Users\RISHABH UPWANSHI\.vscode\extensions\redhat.java-1.54.0-win32-x64\jre\21.0.10-win32-x86_64\bin\instrument.dll
Event: 0.084 Loaded shared library C:\Users\RISHABH UPWANSHI\.vscode\extensions\redhat.java-1.54.0-win32-x64\jre\21.0.10-win32-x86_64\bin\net.dll
Event: 0.086 Loaded shared library C:\Users\RISHABH UPWANSHI\.vscode\extensions\redhat.java-1.54.0-win32-x64\jre\21.0.10-win32-x86_64\bin\nio.dll
Event: 0.088 Loaded shared library C:\Users\RISHABH UPWANSHI\.vscode\extensions\redhat.java-1.54.0-win32-x64\jre\21.0.10-win32-x86_64\bin\zip.dll
Event: 0.103 Loaded shared library C:\Users\RISHABH UPWANSHI\.vscode\extensions\redhat.java-1.54.0-win32-x64\jre\21.0.10-win32-x86_64\bin\jimage.dll
Event: 0.165 Loaded shared library c:\Users\RISHABH UPWANSHI\.vscode\extensions\redhat.java-1.54.0-win32-x64\jre\21.0.10-win32-x86_64\bin\verify.dll
Event: 0.972 Loaded shared library C:\Users\RISHABH UPWANSHI\AppData\Roaming\Code\User\globalStorage\redhat.java\1.54.0\config_ss_win\org.eclipse.equinox.launcher\org.eclipse.equinox.launcher.win32.win32.x86_64_1.3.0.v20260203-2149\eclipse_11919.dll
Event: 1.456 Loaded shared library C:\Users\RISHABH UPWANSHI\AppData\Local\Temp\jna-1647839792\jna3166928502263384814.dll

Deoptimization events (20 events):
Event: 23.163 Thread 0x000001e01c6d8f00 Uncommon trap: trap_request=0xffffff45 fr.pc=0x000001dfc78b8f38 relative=0x0000000000000718
Event: 23.163 Thread 0x000001e01c6d8f00 Uncommon trap: reason=unstable_if action=reinterpret pc=0x000001dfc78b8f38 method=org.eclipse.jdt.internal.core.util.WeakHashSet.cleanupGarbageCollectedValues()V @ 140 c2
Event: 23.163 Thread 0x000001e01c6d8f00 DEOPT PACKING pc=0x000001dfc78b8f38 sp=0x000000d0a33fdbd0
Event: 23.163 Thread 0x000001e01c6d8f00 DEOPT UNPACKING pc=0x000001dfc6fa3aa2 sp=0x000000d0a33fdad8 mode 2
Event: 23.247 Thread 0x000001e01be94340 Uncommon trap: trap_request=0xffffffde fr.pc=0x000001dfc7745bac relative=0x00000000000006ec
Event: 23.247 Thread 0x000001e01be94340 Uncommon trap: reason=class_check action=maybe_recompile pc=0x000001dfc7745bac method=java.util.HashMap.computeIfAbsent(Ljava/lang/Object;Ljava/util/function/Function;)Ljava/lang/Object; @ 188 c2
Event: 23.247 Thread 0x000001e01be94340 DEOPT PACKING pc=0x000001dfc7745bac sp=0x000000d0a18fea50
Event: 23.247 Thread 0x000001e01be94340 DEOPT UNPACKING pc=0x000001dfc6fa3aa2 sp=0x000000d0a18fe9f8 mode 2
Event: 23.250 Thread 0x000001e01be94340 DEOPT PACKING pc=0x000001dfc007e789 sp=0x000000d0a18fa720
Event: 23.250 Thread 0x000001e01be94340 DEOPT UNPACKING pc=0x000001dfc6fa4242 sp=0x000000d0a18f9cc8 mode 0
Event: 23.250 Thread 0x000001e01be94340 Uncommon trap: trap_request=0xffffff45 fr.pc=0x000001dfc795ea4c relative=0x000000000000350c
Event: 23.250 Thread 0x000001e01be94340 Uncommon trap: reason=unstable_if action=reinterpret pc=0x000001dfc795ea4c method=org.lombokweb.asm.ClassReader.readMethod(Lorg/lombokweb/asm/ClassVisitor;Lorg/lombokweb/asm/Context;I)I @ 1045 c2
Event: 23.250 Thread 0x000001e01be94340 DEOPT PACKING pc=0x000001dfc795ea4c sp=0x000000d0a18fa6b0
Event: 23.250 Thread 0x000001e01be94340 DEOPT UNPACKING pc=0x000001dfc6fa3aa2 sp=0x000000d0a18fa698 mode 2
Event: 23.251 Thread 0x000001e01be94340 Uncommon trap: trap_request=0xffffff45 fr.pc=0x000001dfc77a5fe4 relative=0x0000000000001064
Event: 23.251 Thread 0x000001e01be94340 Uncommon trap: reason=unstable_if action=reinterpret pc=0x000001dfc77a5fe4 method=org.lombokweb.asm.MethodWriter.putMethodInfo(Lorg/lombokweb/asm/ByteVector;)V @ 98 c2
Event: 23.251 Thread 0x000001e01be94340 DEOPT PACKING pc=0x000001dfc77a5fe4 sp=0x000000d0a18fa870
Event: 23.251 Thread 0x000001e01be94340 DEOPT UNPACKING pc=0x000001dfc6fa3aa2 sp=0x000000d0a18fa818 mode 2
Event: 23.271 Thread 0x000001e01be94340 DEOPT PACKING pc=0x000001dfc0261956 sp=0x000000d0a18fdb90
Event: 23.271 Thread 0x000001e01be94340 DEOPT UNPACKING pc=0x000001dfc6fa4242 sp=0x000000d0a18fd0a0 mode 0

Classes loaded (20 events):
Event: 4.370 Loading class java/util/Vector$1
Event: 4.370 Loading class java/util/Vector$1 done
Event: 4.591 Loading class java/util/regex/Pattern$Caret
Event: 4.591 Loading class java/util/regex/Pattern$Caret done
Event: 4.639 Loading class java/util/Hashtable$ValueCollection
Event: 4.639 Loading class java/util/Hashtable$ValueCollection done
Event: 4.702 Loading class java/util/WeakHashMap$KeyIterator
Event: 4.702 Loading class java/util/WeakHashMap$KeyIterator done
Event: 6.006 Loading class java/util/stream/ReduceOps$4
Event: 6.006 Loading class java/util/stream/ReduceOps$4 done
Event: 6.006 Loading class java/util/stream/ReduceOps$4ReducingSink
Event: 6.006 Loading class java/util/stream/ReduceOps$4ReducingSink done
Event: 23.081 Loading class java/util/regex/PatternSyntaxException
Event: 23.081 Loading class java/util/regex/PatternSyntaxException done
Event: 23.240 Loading class java/util/zip/CheckedInputStream
Event: 23.240 Loading class java/util/zip/CheckedInputStream done
Event: 23.268 Loading class java/nio/file/Files$2
Event: 23.268 Loading class java/nio/file/Files$2 done
Event: 23.271 Loading class java/util/concurrent/ArrayBlockingQueue
Event: 23.272 Loading class java/util/concurrent/ArrayBlockingQueue done

Classes unloaded (7 events):
Event: 2.756 Thread 0x000001e0158e3220 Unloading class 0x000001dfd5191400 'java/lang/invoke/LambdaForm$MH+0x000001dfd5191400'
Event: 2.756 Thread 0x000001e0158e3220 Unloading class 0x000001dfd5191000 'java/lang/invoke/LambdaForm$MH+0x000001dfd5191000'
Event: 2.756 Thread 0x000001e0158e3220 Unloading class 0x000001dfd5190c00 'java/lang/invoke/LambdaForm$MH+0x000001dfd5190c00'
Event: 2.756 Thread 0x000001e0158e3220 Unloading class 0x000001dfd5190800 'java/lang/invoke/LambdaForm$MH+0x000001dfd5190800'
Event: 2.756 Thread 0x000001e0158e3220 Unloading class 0x000001dfd5190400 'java/lang/invoke/LambdaForm$BMH+0x000001dfd5190400'
Event: 2.756 Thread 0x000001e0158e3220 Unloading class 0x000001dfd5190000 'java/lang/invoke/LambdaForm$DMH+0x000001dfd5190000'
Event: 2.756 Thread 0x000001e0158e3220 Unloading class 0x000001dfd518ec00 'java/lang/invoke/LambdaForm$DMH+0x000001dfd518ec00'

Classes redefined (0 events):
No events

Internal exceptions (20 events):
Event: 3.652 Thread 0x000001e01c6d8f00 Exception <a 'java/lang/NoSuchMethodError'{0x00000000d656ca38}: 'java.lang.Object java.lang.invoke.DirectMethodHandle$Holder.invokeStaticInit(java.lang.Object, java.lang.Object, java.lang.Object, java.lang.Object, java.lang.Object, java.lang.Object, java.lang.Object)'> (0x00000000d656ca38) 
thrown [s\src\hotspot\share\interpreter\linkResolver.cpp, line 773]
Event: 3.653 Thread 0x000001e01c6d8f00 Exception <a 'java/lang/NoSuchMethodError'{0x00000000d65719f0}: 'java.lang.Object java.lang.invoke.Invokers$Holder.invoke_MT(java.lang.Object, java.lang.Object, java.lang.Object, java.lang.Object, java.lang.Object, java.lang.Object, java.lang.Object, java.lang.Object, java.lang.Object, java.lang.Object)'> (0x00000000d65719f0) 
thrown [s\src\hotspot\share\interpreter\linkResolver.cpp, line 773]
Event: 3.658 Thread 0x000001e01c6d8f00 Exception <a 'java/lang/NoSuchMethodError'{0x00000000d65b18c0}: 'int java.lang.invoke.DirectMethodHandle$Holder.invokeVirtual(java.lang.Object, java.lang.Object, java.lang.Object)'> (0x00000000d65b18c0) 
thrown [s\src\hotspot\share\interpreter\linkResolver.cpp, line 773]
Event: 3.659 Thread 0x000001e01c6d8f00 Exception <a 'java/lang/NoSuchMethodError'{0x00000000d65b5f20}: 'int java.lang.invoke.DirectMethodHandle$Holder.invokeStaticInit(java.lang.Object, int, int)'> (0x00000000d65b5f20) 
thrown [s\src\hotspot\share\interpreter\linkResolver.cpp, line 773]
Event: 3.660 Thread 0x000001e01c6d8f00 Exception <a 'java/lang/NoSuchMethodError'{0x00000000d65bd6c8}: 'int java.lang.invoke.DirectMethodHandle$Holder.invokeStaticInit(java.lang.Object, long, long)'> (0x00000000d65bd6c8) 
thrown [s\src\hotspot\share\interpreter\linkResolver.cpp, line 773]
Event: 3.660 Thread 0x000001e01c6d8f00 Exception <a 'java/lang/NoSuchMethodError'{0x00000000d65c4410}: 'int java.lang.invoke.DirectMethodHandle$Holder.invokeStaticInit(java.lang.Object, float, float)'> (0x00000000d65c4410) 
thrown [s\src\hotspot\share\interpreter\linkResolver.cpp, line 773]
Event: 3.661 Thread 0x000001e01c6d8f00 Exception <a 'java/lang/NoSuchMethodError'{0x00000000d65cb3a8}: 'int java.lang.invoke.DirectMethodHandle$Holder.invokeStaticInit(java.lang.Object, double, double)'> (0x00000000d65cb3a8) 
thrown [s\src\hotspot\share\interpreter\linkResolver.cpp, line 773]
Event: 3.661 Thread 0x000001e01c6d8f00 Exception <a 'java/lang/NoSuchMethodError'{0x00000000d65cfbc0}: 'int java.lang.invoke.DirectMethodHandle$Holder.invokeStatic(java.lang.Object, long)'> (0x00000000d65cfbc0) 
thrown [s\src\hotspot\share\interpreter\linkResolver.cpp, line 773]
Event: 3.664 Thread 0x000001e01c6d8f00 Exception <a 'java/lang/NoSuchMethodError'{0x00000000d65eea98}: 'int java.lang.invoke.Invokers$Holder.linkToTargetMethod(java.lang.Object, java.lang.Object)'> (0x00000000d65eea98) 
thrown [s\src\hotspot\share\interpreter\linkResolver.cpp, line 773]
Event: 4.205 Thread 0x000001e01c6d8f00 Exception <a 'java/lang/NoSuchMethodError'{0x00000000d5faf248}: 'java.lang.Object java.lang.invoke.DirectMethodHandle$Holder.invokeVirtual(java.lang.Object, java.lang.Object, int)'> (0x00000000d5faf248) 
thrown [s\src\hotspot\share\interpreter\linkResolver.cpp, line 773]
Event: 5.360 Thread 0x000001e01be9f100 Exception <a 'java/lang/NoSuchMethodError'{0x00000000d68e5928}: 'java.lang.Object java.lang.invoke.DirectMethodHandle$Holder.invokeSpecial(java.lang.Object, java.lang.Object, int, long)'> (0x00000000d68e5928) 
thrown [s\src\hotspot\share\interpreter\linkResolver.cpp, line 773]
Event: 6.008 Thread 0x000001e01be9f100 Exception <a 'java/lang/NoSuchMethodError'{0x00000000d579ebe0}: 'int java.lang.invoke.DirectMethodHandle$Holder.invokeSpecialIFC(java.lang.Object, java.lang.Object, java.lang.Object)'> (0x00000000d579ebe0) 
thrown [s\src\hotspot\share\interpreter\linkResolver.cpp, line 773]
Event: 6.125 Thread 0x000001e01be9f100 Exception <a 'java/io/FileNotFoundException'{0x00000000d5f84fd8}> (0x00000000d5f84fd8) 
thrown [s\src\hotspot\share\prims\jni.cpp, line 520]
Event: 6.125 Thread 0x000001e01be9f100 Exception <a 'java/io/FileNotFoundException'{0x00000000d5f86030}> (0x00000000d5f86030) 
thrown [s\src\hotspot\share\prims\jni.cpp, line 520]
Event: 6.126 Thread 0x000001e01be9f100 Exception <a 'java/io/FileNotFoundException'{0x00000000d5f87038}> (0x00000000d5f87038) 
thrown [s\src\hotspot\share\prims\jni.cpp, line 520]
Event: 6.199 Thread 0x000001e01be9f100 Exception <a 'java/lang/NoSuchMethodError'{0x00000000d6561988}: 'int java.lang.invoke.DirectMethodHandle$Holder.invokeSpecial(java.lang.Object, java.lang.Object, java.lang.Object, java.lang.Object)'> (0x00000000d6561988) 
thrown [s\src\hotspot\share\interpreter\linkResolver.cpp, line 773]
Event: 23.108 Thread 0x000001e01c6d8f00 Exception <a 'java/io/FileNotFoundException'{0x00000000d69b4b38}> (0x00000000d69b4b38) 
thrown [s\src\hotspot\share\prims\jni.cpp, line 520]
Event: 23.108 Thread 0x000001e01c6d8f00 Exception <a 'java/io/FileNotFoundException'{0x00000000d69b5e38}> (0x00000000d69b5e38) 
thrown [s\src\hotspot\share\prims\jni.cpp, line 520]
Event: 23.108 Thread 0x000001e01c6d8f00 Exception <a 'java/io/FileNotFoundException'{0x00000000d69b6eb0}> (0x00000000d69b6eb0) 
thrown [s\src\hotspot\share\prims\jni.cpp, line 520]
Event: 23.164 Thread 0x000001e01c6d8f00 Exception <a 'java/lang/IncompatibleClassChangeError'{0x00000000d55a6f00}: Found class java.lang.Object, but interface was expected> (0x00000000d55a6f00) 
thrown [s\src\hotspot\share\interpreter\linkResolver.cpp, line 840]

ZGC Phase Switch (0 events):
No events

VM Operations (20 events):
Event: 5.931 Executing safepoint VM operation: Cleanup done
Event: 5.984 Executing safepoint VM operation: ParallelGCFailedAllocation (Allocation Failure)
Event: 5.985 Executing safepoint VM operation: ParallelGCFailedAllocation (Allocation Failure) done
Event: 6.010 Executing non-safepoint VM operation: HandshakeAllThreads (Deoptimize)
Event: 6.010 Executing non-safepoint VM operation: HandshakeAllThreads (Deoptimize) done
Event: 6.064 Executing non-safepoint VM operation: HandshakeAllThreads (Deoptimize)
Event: 6.064 Executing non-safepoint VM operation: HandshakeAllThreads (Deoptimize) done
Event: 6.181 Executing safepoint VM operation: ICBufferFull
Event: 6.181 Executing safepoint VM operation: ICBufferFull done
Event: 7.183 Executing safepoint VM operation: Cleanup
Event: 7.183 Executing safepoint VM operation: Cleanup done
Event: 23.158 Executing safepoint VM operation: ParallelGCFailedAllocation (Allocation Failure)
Event: 23.159 Executing safepoint VM operation: ParallelGCFailedAllocation (Allocation Failure) done
Event: 23.219 Executing non-safepoint VM operation: HandshakeAllThreads (Deoptimize)
Event: 23.219 Executing non-safepoint VM operation: HandshakeAllThreads (Deoptimize) done
Event: 23.221 Executing non-safepoint VM operation: HandshakeAllThreads (Deoptimize)
Event: 23.221 Executing non-safepoint VM operation: HandshakeAllThreads (Deoptimize) done
Event: 23.257 Executing non-safepoint VM operation: HandshakeAllThreads (Deoptimize)
Event: 23.257 Executing non-safepoint VM operation: HandshakeAllThreads (Deoptimize) done
Event: 24.257 Executing safepoint VM operation: Cleanup

Memory protections (0 events):
No events

Nmethod flushes (20 events):
Event: 4.456 Thread 0x000001e0158e3220 flushing  nmethod 0x000001dfbfeaaa90
Event: 4.456 Thread 0x000001e0158e3220 flushing  nmethod 0x000001dfbfeb2310
Event: 4.456 Thread 0x000001e0158e3220 flushing  nmethod 0x000001dfbfebe210
Event: 4.456 Thread 0x000001e0158e3220 flushing  nmethod 0x000001dfbff39a10
Event: 4.456 Thread 0x000001e0158e3220 flushing  nmethod 0x000001dfbff3a310
Event: 4.456 Thread 0x000001e0158e3220 flushing  nmethod 0x000001dfbff3fa90
Event: 4.456 Thread 0x000001e0158e3220 flushing  nmethod 0x000001dfbff97110
Event: 4.456 Thread 0x000001e0158e3220 flushing  nmethod 0x000001dfbffafc10
Event: 4.456 Thread 0x000001e0158e3220 flushing  nmethod 0x000001dfbffb0990
Event: 4.456 Thread 0x000001e0158e3220 flushing  nmethod 0x000001dfbffb6d90
Event: 4.456 Thread 0x000001e0158e3220 flushing  nmethod 0x000001dfbffe1090
Event: 4.456 Thread 0x000001e0158e3220 flushing  nmethod 0x000001dfbffebb10
Event: 4.456 Thread 0x000001e0158e3220 flushing  nmethod 0x000001dfbffebe10
Event: 4.456 Thread 0x000001e0158e3220 flushing  nmethod 0x000001dfc002ca90
Event: 4.456 Thread 0x000001e0158e3220 flushing  nmethod 0x000001dfc002d890
Event: 4.456 Thread 0x000001e0158e3220 flushing  nmethod 0x000001dfc002e310
Event: 4.456 Thread 0x000001e0158e3220 flushing  nmethod 0x000001dfc003fd10
Event: 4.456 Thread 0x000001e0158e3220 flushing  nmethod 0x000001dfc0040210
Event: 4.456 Thread 0x000001e0158e3220 flushing  nmethod 0x000001dfc0044010
Event: 4.456 Thread 0x000001e0158e3220 flushing  nmethod 0x000001dfc0047b90

Events (20 events):
Event: 5.356 Thread 0x000001e01b984290 Thread exited: 0x000001e01b984290
Event: 5.356 Thread 0x000001e01d374340 Thread exited: 0x000001e01d374340
Event: 5.356 Thread 0x000001e01b269e00 Thread exited: 0x000001e01b269e00
Event: 5.357 Thread 0x000001e01b0aec40 Thread exited: 0x000001e01b0aec40
Event: 5.357 Thread 0x000001e015a728e0 Thread exited: 0x000001e015a728e0
Event: 6.135 Thread 0x000001e015bef790 Thread added: 0x000001e015a728e0
Event: 6.152 Thread 0x000001e0158ffac0 Thread added: 0x000001e01b269e00
Event: 6.173 Thread 0x000001e015bef790 Thread added: 0x000001e015c7e0c0
Event: 11.242 Thread 0x000001e015bef790 Thread exited: 0x000001e015bef790
Event: 11.257 Thread 0x000001e015c7e0c0 Thread exited: 0x000001e015c7e0c0
Event: 11.351 Thread 0x000001e01b269e00 Thread exited: 0x000001e01b269e00
Event: 16.257 Thread 0x000001e015bef0e0 Thread exited: 0x000001e015bef0e0
Event: 16.288 Thread 0x000001e015a728e0 Thread exited: 0x000001e015a728e0
Event: 21.269 Thread 0x000001e0159d97f0 Thread exited: 0x000001e0159d97f0
Event: 23.261 Thread 0x000001e01be94340 Thread added: 0x000001e01c6da940
Event: 23.267 Thread 0x000001e0158ffac0 Thread added: 0x000001e015bef750
Event: 23.268 Thread 0x000001e0158ffac0 Thread added: 0x000001e01b0ac150
Event: 23.272 Thread 0x000001e01be94340 Thread added: 0x000001e01c6d9590
Event: 23.279 Thread 0x000001e0158ffac0 Thread added: 0x000001e01c67d970
Event: 23.466 Thread 0x000001e01c67d970 Thread exited: 0x000001e01c67d970


Dynamic libraries:
0x00007ff6956e0000 - 0x00007ff6956ee000 	c:\Users\RISHABH UPWANSHI\.vscode\extensions\redhat.java-1.54.0-win32-x64\jre\21.0.10-win32-x86_64\bin\java.exe
0x00007ffb71840000 - 0x00007ffb71aa6000 	C:\Windows\SYSTEM32\ntdll.dll
0x00007ffb6fe80000 - 0x00007ffb6ff49000 	C:\Windows\System32\KERNEL32.DLL
0x00007ffb6f1b0000 - 0x00007ffb6f5aa000 	C:\Windows\System32\KERNELBASE.dll
0x00007ffb6ecd0000 - 0x00007ffb6ee1c000 	C:\Windows\System32\ucrtbase.dll
0x00007ffb67520000 - 0x00007ffb6753e000 	c:\Users\RISHABH UPWANSHI\.vscode\extensions\redhat.java-1.54.0-win32-x64\jre\21.0.10-win32-x86_64\bin\VCRUNTIME140.dll
0x00007ffb5a0e0000 - 0x00007ffb5a0f8000 	c:\Users\RISHABH UPWANSHI\.vscode\extensions\redhat.java-1.54.0-win32-x64\jre\21.0.10-win32-x86_64\bin\jli.dll
0x00007ffb71510000 - 0x00007ffb716d7000 	C:\Windows\System32\USER32.dll
0x00007ffb6f0d0000 - 0x00007ffb6f0f7000 	C:\Windows\System32\win32u.dll
0x00007ffb54740000 - 0x00007ffb549d2000 	C:\Windows\WinSxS\amd64_microsoft.windows.common-controls_6595b64144ccf1df_6.0.26100.8521_none_3e08b75ce33403b3\COMCTL32.dll
0x00007ffb708e0000 - 0x00007ffb7090b000 	C:\Windows\System32\GDI32.dll
0x00007ffb701e0000 - 0x00007ffb70289000 	C:\Windows\System32\msvcrt.dll
0x00007ffb6efa0000 - 0x00007ffb6f0cb000 	C:\Windows\System32\gdi32full.dll
0x00007ffb6f100000 - 0x00007ffb6f1a3000 	C:\Windows\System32\msvcp_win.dll
0x00007ffb71270000 - 0x00007ffb712a2000 	C:\Windows\System32\IMM32.DLL
0x00007ffb63000000 - 0x00007ffb6300c000 	c:\Users\RISHABH UPWANSHI\.vscode\extensions\redhat.java-1.54.0-win32-x64\jre\21.0.10-win32-x86_64\bin\vcruntime140_1.dll
0x00007ffb4cf40000 - 0x00007ffb4cfcd000 	c:\Users\RISHABH UPWANSHI\.vscode\extensions\redhat.java-1.54.0-win32-x64\jre\21.0.10-win32-x86_64\bin\msvcp140.dll
0x00007ffadff10000 - 0x00007ffae0cb1000 	c:\Users\RISHABH UPWANSHI\.vscode\extensions\redhat.java-1.54.0-win32-x64\jre\21.0.10-win32-x86_64\bin\server\jvm.dll
0x00007ffb6f630000 - 0x00007ffb6f6e6000 	C:\Windows\System32\ADVAPI32.dll
0x00007ffb70910000 - 0x00007ffb709ba000 	C:\Windows\System32\sechost.dll
0x00007ffb709c0000 - 0x00007ffb70ad8000 	C:\Windows\System32\RPCRT4.dll
0x00007ffb70080000 - 0x00007ffb70100000 	C:\Windows\System32\WS2_32.dll
0x00007ffb6e930000 - 0x00007ffb6e98e000 	C:\Windows\SYSTEM32\POWRPROF.dll
0x00007ffb63320000 - 0x00007ffb63356000 	C:\Windows\SYSTEM32\WINMM.dll
0x00007ffb67920000 - 0x00007ffb6792b000 	C:\Windows\SYSTEM32\VERSION.dll
0x00007ffb6e910000 - 0x00007ffb6e924000 	C:\Windows\SYSTEM32\UMPDC.dll
0x00007ffb6d860000 - 0x00007ffb6d87b000 	C:\Windows\SYSTEM32\kernel.appcore.dll
0x00007ffb5a0d0000 - 0x00007ffb5a0da000 	c:\Users\RISHABH UPWANSHI\.vscode\extensions\redhat.java-1.54.0-win32-x64\jre\21.0.10-win32-x86_64\bin\jimage.dll
0x00007ffb56ad0000 - 0x00007ffb56d12000 	C:\Windows\SYSTEM32\DBGHELP.DLL
0x00007ffb703c0000 - 0x00007ffb70743000 	C:\Windows\System32\combase.dll
0x00007ffb702e0000 - 0x00007ffb703b9000 	C:\Windows\System32\OLEAUT32.dll
0x00007ffb4e590000 - 0x00007ffb4e5cb000 	C:\Windows\SYSTEM32\dbgcore.DLL
0x00007ffb6ead0000 - 0x00007ffb6eb78000 	C:\Windows\System32\bcryptPrimitives.dll
0x00007ffb5a070000 - 0x00007ffb5a07f000 	c:\Users\RISHABH UPWANSHI\.vscode\extensions\redhat.java-1.54.0-win32-x64\jre\21.0.10-win32-x86_64\bin\instrument.dll
0x00007ffb5a050000 - 0x00007ffb5a070000 	c:\Users\RISHABH UPWANSHI\.vscode\extensions\redhat.java-1.54.0-win32-x64\jre\21.0.10-win32-x86_64\bin\java.dll
0x00007ffb6f6f0000 - 0x00007ffb6fe74000 	C:\Windows\System32\SHELL32.dll
0x00007ffb6c660000 - 0x00007ffb6cee0000 	C:\Windows\SYSTEM32\windows.storage.dll
0x00007ffb71700000 - 0x00007ffb717f6000 	C:\Windows\System32\SHCORE.dll
0x00007ffb6ff50000 - 0x00007ffb6ffb7000 	C:\Windows\System32\shlwapi.dll
0x00007ffb6e9f0000 - 0x00007ffb6ea19000 	C:\Windows\SYSTEM32\profapi.dll
0x00007ffb4cd40000 - 0x00007ffb4cd58000 	c:\Users\RISHABH UPWANSHI\.vscode\extensions\redhat.java-1.54.0-win32-x64\jre\21.0.10-win32-x86_64\bin\zip.dll
0x00007ffb56a20000 - 0x00007ffb56a30000 	C:\Users\RISHABH UPWANSHI\.vscode\extensions\redhat.java-1.54.0-win32-x64\jre\21.0.10-win32-x86_64\bin\net.dll
0x00007ffb68840000 - 0x00007ffb68969000 	C:\Windows\SYSTEM32\WINHTTP.dll
0x00007ffb6ddd0000 - 0x00007ffb6de3c000 	C:\Windows\system32\mswsock.dll
0x00007ffb56a00000 - 0x00007ffb56a16000 	C:\Users\RISHABH UPWANSHI\.vscode\extensions\redhat.java-1.54.0-win32-x64\jre\21.0.10-win32-x86_64\bin\nio.dll
0x00007ffb569d0000 - 0x00007ffb569e0000 	c:\Users\RISHABH UPWANSHI\.vscode\extensions\redhat.java-1.54.0-win32-x64\jre\21.0.10-win32-x86_64\bin\verify.dll
0x00007ffb4ccc0000 - 0x00007ffb4cd05000 	C:\Users\RISHABH UPWANSHI\AppData\Roaming\Code\User\globalStorage\redhat.java\1.54.0\config_ss_win\org.eclipse.equinox.launcher\org.eclipse.equinox.launcher.win32.win32.x86_64_1.3.0.v20260203-2149\eclipse_11919.dll
0x00007ffb70ae0000 - 0x00007ffb70c78000 	C:\Windows\System32\ole32.dll
0x00007ffb6e0b0000 - 0x00007ffb6e0cb000 	C:\Windows\SYSTEM32\CRYPTSP.dll
0x00007ffb6d7c0000 - 0x00007ffb6d7f9000 	C:\Windows\system32\rsaenh.dll
0x00007ffb6de80000 - 0x00007ffb6deb3000 	C:\Windows\SYSTEM32\USERENV.dll
0x00007ffb6e9c0000 - 0x00007ffb6e9ea000 	C:\Windows\SYSTEM32\bcrypt.dll
0x00007ffb6e0d0000 - 0x00007ffb6e0dc000 	C:\Windows\SYSTEM32\CRYPTBASE.dll
0x00007ffb6d270000 - 0x00007ffb6d2a3000 	C:\Windows\SYSTEM32\IPHLPAPI.DLL
0x00007ffb701b0000 - 0x00007ffb701ba000 	C:\Windows\System32\NSI.dll
0x00007ffb4cc70000 - 0x00007ffb4ccb9000 	C:\Users\RISHABH UPWANSHI\AppData\Local\Temp\jna-1647839792\jna3166928502263384814.dll
0x00007ffb701c0000 - 0x00007ffb701c8000 	C:\Windows\System32\PSAPI.DLL
0x00007ffb69810000 - 0x00007ffb6982d000 	C:\Windows\SYSTEM32\dhcpcsvc6.DLL
0x00007ffb69750000 - 0x00007ffb69775000 	C:\Windows\SYSTEM32\dhcpcsvc.DLL

JVMTI agents:
c:\Users\RISHABH UPWANSHI\.vscode\extensions\redhat.java-1.54.0-win32-x64\lombok\lombok-1.18.39-4050.jar path:c:\Users\RISHABH UPWANSHI\.vscode\extensions\redhat.java-1.54.0-win32-x64\jre\21.0.10-win32-x86_64\bin\instrument.dll, loaded, initialized, instrumentlib options:none

dbghelp: loaded successfully - version: 4.0.5 - missing functions: none
symbol engine: initialized successfully - sym options: 0x614 - pdb path: .;c:\Users\RISHABH UPWANSHI\.vscode\extensions\redhat.java-1.54.0-win32-x64\jre\21.0.10-win32-x86_64\bin;C:\Windows\SYSTEM32;C:\Windows\WinSxS\amd64_microsoft.windows.common-controls_6595b64144ccf1df_6.0.26100.8521_none_3e08b75ce33403b3;c:\Users\RISHABH UPWANSHI\.vscode\extensions\redhat.java-1.54.0-win32-x64\jre\21.0.10-win32-x86_64\bin\server;C:\Users\RISHABH UPWANSHI\AppData\Roaming\Code\User\globalStorage\redhat.java\1.54.0\config_ss_win\org.eclipse.equinox.launcher\org.eclipse.equinox.launcher.win32.win32.x86_64_1.3.0.v20260203-2149;C:\Users\RISHABH UPWANSHI\AppData\Local\Temp\jna-1647839792

VM Arguments:
jvm_args: --add-modules=ALL-SYSTEM --add-opens=java.base/java.util=ALL-UNNAMED --add-opens=java.base/java.lang=ALL-UNNAMED --add-opens=java.base/sun.nio.fs=ALL-UNNAMED -Declipse.application=org.eclipse.jdt.ls.core.id1 -Dosgi.bundles.defaultStartLevel=4 -Declipse.product=org.eclipse.jdt.ls.core.product -Djava.import.generatesMetadataFilesAtProjectRoot=false -DDetectVMInstallationsJob.disabled=true -Dfile.encoding=utf8 -XX:+UseParallelGC -XX:GCTimeRatio=4 -XX:AdaptiveSizePolicyWeight=90 -Dsun.zip.disableMemoryMapping=true -Xmx2G -Xms100m -Xlog:disable -javaagent:c:\Users\RISHABH UPWANSHI\.vscode\extensions\redhat.java-1.54.0-win32-x64\lombok\lombok-1.18.39-4050.jar 
java_command: c:\Users\RISHABH UPWANSHI\.vscode\extensions\redhat.java-1.54.0-win32-x64\server\plugins\org.eclipse.equinox.launcher_1.7.100.v20251111-0406.jar -configuration c:\Users\RISHABH UPWANSHI\AppData\Roaming\Code\User\globalStorage\redhat.java\1.54.0\config_ss_win -data c:\Users\RISHABH UPWANSHI\AppData\Roaming\Code\User\workspaceStorage\f4a2606078933381c2a47e88c5c240c0\redhat.java\ss_ws --pipe=\\.\pipe\lsp-241eb9e148969957e288ca53f705409f-sock
java_class_path (initial): c:\Users\RISHABH UPWANSHI\.vscode\extensions\redhat.java-1.54.0-win32-x64\server\plugins\org.eclipse.equinox.launcher_1.7.100.v20251111-0406.jar
Launcher Type: SUN_STANDARD

[Global flags]
    uintx AdaptiveSizePolicyWeight                 = 90                                        {product} {command line}
     intx CICompilerCount                          = 12                                        {product} {ergonomic}
    uintx GCTimeRatio                              = 4                                         {product} {command line}
   size_t InitialHeapSize                          = 104857600                                 {product} {command line}
   size_t MaxHeapSize                              = 2147483648                                {product} {command line}
   size_t MaxNewSize                               = 715653120                                 {product} {ergonomic}
   size_t MinHeapDeltaBytes                        = 524288                                    {product} {ergonomic}
   size_t MinHeapSize                              = 104857600                                 {product} {command line}
   size_t NewSize                                  = 34603008                                  {product} {ergonomic}
    uintx NonNMethodCodeHeapSize                   = 7602480                                {pd product} {ergonomic}
    uintx NonProfiledCodeHeapSize                  = 122027880                              {pd product} {ergonomic}
   size_t OldSize                                  = 70254592                                  {product} {ergonomic}
    uintx ProfiledCodeHeapSize                     = 122027880                              {pd product} {ergonomic}
    uintx ReservedCodeCacheSize                    = 251658240                              {pd product} {ergonomic}
     bool SegmentedCodeCache                       = true                                      {product} {ergonomic}
   size_t SoftMaxHeapSize                          = 2147483648                             {manageable} {ergonomic}
     bool UseCompressedOops                        = true                           {product lp64_product} {ergonomic}
     bool UseLargePagesIndividualAllocation        = false                                  {pd product} {ergonomic}
     bool UseParallelGC                            = true                                      {product} {command line}

Logging:
Log output configuration:
 #0: stdout all=off uptime,level,tags foldmultilines=false
 #1: stderr all=off uptime,level,tags foldmultilines=false

Release file:
JAVA_VERSION="21.0.10" 
MODULES="java.base java.compiler java.datatransfer java.xml java.prefs java.desktop java.instrument java.logging java.management java.security.sasl java.naming java.rmi java.management.rmi java.net.http java.scripting java.security.jgss java.transaction.xa java.sql java.sql.rowset java.xml.crypto java.se java.smartcardio jdk.accessibility jdk.internal.jvmstat jdk.attach jdk.charsets jdk.internal.opt jdk.zipfs jdk.compiler jdk.crypto.ec jdk.crypto.cryptoki jdk.crypto.mscapi jdk.dynalink jdk.internal.ed jdk.editpad jdk.hotspot.agent jdk.httpserver jdk.internal.le jdk.internal.vm.ci jdk.internal.vm.compiler jdk.internal.vm.compiler.management jdk.jartool jdk.javadoc jdk.jcmd jdk.management jdk.management.agent jdk.jconsole jdk.jdeps jdk.jdwp.agent jdk.jdi jdk.jfr jdk.jshell jdk.jsobject jdk.jstatd jdk.localedata jdk.management.jfr jdk.naming.dns jdk.naming.rmi jdk.net jdk.nio.mapmode jdk.random jdk.sctp jdk.security.auth jdk.security.jgss jdk.unsupported jdk.unsupported.desktop jdk.xml.dom" 

Environment Variables:
PATH=C:\Program Files\Common Files\Oracle\Java\javapath;C:\Python313\Scripts\;C:\Python313\;C:\Windows\system32;C:\Windows;C:\Windows\System32\Wbem;C:\Windows\System32\WindowsPowerShell\v1.0\;C:\Windows\System32\OpenSSH\;C:\Program Files (x86)\NVIDIA Corporation\PhysX\Common;C:\Program Files\dotnet\;C:\Program Files\NVIDIA Corporation\NVIDIA App\NvDLISR;C:\ProgramData\chocolatey\bin;C:\TDM-GCC-64\bin;C:\msys64\ucrt64\bin;C:\Program Files\Git\cmd;C:\Program Files\MongoDB\Server\8.2\bin;C:\Program Files\nodejs\;C:\Program Files\Microsoft SQL Server\170\Tools\Binn\;C:\Program Files\Microsoft SQL Server\Client SDK\ODBC\170\Tools\Binn\;E:\apache-maven-3.9.16-bin\apache-maven-3.9.16\bin;C:\Users\RISHABH UPWANSHI\AppData\Local\agy\bin;C:\Program Files\MySQL\MySQL Shell 8.0\bin\;C:\Users\RISHABH UPWANSHI\AppData\Local\Microsoft\WindowsApps;C:\Users\RISHABH UPWANSHI\AppData\Local\Programs\Microsoft VS Code\bin;C:\MinGW\bin;C:\Program Files\JetBrains\WebStorm 2025.2.2\bin;C:\Program Files\MySQL\MySQL Server 8.0\bin;C:\Program Files\mongosh\;C:\Users\RISHABH UPWANSHI\AppData\Roaming\npm;C:\Users\RISHABH UPWANSHI\.dotnet\tools;C:\Program Files\PostgreSQL\17\bin;
USERNAME=RISHABH UPWANSHI
OS=Windows_NT
PROCESSOR_IDENTIFIER=AMD64 Family 25 Model 68 Stepping 1, AuthenticAMD
TMP=C:\Users\RISHAB~1\AppData\Local\Temp
TEMP=C:\Users\RISHAB~1\AppData\Local\Temp




Periodic native trim disabled

---------------  S Y S T E M  ---------------

OS:
 Windows 11 , 64 bit Build 26100 (10.0.26100.8521)
OS uptime: 0 days 0:26 hours
Hyper-V role detected

CPU: total 16 (initial active 16) (16 cores per cpu, 2 threads per core) family 25 model 68 stepping 1 microcode 0xa404107, cx8, cmov, fxsr, ht, mmx, 3dnowpref, sse, sse2, sse3, ssse3, sse4a, sse4.1, sse4.2, popcnt, lzcnt, tsc, tscinvbit, avx, avx2, aes, erms, clmul, bmi1, bmi2, adx, sha, fma, vzeroupper, clflush, clflushopt, hv, rdtscp, rdpid, fsrm, f16c, cet_ss
Processor Information for the first 16 processors :
  Max Mhz: 3100, Current Mhz: 3100, Mhz Limit: 3100

Memory: 4k page, system-wide physical 16202M (7292M free)
TotalPageFile size 16202M (AvailPageFile size 19M)
current process WorkingSet (physical memory assigned to process): 198M, peak: 210M
current process commit charge ("private bytes"): 324M, peak: 334M

vm_info: OpenJDK 64-Bit Server VM (21.0.10+7-LTS) for windows-amd64 JRE (21.0.10+7-LTS), built on 2026-01-20T00:00:00Z by "admin" with MS VC++ 17.12 (VS2022)

END.
