#
# There is insufficient memory for the Java Runtime Environment to continue.
# Native memory allocation (malloc) failed to allocate 864176 bytes. Error detail: Chunk::new
# Possible reasons:
#   The system is out of physical RAM or swap space
#   This process is running with CompressedOops enabled, and the Java Heap may be blocking the growth of the native heap
# Possible solutions:
#   Reduce memory load on the system
#   Increase physical memory or swap space
#   Check if swap backing store is full
#   Decrease Java heap size (-Xmx/-Xms)
#   Decrease number of Java threads
#   Decrease Java thread stack sizes (-Xss)
#   Set larger code cache with -XX:ReservedCodeCacheSize=
#   JVM is running with Unscaled Compressed Oops mode in which the Java heap is
#     placed in the first 4GB address space. The Java Heap base address is the
#     maximum limit for the native heap growth. Please use -XX:HeapBaseMinAddress
#     to set the Java Heap base and to place the Java Heap above 4GB virtual address.
# This output file may be truncated or incomplete.
#
#  Out of Memory Error (arena.cpp:168), pid=13260, tid=21600
#
# JRE version: OpenJDK Runtime Environment Temurin-21.0.10+7 (21.0.10+7) (build 21.0.10+7-LTS)
# Java VM: OpenJDK 64-Bit Server VM Temurin-21.0.10+7 (21.0.10+7-LTS, mixed mode, sharing, tiered, compressed oops, compressed class ptrs, parallel gc, windows-amd64)
# No core dump will be written. Minidumps are not enabled by default on client versions of Windows
#

---------------  S U M M A R Y ------------

Command Line: --add-modules=ALL-SYSTEM --add-opens=java.base/java.util=ALL-UNNAMED --add-opens=java.base/java.lang=ALL-UNNAMED --add-opens=java.base/sun.nio.fs=ALL-UNNAMED -Declipse.application=org.eclipse.jdt.ls.core.id1 -Dosgi.bundles.defaultStartLevel=4 -Declipse.product=org.eclipse.jdt.ls.core.product -Djava.import.generatesMetadataFilesAtProjectRoot=false -DDetectVMInstallationsJob.disabled=true -Dfile.encoding=utf8 -XX:+UseParallelGC -XX:GCTimeRatio=4 -XX:AdaptiveSizePolicyWeight=90 -Dsun.zip.disableMemoryMapping=true -Xmx2G -Xms100m -Xlog:disable -javaagent:c:\Users\RISHABH UPWANSHI\.vscode\extensions\redhat.java-1.54.0-win32-x64\lombok\lombok-1.18.39-4050.jar -XX:+HeapDumpOnOutOfMemoryError -XX:HeapDumpPath=c:\Users\RISHABH UPWANSHI\AppData\Roaming\Code\User\workspaceStorage\f4a2606078933381c2a47e88c5c240c0\redhat.java -Daether.dependencyCollector.impl=bf c:\Users\RISHABH UPWANSHI\.vscode\extensions\redhat.java-1.54.0-win32-x64\server\plugins\org.eclipse.equinox.launcher_1.7.100.v20251111-0406.jar -configuration c:\Users\RISHABH UPWANSHI\AppData\Roaming\Code\User\globalStorage\redhat.java\1.54.0\config_win -data c:\Users\RISHABH UPWANSHI\AppData\Roaming\Code\User\workspaceStorage\f4a2606078933381c2a47e88c5c240c0\redhat.java\jdt_ws --pipe=\\.\pipe\lsp-85f5acf2075f24612c9b151b587ff413-sock

Host: AMD Ryzen 7 7435HS                             , 16 cores, 15G,  Windows 11 , 64 bit Build 26100 (10.0.26100.8521)
Time: Wed Jun 24 14:49:38 2026 India Standard Time elapsed time: 40.640520 seconds (0d 0h 0m 40s)

---------------  T H R E A D  ---------------

Current thread (0x000001fe95e69740):  JavaThread "C2 CompilerThread0" daemon [_thread_in_native, id=21600, stack(0x0000003586800000,0x0000003586900000) (1024K)]


Current CompileTask:
C2:40640 11679       4       org.eclipse.jdt.internal.compiler.classfmt.ModuleInfo::readModuleAttribute (1166 bytes)

Stack: [0x0000003586800000,0x0000003586900000]
Native frames: (J=compiled Java code, j=interpreted, Vv=VM code, C=native code)
V  [jvm.dll+0x6d7a39]
V  [jvm.dll+0x8b4b26]
V  [jvm.dll+0x8b70de]
V  [jvm.dll+0x8b77c3]
V  [jvm.dll+0x284346]
V  [jvm.dll+0xc66ed]
V  [jvm.dll+0xc6c31]
V  [jvm.dll+0x2fb29e]
V  [jvm.dll+0x5fe884]
V  [jvm.dll+0x255b17]
V  [jvm.dll+0x255edd]
V  [jvm.dll+0x24e500]
V  [jvm.dll+0x24ba42]
V  [jvm.dll+0x1cb34e]
V  [jvm.dll+0x25b85d]
V  [jvm.dll+0x259dea]
V  [jvm.dll+0x3f857e]
V  [jvm.dll+0x85f59d]
V  [jvm.dll+0x6d626d]
C  [ucrtbase.dll+0x2cd30]
C  [KERNEL32.DLL+0x2e957]
C  [ntdll.dll+0x87c1c]


---------------  P R O C E S S  ---------------

Threads class SMR info:
_java_thread_list=0x000001fef7640570, length=74, elements={
0x000001fe95db2cf0, 0x000001fe95e56370, 0x000001fe95e57c50, 0x000001fe95e5a8b0,
0x000001fe95e5b590, 0x000001fe95e5f200, 0x000001fe95e66370, 0x000001fe95e69740,
0x000001fe95e6b610, 0x000001feeeea8ba0, 0x000001feeeeaa5e0, 0x000001feeeeaac70,
0x000001feeeea8510, 0x000001feeeea98c0, 0x000001feeeea7e80, 0x000001feeeeab300,
0x000001feeeea9230, 0x000001feeeea9f50, 0x000001fef60328f0, 0x000001fef6033610,
0x000001fef6032260, 0x000001fef6030190, 0x000001fef6033ca0, 0x000001fef6030eb0,
0x000001fef6032f80, 0x000001fef6030820, 0x000001fef6034330, 0x000001fef60349c0,
0x000001fef6035050, 0x000001fef6031bd0, 0x000001fef6037120, 0x000001fef6036a90,
0x000001fef60356e0, 0x000001fef6035d70, 0x000001fef60377b0, 0x000001fef6036400,
0x000001fef7665b80, 0x000001fef7666f30, 0x000001fef76654f0, 0x000001fef7667c50,
0x000001fef7664e60, 0x000001fef76675c0, 0x000001fef76668a0, 0x000001fef7668970,
0x000001fef7669000, 0x000001fef7669690, 0x000001fef7666210, 0x000001fef766b760,
0x000001fef766b0d0, 0x000001fef76682e0, 0x000001fef766aa40, 0x000001fef7669d20,
0x000001fef766c480, 0x000001fef766bdf0, 0x000001fef766a3b0, 0x000001fef980bcd0,
0x000001fef980a920, 0x000001fef980b640, 0x000001fef9809570, 0x000001fef980c9f0,
0x000001fef980d710, 0x000001fef980a290, 0x000001fef980eac0, 0x000001fef980f150,
0x000001fef9810b90, 0x000001fef980e430, 0x000001fef0acd0b0, 0x000001fef0acb670,
0x000001fef8646200, 0x000001fef86468d0, 0x000001fef8643ff0, 0x000001fef8647d40,
0x000001fef86446c0, 0x000001fef8644d90
}

Java Threads: ( => current thread )
  0x000001fe95db2cf0 JavaThread "main"                              [_thread_blocked, id=6976, stack(0x0000003585e00000,0x0000003585f00000) (1024K)]
  0x000001fe95e56370 JavaThread "Reference Handler"          daemon [_thread_blocked, id=21632, stack(0x0000003586200000,0x0000003586300000) (1024K)]
  0x000001fe95e57c50 JavaThread "Finalizer"                  daemon [_thread_blocked, id=27164, stack(0x0000003586300000,0x0000003586400000) (1024K)]
  0x000001fe95e5a8b0 JavaThread "Signal Dispatcher"          daemon [_thread_blocked, id=24416, stack(0x0000003586400000,0x0000003586500000) (1024K)]
  0x000001fe95e5b590 JavaThread "Attach Listener"            daemon [_thread_blocked, id=4856, stack(0x0000003586500000,0x0000003586600000) (1024K)]
  0x000001fe95e5f200 JavaThread "Service Thread"             daemon [_thread_blocked, id=27116, stack(0x0000003586600000,0x0000003586700000) (1024K)]
  0x000001fe95e66370 JavaThread "Monitor Deflation Thread"   daemon [_thread_blocked, id=27232, stack(0x0000003586700000,0x0000003586800000) (1024K)]
=>0x000001fe95e69740 JavaThread "C2 CompilerThread0"         daemon [_thread_in_native, id=21600, stack(0x0000003586800000,0x0000003586900000) (1024K)]
  0x000001fe95e6b610 JavaThread "C1 CompilerThread0"         daemon [_thread_blocked, id=10212, stack(0x0000003586900000,0x0000003586a00000) (1024K)]
  0x000001feeeea8ba0 JavaThread "Common-Cleaner"             daemon [_thread_blocked, id=21316, stack(0x0000003586c00000,0x0000003586d00000) (1024K)]
  0x000001feeeeaa5e0 JavaThread "Notification Thread"        daemon [_thread_blocked, id=7420, stack(0x0000003586f00000,0x0000003587000000) (1024K)]
  0x000001feeeeaac70 JavaThread "Active Thread: Equinox Container: 76118ae4-b358-4a34-a7fb-9d791af27d5d"        [_thread_blocked, id=14496, stack(0x0000003587800000,0x0000003587900000) (1024K)]
  0x000001feeeea8510 JavaThread "Refresh Thread: Equinox Container: 76118ae4-b358-4a34-a7fb-9d791af27d5d" daemon [_thread_blocked, id=18072, stack(0x0000003586b00000,0x0000003586c00000) (1024K)]
  0x000001feeeea98c0 JavaThread "Framework Event Dispatcher: Equinox Container: 76118ae4-b358-4a34-a7fb-9d791af27d5d" daemon [_thread_blocked, id=7964, stack(0x0000003587000000,0x0000003587100000) (1024K)]
  0x000001feeeea7e80 JavaThread "Start Level: Equinox Container: 76118ae4-b358-4a34-a7fb-9d791af27d5d" daemon [_thread_blocked, id=8000, stack(0x0000003587700000,0x0000003587800000) (1024K)]
  0x000001feeeeab300 JavaThread "Bundle File Closer"         daemon [_thread_blocked, id=26884, stack(0x0000003587d00000,0x0000003587e00000) (1024K)]
  0x000001feeeea9230 JavaThread "SCR Component Actor"        daemon [_thread_blocked, id=1560, stack(0x0000003587b00000,0x0000003587c00000) (1024K)]
  0x000001feeeea9f50 JavaThread "Worker-JM"                         [_thread_blocked, id=17568, stack(0x0000003588100000,0x0000003588200000) (1024K)]
  0x000001fef60328f0 JavaThread "JNA Cleaner"                daemon [_thread_blocked, id=26716, stack(0x0000003588200000,0x0000003588300000) (1024K)]
  0x000001fef6033610 JavaThread "Worker-0"                          [_thread_blocked, id=22408, stack(0x0000003588300000,0x0000003588400000) (1024K)]
  0x000001fef6032260 JavaThread "Worker-1"                          [_thread_blocked, id=3368, stack(0x0000003588400000,0x0000003588500000) (1024K)]
  0x000001fef6030190 JavaThread "Java indexing"              daemon [_thread_blocked, id=14072, stack(0x0000003588700000,0x0000003588800000) (1024K)]
  0x000001fef6033ca0 JavaThread "Worker-2"                          [_thread_blocked, id=13828, stack(0x0000003588a00000,0x0000003588b00000) (1024K)]
  0x000001fef6030eb0 JavaThread "Worker-3"                          [_thread_blocked, id=1768, stack(0x0000003588b00000,0x0000003588c00000) (1024K)]
  0x000001fef6032f80 JavaThread "Thread-1"                   daemon [_thread_in_native, id=3556, stack(0x0000003588d00000,0x0000003588e00000) (1024K)]
  0x000001fef6030820 JavaThread "Thread-2"                   daemon [_thread_in_native, id=6716, stack(0x0000003588e00000,0x0000003588f00000) (1024K)]
  0x000001fef6034330 JavaThread "Thread-3"                   daemon [_thread_in_native, id=12336, stack(0x0000003588f00000,0x0000003589000000) (1024K)]
  0x000001fef60349c0 JavaThread "Thread-4"                   daemon [_thread_in_native, id=4896, stack(0x0000003589000000,0x0000003589100000) (1024K)]
  0x000001fef6035050 JavaThread "Thread-5"                   daemon [_thread_in_native, id=20792, stack(0x0000003589100000,0x0000003589200000) (1024K)]
  0x000001fef6031bd0 JavaThread "Thread-6"                   daemon [_thread_in_native, id=7032, stack(0x0000003589200000,0x0000003589300000) (1024K)]
  0x000001fef6037120 JavaThread "Thread-7"                   daemon [_thread_in_native, id=9920, stack(0x0000003589300000,0x0000003589400000) (1024K)]
  0x000001fef6036a90 JavaThread "Thread-8"                   daemon [_thread_in_native, id=21760, stack(0x0000003589400000,0x0000003589500000) (1024K)]
  0x000001fef60356e0 JavaThread "Thread-9"                   daemon [_thread_in_native, id=5600, stack(0x0000003589500000,0x0000003589600000) (1024K)]
  0x000001fef6035d70 JavaThread "Thread-10"                  daemon [_thread_in_native, id=2564, stack(0x0000003589600000,0x0000003589700000) (1024K)]
  0x000001fef60377b0 JavaThread "Thread-11"                  daemon [_thread_in_native, id=7208, stack(0x0000003589700000,0x0000003589800000) (1024K)]
  0x000001fef6036400 JavaThread "Thread-12"                  daemon [_thread_in_native, id=7300, stack(0x0000003589800000,0x0000003589900000) (1024K)]
  0x000001fef7665b80 JavaThread "Thread-13"                  daemon [_thread_in_native, id=14140, stack(0x0000003589900000,0x0000003589a00000) (1024K)]
  0x000001fef7666f30 JavaThread "Thread-14"                  daemon [_thread_in_native, id=8812, stack(0x0000003589a00000,0x0000003589b00000) (1024K)]
  0x000001fef76654f0 JavaThread "Thread-15"                  daemon [_thread_in_native, id=11180, stack(0x0000003589b00000,0x0000003589c00000) (1024K)]
  0x000001fef7667c50 JavaThread "Thread-16"                  daemon [_thread_in_native, id=18088, stack(0x0000003589c00000,0x0000003589d00000) (1024K)]
  0x000001fef7664e60 JavaThread "Thread-17"                  daemon [_thread_in_native, id=24772, stack(0x0000003589d00000,0x0000003589e00000) (1024K)]
  0x000001fef76675c0 JavaThread "pool-2-thread-1"                   [_thread_blocked, id=20676, stack(0x0000003589e00000,0x0000003589f00000) (1024K)]
  0x000001fef76668a0 JavaThread "Worker-4"                          [_thread_blocked, id=6160, stack(0x000000358a000000,0x000000358a100000) (1024K)]
  0x000001fef7668970 JavaThread "WorkspaceEventsHandler"            [_thread_blocked, id=25196, stack(0x000000358a400000,0x000000358a500000) (1024K)]
  0x000001fef7669000 JavaThread "pool-1-thread-1"                   [_thread_blocked, id=25200, stack(0x000000358a500000,0x000000358a600000) (1024K)]
  0x000001fef7669690 JavaThread "ForkJoinPool.commonPool-worker-1" daemon [_thread_blocked, id=25232, stack(0x000000358a600000,0x000000358a700000) (1024K)]
  0x000001fef7666210 JavaThread "ForkJoinPool.commonPool-worker-2" daemon [_thread_blocked, id=25228, stack(0x000000358a700000,0x000000358a800000) (1024K)]
  0x000001fef766b760 JavaThread "ForkJoinPool.commonPool-worker-3" daemon [_thread_blocked, id=25236, stack(0x000000358a800000,0x000000358a900000) (1024K)]
  0x000001fef766b0d0 JavaThread "ForkJoinPool.commonPool-worker-4" daemon [_thread_blocked, id=25240, stack(0x000000358a900000,0x000000358aa00000) (1024K)]
  0x000001fef76682e0 JavaThread "ForkJoinPool.commonPool-worker-5" daemon [_thread_blocked, id=25248, stack(0x000000358aa00000,0x000000358ab00000) (1024K)]
  0x000001fef766aa40 JavaThread "ForkJoinPool.commonPool-worker-6" daemon [_thread_blocked, id=25252, stack(0x000000358ab00000,0x000000358ac00000) (1024K)]
  0x000001fef7669d20 JavaThread "ForkJoinPool.commonPool-worker-7" daemon [_thread_blocked, id=25260, stack(0x000000358ac00000,0x000000358ad00000) (1024K)]
  0x000001fef766c480 JavaThread "ForkJoinPool.commonPool-worker-8" daemon [_thread_blocked, id=25244, stack(0x000000358ad00000,0x000000358ae00000) (1024K)]
  0x000001fef766bdf0 JavaThread "ForkJoinPool.commonPool-worker-9" daemon [_thread_blocked, id=25276, stack(0x000000358ae00000,0x000000358af00000) (1024K)]
  0x000001fef766a3b0 JavaThread "ForkJoinPool.commonPool-worker-10" daemon [_thread_blocked, id=25204, stack(0x000000358af00000,0x000000358b000000) (1024K)]
  0x000001fef980bcd0 JavaThread "ForkJoinPool.commonPool-worker-11" daemon [_thread_blocked, id=25448, stack(0x000000358b000000,0x000000358b100000) (1024K)]
  0x000001fef980a920 JavaThread "ForkJoinPool.commonPool-worker-12" daemon [_thread_blocked, id=25472, stack(0x000000358b100000,0x000000358b200000) (1024K)]
  0x000001fef980b640 JavaThread "ForkJoinPool.commonPool-worker-13" daemon [_thread_blocked, id=25476, stack(0x000000358b200000,0x000000358b300000) (1024K)]
  0x000001fef9809570 JavaThread "ForkJoinPool.commonPool-worker-14" daemon [_thread_blocked, id=25480, stack(0x000000358b300000,0x000000358b400000) (1024K)]
  0x000001fef980c9f0 JavaThread "ForkJoinPool.commonPool-worker-15" daemon [_thread_blocked, id=25484, stack(0x000000358b400000,0x000000358b500000) (1024K)]
  0x000001fef980d710 JavaThread "Cleaner-0"                  daemon [_thread_blocked, id=27224, stack(0x000000358b500000,0x000000358b600000) (1024K)]
  0x000001fef980a290 JavaThread "Java Debug Server"          daemon [_thread_in_native, id=22324, stack(0x000000358b600000,0x000000358b700000) (1024K)]
  0x000001fef980eac0 JavaThread "pool-4-thread-1"                   [_thread_blocked, id=19336, stack(0x000000358b700000,0x000000358b800000) (1024K)]
  0x000001fef980f150 JavaThread "RxSchedulerPurge-1"         daemon [_thread_blocked, id=18492, stack(0x000000358b800000,0x000000358b900000) (1024K)]
  0x000001fef9810b90 JavaThread "RxCachedWorkerPoolEvictor-1" daemon [_thread_blocked, id=4120, stack(0x000000358b900000,0x000000358ba00000) (1024K)]
  0x000001fef980e430 JavaThread "pool-4-thread-2"                   [_thread_blocked, id=26704, stack(0x000000358ba00000,0x000000358bb00000) (1024K)]
  0x000001fef0acd0b0 JavaThread "process reaper"             daemon [_thread_blocked, id=4880, stack(0x00000035857d0000,0x00000035857f0000) (128K)]
  0x000001fef0acb670 JavaThread "process reaper"             daemon [_thread_blocked, id=24888, stack(0x0000003586a00000,0x0000003586a20000) (128K)]
  0x000001fef8646200 JavaThread "C2 CompilerThread1"         daemon [_thread_in_native, id=4364, stack(0x0000003587e00000,0x0000003587f00000) (1024K)]
  0x000001fef86468d0 JavaThread "C2 CompilerThread2"         daemon [_thread_in_vm, id=26544, stack(0x0000003587f00000,0x0000003588000000) (1024K)]
  0x000001fef8643ff0 JavaThread "C2 CompilerThread3"         daemon [_thread_in_native, id=25596, stack(0x0000003588500000,0x0000003588600000) (1024K)]
  0x000001fef8647d40 JavaThread "C1 CompilerThread1"         daemon [_thread_in_vm, id=6084, stack(0x0000003588600000,0x0000003588700000) (1024K)]
  0x000001fef86446c0 JavaThread "C1 CompilerThread2"         daemon [_thread_blocked, id=14676, stack(0x0000003588c00000,0x0000003588d00000) (1024K)]
  0x000001fef8644d90 JavaThread "C1 CompilerThread3"         daemon [_thread_blocked, id=26100, stack(0x0000003589f00000,0x000000358a000000) (1024K)]
Total: 74

Other Threads:
  0x000001feac844930 VMThread "VM Thread"                           [id=5828, stack(0x0000003586100000,0x0000003586200000) (1024K)]
  0x000001feac73ca00 WatcherThread "VM Periodic Task Thread"        [id=16224, stack(0x0000003586000000,0x0000003586100000) (1024K)]
  0x000001fe95dd2ae0 WorkerThread "GC Thread#0"                     [id=25052, stack(0x0000003585f00000,0x0000003586000000) (1024K)]
  0x000001fef52565a0 WorkerThread "GC Thread#1"                     [id=15564, stack(0x0000003587100000,0x0000003587200000) (1024K)]
  0x000001fef0768f20 WorkerThread "GC Thread#2"                     [id=14728, stack(0x0000003587200000,0x0000003587300000) (1024K)]
  0x000001fef517b640 WorkerThread "GC Thread#3"                     [id=10728, stack(0x0000003587300000,0x0000003587400000) (1024K)]
  0x000001fef517b9f0 WorkerThread "GC Thread#4"                     [id=17232, stack(0x0000003587400000,0x0000003587500000) (1024K)]
  0x000001fef517bda0 WorkerThread "GC Thread#5"                     [id=24396, stack(0x0000003587500000,0x0000003587600000) (1024K)]
  0x000001fef0c40280 WorkerThread "GC Thread#6"                     [id=21820, stack(0x0000003587600000,0x0000003587700000) (1024K)]
  0x000001fef5290320 WorkerThread "GC Thread#7"                     [id=14048, stack(0x0000003587900000,0x0000003587a00000) (1024K)]
  0x000001fef528ed00 WorkerThread "GC Thread#8"                     [id=27248, stack(0x0000003586d00000,0x0000003586e00000) (1024K)]
  0x000001fef52906d0 WorkerThread "GC Thread#9"                     [id=16832, stack(0x0000003586e00000,0x0000003586f00000) (1024K)]
  0x000001fef528fbc0 WorkerThread "GC Thread#10"                    [id=23956, stack(0x0000003587a00000,0x0000003587b00000) (1024K)]
  0x000001fef528ff70 WorkerThread "GC Thread#11"                    [id=15460, stack(0x0000003587c00000,0x0000003587d00000) (1024K)]
  0x000001fef528f460 WorkerThread "GC Thread#12"                    [id=6560, stack(0x0000003588000000,0x0000003588100000) (1024K)]
Total: 15

Threads with active compile tasks:
C2 CompilerThread0  40675 11679       4       org.eclipse.jdt.internal.compiler.classfmt.ModuleInfo::readModuleAttribute (1166 bytes)
C1 CompilerThread0  40675 11779   !   3       jdk.nio.zipfs.ZipFileSystem::iteratorOf (150 bytes)
C2 CompilerThread1  40675 11778       4       jdk.nio.zipfs.ZipPath::getResolved (62 bytes)
C2 CompilerThread2  40675 11759       4       java.util.concurrent.locks.ReentrantReadWriteLock$Sync::tryAcquireShared (177 bytes)
C2 CompilerThread3  40675 11734       4       org.eclipse.jdt.internal.compiler.util.CharDelegateMap::put (44 bytes)
C1 CompilerThread1  40675 11760       3       jdk.nio.zipfs.ZipFileSystem$Entry::readCEN (248 bytes)
C1 CompilerThread3  40675 11771       3       jdk.nio.zipfs.ZipConstants::CENLEN (9 bytes)
Total: 7

VM state: not at safepoint (normal execution)

VM Mutex/Monitor currently owned by a thread:  ([mutex/lock_event])
[0x00007ffffcc0d060] MethodCompileQueue_lock - owner thread: 0x000001fef8647d40
[0x00007ffffcc0e460] CodeCache_lock - owner thread: 0x000001fef8647d40
[0x00007ffffcc0e5e0] Compile_lock - owner thread: 0x000001fef8647d40

Heap address: 0x0000000080000000, size: 2048 MB, Compressed Oops mode: 32-bit

CDS archive(s) mapped at: [0x000001fead000000-0x000001feadba0000-0x000001feadba0000), size 12189696, SharedBaseAddress: 0x000001fead000000, ArchiveRelocationMode: 1.
Compressed class space mapped at: 0x000001feae000000-0x000001feee000000, reserved size: 1073741824
Narrow klass base: 0x000001fead000000, Narrow klass shift: 0, Narrow klass range: 0x100000000

GC Precious Log:
 CardTable entry size: 512
 CPUs: 16 total, 16 available
 Memory: 16202M
 Large Page Support: Disabled
 NUMA Support: Disabled
 Compressed Oops: Enabled (32-bit)
 Alignments: Space 512K, Generation 512K, Heap 2M
 Heap Min Capacity: 100M
 Heap Initial Capacity: 100M
 Heap Max Capacity: 2G
 Pre-touch: Disabled
 Parallel Workers: 13

Heap:
 PSYoungGen      total 14848K, used 13208K [0x00000000d5580000, 0x00000000d6b80000, 0x0000000100000000)
  eden space 14336K, 88% used [0x00000000d5580000,0x00000000d61e9ab0,0x00000000d6380000)
  from space 512K, 97% used [0x00000000d6880000,0x00000000d68fc5c8,0x00000000d6900000)
  to   space 4096K, 0% used [0x00000000d6380000,0x00000000d6380000,0x00000000d6780000)
 ParOldGen       total 81408K, used 81234K [0x0000000080000000, 0x0000000084f80000, 0x00000000d5580000)
  object space 81408K, 99% used [0x0000000080000000,0x0000000084f54ac0,0x0000000084f80000)
 Metaspace       used 70760K, committed 72320K, reserved 1114112K
  class space    used 7581K, committed 8256K, reserved 1048576K

Card table byte_map: [0x000001fe95750000,0x000001fe95b60000] _byte_map_base: 0x000001fe95350000

Marking Bits: (ParMarkBitMap*) 0x00007ffffcc13450
 Begin Bits: [0x000001fea8260000, 0x000001feaa260000)
 End Bits:   [0x000001feaa260000, 0x000001feac260000)

Polling page: 0x000001fe93d90000

Metaspace:

Usage:
  Non-class:     61.70 MB used.
      Class:      7.40 MB used.
       Both:     69.10 MB used.

Virtual space:
  Non-class space:       64.00 MB reserved,      62.56 MB ( 98%) committed,  1 nodes.
      Class space:        1.00 GB reserved,       8.06 MB ( <1%) committed,  1 nodes.
             Both:        1.06 GB reserved,      70.62 MB (  6%) committed. 

Chunk freelists:
   Non-Class:  736.00 KB
       Class:  7.94 MB
        Both:  8.66 MB

MaxMetaspaceSize: unlimited
CompressedClassSpaceSize: 1.00 GB
Initial GC threshold: 21.00 MB
Current GC threshold: 97.31 MB
CDS: on
 - commit_granule_bytes: 65536.
 - commit_granule_words: 8192.
 - virtual_space_node_default_size: 8388608.
 - enlarge_chunks_in_place: 1.
 - use_allocation_guard: 0.


Internal statistics:

num_allocs_failed_limit: 11.
num_arena_births: 1300.
num_arena_deaths: 20.
num_vsnodes_births: 2.
num_vsnodes_deaths: 0.
num_space_committed: 1130.
num_space_uncommitted: 0.
num_chunks_returned_to_freelist: 33.
num_chunks_taken_from_freelist: 4610.
num_chunk_merges: 16.
num_chunk_splits: 2869.
num_chunks_enlarged: 1623.
num_inconsistent_stats: 0.

CodeHeap 'non-profiled nmethods': size=119168Kb used=7973Kb max_used=7973Kb free=111194Kb
 bounds [0x000001fea0b50000, 0x000001fea1320000, 0x000001fea7fb0000]
CodeHeap 'profiled nmethods': size=119104Kb used=23991Kb max_used=23991Kb free=95112Kb
 bounds [0x000001fe98fb0000, 0x000001fe9a720000, 0x000001fea0400000]
CodeHeap 'non-nmethods': size=7488Kb used=3149Kb max_used=3275Kb free=4338Kb
 bounds [0x000001fea0400000, 0x000001fea0780000, 0x000001fea0b50000]
CodeCache: size=245760Kb, used=35113Kb, max_used=35239Kb, free=210644Kb
 total_blobs=11675, nmethods=10892, adapters=686, full_count=0
Compilation: enabled, stopped_count=0, restarted_count=0

Compilation events (20 events):
Event: 38.653 Thread 0x000001fef86468d0 11712       4       java.util.HashSet::<init> (18 bytes)
Event: 38.655 Thread 0x000001fef86468d0 nmethod 11712 0x000001fea1315b90 code [0x000001fea1315d20, 0x000001fea1315f80]
Event: 38.664 Thread 0x000001fef8646200 11713       4       org.eclipse.jdt.internal.core.JarPackageFragmentRoot::internalPath (17 bytes)
Event: 38.666 Thread 0x000001fe95e6b610 11714       3       java.util.Set::copyOf (40 bytes)
Event: 38.666 Thread 0x000001fe95e6b610 nmethod 11714 0x000001fe9a6fd210 code [0x000001fe9a6fd480, 0x000001fe9a6fe0c0]
Event: 38.680 Thread 0x000001fe95e6b610 11715       3       org.eclipse.jdt.internal.core.builder.ClasspathMultiReleaseJar::readPackageNames (113 bytes)
Event: 38.681 Thread 0x000001fe95e6b610 nmethod 11715 0x000001fe9a6fe390 code [0x000001fe9a6fe680, 0x000001fe9a6ff758]
Event: 38.687 Thread 0x000001fef86468d0 11716       4       org.eclipse.jdt.internal.core.search.matching.JavaSearchNameEnvironment::addPackageNameToIndex (45 bytes)
Event: 39.291 Thread 0x000001fe95e6b610 11717   !   3       java.util.concurrent.ThreadPoolExecutor::tryTerminate (177 bytes)
Event: 39.294 Thread 0x000001fe95e6b610 nmethod 11717 0x000001fe9a6ffd10 code [0x000001fe9a7002e0, 0x000001fe9a703068]
Event: 40.290 Thread 0x000001fe95e6b610 11718   !   3       java.util.concurrent.ThreadPoolExecutor::purge (131 bytes)
Event: 40.291 Thread 0x000001fe95e6b610 nmethod 11718 0x000001fe9a704390 code [0x000001fe9a704640, 0x000001fe9a705578]
Event: 40.291 Thread 0x000001fe95e6b610 11719   !   3       java.util.concurrent.ScheduledThreadPoolExecutor$DelayedWorkQueue::iterator (45 bytes)
Event: 40.292 Thread 0x000001fe95e6b610 nmethod 11719 0x000001fe9a705990 code [0x000001fe9a705c00, 0x000001fe9a706850]
Event: 40.292 Thread 0x000001fe95e6b610 11720       3       java.util.concurrent.ScheduledThreadPoolExecutor$DelayedWorkQueue$Itr::<init> (20 bytes)
Event: 40.292 Thread 0x000001fe95e6b610 nmethod 11720 0x000001fe9a706d10 code [0x000001fe9a706ec0, 0x000001fe9a707060]
Event: 40.292 Thread 0x000001fe95e6b610 11721       3       java.util.concurrent.ScheduledThreadPoolExecutor$DelayedWorkQueue$Itr::hasNext (18 bytes)
Event: 40.292 Thread 0x000001fe95e6b610 nmethod 11721 0x000001fe9a707110 code [0x000001fe9a7072c0, 0x000001fe9a707430]
Event: 40.292 Thread 0x000001fe95e6b610 11722       3       java.util.concurrent.locks.ReentrantLock$Sync::lockInterruptibly (27 bytes)
Event: 40.293 Thread 0x000001fe95e6b610 nmethod 11722 0x000001fe9a707510 code [0x000001fe9a707700, 0x000001fe9a707c28]

GC Heap History (20 events):
Event: 23.300 GC heap before
{Heap before GC invocations=90 (full 3):
 PSYoungGen      total 20480K, used 20050K [0x00000000d5580000, 0x00000000d6d80000, 0x0000000100000000)
  eden space 18432K, 99% used [0x00000000d5580000,0x00000000d677e010,0x00000000d6780000)
  from space 2048K, 79% used [0x00000000d6b80000,0x00000000d6d16b60,0x00000000d6d80000)
  to   space 2560K, 0% used [0x00000000d6880000,0x00000000d6880000,0x00000000d6b00000)
 ParOldGen       total 78336K, used 67368K [0x0000000080000000, 0x0000000084c80000, 0x00000000d5580000)
  object space 78336K, 85% used [0x0000000080000000,0x00000000841ca010,0x0000000084c80000)
 Metaspace       used 62455K, committed 63936K, reserved 1114112K
  class space    used 6661K, committed 7296K, reserved 1048576K
}
Event: 23.305 GC heap after
{Heap after GC invocations=90 (full 3):
 PSYoungGen      total 20992K, used 480K [0x00000000d5580000, 0x00000000d6c00000, 0x0000000100000000)
  eden space 18432K, 0% used [0x00000000d5580000,0x00000000d5580000,0x00000000d6780000)
  from space 2560K, 18% used [0x00000000d6880000,0x00000000d68f8000,0x00000000d6b00000)
  to   space 1024K, 0% used [0x00000000d6b00000,0x00000000d6b00000,0x00000000d6c00000)
 ParOldGen       total 78336K, used 67689K [0x0000000080000000, 0x0000000084c80000, 0x00000000d5580000)
  object space 78336K, 86% used [0x0000000080000000,0x000000008421a700,0x0000000084c80000)
 Metaspace       used 62455K, committed 63936K, reserved 1114112K
  class space    used 6661K, committed 7296K, reserved 1048576K
}
Event: 23.524 GC heap before
{Heap before GC invocations=91 (full 3):
 PSYoungGen      total 20992K, used 18912K [0x00000000d5580000, 0x00000000d6c00000, 0x0000000100000000)
  eden space 18432K, 100% used [0x00000000d5580000,0x00000000d6780000,0x00000000d6780000)
  from space 2560K, 18% used [0x00000000d6880000,0x00000000d68f8000,0x00000000d6b00000)
  to   space 1024K, 0% used [0x00000000d6b00000,0x00000000d6b00000,0x00000000d6c00000)
 ParOldGen       total 78336K, used 67689K [0x0000000080000000, 0x0000000084c80000, 0x00000000d5580000)
  object space 78336K, 86% used [0x0000000080000000,0x000000008421a700,0x0000000084c80000)
 Metaspace       used 63369K, committed 64832K, reserved 1114112K
  class space    used 6741K, committed 7360K, reserved 1048576K
}
Event: 23.530 GC heap after
{Heap after GC invocations=91 (full 3):
 PSYoungGen      total 15360K, used 1008K [0x00000000d5580000, 0x00000000d7680000, 0x0000000100000000)
  eden space 14336K, 0% used [0x00000000d5580000,0x00000000d5580000,0x00000000d6380000)
  from space 1024K, 98% used [0x00000000d6b00000,0x00000000d6bfc030,0x00000000d6c00000)
  to   space 7680K, 0% used [0x00000000d6380000,0x00000000d6380000,0x00000000d6b00000)
 ParOldGen       total 78336K, used 72925K [0x0000000080000000, 0x0000000084c80000, 0x00000000d5580000)
  object space 78336K, 93% used [0x0000000080000000,0x0000000084737648,0x0000000084c80000)
 Metaspace       used 63369K, committed 64832K, reserved 1114112K
  class space    used 6741K, committed 7360K, reserved 1048576K
}
Event: 23.922 GC heap before
{Heap before GC invocations=92 (full 3):
 PSYoungGen      total 15360K, used 15329K [0x00000000d5580000, 0x00000000d7680000, 0x0000000100000000)
  eden space 14336K, 99% used [0x00000000d5580000,0x00000000d637c630,0x00000000d6380000)
  from space 1024K, 98% used [0x00000000d6b00000,0x00000000d6bfc030,0x00000000d6c00000)
  to   space 7680K, 0% used [0x00000000d6380000,0x00000000d6380000,0x00000000d6b00000)
 ParOldGen       total 78336K, used 73030K [0x0000000080000000, 0x0000000084c80000, 0x00000000d5580000)
  object space 78336K, 93% used [0x0000000080000000,0x0000000084751998,0x0000000084c80000)
 Metaspace       used 64605K, committed 66048K, reserved 1114112K
  class space    used 6849K, committed 7488K, reserved 1048576K
}
Event: 23.925 GC heap after
{Heap after GC invocations=92 (full 3):
 PSYoungGen      total 15872K, used 1140K [0x00000000d5580000, 0x00000000d6d80000, 0x0000000100000000)
  eden space 14336K, 0% used [0x00000000d5580000,0x00000000d5580000,0x00000000d6380000)
  from space 1536K, 74% used [0x00000000d6380000,0x00000000d649d220,0x00000000d6500000)
  to   space 3072K, 0% used [0x00000000d6a80000,0x00000000d6a80000,0x00000000d6d80000)
 ParOldGen       total 78336K, used 73862K [0x0000000080000000, 0x0000000084c80000, 0x00000000d5580000)
  object space 78336K, 94% used [0x0000000080000000,0x00000000848219b8,0x0000000084c80000)
 Metaspace       used 64605K, committed 66048K, reserved 1114112K
  class space    used 6849K, committed 7488K, reserved 1048576K
}
Event: 24.324 GC heap before
{Heap before GC invocations=93 (full 3):
 PSYoungGen      total 15872K, used 15476K [0x00000000d5580000, 0x00000000d6d80000, 0x0000000100000000)
  eden space 14336K, 100% used [0x00000000d5580000,0x00000000d6380000,0x00000000d6380000)
  from space 1536K, 74% used [0x00000000d6380000,0x00000000d649d220,0x00000000d6500000)
  to   space 3072K, 0% used [0x00000000d6a80000,0x00000000d6a80000,0x00000000d6d80000)
 ParOldGen       total 78336K, used 73865K [0x0000000080000000, 0x0000000084c80000, 0x00000000d5580000)
  object space 78336K, 94% used [0x0000000080000000,0x0000000084822468,0x0000000084c80000)
 Metaspace       used 65478K, committed 66880K, reserved 1114112K
  class space    used 6922K, committed 7552K, reserved 1048576K
}
Event: 24.329 GC heap after
{Heap after GC invocations=93 (full 3):
 PSYoungGen      total 16896K, used 2409K [0x00000000d5580000, 0x00000000d6d00000, 0x0000000100000000)
  eden space 14336K, 0% used [0x00000000d5580000,0x00000000d5580000,0x00000000d6380000)
  from space 2560K, 94% used [0x00000000d6a80000,0x00000000d6cda4b0,0x00000000d6d00000)
  to   space 3072K, 0% used [0x00000000d6700000,0x00000000d6700000,0x00000000d6a00000)
 ParOldGen       total 78336K, used 74789K [0x0000000080000000, 0x0000000084c80000, 0x00000000d5580000)
  object space 78336K, 95% used [0x0000000080000000,0x0000000084909688,0x0000000084c80000)
 Metaspace       used 65478K, committed 66880K, reserved 1114112K
  class space    used 6922K, committed 7552K, reserved 1048576K
}
Event: 24.828 GC heap before
{Heap before GC invocations=94 (full 3):
 PSYoungGen      total 16896K, used 16745K [0x00000000d5580000, 0x00000000d6d00000, 0x0000000100000000)
  eden space 14336K, 100% used [0x00000000d5580000,0x00000000d6380000,0x00000000d6380000)
  from space 2560K, 94% used [0x00000000d6a80000,0x00000000d6cda4b0,0x00000000d6d00000)
  to   space 3072K, 0% used [0x00000000d6700000,0x00000000d6700000,0x00000000d6a00000)
 ParOldGen       total 78336K, used 74789K [0x0000000080000000, 0x0000000084c80000, 0x00000000d5580000)
  object space 78336K, 95% used [0x0000000080000000,0x0000000084909688,0x0000000084c80000)
 Metaspace       used 66775K, committed 68224K, reserved 1114112K
  class space    used 7061K, committed 7680K, reserved 1048576K
}
Event: 24.834 GC heap after
{Heap after GC invocations=94 (full 3):
 PSYoungGen      total 16384K, used 1857K [0x00000000d5580000, 0x00000000d6b00000, 0x0000000100000000)
  eden space 14336K, 0% used [0x00000000d5580000,0x00000000d5580000,0x00000000d6380000)
  from space 2048K, 90% used [0x00000000d6700000,0x00000000d68d0738,0x00000000d6900000)
  to   space 2048K, 0% used [0x00000000d6900000,0x00000000d6900000,0x00000000d6b00000)
 ParOldGen       total 78336K, used 76391K [0x0000000080000000, 0x0000000084c80000, 0x00000000d5580000)
  object space 78336K, 97% used [0x0000000080000000,0x0000000084a99e98,0x0000000084c80000)
 Metaspace       used 66775K, committed 68224K, reserved 1114112K
  class space    used 7061K, committed 7680K, reserved 1048576K
}
Event: 25.001 GC heap before
{Heap before GC invocations=95 (full 3):
 PSYoungGen      total 16384K, used 16073K [0x00000000d5580000, 0x00000000d6b00000, 0x0000000100000000)
  eden space 14336K, 99% used [0x00000000d5580000,0x00000000d6362070,0x00000000d6380000)
  from space 2048K, 90% used [0x00000000d6700000,0x00000000d68d0738,0x00000000d6900000)
  to   space 2048K, 0% used [0x00000000d6900000,0x00000000d6900000,0x00000000d6b00000)
 ParOldGen       total 78336K, used 76391K [0x0000000080000000, 0x0000000084c80000, 0x00000000d5580000)
  object space 78336K, 97% used [0x0000000080000000,0x0000000084a99e98,0x0000000084c80000)
 Metaspace       used 67349K, committed 68800K, reserved 1114112K
  class space    used 7117K, committed 7744K, reserved 1048576K
}
Event: 25.003 GC heap after
{Heap after GC invocations=95 (full 3):
 PSYoungGen      total 14848K, used 433K [0x00000000d5580000, 0x00000000d6980000, 0x0000000100000000)
  eden space 14336K, 0% used [0x00000000d5580000,0x00000000d5580000,0x00000000d6380000)
  from space 512K, 84% used [0x00000000d6900000,0x00000000d696c5a8,0x00000000d6980000)
  to   space 1024K, 0% used [0x00000000d6780000,0x00000000d6780000,0x00000000d6880000)
 ParOldGen       total 78336K, used 77452K [0x0000000080000000, 0x0000000084c80000, 0x00000000d5580000)
  object space 78336K, 98% used [0x0000000080000000,0x0000000084ba30f0,0x0000000084c80000)
 Metaspace       used 67349K, committed 68800K, reserved 1114112K
  class space    used 7117K, committed 7744K, reserved 1048576K
}
Event: 25.356 GC heap before
{Heap before GC invocations=96 (full 3):
 PSYoungGen      total 14848K, used 14769K [0x00000000d5580000, 0x00000000d6980000, 0x0000000100000000)
  eden space 14336K, 100% used [0x00000000d5580000,0x00000000d6380000,0x00000000d6380000)
  from space 512K, 84% used [0x00000000d6900000,0x00000000d696c5a8,0x00000000d6980000)
  to   space 1024K, 0% used [0x00000000d6780000,0x00000000d6780000,0x00000000d6880000)
 ParOldGen       total 78336K, used 77452K [0x0000000080000000, 0x0000000084c80000, 0x00000000d5580000)
  object space 78336K, 98% used [0x0000000080000000,0x0000000084ba30f0,0x0000000084c80000)
 Metaspace       used 68693K, committed 70208K, reserved 1114112K
  class space    used 7291K, committed 7936K, reserved 1048576K
}
Event: 25.358 GC heap after
{Heap after GC invocations=96 (full 3):
 PSYoungGen      total 15360K, used 512K [0x00000000d5580000, 0x00000000d6980000, 0x0000000100000000)
  eden space 14336K, 0% used [0x00000000d5580000,0x00000000d5580000,0x00000000d6380000)
  from space 1024K, 50% used [0x00000000d6780000,0x00000000d6800040,0x00000000d6880000)
  to   space 1024K, 0% used [0x00000000d6880000,0x00000000d6880000,0x00000000d6980000)
 ParOldGen       total 78336K, used 77651K [0x0000000080000000, 0x0000000084c80000, 0x00000000d5580000)
  object space 78336K, 99% used [0x0000000080000000,0x0000000084bd4cb0,0x0000000084c80000)
 Metaspace       used 68693K, committed 70208K, reserved 1114112K
  class space    used 7291K, committed 7936K, reserved 1048576K
}
Event: 27.247 GC heap before
{Heap before GC invocations=97 (full 3):
 PSYoungGen      total 15360K, used 14848K [0x00000000d5580000, 0x00000000d6980000, 0x0000000100000000)
  eden space 14336K, 100% used [0x00000000d5580000,0x00000000d6380000,0x00000000d6380000)
  from space 1024K, 50% used [0x00000000d6780000,0x00000000d6800040,0x00000000d6880000)
  to   space 1024K, 0% used [0x00000000d6880000,0x00000000d6880000,0x00000000d6980000)
 ParOldGen       total 78336K, used 77651K [0x0000000080000000, 0x0000000084c80000, 0x00000000d5580000)
  object space 78336K, 99% used [0x0000000080000000,0x0000000084bd4cb0,0x0000000084c80000)
 Metaspace       used 69850K, committed 71424K, reserved 1114112K
  class space    used 7499K, committed 8192K, reserved 1048576K
}
Event: 27.248 GC heap after
{Heap after GC invocations=97 (full 3):
 PSYoungGen      total 15360K, used 736K [0x00000000d5580000, 0x00000000d6980000, 0x0000000100000000)
  eden space 14336K, 0% used [0x00000000d5580000,0x00000000d5580000,0x00000000d6380000)
  from space 1024K, 71% used [0x00000000d6880000,0x00000000d6938040,0x00000000d6980000)
  to   space 1024K, 0% used [0x00000000d6780000,0x00000000d6780000,0x00000000d6880000)
 ParOldGen       total 78336K, used 77915K [0x0000000080000000, 0x0000000084c80000, 0x00000000d5580000)
  object space 78336K, 99% used [0x0000000080000000,0x0000000084c16d00,0x0000000084c80000)
 Metaspace       used 69850K, committed 71424K, reserved 1114112K
  class space    used 7499K, committed 8192K, reserved 1048576K
}
Event: 31.512 GC heap before
{Heap before GC invocations=98 (full 3):
 PSYoungGen      total 15360K, used 15071K [0x00000000d5580000, 0x00000000d6980000, 0x0000000100000000)
  eden space 14336K, 99% used [0x00000000d5580000,0x00000000d637ff08,0x00000000d6380000)
  from space 1024K, 71% used [0x00000000d6880000,0x00000000d6938040,0x00000000d6980000)
  to   space 1024K, 0% used [0x00000000d6780000,0x00000000d6780000,0x00000000d6880000)
 ParOldGen       total 78336K, used 77915K [0x0000000080000000, 0x0000000084c80000, 0x00000000d5580000)
  object space 78336K, 99% used [0x0000000080000000,0x0000000084c16d00,0x0000000084c80000)
 Metaspace       used 70194K, committed 71744K, reserved 1114112K
  class space    used 7523K, committed 8256K, reserved 1048576K
}
Event: 31.515 GC heap after
{Heap after GC invocations=98 (full 3):
 PSYoungGen      total 15360K, used 352K [0x00000000d5580000, 0x00000000d6900000, 0x0000000100000000)
  eden space 14336K, 0% used [0x00000000d5580000,0x00000000d5580000,0x00000000d6380000)
  from space 1024K, 34% used [0x00000000d6780000,0x00000000d67d8020,0x00000000d6880000)
  to   space 512K, 0% used [0x00000000d6880000,0x00000000d6880000,0x00000000d6900000)
 ParOldGen       total 78336K, used 78331K [0x0000000080000000, 0x0000000084c80000, 0x00000000d5580000)
  object space 78336K, 99% used [0x0000000080000000,0x0000000084c7ed20,0x0000000084c80000)
 Metaspace       used 70194K, committed 71744K, reserved 1114112K
  class space    used 7523K, committed 8256K, reserved 1048576K
}
Event: 36.547 GC heap before
{Heap before GC invocations=99 (full 3):
 PSYoungGen      total 15360K, used 14688K [0x00000000d5580000, 0x00000000d6900000, 0x0000000100000000)
  eden space 14336K, 100% used [0x00000000d5580000,0x00000000d6380000,0x00000000d6380000)
  from space 1024K, 34% used [0x00000000d6780000,0x00000000d67d8020,0x00000000d6880000)
  to   space 512K, 0% used [0x00000000d6880000,0x00000000d6880000,0x00000000d6900000)
 ParOldGen       total 78336K, used 78331K [0x0000000080000000, 0x0000000084c80000, 0x00000000d5580000)
  object space 78336K, 99% used [0x0000000080000000,0x0000000084c7ed20,0x0000000084c80000)
 Metaspace       used 70592K, committed 72128K, reserved 1114112K
  class space    used 7550K, committed 8256K, reserved 1048576K
}
Event: 37.563 GC heap after
{Heap after GC invocations=99 (full 3):
 PSYoungGen      total 14848K, used 497K [0x00000000d5580000, 0x00000000d6b80000, 0x0000000100000000)
  eden space 14336K, 0% used [0x00000000d5580000,0x00000000d5580000,0x00000000d6380000)
  from space 512K, 97% used [0x00000000d6880000,0x00000000d68fc5c8,0x00000000d6900000)
  to   space 4096K, 0% used [0x00000000d6380000,0x00000000d6380000,0x00000000d6780000)
 ParOldGen       total 81408K, used 81234K [0x0000000080000000, 0x0000000084f80000, 0x00000000d5580000)
  object space 81408K, 99% used [0x0000000080000000,0x0000000084f54ac0,0x0000000084f80000)
 Metaspace       used 70592K, committed 72128K, reserved 1114112K
  class space    used 7550K, committed 8256K, reserved 1048576K
}

Dll operation events (11 events):
Event: 0.013 Loaded shared library c:\Users\RISHABH UPWANSHI\.vscode\extensions\redhat.java-1.54.0-win32-x64\jre\21.0.10-win32-x86_64\bin\java.dll
Event: 0.089 Loaded shared library c:\Users\RISHABH UPWANSHI\.vscode\extensions\redhat.java-1.54.0-win32-x64\jre\21.0.10-win32-x86_64\bin\zip.dll
Event: 0.116 Loaded shared library C:\Users\RISHABH UPWANSHI\.vscode\extensions\redhat.java-1.54.0-win32-x64\jre\21.0.10-win32-x86_64\bin\instrument.dll
Event: 0.122 Loaded shared library C:\Users\RISHABH UPWANSHI\.vscode\extensions\redhat.java-1.54.0-win32-x64\jre\21.0.10-win32-x86_64\bin\net.dll
Event: 0.125 Loaded shared library C:\Users\RISHABH UPWANSHI\.vscode\extensions\redhat.java-1.54.0-win32-x64\jre\21.0.10-win32-x86_64\bin\nio.dll
Event: 0.130 Loaded shared library C:\Users\RISHABH UPWANSHI\.vscode\extensions\redhat.java-1.54.0-win32-x64\jre\21.0.10-win32-x86_64\bin\zip.dll
Event: 0.152 Loaded shared library C:\Users\RISHABH UPWANSHI\.vscode\extensions\redhat.java-1.54.0-win32-x64\jre\21.0.10-win32-x86_64\bin\jimage.dll
Event: 0.250 Loaded shared library c:\Users\RISHABH UPWANSHI\.vscode\extensions\redhat.java-1.54.0-win32-x64\jre\21.0.10-win32-x86_64\bin\verify.dll
Event: 2.777 Loaded shared library C:\Users\RISHABH UPWANSHI\AppData\Roaming\Code\User\globalStorage\redhat.java\1.54.0\config_win\org.eclipse.equinox.launcher\org.eclipse.equinox.launcher.win32.win32.x86_64_1.3.0.v20260203-2149\eclipse_11919.dll
Event: 7.722 Loaded shared library C:\Users\RISHABH UPWANSHI\AppData\Local\Temp\jna-1647839792\jna595645713671625344.dll
Event: 24.871 Loaded shared library C:\Users\RISHABH UPWANSHI\.vscode\extensions\redhat.java-1.54.0-win32-x64\jre\21.0.10-win32-x86_64\bin\extnet.dll

Deoptimization events (20 events):
Event: 36.431 Thread 0x000001fef980bcd0 DEOPT PACKING pc=0x000001fea12d05b0 sp=0x000000358b0fdc70
Event: 36.431 Thread 0x000001fef980bcd0 DEOPT UNPACKING pc=0x000001fea0453aa2 sp=0x000000358b0fdbe8 mode 2
Event: 36.432 Thread 0x000001fef980bcd0 Uncommon trap: trap_request=0xffffffd6 fr.pc=0x000001fea12d05b0 relative=0x00000000000055f0
Event: 36.432 Thread 0x000001fef980bcd0 Uncommon trap: reason=array_check action=maybe_recompile pc=0x000001fea12d05b0 method=org.eclipse.jdt.internal.compiler.classfmt.ModuleInfo.readModuleAttribute(I)V @ 1029 c2
Event: 36.432 Thread 0x000001fef980bcd0 DEOPT PACKING pc=0x000001fea12d05b0 sp=0x000000358b0fdc70
Event: 36.432 Thread 0x000001fef980bcd0 DEOPT UNPACKING pc=0x000001fea0453aa2 sp=0x000000358b0fdbe8 mode 2
Event: 36.432 Thread 0x000001fef980bcd0 Uncommon trap: trap_request=0xffffffd6 fr.pc=0x000001fea12d05b0 relative=0x00000000000055f0
Event: 36.432 Thread 0x000001fef980bcd0 Uncommon trap: reason=array_check action=maybe_recompile pc=0x000001fea12d05b0 method=org.eclipse.jdt.internal.compiler.classfmt.ModuleInfo.readModuleAttribute(I)V @ 1029 c2
Event: 36.432 Thread 0x000001fef980bcd0 DEOPT PACKING pc=0x000001fea12d05b0 sp=0x000000358b0fdc70
Event: 36.432 Thread 0x000001fef980bcd0 DEOPT UNPACKING pc=0x000001fea0453aa2 sp=0x000000358b0fdbe8 mode 2
Event: 36.432 Thread 0x000001fef980bcd0 Uncommon trap: trap_request=0xffffffd6 fr.pc=0x000001fea12d05b0 relative=0x00000000000055f0
Event: 36.432 Thread 0x000001fef980bcd0 Uncommon trap: reason=array_check action=maybe_recompile pc=0x000001fea12d05b0 method=org.eclipse.jdt.internal.compiler.classfmt.ModuleInfo.readModuleAttribute(I)V @ 1029 c2
Event: 36.432 Thread 0x000001fef980bcd0 DEOPT PACKING pc=0x000001fea12d05b0 sp=0x000000358b0fdc70
Event: 36.432 Thread 0x000001fef980bcd0 DEOPT UNPACKING pc=0x000001fea0453aa2 sp=0x000000358b0fdbe8 mode 2
Event: 36.463 Thread 0x000001fef980bcd0 DEOPT PACKING pc=0x000001fe99c6b467 sp=0x000000358b0fdd90
Event: 36.463 Thread 0x000001fef980bcd0 DEOPT UNPACKING pc=0x000001fea0454242 sp=0x000000358b0fd300 mode 0
Event: 36.507 Thread 0x000001fef980bcd0 DEOPT PACKING pc=0x000001fe99c6b467 sp=0x000000358b0fdd90
Event: 36.507 Thread 0x000001fef980bcd0 DEOPT UNPACKING pc=0x000001fea0454242 sp=0x000000358b0fd300 mode 0
Event: 38.590 Thread 0x000001fef980bcd0 DEOPT PACKING pc=0x000001fe99c6b467 sp=0x000000358b0fdd90
Event: 38.590 Thread 0x000001fef980bcd0 DEOPT UNPACKING pc=0x000001fea0454242 sp=0x000000358b0fd300 mode 0

Classes loaded (20 events):
Event: 33.608 Loading class sun/util/cldr/CLDRTimeZoneNameProviderImpl
Event: 33.608 Loading class sun/util/locale/provider/TimeZoneNameProviderImpl
Event: 33.608 Loading class sun/util/locale/provider/TimeZoneNameProviderImpl done
Event: 33.608 Loading class sun/util/cldr/CLDRTimeZoneNameProviderImpl done
Event: 33.613 Loading class sun/util/resources/cldr/TimeZoneNames
Event: 33.613 Loading class sun/util/resources/TimeZoneNamesBundle
Event: 33.613 Loading class sun/util/resources/OpenListResourceBundle
Event: 33.614 Loading class sun/util/resources/OpenListResourceBundle done
Event: 33.614 Loading class sun/util/resources/TimeZoneNamesBundle done
Event: 33.614 Loading class sun/util/resources/cldr/TimeZoneNames done
Event: 33.614 Loading class sun/util/resources/cldr/TimeZoneNames_en
Event: 33.617 Loading class sun/util/resources/cldr/TimeZoneNames_en done
Event: 33.617 Loading class sun/util/resources/cldr/TimeZoneNames_en_US
Event: 33.617 Loading class sun/util/resources/cldr/TimeZoneNames_en_US done
Event: 33.619 Loading class sun/util/cldr/CLDRBaseLocaleDataMetaInfo$TZCanonicalIDMapHolder
Event: 33.621 Loading class sun/util/cldr/CLDRBaseLocaleDataMetaInfo$TZCanonicalIDMapHolder done
Event: 33.623 Loading class sun/util/resources/TimeZoneNames
Event: 33.624 Loading class sun/util/resources/TimeZoneNames done
Event: 33.625 Loading class sun/util/resources/TimeZoneNames_en
Event: 33.625 Loading class sun/util/resources/TimeZoneNames_en done

Classes unloaded (10 events):
Event: 8.309 Thread 0x000001feac844930 Unloading class 0x000001feae1a3000 'java/lang/invoke/LambdaForm$MH+0x000001feae1a3000'
Event: 8.309 Thread 0x000001feac844930 Unloading class 0x000001feae1a2c00 'java/lang/invoke/LambdaForm$MH+0x000001feae1a2c00'
Event: 8.309 Thread 0x000001feac844930 Unloading class 0x000001feae1a2800 'java/lang/invoke/LambdaForm$MH+0x000001feae1a2800'
Event: 8.309 Thread 0x000001feac844930 Unloading class 0x000001feae1a2400 'java/lang/invoke/LambdaForm$MH+0x000001feae1a2400'
Event: 8.309 Thread 0x000001feac844930 Unloading class 0x000001feae1a2000 'java/lang/invoke/LambdaForm$BMH+0x000001feae1a2000'
Event: 8.309 Thread 0x000001feac844930 Unloading class 0x000001feae1a1c00 'java/lang/invoke/LambdaForm$DMH+0x000001feae1a1c00'
Event: 8.309 Thread 0x000001feac844930 Unloading class 0x000001feae1a0800 'java/lang/invoke/LambdaForm$DMH+0x000001feae1a0800'
Event: 17.302 Thread 0x000001feac844930 Unloading class 0x000001feae6b5000 'java/lang/invoke/LambdaForm$DMH+0x000001feae6b5000'
Event: 17.302 Thread 0x000001feac844930 Unloading class 0x000001feae6b4c00 'java/lang/invoke/LambdaForm$DMH+0x000001feae6b4c00'
Event: 17.302 Thread 0x000001feac844930 Unloading class 0x000001feae6b4800 'java/lang/invoke/LambdaForm$DMH+0x000001feae6b4800'

Classes redefined (0 events):
No events

Internal exceptions (20 events):
Event: 24.817 Thread 0x000001fef980a920 Exception <a 'sun/nio/fs/WindowsException'{0x00000000d61da698}> (0x00000000d61da698) 
thrown [s\src\hotspot\share\prims\jni.cpp, line 520]
Event: 24.817 Thread 0x000001fef980a920 Exception <a 'sun/nio/fs/WindowsException'{0x00000000d61db218}> (0x00000000d61db218) 
thrown [s\src\hotspot\share\prims\jni.cpp, line 520]
Event: 24.818 Thread 0x000001fef980a920 Exception <a 'sun/nio/fs/WindowsException'{0x00000000d61dc5f0}> (0x00000000d61dc5f0) 
thrown [s\src\hotspot\share\prims\jni.cpp, line 520]
Event: 24.819 Thread 0x000001fef980a920 Exception <a 'sun/nio/fs/WindowsException'{0x00000000d61dced0}> (0x00000000d61dced0) 
thrown [s\src\hotspot\share\prims\jni.cpp, line 520]
Event: 25.033 Thread 0x000001fef980eac0 Exception <a 'java/io/FileNotFoundException'{0x00000000d57e7320}> (0x00000000d57e7320) 
thrown [s\src\hotspot\share\prims\jni.cpp, line 520]
Event: 25.412 Thread 0x000001fef980a920 Exception <a 'sun/nio/fs/WindowsException'{0x00000000d588f8f8}> (0x00000000d588f8f8) 
thrown [s\src\hotspot\share\prims\jni.cpp, line 520]
Event: 25.413 Thread 0x000001fef980a920 Exception <a 'sun/nio/fs/WindowsException'{0x00000000d5890478}> (0x00000000d5890478) 
thrown [s\src\hotspot\share\prims\jni.cpp, line 520]
Event: 25.414 Thread 0x000001fef980a920 Exception <a 'sun/nio/fs/WindowsException'{0x00000000d5891850}> (0x00000000d5891850) 
thrown [s\src\hotspot\share\prims\jni.cpp, line 520]
Event: 25.414 Thread 0x000001fef980a920 Exception <a 'sun/nio/fs/WindowsException'{0x00000000d5892130}> (0x00000000d5892130) 
thrown [s\src\hotspot\share\prims\jni.cpp, line 520]
Event: 25.470 Thread 0x000001fef980eac0 Exception <a 'java/lang/NoSuchMethodError'{0x00000000d5b2ff00}: 'java.lang.Object java.lang.invoke.DirectMethodHandle$Holder.invokeVirtual(java.lang.Object, java.lang.Object, java.lang.Object, java.lang.Object)'> (0x00000000d5b2ff00) 
thrown [s\src\hotspot\share\interpreter\linkResolver.cpp, line 773]
Event: 25.631 Thread 0x000001fef980f7e0 Exception <a 'java/lang/NoSuchMethodError'{0x00000000d60daec8}: 'java.lang.Object java.lang.invoke.DirectMethodHandle$Holder.invokeStatic(java.lang.Object, long, java.lang.Object, java.lang.Object)'> (0x00000000d60daec8) 
thrown [s\src\hotspot\share\interpreter\linkResolver.cpp, line 773]
Event: 25.631 Thread 0x000001fef980fe70 Exception <a 'java/lang/NoSuchMethodError'{0x00000000d60e4028}: 'java.lang.Object java.lang.invoke.DirectMethodHandle$Holder.invokeStatic(java.lang.Object, long, java.lang.Object, java.lang.Object)'> (0x00000000d60e4028) 
thrown [s\src\hotspot\share\interpreter\linkResolver.cpp, line 773]
Event: 26.286 Thread 0x000001fef980f7e0 Exception <a 'sun/nio/fs/WindowsException'{0x00000000d61e7f70}> (0x00000000d61e7f70) 
thrown [s\src\hotspot\share\prims\jni.cpp, line 520]
Event: 26.287 Thread 0x000001fef980f7e0 Exception <a 'sun/nio/fs/WindowsException'{0x00000000d61e8f88}> (0x00000000d61e8f88) 
thrown [s\src\hotspot\share\prims\jni.cpp, line 520]
Event: 26.293 Thread 0x000001fef980fe70 Exception <a 'sun/nio/fs/WindowsException'{0x00000000d620a238}> (0x00000000d620a238) 
thrown [s\src\hotspot\share\prims\jni.cpp, line 520]
Event: 26.293 Thread 0x000001fef980fe70 Exception <a 'sun/nio/fs/WindowsException'{0x00000000d620acc8}> (0x00000000d620acc8) 
thrown [s\src\hotspot\share\prims\jni.cpp, line 520]
Event: 27.246 Thread 0x000001fef0acb670 Exception <a 'java/lang/NoSuchMethodError'{0x00000000d637c778}: 'long java.lang.invoke.DelegatingMethodHandle$Holder.reinvoke_L(java.lang.Object, java.lang.Object)'> (0x00000000d637c778) 
thrown [s\src\hotspot\share\interpreter\linkResolver.cpp, line 773]
Event: 27.249 Thread 0x000001fef0acb670 Exception <a 'java/lang/NoSuchMethodError'{0x00000000d5586d88}: 'void java.lang.invoke.DelegatingMethodHandle$Holder.reinvoke_L(java.lang.Object, java.lang.Object, long)'> (0x00000000d5586d88) 
thrown [s\src\hotspot\share\interpreter\linkResolver.cpp, line 773]
Event: 27.970 Thread 0x000001fef0acb670 Exception <a 'java/lang/NoSuchMethodError'{0x00000000d56aa300}: 'long java.lang.invoke.Invokers$Holder.invokeExact_MT(java.lang.Object, java.lang.Object, java.lang.Object)'> (0x00000000d56aa300) 
thrown [s\src\hotspot\share\interpreter\linkResolver.cpp, line 773]
Event: 28.435 Thread 0x000001fef6032260 Implicit null exception at 0x000001fea10f4b4b to 0x000001fea10f4cac

ZGC Phase Switch (0 events):
No events

VM Operations (20 events):
Event: 29.271 Executing safepoint VM operation: Cleanup
Event: 29.271 Executing safepoint VM operation: Cleanup done
Event: 31.294 Executing safepoint VM operation: Cleanup
Event: 31.294 Executing safepoint VM operation: Cleanup done
Event: 31.512 Executing safepoint VM operation: ParallelGCFailedAllocation (Allocation Failure)
Event: 31.515 Executing safepoint VM operation: ParallelGCFailedAllocation (Allocation Failure) done
Event: 32.523 Executing safepoint VM operation: Cleanup
Event: 32.524 Executing safepoint VM operation: Cleanup done
Event: 33.533 Executing safepoint VM operation: Cleanup
Event: 33.533 Executing safepoint VM operation: Cleanup done
Event: 34.541 Executing safepoint VM operation: Cleanup
Event: 34.541 Executing safepoint VM operation: Cleanup done
Event: 35.554 Executing safepoint VM operation: Cleanup
Event: 35.554 Executing safepoint VM operation: Cleanup done
Event: 36.547 Executing safepoint VM operation: ParallelGCFailedAllocation (Allocation Failure)
Event: 37.563 Executing safepoint VM operation: ParallelGCFailedAllocation (Allocation Failure) done
Event: 38.574 Executing safepoint VM operation: Cleanup
Event: 38.606 Executing safepoint VM operation: Cleanup done
Event: 39.619 Executing safepoint VM operation: Cleanup
Event: 39.620 Executing safepoint VM operation: Cleanup done

Memory protections (0 events):
No events

Nmethod flushes (20 events):
Event: 17.326 Thread 0x000001feac844930 flushing  nmethod 0x000001fe99954410
Event: 17.326 Thread 0x000001feac844930 flushing  nmethod 0x000001fe99964690
Event: 17.326 Thread 0x000001feac844930 flushing osr nmethod 0x000001fe999a4990
Event: 17.326 Thread 0x000001feac844930 flushing  nmethod 0x000001fe999c7490
Event: 17.326 Thread 0x000001feac844930 flushing  nmethod 0x000001fe999c8f90
Event: 17.326 Thread 0x000001feac844930 flushing  nmethod 0x000001fe999ca890
Event: 17.326 Thread 0x000001feac844930 flushing  nmethod 0x000001fe999cb290
Event: 17.326 Thread 0x000001feac844930 flushing  nmethod 0x000001fe999cda10
Event: 17.326 Thread 0x000001feac844930 flushing  nmethod 0x000001fe999cf310
Event: 17.326 Thread 0x000001feac844930 flushing  nmethod 0x000001fe999d0d90
Event: 17.326 Thread 0x000001feac844930 flushing  nmethod 0x000001fe999d1290
Event: 17.326 Thread 0x000001feac844930 flushing  nmethod 0x000001fe999d1c90
Event: 17.326 Thread 0x000001feac844930 flushing  nmethod 0x000001fe999d4090
Event: 17.326 Thread 0x000001feac844930 flushing  nmethod 0x000001fe999d7090
Event: 17.326 Thread 0x000001feac844930 flushing  nmethod 0x000001fe999d7410
Event: 17.326 Thread 0x000001feac844930 flushing  nmethod 0x000001fe999d7790
Event: 17.326 Thread 0x000001feac844930 flushing  nmethod 0x000001fe999d7d10
Event: 17.326 Thread 0x000001feac844930 flushing  nmethod 0x000001fe999d8790
Event: 17.326 Thread 0x000001feac844930 flushing  nmethod 0x000001fe999f5c10
Event: 17.326 Thread 0x000001feac844930 flushing  nmethod 0x000001fe999f6910

Events (20 events):
Event: 29.070 Thread 0x000001fef86446c0 Thread exited: 0x000001fef86446c0
Event: 29.070 Thread 0x000001fef8647d40 Thread exited: 0x000001fef8647d40
Event: 29.071 Thread 0x000001fef86468d0 Thread exited: 0x000001fef86468d0
Event: 29.071 Thread 0x000001fef8643ff0 Thread exited: 0x000001fef8643ff0
Event: 29.071 Thread 0x000001fef8646200 Thread exited: 0x000001fef8646200
Event: 30.927 Thread 0x000001fef980f7e0 Thread exited: 0x000001fef980f7e0
Event: 30.928 Thread 0x000001fef980fe70 Thread exited: 0x000001fef980fe70
Event: 32.526 Thread 0x000001fe95e6b610 Thread added: 0x000001fef8645460
Event: 33.557 Thread 0x000001fe95e6b610 Thread added: 0x000001fef8644d90
Event: 33.557 Thread 0x000001fe95e6b610 Thread added: 0x000001fef8646200
Event: 33.564 Thread 0x000001fef8645460 Thread added: 0x000001fef86468d0
Event: 33.611 Thread 0x000001fef86468d0 Thread added: 0x000001fef8643ff0
Event: 34.104 Thread 0x000001fef8643ff0 Thread exited: 0x000001fef8643ff0
Event: 34.105 Thread 0x000001fef86468d0 Thread exited: 0x000001fef86468d0
Event: 34.105 Thread 0x000001fef8646200 Thread exited: 0x000001fef8646200
Event: 34.105 Thread 0x000001fef8644d90 Thread exited: 0x000001fef8644d90
Event: 35.552 Thread 0x000001fef8645460 Thread exited: 0x000001fef8645460
Event: 36.440 Thread 0x000001fe95e69740 Thread added: 0x000001fef8646200
Event: 36.467 Thread 0x000001fe95e6b610 Thread added: 0x000001fef86468d0
Event: 36.468 Thread 0x000001fe95e6b610 Thread added: 0x000001fef8643ff0


Dynamic libraries:
0x00007ff763410000 - 0x00007ff76341e000 	c:\Users\RISHABH UPWANSHI\.vscode\extensions\redhat.java-1.54.0-win32-x64\jre\21.0.10-win32-x86_64\bin\java.exe
0x00007ff89ca60000 - 0x00007ff89ccc6000 	C:\Windows\SYSTEM32\ntdll.dll
0x00007ff89bba0000 - 0x00007ff89bc69000 	C:\Windows\System32\KERNEL32.DLL
0x00007ff89a320000 - 0x00007ff89a71a000 	C:\Windows\System32\KERNELBASE.dll
0x00007ff89a120000 - 0x00007ff89a26c000 	C:\Windows\System32\ucrtbase.dll
0x00007ff884740000 - 0x00007ff884758000 	c:\Users\RISHABH UPWANSHI\.vscode\extensions\redhat.java-1.54.0-win32-x64\jre\21.0.10-win32-x86_64\bin\jli.dll
0x00007ff884780000 - 0x00007ff88479e000 	c:\Users\RISHABH UPWANSHI\.vscode\extensions\redhat.java-1.54.0-win32-x64\jre\21.0.10-win32-x86_64\bin\VCRUNTIME140.dll
0x00007ff89bd90000 - 0x00007ff89bf57000 	C:\Windows\System32\USER32.dll
0x00007ff899f70000 - 0x00007ff899f97000 	C:\Windows\System32\win32u.dll
0x00007ff87e950000 - 0x00007ff87ebe2000 	C:\Windows\WinSxS\amd64_microsoft.windows.common-controls_6595b64144ccf1df_6.0.26100.8521_none_3e08b75ce33403b3\COMCTL32.dll
0x00007ff89c3e0000 - 0x00007ff89c40b000 	C:\Windows\System32\GDI32.dll
0x00007ff89a8d0000 - 0x00007ff89a979000 	C:\Windows\System32\msvcrt.dll
0x00007ff899e40000 - 0x00007ff899f6b000 	C:\Windows\System32\gdi32full.dll
0x00007ff89a270000 - 0x00007ff89a313000 	C:\Windows\System32\msvcp_win.dll
0x00007ff89aa90000 - 0x00007ff89aac2000 	C:\Windows\System32\IMM32.DLL
0x00007ff88e180000 - 0x00007ff88e18c000 	c:\Users\RISHABH UPWANSHI\.vscode\extensions\redhat.java-1.54.0-win32-x64\jre\21.0.10-win32-x86_64\bin\vcruntime140_1.dll
0x00007ff8696b0000 - 0x00007ff86973d000 	c:\Users\RISHABH UPWANSHI\.vscode\extensions\redhat.java-1.54.0-win32-x64\jre\21.0.10-win32-x86_64\bin\msvcp140.dll
0x00007ffffbf50000 - 0x00007ffffccf1000 	c:\Users\RISHABH UPWANSHI\.vscode\extensions\redhat.java-1.54.0-win32-x64\jre\21.0.10-win32-x86_64\bin\server\jvm.dll
0x00007ff89c220000 - 0x00007ff89c2d6000 	C:\Windows\System32\ADVAPI32.dll
0x00007ff89c420000 - 0x00007ff89c4ca000 	C:\Windows\System32\sechost.dll
0x00007ff89bc70000 - 0x00007ff89bd88000 	C:\Windows\System32\RPCRT4.dll
0x00007ff89a9f0000 - 0x00007ff89aa70000 	C:\Windows\System32\WS2_32.dll
0x00007ff899b50000 - 0x00007ff899bae000 	C:\Windows\SYSTEM32\POWRPROF.dll
0x00007ff88da80000 - 0x00007ff88dab6000 	C:\Windows\SYSTEM32\WINMM.dll
0x00007ff893ad0000 - 0x00007ff893adb000 	C:\Windows\SYSTEM32\VERSION.dll
0x00007ff899b30000 - 0x00007ff899b44000 	C:\Windows\SYSTEM32\UMPDC.dll
0x00007ff898a80000 - 0x00007ff898a9b000 	C:\Windows\SYSTEM32\kernel.appcore.dll
0x00007ff884730000 - 0x00007ff88473a000 	c:\Users\RISHABH UPWANSHI\.vscode\extensions\redhat.java-1.54.0-win32-x64\jre\21.0.10-win32-x86_64\bin\jimage.dll
0x00007ff8812c0000 - 0x00007ff881502000 	C:\Windows\SYSTEM32\DBGHELP.DLL
0x00007ff89aed0000 - 0x00007ff89b253000 	C:\Windows\System32\combase.dll
0x00007ff89abd0000 - 0x00007ff89aca9000 	C:\Windows\System32\OLEAUT32.dll
0x00007ff879a20000 - 0x00007ff879a5b000 	C:\Windows\SYSTEM32\dbgcore.DLL
0x00007ff89a720000 - 0x00007ff89a7c8000 	C:\Windows\System32\bcryptPrimitives.dll
0x00007ff86ece0000 - 0x00007ff86ecef000 	c:\Users\RISHABH UPWANSHI\.vscode\extensions\redhat.java-1.54.0-win32-x64\jre\21.0.10-win32-x86_64\bin\instrument.dll
0x00007ff86d5a0000 - 0x00007ff86d5c0000 	c:\Users\RISHABH UPWANSHI\.vscode\extensions\redhat.java-1.54.0-win32-x64\jre\21.0.10-win32-x86_64\bin\java.dll
0x00007ff89b260000 - 0x00007ff89b9e4000 	C:\Windows\System32\SHELL32.dll
0x00007ff897880000 - 0x00007ff898100000 	C:\Windows\SYSTEM32\windows.storage.dll
0x00007ff89c120000 - 0x00007ff89c216000 	C:\Windows\System32\SHCORE.dll
0x00007ff89a980000 - 0x00007ff89a9e7000 	C:\Windows\System32\shlwapi.dll
0x00007ff899c10000 - 0x00007ff899c39000 	C:\Windows\SYSTEM32\profapi.dll
0x00007ff881670000 - 0x00007ff881688000 	c:\Users\RISHABH UPWANSHI\.vscode\extensions\redhat.java-1.54.0-win32-x64\jre\21.0.10-win32-x86_64\bin\zip.dll
0x00007ff86ecd0000 - 0x00007ff86ece0000 	C:\Users\RISHABH UPWANSHI\.vscode\extensions\redhat.java-1.54.0-win32-x64\jre\21.0.10-win32-x86_64\bin\net.dll
0x00007ff8932a0000 - 0x00007ff8933c9000 	C:\Windows\SYSTEM32\WINHTTP.dll
0x00007ff898ff0000 - 0x00007ff89905c000 	C:\Windows\system32\mswsock.dll
0x00007ff869690000 - 0x00007ff8696a6000 	C:\Users\RISHABH UPWANSHI\.vscode\extensions\redhat.java-1.54.0-win32-x64\jre\21.0.10-win32-x86_64\bin\nio.dll
0x00007ff869600000 - 0x00007ff869610000 	c:\Users\RISHABH UPWANSHI\.vscode\extensions\redhat.java-1.54.0-win32-x64\jre\21.0.10-win32-x86_64\bin\verify.dll
0x00007ff869150000 - 0x00007ff869195000 	C:\Users\RISHABH UPWANSHI\AppData\Roaming\Code\User\globalStorage\redhat.java\1.54.0\config_win\org.eclipse.equinox.launcher\org.eclipse.equinox.launcher.win32.win32.x86_64_1.3.0.v20260203-2149\eclipse_11919.dll
0x00007ff89ba00000 - 0x00007ff89bb98000 	C:\Windows\System32\ole32.dll
0x00007ff8992d0000 - 0x00007ff8992eb000 	C:\Windows\SYSTEM32\CRYPTSP.dll
0x00007ff8989e0000 - 0x00007ff898a19000 	C:\Windows\system32\rsaenh.dll
0x00007ff8990a0000 - 0x00007ff8990d3000 	C:\Windows\SYSTEM32\USERENV.dll
0x00007ff899be0000 - 0x00007ff899c0a000 	C:\Windows\SYSTEM32\bcrypt.dll
0x00007ff8992f0000 - 0x00007ff8992fc000 	C:\Windows\SYSTEM32\CRYPTBASE.dll
0x00007ff898490000 - 0x00007ff8984c3000 	C:\Windows\SYSTEM32\IPHLPAPI.DLL
0x00007ff89b9f0000 - 0x00007ff89b9fa000 	C:\Windows\System32\NSI.dll
0x00007ff868d40000 - 0x00007ff868d89000 	C:\Users\RISHABH UPWANSHI\AppData\Local\Temp\jna-1647839792\jna595645713671625344.dll
0x00007ff89aa80000 - 0x00007ff89aa88000 	C:\Windows\System32\PSAPI.DLL
0x00007ff893a30000 - 0x00007ff893a4d000 	C:\Windows\SYSTEM32\dhcpcsvc6.DLL
0x00007ff893a00000 - 0x00007ff893a25000 	C:\Windows\SYSTEM32\dhcpcsvc.DLL
0x00007ff896f10000 - 0x00007ff896f19000 	C:\Users\RISHABH UPWANSHI\.vscode\extensions\redhat.java-1.54.0-win32-x64\jre\21.0.10-win32-x86_64\bin\extnet.dll

JVMTI agents:
c:\Users\RISHABH UPWANSHI\.vscode\extensions\redhat.java-1.54.0-win32-x64\lombok\lombok-1.18.39-4050.jar path:c:\Users\RISHABH UPWANSHI\.vscode\extensions\redhat.java-1.54.0-win32-x64\jre\21.0.10-win32-x86_64\bin\instrument.dll, loaded, initialized, instrumentlib options:none

dbghelp: loaded successfully - version: 4.0.5 - missing functions: none
symbol engine: initialized successfully - sym options: 0x614 - pdb path: .;c:\Users\RISHABH UPWANSHI\.vscode\extensions\redhat.java-1.54.0-win32-x64\jre\21.0.10-win32-x86_64\bin;C:\Windows\SYSTEM32;C:\Windows\WinSxS\amd64_microsoft.windows.common-controls_6595b64144ccf1df_6.0.26100.8521_none_3e08b75ce33403b3;c:\Users\RISHABH UPWANSHI\.vscode\extensions\redhat.java-1.54.0-win32-x64\jre\21.0.10-win32-x86_64\bin\server;C:\Users\RISHABH UPWANSHI\AppData\Roaming\Code\User\globalStorage\redhat.java\1.54.0\config_win\org.eclipse.equinox.launcher\org.eclipse.equinox.launcher.win32.win32.x86_64_1.3.0.v20260203-2149;C:\Users\RISHABH UPWANSHI\AppData\Local\Temp\jna-1647839792

VM Arguments:
jvm_args: --add-modules=ALL-SYSTEM --add-opens=java.base/java.util=ALL-UNNAMED --add-opens=java.base/java.lang=ALL-UNNAMED --add-opens=java.base/sun.nio.fs=ALL-UNNAMED -Declipse.application=org.eclipse.jdt.ls.core.id1 -Dosgi.bundles.defaultStartLevel=4 -Declipse.product=org.eclipse.jdt.ls.core.product -Djava.import.generatesMetadataFilesAtProjectRoot=false -DDetectVMInstallationsJob.disabled=true -Dfile.encoding=utf8 -XX:+UseParallelGC -XX:GCTimeRatio=4 -XX:AdaptiveSizePolicyWeight=90 -Dsun.zip.disableMemoryMapping=true -Xmx2G -Xms100m -Xlog:disable -javaagent:c:\Users\RISHABH UPWANSHI\.vscode\extensions\redhat.java-1.54.0-win32-x64\lombok\lombok-1.18.39-4050.jar -XX:+HeapDumpOnOutOfMemoryError -XX:HeapDumpPath=c:\Users\RISHABH UPWANSHI\AppData\Roaming\Code\User\workspaceStorage\f4a2606078933381c2a47e88c5c240c0\redhat.java -Daether.dependencyCollector.impl=bf 
java_command: c:\Users\RISHABH UPWANSHI\.vscode\extensions\redhat.java-1.54.0-win32-x64\server\plugins\org.eclipse.equinox.launcher_1.7.100.v20251111-0406.jar -configuration c:\Users\RISHABH UPWANSHI\AppData\Roaming\Code\User\globalStorage\redhat.java\1.54.0\config_win -data c:\Users\RISHABH UPWANSHI\AppData\Roaming\Code\User\workspaceStorage\f4a2606078933381c2a47e88c5c240c0\redhat.java\jdt_ws --pipe=\\.\pipe\lsp-85f5acf2075f24612c9b151b587ff413-sock
java_class_path (initial): c:\Users\RISHABH UPWANSHI\.vscode\extensions\redhat.java-1.54.0-win32-x64\server\plugins\org.eclipse.equinox.launcher_1.7.100.v20251111-0406.jar
Launcher Type: SUN_STANDARD

[Global flags]
    uintx AdaptiveSizePolicyWeight                 = 90                                        {product} {command line}
     intx CICompilerCount                          = 12                                        {product} {ergonomic}
    uintx GCTimeRatio                              = 4                                         {product} {command line}
     bool HeapDumpOnOutOfMemoryError               = true                                   {manageable} {command line}
    ccstr HeapDumpPath                             = c:\Users\RISHABH UPWANSHI\AppData\Roaming\Code\User\workspaceStorage\f4a2606078933381c2a47e88c5c240c0\redhat.java         {manageable} {command line}
   size_t InitialHeapSize                          = 104857600                                 {product} {command line}
   size_t MaxHeapSize                              = 2147483648                                {product} {command line}
   size_t MaxNewSize                               = 715653120                                 {product} {ergonomic}
   size_t MinHeapDeltaBytes                        = 524288                                    {product} {ergonomic}
   size_t MinHeapSize                              = 104857600                                 {product} {command line}
   size_t NewSize                                  = 34603008                                  {product} {ergonomic}
    uintx NonNMethodCodeHeapSize                   = 7602480                                {pd product} {ergonomic}
    uintx NonProfiledCodeHeapSize                  = 122027880                              {pd product} {ergonomic}
   size_t OldSize                                  = 70254592                                  {product} {ergonomic}
    uintx ProfiledCodeHeapSize                     = 122027880                              {pd product} {ergonomic}
    uintx ReservedCodeCacheSize                    = 251658240                              {pd product} {ergonomic}
     bool SegmentedCodeCache                       = true                                      {product} {ergonomic}
   size_t SoftMaxHeapSize                          = 2147483648                             {manageable} {ergonomic}
     bool UseCompressedOops                        = true                           {product lp64_product} {ergonomic}
     bool UseLargePagesIndividualAllocation        = false                                  {pd product} {ergonomic}
     bool UseParallelGC                            = true                                      {product} {command line}

Logging:
Log output configuration:
 #0: stdout all=off uptime,level,tags foldmultilines=false
 #1: stderr all=off uptime,level,tags foldmultilines=false

Release file:
JAVA_VERSION="21.0.10" 
MODULES="java.base java.compiler java.datatransfer java.xml java.prefs java.desktop java.instrument java.logging java.management java.security.sasl java.naming java.rmi java.management.rmi java.net.http java.scripting java.security.jgss java.transaction.xa java.sql java.sql.rowset java.xml.crypto java.se java.smartcardio jdk.accessibility jdk.internal.jvmstat jdk.attach jdk.charsets jdk.internal.opt jdk.zipfs jdk.compiler jdk.crypto.ec jdk.crypto.cryptoki jdk.crypto.mscapi jdk.dynalink jdk.internal.ed jdk.editpad jdk.hotspot.agent jdk.httpserver jdk.internal.le jdk.internal.vm.ci jdk.internal.vm.compiler jdk.internal.vm.compiler.management jdk.jartool jdk.javadoc jdk.jcmd jdk.management jdk.management.agent jdk.jconsole jdk.jdeps jdk.jdwp.agent jdk.jdi jdk.jfr jdk.jshell jdk.jsobject jdk.jstatd jdk.localedata jdk.management.jfr jdk.naming.dns jdk.naming.rmi jdk.net jdk.nio.mapmode jdk.random jdk.sctp jdk.security.auth jdk.security.jgss jdk.unsupported jdk.unsupported.desktop jdk.xml.dom" 

Environment Variables:
PATH=C:\Program Files\Common Files\Oracle\Java\javapath;C:\Python313\Scripts\;C:\Python313\;C:\Windows\system32;C:\Windows;C:\Windows\System32\Wbem;C:\Windows\System32\WindowsPowerShell\v1.0\;C:\Windows\System32\OpenSSH\;C:\Program Files (x86)\NVIDIA Corporation\PhysX\Common;C:\Program Files\dotnet\;C:\Program Files\NVIDIA Corporation\NVIDIA App\NvDLISR;C:\ProgramData\chocolatey\bin;C:\TDM-GCC-64\bin;C:\msys64\ucrt64\bin;C:\Program Files\Git\cmd;C:\Program Files\MongoDB\Server\8.2\bin;C:\Program Files\nodejs\;C:\Program Files\Microsoft SQL Server\170\Tools\Binn\;C:\Program Files\Microsoft SQL Server\Client SDK\ODBC\170\Tools\Binn\;E:\apache-maven-3.9.16-bin\apache-maven-3.9.16\bin;C:\Users\RISHABH UPWANSHI\AppData\Local\agy\bin;C:\Program Files\MySQL\MySQL Shell 8.0\bin\;C:\Users\RISHABH UPWANSHI\AppData\Local\Microsoft\WindowsApps;C:\Users\RISHABH UPWANSHI\AppData\Local\Programs\Microsoft VS Code\bin;C:\MinGW\bin;C:\Program Files\JetBrains\WebStorm 2025.2.2\bin;C:\Program Files\MySQL\MySQL Server 8.0\bin;C:\Program Files\mongosh\;C:\Users\RISHABH UPWANSHI\AppData\Roaming\npm;C:\Users\RISHABH UPWANSHI\.dotnet\tools
USERNAME=RISHABH UPWANSHI
OS=Windows_NT
PROCESSOR_IDENTIFIER=AMD64 Family 25 Model 68 Stepping 1, AuthenticAMD
TMP=C:\Users\RISHAB~1\AppData\Local\Temp
TEMP=C:\Users\RISHAB~1\AppData\Local\Temp




Periodic native trim disabled

---------------  S Y S T E M  ---------------

OS:
 Windows 11 , 64 bit Build 26100 (10.0.26100.8521)
OS uptime: 0 days 0:20 hours
Hyper-V role detected

CPU: total 16 (initial active 16) (16 cores per cpu, 2 threads per core) family 25 model 68 stepping 1 microcode 0xa404107, cx8, cmov, fxsr, ht, mmx, 3dnowpref, sse, sse2, sse3, ssse3, sse4a, sse4.1, sse4.2, popcnt, lzcnt, tsc, tscinvbit, avx, avx2, aes, erms, clmul, bmi1, bmi2, adx, sha, fma, vzeroupper, clflush, clflushopt, hv, rdtscp, rdpid, fsrm, f16c, cet_ss
Processor Information for the first 16 processors :
  Max Mhz: 3100, Current Mhz: 2523, Mhz Limit: 3100

Memory: 4k page, system-wide physical 16202M (7335M free)
TotalPageFile size 16202M (AvailPageFile size 9M)
current process WorkingSet (physical memory assigned to process): 332M, peak: 428M
current process commit charge ("private bytes"): 419M, peak: 515M

vm_info: OpenJDK 64-Bit Server VM (21.0.10+7-LTS) for windows-amd64 JRE (21.0.10+7-LTS), built on 2026-01-20T00:00:00Z by "admin" with MS VC++ 17.12 (VS2022)

END.
