#
# There is insufficient memory for the Java Runtime Environment to continue.
# Native memory allocation (malloc) failed to allocate 1205264 bytes. Error detail: Chunk::new
# Possible reasons:
#   The system is out of physical RAM or swap space
#   This process is running with CompressedOops enabled, and the Java Heap may be blocking the growth of the native heap
# Possible solutions:
#   Reduce memory load on the system
#   Increase physical memory or swap space
#   Check if swap backing store is full
#   Decrease Java heap size (-Xmx/-Xms)
#   Decrease number of Java threads
#   Decrease Java thread stack sizes (-Xss)
#   Set larger code cache with -XX:ReservedCodeCacheSize=
#   JVM is running with Unscaled Compressed Oops mode in which the Java heap is
#     placed in the first 4GB address space. The Java Heap base address is the
#     maximum limit for the native heap growth. Please use -XX:HeapBaseMinAddress
#     to set the Java Heap base and to place the Java Heap above 4GB virtual address.
# This output file may be truncated or incomplete.
#
#  Out of Memory Error (arena.cpp:168), pid=28952, tid=13156
#
# JRE version: OpenJDK Runtime Environment Temurin-21.0.10+7 (21.0.10+7) (build 21.0.10+7-LTS)
# Java VM: OpenJDK 64-Bit Server VM Temurin-21.0.10+7 (21.0.10+7-LTS, mixed mode, sharing, tiered, compressed oops, compressed class ptrs, parallel gc, windows-amd64)
# No core dump will be written. Minidumps are not enabled by default on client versions of Windows
#

---------------  S U M M A R Y ------------

Command Line: --add-modules=ALL-SYSTEM --add-opens=java.base/java.util=ALL-UNNAMED --add-opens=java.base/java.lang=ALL-UNNAMED --add-opens=java.base/sun.nio.fs=ALL-UNNAMED -Declipse.application=org.eclipse.jdt.ls.core.id1 -Dosgi.bundles.defaultStartLevel=4 -Declipse.product=org.eclipse.jdt.ls.core.product -Djava.import.generatesMetadataFilesAtProjectRoot=false -DDetectVMInstallationsJob.disabled=true -Dfile.encoding=utf8 -XX:+UseParallelGC -XX:GCTimeRatio=4 -XX:AdaptiveSizePolicyWeight=90 -Dsun.zip.disableMemoryMapping=true -Xmx2G -Xms100m -Xlog:disable -javaagent:c:\Users\RISHABH UPWANSHI\.vscode\extensions\redhat.java-1.54.0-win32-x64\lombok\lombok-1.18.39-4050.jar c:\Users\RISHABH UPWANSHI\.vscode\extensions\redhat.java-1.54.0-win32-x64\server\plugins\org.eclipse.equinox.launcher_1.7.100.v20251111-0406.jar -configuration c:\Users\RISHABH UPWANSHI\AppData\Roaming\Code\User\globalStorage\redhat.java\1.54.0\config_ss_win -data c:\Users\RISHABH UPWANSHI\AppData\Roaming\Code\User\workspaceStorage\f4a2606078933381c2a47e88c5c240c0\redhat.java\ss_ws --pipe=\\.\pipe\lsp-83aaf1c781e4855cda65df02cb59a497-sock

Host: AMD Ryzen 7 7435HS                             , 16 cores, 15G,  Windows 11 , 64 bit Build 26100 (10.0.26100.8521)
Time: Wed Jun 24 23:47:08 2026 India Standard Time elapsed time: 119.807960 seconds (0d 0h 1m 59s)

---------------  T H R E A D  ---------------

Current thread (0x0000027765fde650):  JavaThread "C2 CompilerThread0" daemon [_thread_in_native, id=13156, stack(0x000000c339e00000,0x000000c339f00000) (1024K)]


Current CompileTask:
C2:119808 6206       4       org.eclipse.jdt.internal.compiler.classfmt.ModuleInfo::readModuleAttribute (1166 bytes)

Stack: [0x000000c339e00000,0x000000c339f00000]
Native frames: (J=compiled Java code, j=interpreted, Vv=VM code, C=native code)
V  [jvm.dll+0x6d7a39]
V  [jvm.dll+0x8b4b26]
V  [jvm.dll+0x8b70de]
V  [jvm.dll+0x8b77c3]
V  [jvm.dll+0x284346]
V  [jvm.dll+0xc66ed]
V  [jvm.dll+0xc6c31]
V  [jvm.dll+0x3bec3b]
V  [jvm.dll+0x38b162]
V  [jvm.dll+0x38a5aa]
V  [jvm.dll+0x24c560]
V  [jvm.dll+0x24bb40]
V  [jvm.dll+0x1cb34e]
V  [jvm.dll+0x25b85d]
V  [jvm.dll+0x259dea]
V  [jvm.dll+0x3f857e]
V  [jvm.dll+0x85f59d]
V  [jvm.dll+0x6d626d]
C  [ucrtbase.dll+0x2cd30]
C  [KERNEL32.DLL+0x2e957]
C  [ntdll.dll+0x87c1c]


---------------  P R O C E S S  ---------------

Threads class SMR info:
_java_thread_list=0x000002776cda5d70, length=43, elements={
0x000002774bb287f0, 0x0000027765fb8390, 0x00000277648dd880, 0x0000027765fbd240,
0x0000027765fc0020, 0x0000027765fc1fb0, 0x0000027765fccae0, 0x0000027765fde650,
0x0000027765fded00, 0x00000277662a9b20, 0x00000277662a8770, 0x00000277662a73c0,
0x00000277662a66a0, 0x00000277662a80e0, 0x00000277662a8e00, 0x00000277662a6d30,
0x00000277662a7a50, 0x000002776c6c6930, 0x000002776c6c9090, 0x000002776c6c6fc0,
0x000002776c6c7ce0, 0x000002776c6c7650, 0x000002776c6c8370, 0x000002776c6c8a00,
0x000002776c6c62a0, 0x000002776c6ca440, 0x000002776c6cc510, 0x000002776c6ccba0,
0x000002776c6caad0, 0x000002776c6cbe80, 0x000002776c6c9720, 0x000002776c6cd230,
0x000002776c6c9db0, 0x000002776c6cb160, 0x000002776c6cb7f0, 0x000002776c6cd8c0,
0x000002776e32e3f0, 0x000002776e32fe30, 0x000002776e32f110, 0x000002776e32c9b0,
0x000002776e32ea80, 0x000002776e32f7a0, 0x00000277677b9e70
}

Java Threads: ( => current thread )
  0x000002774bb287f0 JavaThread "main"                              [_thread_blocked, id=356, stack(0x000000c339400000,0x000000c339500000) (1024K)]
  0x0000027765fb8390 JavaThread "Reference Handler"          daemon [_thread_blocked, id=17108, stack(0x000000c339800000,0x000000c339900000) (1024K)]
  0x00000277648dd880 JavaThread "Finalizer"                  daemon [_thread_blocked, id=2744, stack(0x000000c339900000,0x000000c339a00000) (1024K)]
  0x0000027765fbd240 JavaThread "Signal Dispatcher"          daemon [_thread_blocked, id=10236, stack(0x000000c339a00000,0x000000c339b00000) (1024K)]
  0x0000027765fc0020 JavaThread "Attach Listener"            daemon [_thread_blocked, id=21540, stack(0x000000c339b00000,0x000000c339c00000) (1024K)]
  0x0000027765fc1fb0 JavaThread "Service Thread"             daemon [_thread_blocked, id=16100, stack(0x000000c339c00000,0x000000c339d00000) (1024K)]
  0x0000027765fccae0 JavaThread "Monitor Deflation Thread"   daemon [_thread_blocked, id=15088, stack(0x000000c339d00000,0x000000c339e00000) (1024K)]
=>0x0000027765fde650 JavaThread "C2 CompilerThread0"         daemon [_thread_in_native, id=13156, stack(0x000000c339e00000,0x000000c339f00000) (1024K)]
  0x0000027765fded00 JavaThread "C1 CompilerThread0"         daemon [_thread_blocked, id=13016, stack(0x000000c339f00000,0x000000c33a000000) (1024K)]
  0x00000277662a9b20 JavaThread "Common-Cleaner"             daemon [_thread_blocked, id=16684, stack(0x000000c33a200000,0x000000c33a300000) (1024K)]
  0x00000277662a8770 JavaThread "Notification Thread"        daemon [_thread_blocked, id=26180, stack(0x000000c33a500000,0x000000c33a600000) (1024K)]
  0x00000277662a73c0 JavaThread "Active Thread: Equinox Container: bb5ae126-dedf-4790-bb90-f3b5d4978612"        [_thread_blocked, id=25564, stack(0x000000c33ae00000,0x000000c33af00000) (1024K)]
  0x00000277662a66a0 JavaThread "Framework Event Dispatcher: Equinox Container: bb5ae126-dedf-4790-bb90-f3b5d4978612" daemon [_thread_blocked, id=26344, stack(0x000000c33b000000,0x000000c33b100000) (1024K)]
  0x00000277662a80e0 JavaThread "Start Level: Equinox Container: bb5ae126-dedf-4790-bb90-f3b5d4978612" daemon [_thread_blocked, id=23120, stack(0x000000c33b100000,0x000000c33b200000) (1024K)]
  0x00000277662a8e00 JavaThread "SCR Component Actor"        daemon [_thread_blocked, id=19068, stack(0x000000c33b200000,0x000000c33b300000) (1024K)]
  0x00000277662a6d30 JavaThread "Worker-JM"                         [_thread_blocked, id=16988, stack(0x000000c33b300000,0x000000c33b400000) (1024K)]
  0x00000277662a7a50 JavaThread "JNA Cleaner"                daemon [_thread_blocked, id=29584, stack(0x000000c33b600000,0x000000c33b700000) (1024K)]
  0x000002776c6c6930 JavaThread "Worker-0"                          [_thread_blocked, id=21608, stack(0x000000c33b700000,0x000000c33b800000) (1024K)]
  0x000002776c6c9090 JavaThread "Worker-1"                          [_thread_blocked, id=7112, stack(0x000000c33b800000,0x000000c33b900000) (1024K)]
  0x000002776c6c6fc0 JavaThread "Thread-1"                   daemon [_thread_in_native, id=1892, stack(0x000000c33bd00000,0x000000c33be00000) (1024K)]
  0x000002776c6c7ce0 JavaThread "Thread-2"                   daemon [_thread_in_native, id=9364, stack(0x000000c33be00000,0x000000c33bf00000) (1024K)]
  0x000002776c6c7650 JavaThread "Thread-3"                   daemon [_thread_in_native, id=8104, stack(0x000000c33bf00000,0x000000c33c000000) (1024K)]
  0x000002776c6c8370 JavaThread "Thread-4"                   daemon [_thread_in_native, id=30440, stack(0x000000c33c000000,0x000000c33c100000) (1024K)]
  0x000002776c6c8a00 JavaThread "Thread-5"                   daemon [_thread_in_native, id=19036, stack(0x000000c33c100000,0x000000c33c200000) (1024K)]
  0x000002776c6c62a0 JavaThread "Thread-6"                   daemon [_thread_in_native, id=18452, stack(0x000000c33c200000,0x000000c33c300000) (1024K)]
  0x000002776c6ca440 JavaThread "Thread-7"                   daemon [_thread_in_native, id=18912, stack(0x000000c33c300000,0x000000c33c400000) (1024K)]
  0x000002776c6cc510 JavaThread "Thread-8"                   daemon [_thread_in_native, id=28900, stack(0x000000c33c400000,0x000000c33c500000) (1024K)]
  0x000002776c6ccba0 JavaThread "Thread-9"                   daemon [_thread_in_native, id=17556, stack(0x000000c33c500000,0x000000c33c600000) (1024K)]
  0x000002776c6caad0 JavaThread "Thread-10"                  daemon [_thread_in_native, id=6296, stack(0x000000c33c600000,0x000000c33c700000) (1024K)]
  0x000002776c6cbe80 JavaThread "Thread-11"                  daemon [_thread_in_native, id=1704, stack(0x000000c33c700000,0x000000c33c800000) (1024K)]
  0x000002776c6c9720 JavaThread "Thread-12"                  daemon [_thread_in_native, id=6808, stack(0x000000c33c800000,0x000000c33c900000) (1024K)]
  0x000002776c6cd230 JavaThread "Thread-13"                  daemon [_thread_in_native, id=15644, stack(0x000000c33c900000,0x000000c33ca00000) (1024K)]
  0x000002776c6c9db0 JavaThread "Thread-14"                  daemon [_thread_in_native, id=15160, stack(0x000000c33ca00000,0x000000c33cb00000) (1024K)]
  0x000002776c6cb160 JavaThread "Thread-15"                  daemon [_thread_in_native, id=23172, stack(0x000000c33cb00000,0x000000c33cc00000) (1024K)]
  0x000002776c6cb7f0 JavaThread "Thread-16"                  daemon [_thread_in_native, id=23384, stack(0x000000c33cc00000,0x000000c33cd00000) (1024K)]
  0x000002776c6cd8c0 JavaThread "Thread-17"                  daemon [_thread_in_native, id=15368, stack(0x000000c33cd00000,0x000000c33ce00000) (1024K)]
  0x000002776e32e3f0 JavaThread "pool-2-thread-1"                   [_thread_blocked, id=24816, stack(0x000000c33ce00000,0x000000c33cf00000) (1024K)]
  0x000002776e32fe30 JavaThread "WorkspaceEventsHandler"            [_thread_blocked, id=6228, stack(0x000000c33d000000,0x000000c33d100000) (1024K)]
  0x000002776e32f110 JavaThread "pool-1-thread-1"                   [_thread_blocked, id=11308, stack(0x000000c33d100000,0x000000c33d200000) (1024K)]
  0x000002776e32c9b0 JavaThread "ForkJoinPool.commonPool-worker-1" daemon [_thread_blocked, id=29408, stack(0x000000c33d200000,0x000000c33d300000) (1024K)]
  0x000002776e32ea80 JavaThread "ForkJoinPool.commonPool-worker-2" daemon [_thread_blocked, id=29540, stack(0x000000c33d300000,0x000000c33d400000) (1024K)]
  0x000002776e32f7a0 JavaThread "ForkJoinPool.commonPool-worker-3" daemon [_thread_blocked, id=18352, stack(0x000000c33d400000,0x000000c33d500000) (1024K)]
  0x00000277677b9e70 JavaThread "C1 CompilerThread1"         daemon [_thread_blocked, id=25884, stack(0x000000c339100000,0x000000c339200000) (1024K)]
Total: 43

Other Threads:
  0x00000277648c49b0 VMThread "VM Thread"                           [id=21704, stack(0x000000c339700000,0x000000c339800000) (1024K)]
  0x00000277647bca00 WatcherThread "VM Periodic Task Thread"        [id=22556, stack(0x000000c339600000,0x000000c339700000) (1024K)]
  0x000002774c19c750 WorkerThread "GC Thread#0"                     [id=29500, stack(0x000000c339500000,0x000000c339600000) (1024K)]
  0x0000027767de3750 WorkerThread "GC Thread#1"                     [id=26460, stack(0x000000c33a700000,0x000000c33a800000) (1024K)]
  0x000002776c14c200 WorkerThread "GC Thread#2"                     [id=30524, stack(0x000000c33a800000,0x000000c33a900000) (1024K)]
  0x0000027767ddcfe0 WorkerThread "GC Thread#3"                     [id=25888, stack(0x000000c33a900000,0x000000c33aa00000) (1024K)]
  0x0000027767ceb090 WorkerThread "GC Thread#4"                     [id=22356, stack(0x000000c33aa00000,0x000000c33ab00000) (1024K)]
  0x0000027767ceb440 WorkerThread "GC Thread#5"                     [id=27244, stack(0x000000c33ab00000,0x000000c33ac00000) (1024K)]
  0x0000027767d60c30 WorkerThread "GC Thread#6"                     [id=15008, stack(0x000000c33ac00000,0x000000c33ad00000) (1024K)]
  0x0000027767db20a0 WorkerThread "GC Thread#7"                     [id=15456, stack(0x000000c33af00000,0x000000c33b000000) (1024K)]
  0x000002776c5ba6b0 WorkerThread "GC Thread#8"                     [id=9160, stack(0x000000c33b400000,0x000000c33b500000) (1024K)]
  0x000002776c5a7ba0 WorkerThread "GC Thread#9"                     [id=26784, stack(0x000000c33b500000,0x000000c33b600000) (1024K)]
  0x000002776c8e6f00 WorkerThread "GC Thread#10"                    [id=9976, stack(0x000000c33b900000,0x000000c33ba00000) (1024K)]
  0x000002776c8e72b0 WorkerThread "GC Thread#11"                    [id=11700, stack(0x000000c33ba00000,0x000000c33bb00000) (1024K)]
  0x000002776c7b5f60 WorkerThread "GC Thread#12"                    [id=8048, stack(0x000000c33bb00000,0x000000c33bc00000) (1024K)]
Total: 15

Threads with active compile tasks:
C2 CompilerThread0  119823 6206       4       org.eclipse.jdt.internal.compiler.classfmt.ModuleInfo::readModuleAttribute (1166 bytes)
Total: 1

VM state: not at safepoint (normal execution)

VM Mutex/Monitor currently owned by a thread: None

Heap address: 0x0000000080000000, size: 2048 MB, Compressed Oops mode: 32-bit

CDS archive(s) mapped at: [0x0000027700000000-0x0000027700ba0000-0x0000027700ba0000), size 12189696, SharedBaseAddress: 0x0000027700000000, ArchiveRelocationMode: 1.
Compressed class space mapped at: 0x0000027701000000-0x0000027741000000, reserved size: 1073741824
Narrow klass base: 0x0000027700000000, Narrow klass shift: 0, Narrow klass range: 0x100000000

GC Precious Log:
 CardTable entry size: 512
 CPUs: 16 total, 16 available
 Memory: 16202M
 Large Page Support: Disabled
 NUMA Support: Disabled
 Compressed Oops: Enabled (32-bit)
 Alignments: Space 512K, Generation 512K, Heap 2M
 Heap Min Capacity: 100M
 Heap Initial Capacity: 100M
 Heap Max Capacity: 2G
 Pre-touch: Disabled
 Parallel Workers: 13

Heap:
 PSYoungGen      total 19968K, used 3871K [0x00000000d5580000, 0x00000000d7280000, 0x0000000100000000)
  eden space 18432K, 12% used [0x00000000d5580000,0x00000000d57c7df8,0x00000000d6780000)
  from space 1536K, 100% used [0x00000000d6c00000,0x00000000d6d80000,0x00000000d6d80000)
  to   space 4608K, 0% used [0x00000000d6780000,0x00000000d6780000,0x00000000d6c00000)
 ParOldGen       total 68608K, used 34022K [0x0000000080000000, 0x0000000084300000, 0x00000000d5580000)
  object space 68608K, 49% used [0x0000000080000000,0x0000000082139b90,0x0000000084300000)
 Metaspace       used 42856K, committed 43968K, reserved 1114112K
  class space    used 4334K, committed 4800K, reserved 1048576K

Card table byte_map: [0x000002775fc20000,0x0000027760030000] _byte_map_base: 0x000002775f820000

Marking Bits: (ParMarkBitMap*) 0x00007ffae0bd3450
 Begin Bits: [0x00000277602e0000, 0x00000277622e0000)
 End Bits:   [0x00000277622e0000, 0x00000277642e0000)

Polling page: 0x000002774be60000

Metaspace:

Usage:
  Non-class:     37.62 MB used.
      Class:      4.23 MB used.
       Both:     41.85 MB used.

Virtual space:
  Non-class space:       64.00 MB reserved,      38.25 MB ( 60%) committed,  1 nodes.
      Class space:        1.00 GB reserved,       4.69 MB ( <1%) committed,  1 nodes.
             Both:        1.06 GB reserved,      42.94 MB (  4%) committed. 

Chunk freelists:
   Non-Class:  9.67 MB
       Class:  11.30 MB
        Both:  20.97 MB

MaxMetaspaceSize: unlimited
CompressedClassSpaceSize: 1.00 GB
Initial GC threshold: 21.00 MB
Current GC threshold: 58.38 MB
CDS: on
 - commit_granule_bytes: 65536.
 - commit_granule_words: 8192.
 - virtual_space_node_default_size: 8388608.
 - enlarge_chunks_in_place: 1.
 - use_allocation_guard: 0.


Internal statistics:

num_allocs_failed_limit: 6.
num_arena_births: 934.
num_arena_deaths: 150.
num_vsnodes_births: 2.
num_vsnodes_deaths: 0.
num_space_committed: 687.
num_space_uncommitted: 0.
num_chunks_returned_to_freelist: 219.
num_chunks_taken_from_freelist: 2927.
num_chunk_merges: 77.
num_chunk_splits: 1750.
num_chunks_enlarged: 1020.
num_inconsistent_stats: 0.

CodeHeap 'non-profiled nmethods': size=119168Kb used=3674Kb max_used=3674Kb free=115493Kb
 bounds [0x00000277585e0000, 0x0000027758980000, 0x000002775fa40000]
CodeHeap 'profiled nmethods': size=119104Kb used=12818Kb max_used=12818Kb free=106285Kb
 bounds [0x0000027750a40000, 0x00000277516d0000, 0x0000027757e90000]
CodeHeap 'non-nmethods': size=7488Kb used=1974Kb max_used=3153Kb free=5513Kb
 bounds [0x0000027757e90000, 0x00000277581b0000, 0x00000277585e0000]
CodeCache: size=245760Kb, used=18466Kb, max_used=19645Kb, free=227291Kb
 total_blobs=6540, nmethods=5819, adapters=626, full_count=0
Compilation: enabled, stopped_count=0, restarted_count=0

Compilation events (20 events):
Event: 117.722 Thread 0x00000277677b9e70 6212       3       java.util.concurrent.locks.AbstractQueuedSynchronizer::casTail (13 bytes)
Event: 117.722 Thread 0x00000277677b9e70 nmethod 6212 0x00000277516c0a90 code [0x00000277516c0c20, 0x00000277516c0d60]
Event: 117.740 Thread 0x00000277677b9e70 6213       3       org.eclipse.core.internal.jobs.JobQueue::peek (26 bytes)
Event: 117.742 Thread 0x0000027765fded00 6215       1       org.eclipse.jdt.core.SourceRange::getOffset (5 bytes)
Event: 118.765 Thread 0x0000027765fded00 nmethod 6215 0x0000027758976590 code [0x0000027758976720, 0x00000277589767e8]
Event: 118.765 Thread 0x0000027765fded00 6219       3       java.lang.Long::stringSize (55 bytes)
Event: 118.765 Thread 0x00000277677b9e70 nmethod 6213 0x00000277516c0e10 code [0x00000277516c0fc0, 0x00000277516c1158]
Event: 118.766 Thread 0x00000277677b9e70 6222       3       com.google.gson.stream.JsonWriter::name (56 bytes)
Event: 118.766 Thread 0x0000027765fded00 nmethod 6219 0x00000277516c1210 code [0x00000277516c13c0, 0x00000277516c1628]
Event: 118.766 Thread 0x0000027765fded00 6217       3       com.google.gson.stream.JsonWriter::writeDeferredName (25 bytes)
Event: 118.766 Thread 0x00000277677b9e70 nmethod 6222 0x00000277516c1710 code [0x00000277516c1920, 0x00000277516c1f50]
Event: 118.766 Thread 0x00000277677b9e70 6218       3       com.google.gson.stream.JsonWriter::beforeValue (140 bytes)
Event: 118.766 Thread 0x0000027765fded00 nmethod 6217 0x00000277516c2190 code [0x00000277516c2340, 0x00000277516c2520]
Event: 118.766 Thread 0x0000027765fded00 6220       3       java.io.StringWriter::append (6 bytes)
Event: 118.766 Thread 0x0000027765fded00 nmethod 6220 0x00000277516c2610 code [0x00000277516c2800, 0x00000277516c2d28]
Event: 118.766 Thread 0x0000027765fded00 6221       3       java.io.StringWriter::append (10 bytes)
Event: 118.766 Thread 0x00000277677b9e70 nmethod 6218 0x00000277516c2f10 code [0x00000277516c3180, 0x00000277516c3ad8]
Event: 118.766 Thread 0x00000277677b9e70 6216       3       java.net.URI::decode (6 bytes)
Event: 118.767 Thread 0x0000027765fded00 nmethod 6221 0x00000277516c3e10 code [0x00000277516c4000, 0x00000277516c44b0]
Event: 118.767 Thread 0x00000277677b9e70 nmethod 6216 0x00000277516c4690 code [0x00000277516c4840, 0x00000277516c4960]

GC Heap History (20 events):
Event: 3.115 GC heap before
{Heap before GC invocations=17 (full 1):
 PSYoungGen      total 23040K, used 22688K [0x00000000d5580000, 0x00000000d6f80000, 0x0000000100000000)
  eden space 20480K, 100% used [0x00000000d5580000,0x00000000d6980000,0x00000000d6980000)
  from space 2560K, 86% used [0x00000000d6980000,0x00000000d6ba8010,0x00000000d6c00000)
  to   space 3072K, 0% used [0x00000000d6c80000,0x00000000d6c80000,0x00000000d6f80000)
 ParOldGen       total 68608K, used 24781K [0x0000000080000000, 0x0000000084300000, 0x00000000d5580000)
  object space 68608K, 36% used [0x0000000080000000,0x0000000081833538,0x0000000084300000)
 Metaspace       used 32768K, committed 33856K, reserved 1114112K
  class space    used 3323K, committed 3776K, reserved 1048576K
}
Event: 3.117 GC heap after
{Heap after GC invocations=17 (full 1):
 PSYoungGen      total 22528K, used 2008K [0x00000000d5580000, 0x00000000d6e80000, 0x0000000100000000)
  eden space 20480K, 0% used [0x00000000d5580000,0x00000000d5580000,0x00000000d6980000)
  from space 2048K, 98% used [0x00000000d6c80000,0x00000000d6e76200,0x00000000d6e80000)
  to   space 2560K, 0% used [0x00000000d6980000,0x00000000d6980000,0x00000000d6c00000)
 ParOldGen       total 68608K, used 26805K [0x0000000080000000, 0x0000000084300000, 0x00000000d5580000)
  object space 68608K, 39% used [0x0000000080000000,0x0000000081a2d548,0x0000000084300000)
 Metaspace       used 32768K, committed 33856K, reserved 1114112K
  class space    used 3323K, committed 3776K, reserved 1048576K
}
Event: 3.298 GC heap before
{Heap before GC invocations=18 (full 1):
 PSYoungGen      total 22528K, used 22488K [0x00000000d5580000, 0x00000000d6e80000, 0x0000000100000000)
  eden space 20480K, 100% used [0x00000000d5580000,0x00000000d6980000,0x00000000d6980000)
  from space 2048K, 98% used [0x00000000d6c80000,0x00000000d6e76200,0x00000000d6e80000)
  to   space 2560K, 0% used [0x00000000d6980000,0x00000000d6980000,0x00000000d6c00000)
 ParOldGen       total 68608K, used 26805K [0x0000000080000000, 0x0000000084300000, 0x00000000d5580000)
  object space 68608K, 39% used [0x0000000080000000,0x0000000081a2d548,0x0000000084300000)
 Metaspace       used 33547K, committed 34560K, reserved 1114112K
  class space    used 3442K, committed 3840K, reserved 1048576K
}
Event: 3.300 GC heap after
{Heap after GC invocations=18 (full 1):
 PSYoungGen      total 22016K, used 1504K [0x00000000d5580000, 0x00000000d6d80000, 0x0000000100000000)
  eden space 20480K, 0% used [0x00000000d5580000,0x00000000d5580000,0x00000000d6980000)
  from space 1536K, 97% used [0x00000000d6980000,0x00000000d6af8000,0x00000000d6b00000)
  to   space 2048K, 0% used [0x00000000d6b80000,0x00000000d6b80000,0x00000000d6d80000)
 ParOldGen       total 68608K, used 28677K [0x0000000080000000, 0x0000000084300000, 0x00000000d5580000)
  object space 68608K, 41% used [0x0000000080000000,0x0000000081c01748,0x0000000084300000)
 Metaspace       used 33547K, committed 34560K, reserved 1114112K
  class space    used 3442K, committed 3840K, reserved 1048576K
}
Event: 3.505 GC heap before
{Heap before GC invocations=19 (full 1):
 PSYoungGen      total 22016K, used 8795K [0x00000000d5580000, 0x00000000d6d80000, 0x0000000100000000)
  eden space 20480K, 35% used [0x00000000d5580000,0x00000000d5c9ed60,0x00000000d6980000)
  from space 1536K, 97% used [0x00000000d6980000,0x00000000d6af8000,0x00000000d6b00000)
  to   space 2048K, 0% used [0x00000000d6b80000,0x00000000d6b80000,0x00000000d6d80000)
 ParOldGen       total 68608K, used 28677K [0x0000000080000000, 0x0000000084300000, 0x00000000d5580000)
  object space 68608K, 41% used [0x0000000080000000,0x0000000081c01748,0x0000000084300000)
 Metaspace       used 34795K, committed 35840K, reserved 1114112K
  class space    used 3557K, committed 4032K, reserved 1048576K
}
Event: 3.507 GC heap after
{Heap after GC invocations=19 (full 1):
 PSYoungGen      total 21504K, used 779K [0x00000000d5580000, 0x00000000d6c80000, 0x0000000100000000)
  eden space 20480K, 0% used [0x00000000d5580000,0x00000000d5580000,0x00000000d6980000)
  from space 1024K, 76% used [0x00000000d6b80000,0x00000000d6c42e68,0x00000000d6c80000)
  to   space 1536K, 0% used [0x00000000d6980000,0x00000000d6980000,0x00000000d6b00000)
 ParOldGen       total 68608K, used 30064K [0x0000000080000000, 0x0000000084300000, 0x00000000d5580000)
  object space 68608K, 43% used [0x0000000080000000,0x0000000081d5c0a0,0x0000000084300000)
 Metaspace       used 34795K, committed 35840K, reserved 1114112K
  class space    used 3557K, committed 4032K, reserved 1048576K
}
Event: 3.507 GC heap before
{Heap before GC invocations=20 (full 2):
 PSYoungGen      total 21504K, used 779K [0x00000000d5580000, 0x00000000d6c80000, 0x0000000100000000)
  eden space 20480K, 0% used [0x00000000d5580000,0x00000000d5580000,0x00000000d6980000)
  from space 1024K, 76% used [0x00000000d6b80000,0x00000000d6c42e68,0x00000000d6c80000)
  to   space 1536K, 0% used [0x00000000d6980000,0x00000000d6980000,0x00000000d6b00000)
 ParOldGen       total 68608K, used 30064K [0x0000000080000000, 0x0000000084300000, 0x00000000d5580000)
  object space 68608K, 43% used [0x0000000080000000,0x0000000081d5c0a0,0x0000000084300000)
 Metaspace       used 34795K, committed 35840K, reserved 1114112K
  class space    used 3557K, committed 4032K, reserved 1048576K
}
Event: 3.544 GC heap after
{Heap after GC invocations=20 (full 2):
 PSYoungGen      total 21504K, used 0K [0x00000000d5580000, 0x00000000d6c80000, 0x0000000100000000)
  eden space 20480K, 0% used [0x00000000d5580000,0x00000000d5580000,0x00000000d6980000)
  from space 1024K, 0% used [0x00000000d6b80000,0x00000000d6b80000,0x00000000d6c80000)
  to   space 1536K, 0% used [0x00000000d6980000,0x00000000d6980000,0x00000000d6b00000)
 ParOldGen       total 68608K, used 28504K [0x0000000080000000, 0x0000000084300000, 0x00000000d5580000)
  object space 68608K, 41% used [0x0000000080000000,0x0000000081bd6238,0x0000000084300000)
 Metaspace       used 34674K, committed 35840K, reserved 1114112K
  class space    used 3522K, committed 4032K, reserved 1048576K
}
Event: 3.864 GC heap before
{Heap before GC invocations=21 (full 2):
 PSYoungGen      total 21504K, used 20454K [0x00000000d5580000, 0x00000000d6c80000, 0x0000000100000000)
  eden space 20480K, 99% used [0x00000000d5580000,0x00000000d6979910,0x00000000d6980000)
  from space 1024K, 0% used [0x00000000d6b80000,0x00000000d6b80000,0x00000000d6c80000)
  to   space 1536K, 0% used [0x00000000d6980000,0x00000000d6980000,0x00000000d6b00000)
 ParOldGen       total 68608K, used 28504K [0x0000000080000000, 0x0000000084300000, 0x00000000d5580000)
  object space 68608K, 41% used [0x0000000080000000,0x0000000081bd6238,0x0000000084300000)
 Metaspace       used 35577K, committed 36544K, reserved 1114112K
  class space    used 3649K, committed 4032K, reserved 1048576K
}
Event: 3.865 GC heap after
{Heap after GC invocations=21 (full 2):
 PSYoungGen      total 22016K, used 480K [0x00000000d5580000, 0x00000000d6c00000, 0x0000000100000000)
  eden space 20480K, 0% used [0x00000000d5580000,0x00000000d5580000,0x00000000d6980000)
  from space 1536K, 31% used [0x00000000d6980000,0x00000000d69f8000,0x00000000d6b00000)
  to   space 1024K, 0% used [0x00000000d6b00000,0x00000000d6b00000,0x00000000d6c00000)
 ParOldGen       total 68608K, used 28512K [0x0000000080000000, 0x0000000084300000, 0x00000000d5580000)
  object space 68608K, 41% used [0x0000000080000000,0x0000000081bd8238,0x0000000084300000)
 Metaspace       used 35577K, committed 36544K, reserved 1114112K
  class space    used 3649K, committed 4032K, reserved 1048576K
}
Event: 4.598 GC heap before
{Heap before GC invocations=22 (full 2):
 PSYoungGen      total 22016K, used 20908K [0x00000000d5580000, 0x00000000d6c00000, 0x0000000100000000)
  eden space 20480K, 99% used [0x00000000d5580000,0x00000000d69733a0,0x00000000d6980000)
  from space 1536K, 31% used [0x00000000d6980000,0x00000000d69f8000,0x00000000d6b00000)
  to   space 1024K, 0% used [0x00000000d6b00000,0x00000000d6b00000,0x00000000d6c00000)
 ParOldGen       total 68608K, used 28512K [0x0000000080000000, 0x0000000084300000, 0x00000000d5580000)
  object space 68608K, 41% used [0x0000000080000000,0x0000000081bd8238,0x0000000084300000)
 Metaspace       used 37630K, committed 38592K, reserved 1114112K
  class space    used 3850K, committed 4288K, reserved 1048576K
}
Event: 4.599 GC heap after
{Heap after GC invocations=22 (full 2):
 PSYoungGen      total 21504K, used 672K [0x00000000d5580000, 0x00000000d6c00000, 0x0000000100000000)
  eden space 20480K, 0% used [0x00000000d5580000,0x00000000d5580000,0x00000000d6980000)
  from space 1024K, 65% used [0x00000000d6b00000,0x00000000d6ba8000,0x00000000d6c00000)
  to   space 1024K, 0% used [0x00000000d6a00000,0x00000000d6a00000,0x00000000d6b00000)
 ParOldGen       total 68608K, used 28768K [0x0000000080000000, 0x0000000084300000, 0x00000000d5580000)
  object space 68608K, 41% used [0x0000000080000000,0x0000000081c18238,0x0000000084300000)
 Metaspace       used 37630K, committed 38592K, reserved 1114112K
  class space    used 3850K, committed 4288K, reserved 1048576K
}
Event: 66.729 GC heap before
{Heap before GC invocations=23 (full 2):
 PSYoungGen      total 21504K, used 21044K [0x00000000d5580000, 0x00000000d6c00000, 0x0000000100000000)
  eden space 20480K, 99% used [0x00000000d5580000,0x00000000d6965038,0x00000000d6980000)
  from space 1024K, 65% used [0x00000000d6b00000,0x00000000d6ba8000,0x00000000d6c00000)
  to   space 1024K, 0% used [0x00000000d6a00000,0x00000000d6a00000,0x00000000d6b00000)
 ParOldGen       total 68608K, used 28768K [0x0000000080000000, 0x0000000084300000, 0x00000000d5580000)
  object space 68608K, 41% used [0x0000000080000000,0x0000000081c18238,0x0000000084300000)
 Metaspace       used 39709K, committed 40768K, reserved 1114112K
  class space    used 4057K, committed 4544K, reserved 1048576K
}
Event: 66.732 GC heap after
{Heap after GC invocations=23 (full 2):
 PSYoungGen      total 21504K, used 1020K [0x00000000d5580000, 0x00000000d7080000, 0x0000000100000000)
  eden space 20480K, 0% used [0x00000000d5580000,0x00000000d5580000,0x00000000d6980000)
  from space 1024K, 99% used [0x00000000d6a00000,0x00000000d6aff308,0x00000000d6b00000)
  to   space 3584K, 0% used [0x00000000d6d00000,0x00000000d6d00000,0x00000000d7080000)
 ParOldGen       total 68608K, used 30764K [0x0000000080000000, 0x0000000084300000, 0x00000000d5580000)
  object space 68608K, 44% used [0x0000000080000000,0x0000000081e0b2d8,0x0000000084300000)
 Metaspace       used 39709K, committed 40768K, reserved 1114112K
  class space    used 4057K, committed 4544K, reserved 1048576K
}
Event: 66.796 GC heap before
{Heap before GC invocations=24 (full 2):
 PSYoungGen      total 21504K, used 21500K [0x00000000d5580000, 0x00000000d7080000, 0x0000000100000000)
  eden space 20480K, 100% used [0x00000000d5580000,0x00000000d6980000,0x00000000d6980000)
  from space 1024K, 99% used [0x00000000d6a00000,0x00000000d6aff308,0x00000000d6b00000)
  to   space 3584K, 0% used [0x00000000d6d00000,0x00000000d6d00000,0x00000000d7080000)
 ParOldGen       total 68608K, used 30764K [0x0000000080000000, 0x0000000084300000, 0x00000000d5580000)
  object space 68608K, 44% used [0x0000000080000000,0x0000000081e0b2d8,0x0000000084300000)
 Metaspace       used 39727K, committed 40768K, reserved 1114112K
  class space    used 4057K, committed 4544K, reserved 1048576K
}
Event: 66.797 GC heap after
{Heap after GC invocations=24 (full 2):
 PSYoungGen      total 21504K, used 925K [0x00000000d5580000, 0x00000000d6e00000, 0x0000000100000000)
  eden space 20480K, 0% used [0x00000000d5580000,0x00000000d5580000,0x00000000d6980000)
  from space 1024K, 90% used [0x00000000d6d00000,0x00000000d6de7418,0x00000000d6e00000)
  to   space 2048K, 0% used [0x00000000d6a00000,0x00000000d6a00000,0x00000000d6c00000)
 ParOldGen       total 68608K, used 31794K [0x0000000080000000, 0x0000000084300000, 0x00000000d5580000)
  object space 68608K, 46% used [0x0000000080000000,0x0000000081f0cbd0,0x0000000084300000)
 Metaspace       used 39727K, committed 40768K, reserved 1114112K
  class space    used 4057K, committed 4544K, reserved 1048576K
}
Event: 67.503 GC heap before
{Heap before GC invocations=25 (full 2):
 PSYoungGen      total 21504K, used 21405K [0x00000000d5580000, 0x00000000d6e00000, 0x0000000100000000)
  eden space 20480K, 100% used [0x00000000d5580000,0x00000000d6980000,0x00000000d6980000)
  from space 1024K, 90% used [0x00000000d6d00000,0x00000000d6de7418,0x00000000d6e00000)
  to   space 2048K, 0% used [0x00000000d6a00000,0x00000000d6a00000,0x00000000d6c00000)
 ParOldGen       total 68608K, used 31794K [0x0000000080000000, 0x0000000084300000, 0x00000000d5580000)
  object space 68608K, 46% used [0x0000000080000000,0x0000000081f0cbd0,0x0000000084300000)
 Metaspace       used 41243K, committed 42304K, reserved 1114112K
  class space    used 4189K, committed 4608K, reserved 1048576K
}
Event: 67.505 GC heap after
{Heap after GC invocations=25 (full 2):
 PSYoungGen      total 22528K, used 992K [0x00000000d5580000, 0x00000000d6d80000, 0x0000000100000000)
  eden space 20480K, 0% used [0x00000000d5580000,0x00000000d5580000,0x00000000d6980000)
  from space 2048K, 48% used [0x00000000d6a00000,0x00000000d6af8020,0x00000000d6c00000)
  to   space 1536K, 0% used [0x00000000d6c00000,0x00000000d6c00000,0x00000000d6d80000)
 ParOldGen       total 68608K, used 31818K [0x0000000080000000, 0x0000000084300000, 0x00000000d5580000)
  object space 68608K, 46% used [0x0000000080000000,0x0000000081f12bd0,0x0000000084300000)
 Metaspace       used 41243K, committed 42304K, reserved 1114112K
  class space    used 4189K, committed 4608K, reserved 1048576K
}
Event: 117.471 GC heap before
{Heap before GC invocations=26 (full 2):
 PSYoungGen      total 22528K, used 21472K [0x00000000d5580000, 0x00000000d6d80000, 0x0000000100000000)
  eden space 20480K, 100% used [0x00000000d5580000,0x00000000d6980000,0x00000000d6980000)
  from space 2048K, 48% used [0x00000000d6a00000,0x00000000d6af8020,0x00000000d6c00000)
  to   space 1536K, 0% used [0x00000000d6c00000,0x00000000d6c00000,0x00000000d6d80000)
 ParOldGen       total 68608K, used 31818K [0x0000000080000000, 0x0000000084300000, 0x00000000d5580000)
  object space 68608K, 46% used [0x0000000080000000,0x0000000081f12bd0,0x0000000084300000)
 Metaspace       used 42819K, committed 43840K, reserved 1114112K
  class space    used 4334K, committed 4800K, reserved 1048576K
}
Event: 117.474 GC heap after
{Heap after GC invocations=26 (full 2):
 PSYoungGen      total 19968K, used 1536K [0x00000000d5580000, 0x00000000d7280000, 0x0000000100000000)
  eden space 18432K, 0% used [0x00000000d5580000,0x00000000d5580000,0x00000000d6780000)
  from space 1536K, 100% used [0x00000000d6c00000,0x00000000d6d80000,0x00000000d6d80000)
  to   space 4608K, 0% used [0x00000000d6780000,0x00000000d6780000,0x00000000d6c00000)
 ParOldGen       total 68608K, used 34022K [0x0000000080000000, 0x0000000084300000, 0x00000000d5580000)
  object space 68608K, 49% used [0x0000000080000000,0x0000000082139b90,0x0000000084300000)
 Metaspace       used 42819K, committed 43840K, reserved 1114112K
  class space    used 4334K, committed 4800K, reserved 1048576K
}

Dll operation events (10 events):
Event: 0.009 Loaded shared library c:\Users\RISHABH UPWANSHI\.vscode\extensions\redhat.java-1.54.0-win32-x64\jre\21.0.10-win32-x86_64\bin\java.dll
Event: 0.057 Loaded shared library c:\Users\RISHABH UPWANSHI\.vscode\extensions\redhat.java-1.54.0-win32-x64\jre\21.0.10-win32-x86_64\bin\zip.dll
Event: 0.073 Loaded shared library C:\Users\RISHABH UPWANSHI\.vscode\extensions\redhat.java-1.54.0-win32-x64\jre\21.0.10-win32-x86_64\bin\instrument.dll
Event: 0.077 Loaded shared library C:\Users\RISHABH UPWANSHI\.vscode\extensions\redhat.java-1.54.0-win32-x64\jre\21.0.10-win32-x86_64\bin\net.dll
Event: 0.079 Loaded shared library C:\Users\RISHABH UPWANSHI\.vscode\extensions\redhat.java-1.54.0-win32-x64\jre\21.0.10-win32-x86_64\bin\nio.dll
Event: 0.082 Loaded shared library C:\Users\RISHABH UPWANSHI\.vscode\extensions\redhat.java-1.54.0-win32-x64\jre\21.0.10-win32-x86_64\bin\zip.dll
Event: 0.096 Loaded shared library C:\Users\RISHABH UPWANSHI\.vscode\extensions\redhat.java-1.54.0-win32-x64\jre\21.0.10-win32-x86_64\bin\jimage.dll
Event: 0.155 Loaded shared library c:\Users\RISHABH UPWANSHI\.vscode\extensions\redhat.java-1.54.0-win32-x64\jre\21.0.10-win32-x86_64\bin\verify.dll
Event: 0.950 Loaded shared library C:\Users\RISHABH UPWANSHI\AppData\Roaming\Code\User\globalStorage\redhat.java\1.54.0\config_ss_win\org.eclipse.equinox.launcher\org.eclipse.equinox.launcher.win32.win32.x86_64_1.3.0.v20260203-2149\eclipse_11919.dll
Event: 1.408 Loaded shared library C:\Users\RISHABH UPWANSHI\AppData\Local\Temp\jna-1647839792\jna5171123049919033250.dll

Deoptimization events (20 events):
Event: 74.057 Thread 0x000002776e32ea80 Uncommon trap: trap_request=0xffffff45 fr.pc=0x0000027758913888 relative=0x00000000000060a8
Event: 74.057 Thread 0x000002776e32ea80 Uncommon trap: reason=unstable_if action=reinterpret pc=0x0000027758913888 method=org.eclipse.jdt.internal.compiler.lookup.BinaryTypeBinding.createMethod(Lorg/eclipse/jdt/internal/compiler/env/IBinaryMethod;Lorg/eclipse/jdt/internal/compiler/env/IBinaryTy
Event: 74.057 Thread 0x000002776e32ea80 DEOPT PACKING pc=0x0000027758913888 sp=0x000000c33d3fd540
Event: 74.057 Thread 0x000002776e32ea80 DEOPT UNPACKING pc=0x0000027757ee3aa2 sp=0x000000c33d3fd518 mode 2
Event: 117.465 Thread 0x000002776e32ea80 Uncommon trap: trap_request=0xffffffd6 fr.pc=0x000002775895bf84 relative=0x0000000000005264
Event: 117.465 Thread 0x000002776e32ea80 Uncommon trap: reason=array_check action=maybe_recompile pc=0x000002775895bf84 method=org.eclipse.jdt.internal.compiler.classfmt.ModuleInfo.readModuleAttribute(I)V @ 1029 c2
Event: 117.465 Thread 0x000002776e32ea80 DEOPT PACKING pc=0x000002775895bf84 sp=0x000000c33d3fdcd0
Event: 117.465 Thread 0x000002776e32ea80 DEOPT UNPACKING pc=0x0000027757ee3aa2 sp=0x000000c33d3fdc58 mode 2
Event: 117.465 Thread 0x000002776e32ea80 Uncommon trap: trap_request=0xffffffd6 fr.pc=0x000002775895bf84 relative=0x0000000000005264
Event: 117.465 Thread 0x000002776e32ea80 Uncommon trap: reason=array_check action=maybe_recompile pc=0x000002775895bf84 method=org.eclipse.jdt.internal.compiler.classfmt.ModuleInfo.readModuleAttribute(I)V @ 1029 c2
Event: 117.465 Thread 0x000002776e32ea80 DEOPT PACKING pc=0x000002775895bf84 sp=0x000000c33d3fdcd0
Event: 117.465 Thread 0x000002776e32ea80 DEOPT UNPACKING pc=0x0000027757ee3aa2 sp=0x000000c33d3fdc58 mode 2
Event: 117.465 Thread 0x000002776e32ea80 Uncommon trap: trap_request=0xffffffd6 fr.pc=0x000002775895bf84 relative=0x0000000000005264
Event: 117.465 Thread 0x000002776e32ea80 Uncommon trap: reason=array_check action=maybe_recompile pc=0x000002775895bf84 method=org.eclipse.jdt.internal.compiler.classfmt.ModuleInfo.readModuleAttribute(I)V @ 1029 c2
Event: 117.465 Thread 0x000002776e32ea80 DEOPT PACKING pc=0x000002775895bf84 sp=0x000000c33d3fdcd0
Event: 117.465 Thread 0x000002776e32ea80 DEOPT UNPACKING pc=0x0000027757ee3aa2 sp=0x000000c33d3fdc58 mode 2
Event: 117.465 Thread 0x000002776e32ea80 Uncommon trap: trap_request=0xffffffd6 fr.pc=0x000002775895bf84 relative=0x0000000000005264
Event: 117.465 Thread 0x000002776e32ea80 Uncommon trap: reason=array_check action=maybe_recompile pc=0x000002775895bf84 method=org.eclipse.jdt.internal.compiler.classfmt.ModuleInfo.readModuleAttribute(I)V @ 1029 c2
Event: 117.465 Thread 0x000002776e32ea80 DEOPT PACKING pc=0x000002775895bf84 sp=0x000000c33d3fdcd0
Event: 117.465 Thread 0x000002776e32ea80 DEOPT UNPACKING pc=0x0000027757ee3aa2 sp=0x000000c33d3fdc58 mode 2

Classes loaded (20 events):
Event: 3.938 Loading class java/util/regex/Pattern$Caret
Event: 3.938 Loading class java/util/regex/Pattern$Caret done
Event: 4.001 Loading class java/util/Hashtable$ValueCollection
Event: 4.001 Loading class java/util/Hashtable$ValueCollection done
Event: 4.128 Loading class java/util/WeakHashMap$KeyIterator
Event: 4.129 Loading class java/util/WeakHashMap$KeyIterator done
Event: 4.143 Loading class java/util/concurrent/CompletionException
Event: 4.143 Loading class java/util/concurrent/CompletionException done
Event: 4.154 Loading class java/util/regex/PatternSyntaxException
Event: 4.154 Loading class java/util/regex/PatternSyntaxException done
Event: 4.182 Loading class sun/reflect/misc/ReflectUtil
Event: 4.182 Loading class sun/reflect/misc/ReflectUtil done
Event: 5.256 Loading class java/util/stream/ReduceOps$4
Event: 5.257 Loading class java/util/stream/ReduceOps$4 done
Event: 5.257 Loading class java/util/stream/ReduceOps$4ReducingSink
Event: 5.257 Loading class java/util/stream/ReduceOps$4ReducingSink done
Event: 74.018 Loading class java/lang/UnsupportedClassVersionError
Event: 74.018 Loading class java/lang/UnsupportedClassVersionError done
Event: 74.019 Loading class java/io/FileReader
Event: 74.019 Loading class java/io/FileReader done

Classes unloaded (20 events):
Event: 3.512 Thread 0x00000277648c49b0 Unloading class 0x0000027701392400 'java/lang/invoke/LambdaForm$MH+0x0000027701392400'
Event: 3.512 Thread 0x00000277648c49b0 Unloading class 0x0000027701392000 'java/lang/invoke/LambdaForm$MH+0x0000027701392000'
Event: 3.512 Thread 0x00000277648c49b0 Unloading class 0x0000027701391c00 'java/lang/invoke/LambdaForm$MH+0x0000027701391c00'
Event: 3.512 Thread 0x00000277648c49b0 Unloading class 0x0000027701391800 'java/lang/invoke/LambdaForm$MH+0x0000027701391800'
Event: 3.512 Thread 0x00000277648c49b0 Unloading class 0x0000027701391000 'java/lang/invoke/LambdaForm$MH+0x0000027701391000'
Event: 3.512 Thread 0x00000277648c49b0 Unloading class 0x0000027701390800 'java/lang/invoke/LambdaForm$MH+0x0000027701390800'
Event: 3.512 Thread 0x00000277648c49b0 Unloading class 0x0000027701390400 'java/lang/invoke/LambdaForm$MH+0x0000027701390400'
Event: 3.512 Thread 0x00000277648c49b0 Unloading class 0x0000027701390000 'java/lang/invoke/LambdaForm$MH+0x0000027701390000'
Event: 3.512 Thread 0x00000277648c49b0 Unloading class 0x000002770138f400 'java/lang/invoke/LambdaForm$MH+0x000002770138f400'
Event: 3.512 Thread 0x00000277648c49b0 Unloading class 0x000002770138f800 'java/lang/invoke/LambdaForm$MH+0x000002770138f800'
Event: 3.512 Thread 0x00000277648c49b0 Unloading class 0x000002770138f000 'java/lang/invoke/LambdaForm$MH+0x000002770138f000'
Event: 3.512 Thread 0x00000277648c49b0 Unloading class 0x000002770138e800 'java/lang/invoke/LambdaForm$MH+0x000002770138e800'
Event: 3.512 Thread 0x00000277648c49b0 Unloading class 0x000002770138e400 'java/lang/invoke/LambdaForm$MH+0x000002770138e400'
Event: 3.512 Thread 0x00000277648c49b0 Unloading class 0x000002770138e000 'java/lang/invoke/LambdaForm$MH+0x000002770138e000'
Event: 3.512 Thread 0x00000277648c49b0 Unloading class 0x000002770138dc00 'java/lang/invoke/LambdaForm$MH+0x000002770138dc00'
Event: 3.512 Thread 0x00000277648c49b0 Unloading class 0x000002770138d800 'java/lang/invoke/LambdaForm$MH+0x000002770138d800'
Event: 3.512 Thread 0x00000277648c49b0 Unloading class 0x000002770138d000 'java/lang/invoke/LambdaForm$MH+0x000002770138d000'
Event: 3.512 Thread 0x00000277648c49b0 Unloading class 0x000002770138cc00 'java/lang/invoke/LambdaForm$DMH+0x000002770138cc00'
Event: 3.512 Thread 0x00000277648c49b0 Unloading class 0x000002770138c800 'java/lang/invoke/LambdaForm$DMH+0x000002770138c800'
Event: 3.512 Thread 0x00000277648c49b0 Unloading class 0x000002770138c400 'java/lang/invoke/LambdaForm$DMH+0x000002770138c400'

Classes redefined (0 events):
No events

Internal exceptions (20 events):
Event: 2.824 Thread 0x000002776e32c9b0 Exception <a 'java/lang/NoSuchMethodError'{0x00000000d5cb5f58}: 'int java.lang.invoke.Invokers$Holder.linkToTargetMethod(java.lang.Object, java.lang.Object, java.lang.Object)'> (0x00000000d5cb5f58) 
thrown [s\src\hotspot\share\interpreter\linkResolver.cpp, line 773]
Event: 2.824 Thread 0x000002776e32f7a0 Exception <a 'java/lang/NoSuchMethodError'{0x00000000d5cbc330}: 'int java.lang.invoke.Invokers$Holder.linkToTargetMethod(java.lang.Object, java.lang.Object, java.lang.Object)'> (0x00000000d5cbc330) 
thrown [s\src\hotspot\share\interpreter\linkResolver.cpp, line 773]
Event: 2.824 Thread 0x000002776e32f110 Exception <a 'java/lang/NoSuchMethodError'{0x00000000d5c75ad0}: 'int java.lang.invoke.Invokers$Holder.linkToTargetMethod(java.lang.Object, java.lang.Object, java.lang.Object)'> (0x00000000d5c75ad0) 
thrown [s\src\hotspot\share\interpreter\linkResolver.cpp, line 773]
Event: 3.387 Thread 0x000002776e32c9b0 Exception <a 'java/lang/NoSuchMethodError'{0x00000000d58e92c8}: 'java.lang.Object java.lang.invoke.DirectMethodHandle$Holder.invokeVirtual(java.lang.Object, java.lang.Object, int)'> (0x00000000d58e92c8) 
thrown [s\src\hotspot\share\interpreter\linkResolver.cpp, line 773]
Event: 3.497 Thread 0x000002776e32f110 Exception <a 'java/lang/LinkageError'{0x00000000d5c467f8}: loader lombok.launch.ShadowClassLoader @4d0f11ac attempted duplicate class definition for lombok.launch.PatchFixesHider$Transform. (lombok.launch.PatchFixesHider$Transform is in unnamed module of loader lombok.launch.ShadowClassLoader @4d0f11ac, parent loader org.eclipse.osgi.internal.loader.EquinoxClassLoader @5eb9c088)> (0x00000000d5c467f8) 
thrown [s\src\hotspot\share\classfile\systemDictionary.cpp, line 1672]
Event: 3.499 Thread 0x000002776e32ea80 Exception <a 'java/lang/LinkageError'{0x00000000d5abf640}: loader lombok.launch.ShadowClassLoader @4d0f11ac attempted duplicate class definition for lombok.launch.PatchFixesHider$Transform. (lombok.launch.PatchFixesHider$Transform is in unnamed module of loader lombok.launch.ShadowClassLoader @4d0f11ac, parent loader org.eclipse.osgi.internal.loader.EquinoxClassLoader @5eb9c088)> (0x00000000d5abf640) 
thrown [s\src\hotspot\share\classfile\systemDictionary.cpp, line 1672]
Event: 3.500 Thread 0x000002776e32c9b0 Exception <a 'java/lang/LinkageError'{0x00000000d5be2eb8}: loader lombok.launch.ShadowClassLoader @4d0f11ac attempted duplicate class definition for lombok.launch.PatchFixesHider$Transform. (lombok.launch.PatchFixesHider$Transform is in unnamed module of loader lombok.launch.ShadowClassLoader @4d0f11ac, parent loader org.eclipse.osgi.internal.loader.EquinoxClassLoader @5eb9c088)> (0x00000000d5be2eb8) 
thrown [s\src\hotspot\share\classfile\systemDictionary.cpp, line 1672]
Event: 4.004 Thread 0x000002776e32ea80 Exception <a 'java/lang/NoSuchMethodError'{0x00000000d6153570}: 'java.lang.Object java.lang.invoke.DirectMethodHandle$Holder.invokeSpecial(java.lang.Object, java.lang.Object, java.lang.Object, java.lang.Object, int, java.lang.Object, java.lang.Object)'> (0x00000000d6153570) 
thrown [s\src\hotspot\share\interpreter\linkResolver.cpp, line 773]
Event: 4.004 Thread 0x000002776e32c9b0 Exception <a 'java/lang/NoSuchMethodError'{0x00000000d60f0970}: 'java.lang.Object java.lang.invoke.DirectMethodHandle$Holder.invokeSpecial(java.lang.Object, java.lang.Object, java.lang.Object, java.lang.Object, int, java.lang.Object, java.lang.Object)'> (0x00000000d60f0970) 
thrown [s\src\hotspot\share\interpreter\linkResolver.cpp, line 773]
Event: 4.004 Thread 0x000002776e32f7a0 Exception <a 'java/lang/NoSuchMethodError'{0x00000000d61d92b8}: 'java.lang.Object java.lang.invoke.DirectMethodHandle$Holder.invokeSpecial(java.lang.Object, java.lang.Object, java.lang.Object, java.lang.Object, int, java.lang.Object, java.lang.Object)'> (0x00000000d61d92b8) 
thrown [s\src\hotspot\share\interpreter\linkResolver.cpp, line 773]
Event: 4.151 Thread 0x000002776e32f110 Exception <a 'java/lang/IncompatibleClassChangeError'{0x00000000d67d3ce8}: Found class java.lang.Object, but interface was expected> (0x00000000d67d3ce8) 
thrown [s\src\hotspot\share\interpreter\linkResolver.cpp, line 840]
Event: 4.592 Thread 0x000002776e32dd60 Exception <a 'java/lang/NoSuchMethodError'{0x00000000d6925330}: 'java.lang.Object java.lang.invoke.DirectMethodHandle$Holder.invokeSpecial(java.lang.Object, java.lang.Object, int, long)'> (0x00000000d6925330) 
thrown [s\src\hotspot\share\interpreter\linkResolver.cpp, line 773]
Event: 5.260 Thread 0x000002776c6c6930 Exception <a 'java/lang/NoSuchMethodError'{0x00000000d5a10888}: 'int java.lang.invoke.DirectMethodHandle$Holder.invokeSpecialIFC(java.lang.Object, java.lang.Object, java.lang.Object)'> (0x00000000d5a10888) 
thrown [s\src\hotspot\share\interpreter\linkResolver.cpp, line 773]
Event: 5.373 Thread 0x000002776c6c6930 Exception <a 'java/io/FileNotFoundException'{0x00000000d604ec00}> (0x00000000d604ec00) 
thrown [s\src\hotspot\share\prims\jni.cpp, line 520]
Event: 5.373 Thread 0x000002776c6c6930 Exception <a 'java/io/FileNotFoundException'{0x00000000d604fc58}> (0x00000000d604fc58) 
thrown [s\src\hotspot\share\prims\jni.cpp, line 520]
Event: 5.373 Thread 0x000002776c6c6930 Exception <a 'java/io/FileNotFoundException'{0x00000000d6050a20}> (0x00000000d6050a20) 
thrown [s\src\hotspot\share\prims\jni.cpp, line 520]
Event: 73.897 Thread 0x000002776e32f110 Exception <a 'java/lang/IncompatibleClassChangeError'{0x00000000d566e560}: Found class java.lang.Object, but interface was expected> (0x00000000d566e560) 
thrown [s\src\hotspot\share\interpreter\linkResolver.cpp, line 840]
Event: 73.903 Thread 0x000002776e32ea80 Exception <a 'java/lang/NoSuchMethodError'{0x00000000d5af2d70}: 'int java.lang.invoke.DirectMethodHandle$Holder.invokeInterface(java.lang.Object, java.lang.Object)'> (0x00000000d5af2d70) 
thrown [s\src\hotspot\share\interpreter\linkResolver.cpp, line 773]
Event: 73.903 Thread 0x000002776e32ea80 Exception <a 'java/lang/IncompatibleClassChangeError'{0x00000000d5af6030}: Found class java.lang.Object, but interface was expected> (0x00000000d5af6030) 
thrown [s\src\hotspot\share\interpreter\linkResolver.cpp, line 840]
Event: 74.026 Thread 0x000002776e32ea80 Exception <a 'java/lang/NoSuchMethodError'{0x00000000d63cce70}: 'int java.lang.invoke.Invokers$Holder.invokeExact_MT(java.lang.Object, java.lang.Object)'> (0x00000000d63cce70) 
thrown [s\src\hotspot\share\interpreter\linkResolver.cpp, line 773]

ZGC Phase Switch (0 events):
No events

VM Operations (20 events):
Event: 73.918 Executing non-safepoint VM operation: HandshakeAllThreads (Deoptimize)
Event: 73.918 Executing non-safepoint VM operation: HandshakeAllThreads (Deoptimize) done
Event: 73.918 Executing safepoint VM operation: Cleanup
Event: 73.918 Executing safepoint VM operation: Cleanup done
Event: 73.926 Executing non-safepoint VM operation: HandshakeAllThreads (Deoptimize)
Event: 73.926 Executing non-safepoint VM operation: HandshakeAllThreads (Deoptimize) done
Event: 73.927 Executing non-safepoint VM operation: HandshakeAllThreads (Deoptimize)
Event: 73.927 Executing non-safepoint VM operation: HandshakeAllThreads (Deoptimize) done
Event: 73.935 Executing non-safepoint VM operation: HandshakeAllThreads (Deoptimize)
Event: 73.935 Executing non-safepoint VM operation: HandshakeAllThreads (Deoptimize) done
Event: 74.013 Executing non-safepoint VM operation: HandshakeAllThreads (Deoptimize)
Event: 74.013 Executing non-safepoint VM operation: HandshakeAllThreads (Deoptimize) done
Event: 74.024 Executing non-safepoint VM operation: HandshakeAllThreads (Deoptimize)
Event: 74.024 Executing non-safepoint VM operation: HandshakeAllThreads (Deoptimize) done
Event: 75.027 Executing safepoint VM operation: Cleanup
Event: 75.028 Executing safepoint VM operation: Cleanup done
Event: 117.471 Executing safepoint VM operation: ParallelGCFailedAllocation (Allocation Failure)
Event: 117.474 Executing safepoint VM operation: ParallelGCFailedAllocation (Allocation Failure) done
Event: 118.483 Executing safepoint VM operation: Cleanup
Event: 118.765 Executing safepoint VM operation: Cleanup done

Memory protections (0 events):
No events

Nmethod flushes (20 events):
Event: 3.523 Thread 0x00000277648c49b0 flushing  nmethod 0x0000027750df2f90
Event: 3.523 Thread 0x00000277648c49b0 flushing  nmethod 0x0000027750df3290
Event: 3.523 Thread 0x00000277648c49b0 flushing  nmethod 0x0000027750dfab10
Event: 3.523 Thread 0x00000277648c49b0 flushing  nmethod 0x0000027750e07290
Event: 3.523 Thread 0x00000277648c49b0 flushing  nmethod 0x0000027750e80e90
Event: 3.523 Thread 0x00000277648c49b0 flushing  nmethod 0x0000027750e81310
Event: 3.523 Thread 0x00000277648c49b0 flushing  nmethod 0x0000027750e86f10
Event: 3.523 Thread 0x00000277648c49b0 flushing  nmethod 0x0000027750edd110
Event: 3.523 Thread 0x00000277648c49b0 flushing  nmethod 0x0000027750efb610
Event: 3.523 Thread 0x00000277648c49b0 flushing  nmethod 0x0000027750efbf90
Event: 3.523 Thread 0x00000277648c49b0 flushing  nmethod 0x0000027750f02410
Event: 3.523 Thread 0x00000277648c49b0 flushing  nmethod 0x0000027750f2f710
Event: 3.523 Thread 0x00000277648c49b0 flushing  nmethod 0x0000027750f39510
Event: 3.523 Thread 0x00000277648c49b0 flushing  nmethod 0x0000027750f3cc10
Event: 3.523 Thread 0x00000277648c49b0 flushing  nmethod 0x0000027750f3d310
Event: 3.523 Thread 0x00000277648c49b0 flushing  nmethod 0x0000027750f79510
Event: 3.523 Thread 0x00000277648c49b0 flushing  nmethod 0x0000027750f79f90
Event: 3.523 Thread 0x00000277648c49b0 flushing  nmethod 0x0000027750f8b990
Event: 3.523 Thread 0x00000277648c49b0 flushing  nmethod 0x0000027750f8be90
Event: 3.523 Thread 0x00000277648c49b0 flushing  nmethod 0x0000027750f92a90

Events (20 events):
Event: 68.594 Thread 0x000002776e0f4800 Thread exited: 0x000002776e0f4800
Event: 69.079 Thread 0x0000027765fde650 Thread added: 0x00000277677b9e70
Event: 73.896 Thread 0x00000277677b9e70 Thread exited: 0x00000277677b9e70
Event: 73.905 Thread 0x000002776e9026a0 Thread added: 0x00000277677b9e70
Event: 73.942 Thread 0x000002776f361d40 Thread added: 0x000002776eb79920
Event: 73.947 Thread 0x0000027765fded00 Thread added: 0x0000027777c7c340
Event: 73.959 Thread 0x000002776eb79920 Thread added: 0x000002776c215870
Event: 73.971 Thread 0x000002776f361d40 Thread added: 0x000002776cb28570
Event: 73.971 Thread 0x000002776f361d40 Thread added: 0x000002776e6e1c00
Event: 73.971 Thread 0x000002776f361d40 Thread added: 0x000002776e7b12e0
Event: 79.133 Thread 0x000002776e6e1c00 Thread exited: 0x000002776e6e1c00
Event: 79.133 Thread 0x000002776eb79920 Thread exited: 0x000002776eb79920
Event: 79.133 Thread 0x000002776e7b12e0 Thread exited: 0x000002776e7b12e0
Event: 79.133 Thread 0x000002776cb28570 Thread exited: 0x000002776cb28570
Event: 79.133 Thread 0x000002776c215870 Thread exited: 0x000002776c215870
Event: 84.137 Thread 0x0000027777c7c340 Thread exited: 0x0000027777c7c340
Event: 84.137 Thread 0x00000277677b9e70 Thread exited: 0x00000277677b9e70
Event: 84.137 Thread 0x000002776e9026a0 Thread exited: 0x000002776e9026a0
Event: 89.142 Thread 0x000002776f361d40 Thread exited: 0x000002776f361d40
Event: 117.470 Thread 0x0000027765fde650 Thread added: 0x00000277677b9e70


Dynamic libraries:
0x00007ff6956e0000 - 0x00007ff6956ee000 	c:\Users\RISHABH UPWANSHI\.vscode\extensions\redhat.java-1.54.0-win32-x64\jre\21.0.10-win32-x86_64\bin\java.exe
0x00007ffb71840000 - 0x00007ffb71aa6000 	C:\Windows\SYSTEM32\ntdll.dll
0x00007ffb6fe80000 - 0x00007ffb6ff49000 	C:\Windows\System32\KERNEL32.DLL
0x00007ffb6f1b0000 - 0x00007ffb6f5aa000 	C:\Windows\System32\KERNELBASE.dll
0x00007ffb6ecd0000 - 0x00007ffb6ee1c000 	C:\Windows\System32\ucrtbase.dll
0x00007ffb5a0e0000 - 0x00007ffb5a0f8000 	c:\Users\RISHABH UPWANSHI\.vscode\extensions\redhat.java-1.54.0-win32-x64\jre\21.0.10-win32-x86_64\bin\jli.dll
0x00007ffb67520000 - 0x00007ffb6753e000 	c:\Users\RISHABH UPWANSHI\.vscode\extensions\redhat.java-1.54.0-win32-x64\jre\21.0.10-win32-x86_64\bin\VCRUNTIME140.dll
0x00007ffb71510000 - 0x00007ffb716d7000 	C:\Windows\System32\USER32.dll
0x00007ffb6f0d0000 - 0x00007ffb6f0f7000 	C:\Windows\System32\win32u.dll
0x00007ffb54740000 - 0x00007ffb549d2000 	C:\Windows\WinSxS\amd64_microsoft.windows.common-controls_6595b64144ccf1df_6.0.26100.8521_none_3e08b75ce33403b3\COMCTL32.dll
0x00007ffb708e0000 - 0x00007ffb7090b000 	C:\Windows\System32\GDI32.dll
0x00007ffb6efa0000 - 0x00007ffb6f0cb000 	C:\Windows\System32\gdi32full.dll
0x00007ffb701e0000 - 0x00007ffb70289000 	C:\Windows\System32\msvcrt.dll
0x00007ffb6f100000 - 0x00007ffb6f1a3000 	C:\Windows\System32\msvcp_win.dll
0x00007ffb71270000 - 0x00007ffb712a2000 	C:\Windows\System32\IMM32.DLL
0x00007ffb63000000 - 0x00007ffb6300c000 	c:\Users\RISHABH UPWANSHI\.vscode\extensions\redhat.java-1.54.0-win32-x64\jre\21.0.10-win32-x86_64\bin\vcruntime140_1.dll
0x00007ffb33740000 - 0x00007ffb337cd000 	c:\Users\RISHABH UPWANSHI\.vscode\extensions\redhat.java-1.54.0-win32-x64\jre\21.0.10-win32-x86_64\bin\msvcp140.dll
0x00007ffadff10000 - 0x00007ffae0cb1000 	c:\Users\RISHABH UPWANSHI\.vscode\extensions\redhat.java-1.54.0-win32-x64\jre\21.0.10-win32-x86_64\bin\server\jvm.dll
0x00007ffb6f630000 - 0x00007ffb6f6e6000 	C:\Windows\System32\ADVAPI32.dll
0x00007ffb70910000 - 0x00007ffb709ba000 	C:\Windows\System32\sechost.dll
0x00007ffb709c0000 - 0x00007ffb70ad8000 	C:\Windows\System32\RPCRT4.dll
0x00007ffb70080000 - 0x00007ffb70100000 	C:\Windows\System32\WS2_32.dll
0x00007ffb6e930000 - 0x00007ffb6e98e000 	C:\Windows\SYSTEM32\POWRPROF.dll
0x00007ffb67920000 - 0x00007ffb6792b000 	C:\Windows\SYSTEM32\VERSION.dll
0x00007ffb63320000 - 0x00007ffb63356000 	C:\Windows\SYSTEM32\WINMM.dll
0x00007ffb6e910000 - 0x00007ffb6e924000 	C:\Windows\SYSTEM32\UMPDC.dll
0x00007ffb6d860000 - 0x00007ffb6d87b000 	C:\Windows\SYSTEM32\kernel.appcore.dll
0x00007ffb5a0d0000 - 0x00007ffb5a0da000 	c:\Users\RISHABH UPWANSHI\.vscode\extensions\redhat.java-1.54.0-win32-x64\jre\21.0.10-win32-x86_64\bin\jimage.dll
0x00007ffb56ad0000 - 0x00007ffb56d12000 	C:\Windows\SYSTEM32\DBGHELP.DLL
0x00007ffb703c0000 - 0x00007ffb70743000 	C:\Windows\System32\combase.dll
0x00007ffb702e0000 - 0x00007ffb703b9000 	C:\Windows\System32\OLEAUT32.dll
0x00007ffb4e590000 - 0x00007ffb4e5cb000 	C:\Windows\SYSTEM32\dbgcore.DLL
0x00007ffb6ead0000 - 0x00007ffb6eb78000 	C:\Windows\System32\bcryptPrimitives.dll
0x00007ffb5a070000 - 0x00007ffb5a07f000 	c:\Users\RISHABH UPWANSHI\.vscode\extensions\redhat.java-1.54.0-win32-x64\jre\21.0.10-win32-x86_64\bin\instrument.dll
0x00007ffb5a050000 - 0x00007ffb5a070000 	c:\Users\RISHABH UPWANSHI\.vscode\extensions\redhat.java-1.54.0-win32-x64\jre\21.0.10-win32-x86_64\bin\java.dll
0x00007ffb6f6f0000 - 0x00007ffb6fe74000 	C:\Windows\System32\SHELL32.dll
0x00007ffb6c660000 - 0x00007ffb6cee0000 	C:\Windows\SYSTEM32\windows.storage.dll
0x00007ffb71700000 - 0x00007ffb717f6000 	C:\Windows\System32\SHCORE.dll
0x00007ffb6ff50000 - 0x00007ffb6ffb7000 	C:\Windows\System32\shlwapi.dll
0x00007ffb6e9f0000 - 0x00007ffb6ea19000 	C:\Windows\SYSTEM32\profapi.dll
0x00007ffb56a10000 - 0x00007ffb56a28000 	c:\Users\RISHABH UPWANSHI\.vscode\extensions\redhat.java-1.54.0-win32-x64\jre\21.0.10-win32-x86_64\bin\zip.dll
0x00007ffb56a00000 - 0x00007ffb56a10000 	C:\Users\RISHABH UPWANSHI\.vscode\extensions\redhat.java-1.54.0-win32-x64\jre\21.0.10-win32-x86_64\bin\net.dll
0x00007ffb68840000 - 0x00007ffb68969000 	C:\Windows\SYSTEM32\WINHTTP.dll
0x00007ffb6ddd0000 - 0x00007ffb6de3c000 	C:\Windows\system32\mswsock.dll
0x00007ffb569e0000 - 0x00007ffb569f6000 	C:\Users\RISHABH UPWANSHI\.vscode\extensions\redhat.java-1.54.0-win32-x64\jre\21.0.10-win32-x86_64\bin\nio.dll
0x00007ffb569d0000 - 0x00007ffb569e0000 	c:\Users\RISHABH UPWANSHI\.vscode\extensions\redhat.java-1.54.0-win32-x64\jre\21.0.10-win32-x86_64\bin\verify.dll
0x00007ffb3e9d0000 - 0x00007ffb3ea15000 	C:\Users\RISHABH UPWANSHI\AppData\Roaming\Code\User\globalStorage\redhat.java\1.54.0\config_ss_win\org.eclipse.equinox.launcher\org.eclipse.equinox.launcher.win32.win32.x86_64_1.3.0.v20260203-2149\eclipse_11919.dll
0x00007ffb70ae0000 - 0x00007ffb70c78000 	C:\Windows\System32\ole32.dll
0x00007ffb6e0b0000 - 0x00007ffb6e0cb000 	C:\Windows\SYSTEM32\CRYPTSP.dll
0x00007ffb6d7c0000 - 0x00007ffb6d7f9000 	C:\Windows\system32\rsaenh.dll
0x00007ffb6de80000 - 0x00007ffb6deb3000 	C:\Windows\SYSTEM32\USERENV.dll
0x00007ffb6e9c0000 - 0x00007ffb6e9ea000 	C:\Windows\SYSTEM32\bcrypt.dll
0x00007ffb6e0d0000 - 0x00007ffb6e0dc000 	C:\Windows\SYSTEM32\CRYPTBASE.dll
0x00007ffb6d270000 - 0x00007ffb6d2a3000 	C:\Windows\SYSTEM32\IPHLPAPI.DLL
0x00007ffb701b0000 - 0x00007ffb701ba000 	C:\Windows\System32\NSI.dll
0x00007ffb336f0000 - 0x00007ffb33739000 	C:\Users\RISHABH UPWANSHI\AppData\Local\Temp\jna-1647839792\jna5171123049919033250.dll
0x00007ffb701c0000 - 0x00007ffb701c8000 	C:\Windows\System32\PSAPI.DLL
0x00007ffb69810000 - 0x00007ffb6982d000 	C:\Windows\SYSTEM32\dhcpcsvc6.DLL
0x00007ffb69750000 - 0x00007ffb69775000 	C:\Windows\SYSTEM32\dhcpcsvc.DLL

JVMTI agents:
c:\Users\RISHABH UPWANSHI\.vscode\extensions\redhat.java-1.54.0-win32-x64\lombok\lombok-1.18.39-4050.jar path:c:\Users\RISHABH UPWANSHI\.vscode\extensions\redhat.java-1.54.0-win32-x64\jre\21.0.10-win32-x86_64\bin\instrument.dll, loaded, initialized, instrumentlib options:none

dbghelp: loaded successfully - version: 4.0.5 - missing functions: none
symbol engine: initialized successfully - sym options: 0x614 - pdb path: .;c:\Users\RISHABH UPWANSHI\.vscode\extensions\redhat.java-1.54.0-win32-x64\jre\21.0.10-win32-x86_64\bin;C:\Windows\SYSTEM32;C:\Windows\WinSxS\amd64_microsoft.windows.common-controls_6595b64144ccf1df_6.0.26100.8521_none_3e08b75ce33403b3;c:\Users\RISHABH UPWANSHI\.vscode\extensions\redhat.java-1.54.0-win32-x64\jre\21.0.10-win32-x86_64\bin\server;C:\Users\RISHABH UPWANSHI\AppData\Roaming\Code\User\globalStorage\redhat.java\1.54.0\config_ss_win\org.eclipse.equinox.launcher\org.eclipse.equinox.launcher.win32.win32.x86_64_1.3.0.v20260203-2149;C:\Users\RISHABH UPWANSHI\AppData\Local\Temp\jna-1647839792

VM Arguments:
jvm_args: --add-modules=ALL-SYSTEM --add-opens=java.base/java.util=ALL-UNNAMED --add-opens=java.base/java.lang=ALL-UNNAMED --add-opens=java.base/sun.nio.fs=ALL-UNNAMED -Declipse.application=org.eclipse.jdt.ls.core.id1 -Dosgi.bundles.defaultStartLevel=4 -Declipse.product=org.eclipse.jdt.ls.core.product -Djava.import.generatesMetadataFilesAtProjectRoot=false -DDetectVMInstallationsJob.disabled=true -Dfile.encoding=utf8 -XX:+UseParallelGC -XX:GCTimeRatio=4 -XX:AdaptiveSizePolicyWeight=90 -Dsun.zip.disableMemoryMapping=true -Xmx2G -Xms100m -Xlog:disable -javaagent:c:\Users\RISHABH UPWANSHI\.vscode\extensions\redhat.java-1.54.0-win32-x64\lombok\lombok-1.18.39-4050.jar 
java_command: c:\Users\RISHABH UPWANSHI\.vscode\extensions\redhat.java-1.54.0-win32-x64\server\plugins\org.eclipse.equinox.launcher_1.7.100.v20251111-0406.jar -configuration c:\Users\RISHABH UPWANSHI\AppData\Roaming\Code\User\globalStorage\redhat.java\1.54.0\config_ss_win -data c:\Users\RISHABH UPWANSHI\AppData\Roaming\Code\User\workspaceStorage\f4a2606078933381c2a47e88c5c240c0\redhat.java\ss_ws --pipe=\\.\pipe\lsp-83aaf1c781e4855cda65df02cb59a497-sock
java_class_path (initial): c:\Users\RISHABH UPWANSHI\.vscode\extensions\redhat.java-1.54.0-win32-x64\server\plugins\org.eclipse.equinox.launcher_1.7.100.v20251111-0406.jar
Launcher Type: SUN_STANDARD

[Global flags]
    uintx AdaptiveSizePolicyWeight                 = 90                                        {product} {command line}
     intx CICompilerCount                          = 12                                        {product} {ergonomic}
    uintx GCTimeRatio                              = 4                                         {product} {command line}
   size_t InitialHeapSize                          = 104857600                                 {product} {command line}
   size_t MaxHeapSize                              = 2147483648                                {product} {command line}
   size_t MaxNewSize                               = 715653120                                 {product} {ergonomic}
   size_t MinHeapDeltaBytes                        = 524288                                    {product} {ergonomic}
   size_t MinHeapSize                              = 104857600                                 {product} {command line}
   size_t NewSize                                  = 34603008                                  {product} {ergonomic}
    uintx NonNMethodCodeHeapSize                   = 7602480                                {pd product} {ergonomic}
    uintx NonProfiledCodeHeapSize                  = 122027880                              {pd product} {ergonomic}
   size_t OldSize                                  = 70254592                                  {product} {ergonomic}
    uintx ProfiledCodeHeapSize                     = 122027880                              {pd product} {ergonomic}
    uintx ReservedCodeCacheSize                    = 251658240                              {pd product} {ergonomic}
     bool SegmentedCodeCache                       = true                                      {product} {ergonomic}
   size_t SoftMaxHeapSize                          = 2147483648                             {manageable} {ergonomic}
     bool UseCompressedOops                        = true                           {product lp64_product} {ergonomic}
     bool UseLargePagesIndividualAllocation        = false                                  {pd product} {ergonomic}
     bool UseParallelGC                            = true                                      {product} {command line}

Logging:
Log output configuration:
 #0: stdout all=off uptime,level,tags foldmultilines=false
 #1: stderr all=off uptime,level,tags foldmultilines=false

Release file:
JAVA_VERSION="21.0.10" 
MODULES="java.base java.compiler java.datatransfer java.xml java.prefs java.desktop java.instrument java.logging java.management java.security.sasl java.naming java.rmi java.management.rmi java.net.http java.scripting java.security.jgss java.transaction.xa java.sql java.sql.rowset java.xml.crypto java.se java.smartcardio jdk.accessibility jdk.internal.jvmstat jdk.attach jdk.charsets jdk.internal.opt jdk.zipfs jdk.compiler jdk.crypto.ec jdk.crypto.cryptoki jdk.crypto.mscapi jdk.dynalink jdk.internal.ed jdk.editpad jdk.hotspot.agent jdk.httpserver jdk.internal.le jdk.internal.vm.ci jdk.internal.vm.compiler jdk.internal.vm.compiler.management jdk.jartool jdk.javadoc jdk.jcmd jdk.management jdk.management.agent jdk.jconsole jdk.jdeps jdk.jdwp.agent jdk.jdi jdk.jfr jdk.jshell jdk.jsobject jdk.jstatd jdk.localedata jdk.management.jfr jdk.naming.dns jdk.naming.rmi jdk.net jdk.nio.mapmode jdk.random jdk.sctp jdk.security.auth jdk.security.jgss jdk.unsupported jdk.unsupported.desktop jdk.xml.dom" 

Environment Variables:
PATH=C:\Program Files\Common Files\Oracle\Java\javapath;C:\Python313\Scripts\;C:\Python313\;C:\Windows\system32;C:\Windows;C:\Windows\System32\Wbem;C:\Windows\System32\WindowsPowerShell\v1.0\;C:\Windows\System32\OpenSSH\;C:\Program Files (x86)\NVIDIA Corporation\PhysX\Common;C:\Program Files\dotnet\;C:\Program Files\NVIDIA Corporation\NVIDIA App\NvDLISR;C:\ProgramData\chocolatey\bin;C:\TDM-GCC-64\bin;C:\msys64\ucrt64\bin;C:\Program Files\Git\cmd;C:\Program Files\MongoDB\Server\8.2\bin;C:\Program Files\nodejs\;C:\Program Files\Microsoft SQL Server\170\Tools\Binn\;C:\Program Files\Microsoft SQL Server\Client SDK\ODBC\170\Tools\Binn\;E:\apache-maven-3.9.16-bin\apache-maven-3.9.16\bin;C:\Users\RISHABH UPWANSHI\AppData\Local\agy\bin;C:\Program Files\MySQL\MySQL Shell 8.0\bin\;C:\Users\RISHABH UPWANSHI\AppData\Local\Microsoft\WindowsApps;C:\Users\RISHABH UPWANSHI\AppData\Local\Programs\Microsoft VS Code\bin;C:\MinGW\bin;C:\Program Files\JetBrains\WebStorm 2025.2.2\bin;C:\Program Files\MySQL\MySQL Server 8.0\bin;C:\Program Files\mongosh\;C:\Users\RISHABH UPWANSHI\AppData\Roaming\npm;C:\Users\RISHABH UPWANSHI\.dotnet\tools;C:\Program Files\PostgreSQL\17\bin;
USERNAME=RISHABH UPWANSHI
OS=Windows_NT
PROCESSOR_IDENTIFIER=AMD64 Family 25 Model 68 Stepping 1, AuthenticAMD
TMP=C:\Users\RISHAB~1\AppData\Local\Temp
TEMP=C:\Users\RISHAB~1\AppData\Local\Temp




Periodic native trim disabled

---------------  S Y S T E M  ---------------

OS:
 Windows 11 , 64 bit Build 26100 (10.0.26100.8521)
OS uptime: 0 days 0:25 hours
Hyper-V role detected

CPU: total 16 (initial active 16) (16 cores per cpu, 2 threads per core) family 25 model 68 stepping 1 microcode 0xa404107, cx8, cmov, fxsr, ht, mmx, 3dnowpref, sse, sse2, sse3, ssse3, sse4a, sse4.1, sse4.2, popcnt, lzcnt, tsc, tscinvbit, avx, avx2, aes, erms, clmul, bmi1, bmi2, adx, sha, fma, vzeroupper, clflush, clflushopt, hv, rdtscp, rdpid, fsrm, f16c, cet_ss
Processor Information for the first 16 processors :
  Max Mhz: 3100, Current Mhz: 3100, Mhz Limit: 3100

Memory: 4k page, system-wide physical 16202M (7276M free)
TotalPageFile size 16202M (AvailPageFile size 9M)
current process WorkingSet (physical memory assigned to process): 206M, peak: 237M
current process commit charge ("private bytes"): 339M, peak: 363M

vm_info: OpenJDK 64-Bit Server VM (21.0.10+7-LTS) for windows-amd64 JRE (21.0.10+7-LTS), built on 2026-01-20T00:00:00Z by "admin" with MS VC++ 17.12 (VS2022)

END.
