#
# There is insufficient memory for the Java Runtime Environment to continue.
# Native memory allocation (malloc) failed to allocate 1482736 bytes. Error detail: Chunk::new
# Possible reasons:
#   The system is out of physical RAM or swap space
#   This process is running with CompressedOops enabled, and the Java Heap may be blocking the growth of the native heap
# Possible solutions:
#   Reduce memory load on the system
#   Increase physical memory or swap space
#   Check if swap backing store is full
#   Decrease Java heap size (-Xmx/-Xms)
#   Decrease number of Java threads
#   Decrease Java thread stack sizes (-Xss)
#   Set larger code cache with -XX:ReservedCodeCacheSize=
#   JVM is running with Unscaled Compressed Oops mode in which the Java heap is
#     placed in the first 4GB address space. The Java Heap base address is the
#     maximum limit for the native heap growth. Please use -XX:HeapBaseMinAddress
#     to set the Java Heap base and to place the Java Heap above 4GB virtual address.
# This output file may be truncated or incomplete.
#
#  Out of Memory Error (arena.cpp:168), pid=8724, tid=14284
#
# JRE version: OpenJDK Runtime Environment Temurin-21.0.10+7 (21.0.10+7) (build 21.0.10+7-LTS)
# Java VM: OpenJDK 64-Bit Server VM Temurin-21.0.10+7 (21.0.10+7-LTS, mixed mode, sharing, tiered, compressed oops, compressed class ptrs, parallel gc, windows-amd64)
# No core dump will be written. Minidumps are not enabled by default on client versions of Windows
#

---------------  S U M M A R Y ------------

Command Line: --add-modules=ALL-SYSTEM --add-opens=java.base/java.util=ALL-UNNAMED --add-opens=java.base/java.lang=ALL-UNNAMED --add-opens=java.base/sun.nio.fs=ALL-UNNAMED -Declipse.application=org.eclipse.jdt.ls.core.id1 -Dosgi.bundles.defaultStartLevel=4 -Declipse.product=org.eclipse.jdt.ls.core.product -Djava.import.generatesMetadataFilesAtProjectRoot=false -DDetectVMInstallationsJob.disabled=true -Dfile.encoding=utf8 -XX:+UseParallelGC -XX:GCTimeRatio=4 -XX:AdaptiveSizePolicyWeight=90 -Dsun.zip.disableMemoryMapping=true -Xmx2G -Xms100m -Xlog:disable -javaagent:c:\Users\RISHABH UPWANSHI\.vscode\extensions\redhat.java-1.54.0-win32-x64\lombok\lombok-1.18.39-4050.jar -XX:+HeapDumpOnOutOfMemoryError -XX:HeapDumpPath=c:\Users\RISHABH UPWANSHI\AppData\Roaming\Code\User\workspaceStorage\f4a2606078933381c2a47e88c5c240c0\redhat.java -Daether.dependencyCollector.impl=bf c:\Users\RISHABH UPWANSHI\.vscode\extensions\redhat.java-1.54.0-win32-x64\server\plugins\org.eclipse.equinox.launcher_1.7.100.v20251111-0406.jar -configuration c:\Users\RISHABH UPWANSHI\AppData\Roaming\Code\User\globalStorage\redhat.java\1.54.0\config_win -data c:\Users\RISHABH UPWANSHI\AppData\Roaming\Code\User\workspaceStorage\f4a2606078933381c2a47e88c5c240c0\redhat.java\jdt_ws --pipe=\\.\pipe\lsp-2592b2230e5f838593b74e70590e8976-sock

Host: AMD Ryzen 7 7435HS                             , 16 cores, 15G,  Windows 11 , 64 bit Build 26100 (10.0.26100.8737)
Time: Wed Jun 24 23:59:59 2026 India Standard Time elapsed time: 12.383743 seconds (0d 0h 0m 12s)

---------------  T H R E A D  ---------------

Current thread (0x00000251a21bfc80):  JavaThread "C2 CompilerThread6" daemon [_thread_in_native, id=14284, stack(0x000000dd30600000,0x000000dd30700000) (1024K)]


Current CompileTask:
C2:12383 7013       4       java.lang.invoke.MethodType::makeImpl (109 bytes)

Stack: [0x000000dd30600000,0x000000dd30700000]
Native frames: (J=compiled Java code, j=interpreted, Vv=VM code, C=native code)
V  [jvm.dll+0x6d7a39]
V  [jvm.dll+0x8b4b26]
V  [jvm.dll+0x8b70de]
V  [jvm.dll+0x8b77c3]
V  [jvm.dll+0x284346]
V  [jvm.dll+0xc66ed]
V  [jvm.dll+0xc6c31]
V  [jvm.dll+0x3bec01]
V  [jvm.dll+0x38b162]
V  [jvm.dll+0x38a5aa]
V  [jvm.dll+0x24c560]
V  [jvm.dll+0x24bb40]
V  [jvm.dll+0x1cb34e]
V  [jvm.dll+0x25b85d]
V  [jvm.dll+0x259dea]
V  [jvm.dll+0x3f857e]
V  [jvm.dll+0x85f59d]
V  [jvm.dll+0x6d626d]
C  [ucrtbase.dll+0x2cd30]
C  [KERNEL32.DLL+0x2e957]
C  [ntdll.dll+0xaad6c]


---------------  P R O C E S S  ---------------

Threads class SMR info:
_java_thread_list=0x00000251a2461b40, length=52, elements={
0x0000025140a3a5d0, 0x0000025142e321b0, 0x0000025142e35240, 0x0000025142e37b50,
0x0000025142e385b0, 0x0000025142e3b6b0, 0x0000025142e42e00, 0x000002519bc3d7c0,
0x000002519bc3df20, 0x0000025142e44840, 0x0000025142e45bf0, 0x0000025142e45560,
0x0000025142e46280, 0x0000025142e44ed0, 0x0000025142e441b0, 0x0000025142e43490,
0x0000025142e43b20, 0x00000251a21beee0, 0x00000251a2fb7ed0, 0x00000251a2fb8560,
0x00000251a2fb8bf0, 0x00000251a2fb6b20, 0x00000251a2fb7840, 0x00000251a21c10f0,
0x00000251a2fb71b0, 0x00000251a2fb9910, 0x00000251a21be140, 0x00000251a21be810,
0x00000251a21bf5b0, 0x00000251a21bfc80, 0x00000251a2fb9280, 0x00000251a2fb6490,
0x00000251a2fbd420, 0x00000251a2fba630, 0x00000251a2fbb9e0, 0x00000251a2fbcd90,
0x00000251a2fbacc0, 0x00000251a2fb9fa0, 0x00000251a2fbc070, 0x00000251a2fbb350,
0x00000251a2fbc700, 0x00000251a4e7ea00, 0x00000251a4e7cfc0, 0x00000251a4e7e370,
0x00000251a4e7d650, 0x00000251a4e7c2a0, 0x00000251a4e7f090, 0x00000251a4e7bc10,
0x00000251a4e7fdb0, 0x00000251a7b33fa0, 0x00000251a4e7c930, 0x00000251a4e80440
}

Java Threads: ( => current thread )
  0x0000025140a3a5d0 JavaThread "main"                              [_thread_blocked, id=22020, stack(0x000000dd2d900000,0x000000dd2da00000) (1024K)]
  0x0000025142e321b0 JavaThread "Reference Handler"          daemon [_thread_blocked, id=4492, stack(0x000000dd2dd00000,0x000000dd2de00000) (1024K)]
  0x0000025142e35240 JavaThread "Finalizer"                  daemon [_thread_blocked, id=8948, stack(0x000000dd2de00000,0x000000dd2df00000) (1024K)]
  0x0000025142e37b50 JavaThread "Signal Dispatcher"          daemon [_thread_blocked, id=26996, stack(0x000000dd2df00000,0x000000dd2e000000) (1024K)]
  0x0000025142e385b0 JavaThread "Attach Listener"            daemon [_thread_blocked, id=8620, stack(0x000000dd2e000000,0x000000dd2e100000) (1024K)]
  0x0000025142e3b6b0 JavaThread "Service Thread"             daemon [_thread_blocked, id=21744, stack(0x000000dd2e100000,0x000000dd2e200000) (1024K)]
  0x0000025142e42e00 JavaThread "Monitor Deflation Thread"   daemon [_thread_blocked, id=19136, stack(0x000000dd2e200000,0x000000dd2e300000) (1024K)]
  0x000002519bc3d7c0 JavaThread "C2 CompilerThread0"         daemon [_thread_in_native, id=30392, stack(0x000000dd2e300000,0x000000dd2e400000) (1024K)]
  0x000002519bc3df20 JavaThread "C1 CompilerThread0"         daemon [_thread_blocked, id=7648, stack(0x000000dd2e400000,0x000000dd2e500000) (1024K)]
  0x0000025142e44840 JavaThread "Common-Cleaner"             daemon [_thread_blocked, id=6768, stack(0x000000dd2e800000,0x000000dd2e900000) (1024K)]
  0x0000025142e45bf0 JavaThread "Notification Thread"        daemon [_thread_blocked, id=24300, stack(0x000000dd2ea00000,0x000000dd2eb00000) (1024K)]
  0x0000025142e45560 JavaThread "Active Thread: Equinox Container: 69aae3b0-d75b-4ad6-93f5-2e3f8ea8b1be"        [_thread_blocked, id=20496, stack(0x000000dd2f300000,0x000000dd2f400000) (1024K)]
  0x0000025142e46280 JavaThread "Refresh Thread: Equinox Container: 69aae3b0-d75b-4ad6-93f5-2e3f8ea8b1be" daemon [_thread_blocked, id=20576, stack(0x000000dd2f500000,0x000000dd2f600000) (1024K)]
  0x0000025142e44ed0 JavaThread "Framework Event Dispatcher: Equinox Container: 69aae3b0-d75b-4ad6-93f5-2e3f8ea8b1be" daemon [_thread_blocked, id=29776, stack(0x000000dd2f600000,0x000000dd2f700000) (1024K)]
  0x0000025142e441b0 JavaThread "Start Level: Equinox Container: 69aae3b0-d75b-4ad6-93f5-2e3f8ea8b1be" daemon [_thread_blocked, id=13096, stack(0x000000dd2f700000,0x000000dd2f800000) (1024K)]
  0x0000025142e43490 JavaThread "Bundle File Closer"         daemon [_thread_blocked, id=25116, stack(0x000000dd2fb00000,0x000000dd2fc00000) (1024K)]
  0x0000025142e43b20 JavaThread "SCR Component Actor"        daemon [_thread_blocked, id=10424, stack(0x000000dd2e700000,0x000000dd2e800000) (1024K)]
  0x00000251a21beee0 JavaThread "C2 CompilerThread1"         daemon [_thread_blocked, id=8456, stack(0x000000dd2e900000,0x000000dd2ea00000) (1024K)]
  0x00000251a2fb7ed0 JavaThread "Worker-JM"                         [_thread_blocked, id=10996, stack(0x000000dd2eb00000,0x000000dd2ec00000) (1024K)]
  0x00000251a2fb8560 JavaThread "JNA Cleaner"                daemon [_thread_blocked, id=12960, stack(0x000000dd2fe00000,0x000000dd2ff00000) (1024K)]
  0x00000251a2fb8bf0 JavaThread "Worker-0: Repository registry initialization"        [_thread_in_vm, id=13948, stack(0x000000dd2ff00000,0x000000dd30000000) (1024K)]
  0x00000251a2fb6b20 JavaThread "Worker-1: Building"                [_thread_blocked, id=29244, stack(0x000000dd30000000,0x000000dd30100000) (1024K)]
  0x00000251a2fb7840 JavaThread "Worker-2"                          [_thread_blocked, id=29836, stack(0x000000dd30100000,0x000000dd30200000) (1024K)]
  0x00000251a21c10f0 JavaThread "C2 CompilerThread2"         daemon [_thread_in_native, id=19180, stack(0x000000dd30200000,0x000000dd30300000) (1024K)]
  0x00000251a2fb71b0 JavaThread "Java indexing"              daemon [_thread_in_native, id=15496, stack(0x000000dd30300000,0x000000dd30400000) (1024K)]
  0x00000251a2fb9910 JavaThread "Worker-3"                          [_thread_blocked, id=2664, stack(0x000000dd30400000,0x000000dd30500000) (1024K)]
  0x00000251a21be140 JavaThread "C2 CompilerThread3"         daemon [_thread_blocked, id=23868, stack(0x000000dd2e600000,0x000000dd2e700000) (1024K)]
  0x00000251a21be810 JavaThread "C2 CompilerThread4"         daemon [_thread_in_native, id=30104, stack(0x000000dd2fd00000,0x000000dd2fe00000) (1024K)]
  0x00000251a21bf5b0 JavaThread "C2 CompilerThread5"         daemon [_thread_blocked, id=6472, stack(0x000000dd30500000,0x000000dd30600000) (1024K)]
=>0x00000251a21bfc80 JavaThread "C2 CompilerThread6"         daemon [_thread_in_native, id=14284, stack(0x000000dd30600000,0x000000dd30700000) (1024K)]
  0x00000251a2fb9280 JavaThread "Worker-4: Java indexing... "        [_thread_blocked, id=24496, stack(0x000000dd30700000,0x000000dd30800000) (1024K)]
  0x00000251a2fb6490 JavaThread "Thread-1"                   daemon [_thread_in_native, id=3056, stack(0x000000dd30a00000,0x000000dd30b00000) (1024K)]
  0x00000251a2fbd420 JavaThread "Thread-2"                   daemon [_thread_in_native, id=14448, stack(0x000000dd30b00000,0x000000dd30c00000) (1024K)]
  0x00000251a2fba630 JavaThread "Thread-3"                   daemon [_thread_in_native, id=2832, stack(0x000000dd30c00000,0x000000dd30d00000) (1024K)]
  0x00000251a2fbb9e0 JavaThread "Thread-4"                   daemon [_thread_in_native, id=29144, stack(0x000000dd30d00000,0x000000dd30e00000) (1024K)]
  0x00000251a2fbcd90 JavaThread "Thread-5"                   daemon [_thread_in_native, id=16860, stack(0x000000dd30e00000,0x000000dd30f00000) (1024K)]
  0x00000251a2fbacc0 JavaThread "Thread-6"                   daemon [_thread_in_native, id=28920, stack(0x000000dd30f00000,0x000000dd31000000) (1024K)]
  0x00000251a2fb9fa0 JavaThread "Thread-7"                   daemon [_thread_in_native, id=14332, stack(0x000000dd31000000,0x000000dd31100000) (1024K)]
  0x00000251a2fbc070 JavaThread "Thread-8"                   daemon [_thread_in_native, id=26972, stack(0x000000dd31100000,0x000000dd31200000) (1024K)]
  0x00000251a2fbb350 JavaThread "Thread-9"                   daemon [_thread_in_native, id=17020, stack(0x000000dd31200000,0x000000dd31300000) (1024K)]
  0x00000251a2fbc700 JavaThread "Thread-10"                  daemon [_thread_in_native, id=10336, stack(0x000000dd31300000,0x000000dd31400000) (1024K)]
  0x00000251a4e7ea00 JavaThread "Thread-11"                  daemon [_thread_in_native, id=26488, stack(0x000000dd31400000,0x000000dd31500000) (1024K)]
  0x00000251a4e7cfc0 JavaThread "Thread-12"                  daemon [_thread_in_native, id=13076, stack(0x000000dd31500000,0x000000dd31600000) (1024K)]
  0x00000251a4e7e370 JavaThread "Thread-13"                  daemon [_thread_in_native, id=18256, stack(0x000000dd31600000,0x000000dd31700000) (1024K)]
  0x00000251a4e7d650 JavaThread "Thread-14"                  daemon [_thread_in_native, id=18252, stack(0x000000dd31700000,0x000000dd31800000) (1024K)]
  0x00000251a4e7c2a0 JavaThread "Thread-15"                  daemon [_thread_in_native, id=18368, stack(0x000000dd31800000,0x000000dd31900000) (1024K)]
  0x00000251a4e7f090 JavaThread "Thread-16"                  daemon [_thread_in_native, id=16636, stack(0x000000dd31900000,0x000000dd31a00000) (1024K)]
  0x00000251a4e7bc10 JavaThread "Thread-17"                  daemon [_thread_in_native, id=15376, stack(0x000000dd31a00000,0x000000dd31b00000) (1024K)]
  0x00000251a4e7fdb0 JavaThread "pool-2-thread-1"                   [_thread_blocked, id=20192, stack(0x000000dd31b00000,0x000000dd31c00000) (1024K)]
  0x00000251a7b33fa0 JavaThread "C2 CompilerThread7"         daemon [_thread_in_native, id=20896, stack(0x000000dd31e00000,0x000000dd31f00000) (1024K)]
  0x00000251a4e7c930 JavaThread "WorkspaceEventsHandler"            [_thread_blocked, id=3560, stack(0x000000dd31f00000,0x000000dd32000000) (1024K)]
  0x00000251a4e80440 JavaThread "pool-1-thread-1"                   [_thread_blocked, id=20448, stack(0x000000dd32000000,0x000000dd32100000) (1024K)]
Total: 52

Other Threads:
  0x0000025142e31bf0 VMThread "VM Thread"                           [id=20332, stack(0x000000dd2dc00000,0x000000dd2dd00000) (1024K)]
  0x000002515971ca00 WatcherThread "VM Periodic Task Thread"        [id=24040, stack(0x000000dd2db00000,0x000000dd2dc00000) (1024K)]
  0x0000025142dac6e0 WorkerThread "GC Thread#0"                     [id=21920, stack(0x000000dd2da00000,0x000000dd2db00000) (1024K)]
  0x000002519d596f80 WorkerThread "GC Thread#1"                     [id=16924, stack(0x000000dd2ec00000,0x000000dd2ed00000) (1024K)]
  0x00000251a22686f0 WorkerThread "GC Thread#2"                     [id=28728, stack(0x000000dd2ed00000,0x000000dd2ee00000) (1024K)]
  0x00000251a2268aa0 WorkerThread "GC Thread#3"                     [id=23996, stack(0x000000dd2ee00000,0x000000dd2ef00000) (1024K)]
  0x00000251a2269250 WorkerThread "GC Thread#4"                     [id=6296, stack(0x000000dd2ef00000,0x000000dd2f000000) (1024K)]
  0x000002519da6b5a0 WorkerThread "GC Thread#5"                     [id=11704, stack(0x000000dd2f000000,0x000000dd2f100000) (1024K)]
  0x000002519da6aa90 WorkerThread "GC Thread#6"                     [id=18828, stack(0x000000dd2f100000,0x000000dd2f200000) (1024K)]
  0x000002519da6c0b0 WorkerThread "GC Thread#7"                     [id=15732, stack(0x000000dd2f400000,0x000000dd2f500000) (1024K)]
  0x000002519da6ae40 WorkerThread "GC Thread#8"                     [id=25100, stack(0x000000dd2f800000,0x000000dd2f900000) (1024K)]
  0x000002519da6bd00 WorkerThread "GC Thread#9"                     [id=15532, stack(0x000000dd2f900000,0x000000dd2fa00000) (1024K)]
  0x000002519da6b1f0 WorkerThread "GC Thread#10"                    [id=15704, stack(0x000000dd2fa00000,0x000000dd2fb00000) (1024K)]
  0x00000251a21cbd70 WorkerThread "GC Thread#11"                    [id=24128, stack(0x000000dd2f200000,0x000000dd2f300000) (1024K)]
  0x00000251a21ce600 WorkerThread "GC Thread#12"                    [id=17756, stack(0x000000dd2fc00000,0x000000dd2fd00000) (1024K)]
Total: 15

Threads with active compile tasks:
C2 CompilerThread0  13403 7122       4       org.lombokweb.asm.ClassReader::readMethod (1070 bytes)
C2 CompilerThread2  13403 6929   !   4       org.eclipse.osgi.internal.loader.BundleLoader::findLocalClass (159 bytes)
C2 CompilerThread4  13403 7258       4       jdk.internal.org.objectweb.asm.SymbolTable::addConstantUtf8 (98 bytes)
C2 CompilerThread6  13403 7013       4       java.lang.invoke.MethodType::makeImpl (109 bytes)
C2 CompilerThread7  13403 7170   !   4       org.eclipse.osgi.internal.loader.classpath.ClasspathManager::defineClass (636 bytes)
Total: 5

VM state: not at safepoint (normal execution)

VM Mutex/Monitor currently owned by a thread: None

Heap address: 0x0000000080000000, size: 2048 MB, Compressed Oops mode: 32-bit

CDS archive(s) mapped at: [0x000002515a000000-0x000002515aba0000-0x000002515aba0000), size 12189696, SharedBaseAddress: 0x000002515a000000, ArchiveRelocationMode: 1.
Compressed class space mapped at: 0x000002515b000000-0x000002519b000000, reserved size: 1073741824
Narrow klass base: 0x000002515a000000, Narrow klass shift: 0, Narrow klass range: 0x100000000

GC Precious Log:
 CardTable entry size: 512
 CPUs: 16 total, 16 available
 Memory: 16202M
 Large Page Support: Disabled
 NUMA Support: Disabled
 Compressed Oops: Enabled (32-bit)
 Alignments: Space 512K, Generation 512K, Heap 2M
 Heap Min Capacity: 100M
 Heap Initial Capacity: 100M
 Heap Max Capacity: 2G
 Pre-touch: Disabled
 Parallel Workers: 13

Heap:
 PSYoungGen      total 22528K, used 16808K [0x00000000d5580000, 0x00000000d7200000, 0x0000000100000000)
  eden space 20992K, 73% used [0x00000000d5580000,0x00000000d6490748,0x00000000d6a00000)
  from space 1536K, 90% used [0x00000000d7080000,0x00000000d71d9a20,0x00000000d7200000)
  to   space 2048K, 0% used [0x00000000d6e00000,0x00000000d6e00000,0x00000000d7000000)
 ParOldGen       total 68608K, used 45493K [0x0000000080000000, 0x0000000084300000, 0x00000000d5580000)
  object space 68608K, 66% used [0x0000000080000000,0x0000000082c6d678,0x0000000084300000)
 Metaspace       used 50430K, committed 51712K, reserved 1114112K
  class space    used 5366K, committed 5952K, reserved 1048576K

Card table byte_map: [0x0000025142740000,0x0000025142b50000] _byte_map_base: 0x0000025142340000

Marking Bits: (ParMarkBitMap*) 0x00007ffa29ab3450
 Begin Bits: [0x0000025155240000, 0x0000025157240000)
 End Bits:   [0x0000025157240000, 0x0000025159240000)

Polling page: 0x0000025140e70000

Metaspace:

Usage:
  Non-class:     44.01 MB used.
      Class:      5.24 MB used.
       Both:     49.25 MB used.

Virtual space:
  Non-class space:       64.00 MB reserved,      44.69 MB ( 70%) committed,  1 nodes.
      Class space:        1.00 GB reserved,       5.81 MB ( <1%) committed,  1 nodes.
             Both:        1.06 GB reserved,      50.50 MB (  5%) committed. 

Chunk freelists:
   Non-Class:  2.53 MB
       Class:  10.19 MB
        Both:  12.72 MB

MaxMetaspaceSize: unlimited
CompressedClassSpaceSize: 1.00 GB
Initial GC threshold: 21.00 MB
Current GC threshold: 58.38 MB
CDS: on
 - commit_granule_bytes: 65536.
 - commit_granule_words: 8192.
 - virtual_space_node_default_size: 8388608.
 - enlarge_chunks_in_place: 1.
 - use_allocation_guard: 0.


Internal statistics:

num_allocs_failed_limit: 8.
num_arena_births: 1026.
num_arena_deaths: 14.
num_vsnodes_births: 2.
num_vsnodes_deaths: 0.
num_space_committed: 808.
num_space_uncommitted: 0.
num_chunks_returned_to_freelist: 22.
num_chunks_taken_from_freelist: 3490.
num_chunk_merges: 14.
num_chunk_splits: 2049.
num_chunks_enlarged: 998.
num_inconsistent_stats: 0.

CodeHeap 'non-profiled nmethods': size=119168Kb used=4040Kb max_used=4040Kb free=115128Kb
 bounds [0x000002514db30000, 0x000002514df30000, 0x0000025154f90000]
CodeHeap 'profiled nmethods': size=119104Kb used=14487Kb max_used=14487Kb free=104616Kb
 bounds [0x0000025145f90000, 0x0000025146dc0000, 0x000002514d3e0000]
CodeHeap 'non-nmethods': size=7488Kb used=1397Kb max_used=3179Kb free=6090Kb
 bounds [0x000002514d3e0000, 0x000002514d710000, 0x000002514db30000]
CodeCache: size=245760Kb, used=19924Kb, max_used=21706Kb, free=225834Kb
 total_blobs=7396, nmethods=6696, adapters=606, full_count=0
Compilation: enabled, stopped_count=0, restarted_count=0

Compilation events (20 events):
Event: 11.360 Thread 0x000002519bc3df20 7243       3       org.eclipse.jdt.internal.compiler.parser.Scanner::mayBeAtCasePattern (18 bytes)
Event: 11.360 Thread 0x000002519bc3df20 nmethod 7243 0x0000025146d9eb90 code [0x0000025146d9ed40, 0x0000025146d9ef98]
Event: 11.361 Thread 0x00000251a7b33200 nmethod 7242 0x0000025146d9f090 code [0x0000025146d9f320, 0x0000025146da00e0]
Event: 11.361 Thread 0x000002519bc3df20 7244       3       org.eclipse.jdt.internal.compiler.parser.Scanner::atMultiCaseComma (45 bytes)
Event: 11.361 Thread 0x000002519bd36150 nmethod 7241 0x0000025146da0310 code [0x0000025146da0640, 0x0000025146da1878]
Event: 11.362 Thread 0x000002519bc3df20 nmethod 7244 0x0000025146da1f90 code [0x0000025146da2160, 0x0000025146da2590]
Event: 11.362 Thread 0x00000251a7b33200 7246       3       org.eclipse.jdt.internal.compiler.parser.Scanner::getIdentifierIgnoringIgnorable (139 bytes)
Event: 11.362 Thread 0x000002519bc3df20 7247       3       org.eclipse.jdt.internal.compiler.parser.Scanner::scanIdentifierOrKeyword (277 bytes)
Event: 11.363 Thread 0x000002519bd36150 7249       3       org.eclipse.jdt.internal.compiler.impl.JavaFeature::isSupported (28 bytes)
Event: 11.364 Thread 0x00000251a7b33200 nmethod 7246 0x0000025146da2710 code [0x0000025146da2980, 0x0000025146da3370]
Event: 11.364 Thread 0x000002519bd36150 nmethod 7249 0x0000025146da3810 code [0x0000025146da39c0, 0x0000025146da3bb8]
Event: 11.365 Thread 0x000002519bd36150 7248       3       org.eclipse.jdt.internal.compiler.parser.Parser::pushIdentifier (34 bytes)
Event: 11.365 Thread 0x00000251a7b33200 7250       3       org.eclipse.jdt.internal.compiler.parser.Parser::pushIdentifier (200 bytes)
Event: 11.365 Thread 0x000002519bd36150 nmethod 7248 0x0000025146da3c90 code [0x0000025146da3e60, 0x0000025146da4128]
Event: 11.365 Thread 0x000002519bc3df20 nmethod 7247 0x0000025146da4290 code [0x0000025146da4520, 0x0000025146da5190]
Event: 11.367 Thread 0x00000251a7b33200 nmethod 7250 0x0000025146da5510 code [0x0000025146da5760, 0x0000025146da6440]
Event: 11.371 Thread 0x00000251a21c0350 nmethod 7245 0x0000025146da6890 code [0x0000025146da7660, 0x0000025146db0008]
Event: 11.371 Thread 0x00000251a21be810 nmethod 7239 0x000002514df17a10 code [0x000002514df17bc0, 0x000002514df17f10]
Event: 11.374 Thread 0x000002519bd36150 7251       3       java.lang.ClassLoader::checkName (37 bytes)
Event: 11.375 Thread 0x000002519bd36150 nmethod 7251 0x0000025146db1c10 code [0x0000025146db1e40, 0x0000025146db2648]

GC Heap History (20 events):
Event: 9.238 GC heap before
{Heap before GC invocations=21 (full 2):
 PSYoungGen      total 24576K, used 24258K [0x00000000d5580000, 0x00000000d7180000, 0x0000000100000000)
  eden space 22016K, 100% used [0x00000000d5580000,0x00000000d6b00000,0x00000000d6b00000)
  from space 2560K, 87% used [0x00000000d6f00000,0x00000000d7130830,0x00000000d7180000)
  to   space 3072K, 0% used [0x00000000d6b80000,0x00000000d6b80000,0x00000000d6e80000)
 ParOldGen       total 68608K, used 25926K [0x0000000080000000, 0x0000000084300000, 0x00000000d5580000)
  object space 68608K, 37% used [0x0000000080000000,0x0000000081951aa8,0x0000000084300000)
 Metaspace       used 42494K, committed 43776K, reserved 1114112K
  class space    used 4483K, committed 5120K, reserved 1048576K
}
Event: 9.240 GC heap after
{Heap after GC invocations=21 (full 2):
 PSYoungGen      total 24576K, used 2048K [0x00000000d5580000, 0x00000000d7000000, 0x0000000100000000)
  eden space 22016K, 0% used [0x00000000d5580000,0x00000000d5580000,0x00000000d6b00000)
  from space 2560K, 80% used [0x00000000d6b80000,0x00000000d6d80010,0x00000000d6e00000)
  to   space 2048K, 0% used [0x00000000d6e00000,0x00000000d6e00000,0x00000000d7000000)
 ParOldGen       total 68608K, used 27968K [0x0000000080000000, 0x0000000084300000, 0x00000000d5580000)
  object space 68608K, 40% used [0x0000000080000000,0x0000000081b500c8,0x0000000084300000)
 Metaspace       used 42494K, committed 43776K, reserved 1114112K
  class space    used 4483K, committed 5120K, reserved 1048576K
}
Event: 9.305 GC heap before
{Heap before GC invocations=22 (full 2):
 PSYoungGen      total 24576K, used 24064K [0x00000000d5580000, 0x00000000d7000000, 0x0000000100000000)
  eden space 22016K, 100% used [0x00000000d5580000,0x00000000d6b00000,0x00000000d6b00000)
  from space 2560K, 80% used [0x00000000d6b80000,0x00000000d6d80010,0x00000000d6e00000)
  to   space 2048K, 0% used [0x00000000d6e00000,0x00000000d6e00000,0x00000000d7000000)
 ParOldGen       total 68608K, used 27968K [0x0000000080000000, 0x0000000084300000, 0x00000000d5580000)
  object space 68608K, 40% used [0x0000000080000000,0x0000000081b500c8,0x0000000084300000)
 Metaspace       used 42836K, committed 44096K, reserved 1114112K
  class space    used 4537K, committed 5184K, reserved 1048576K
}
Event: 9.308 GC heap after
{Heap after GC invocations=22 (full 2):
 PSYoungGen      total 23040K, used 2048K [0x00000000d5580000, 0x00000000d7300000, 0x0000000100000000)
  eden space 20992K, 0% used [0x00000000d5580000,0x00000000d5580000,0x00000000d6a00000)
  from space 2048K, 100% used [0x00000000d6e00000,0x00000000d7000000,0x00000000d7000000)
  to   space 4096K, 0% used [0x00000000d6a00000,0x00000000d6a00000,0x00000000d6e00000)
 ParOldGen       total 68608K, used 29696K [0x0000000080000000, 0x0000000084300000, 0x00000000d5580000)
  object space 68608K, 43% used [0x0000000080000000,0x0000000081d000d8,0x0000000084300000)
 Metaspace       used 42836K, committed 44096K, reserved 1114112K
  class space    used 4537K, committed 5184K, reserved 1048576K
}
Event: 9.363 GC heap before
{Heap before GC invocations=23 (full 2):
 PSYoungGen      total 23040K, used 23040K [0x00000000d5580000, 0x00000000d7300000, 0x0000000100000000)
  eden space 20992K, 100% used [0x00000000d5580000,0x00000000d6a00000,0x00000000d6a00000)
  from space 2048K, 100% used [0x00000000d6e00000,0x00000000d7000000,0x00000000d7000000)
  to   space 4096K, 0% used [0x00000000d6a00000,0x00000000d6a00000,0x00000000d6e00000)
 ParOldGen       total 68608K, used 29696K [0x0000000080000000, 0x0000000084300000, 0x00000000d5580000)
  object space 68608K, 43% used [0x0000000080000000,0x0000000081d000d8,0x0000000084300000)
 Metaspace       used 43135K, committed 44352K, reserved 1114112K
  class space    used 4567K, committed 5184K, reserved 1048576K
}
Event: 9.365 GC heap after
{Heap after GC invocations=23 (full 2):
 PSYoungGen      total 23552K, used 2052K [0x00000000d5580000, 0x00000000d7000000, 0x0000000100000000)
  eden space 20992K, 0% used [0x00000000d5580000,0x00000000d5580000,0x00000000d6a00000)
  from space 2560K, 80% used [0x00000000d6a00000,0x00000000d6c01000,0x00000000d6c80000)
  to   space 3072K, 0% used [0x00000000d6d00000,0x00000000d6d00000,0x00000000d7000000)
 ParOldGen       total 68608K, used 31526K [0x0000000080000000, 0x0000000084300000, 0x00000000d5580000)
  object space 68608K, 45% used [0x0000000080000000,0x0000000081ec9a88,0x0000000084300000)
 Metaspace       used 43135K, committed 44352K, reserved 1114112K
  class space    used 4567K, committed 5184K, reserved 1048576K
}
Event: 9.424 GC heap before
{Heap before GC invocations=24 (full 2):
 PSYoungGen      total 23552K, used 23044K [0x00000000d5580000, 0x00000000d7000000, 0x0000000100000000)
  eden space 20992K, 100% used [0x00000000d5580000,0x00000000d6a00000,0x00000000d6a00000)
  from space 2560K, 80% used [0x00000000d6a00000,0x00000000d6c01000,0x00000000d6c80000)
  to   space 3072K, 0% used [0x00000000d6d00000,0x00000000d6d00000,0x00000000d7000000)
 ParOldGen       total 68608K, used 31526K [0x0000000080000000, 0x0000000084300000, 0x00000000d5580000)
  object space 68608K, 45% used [0x0000000080000000,0x0000000081ec9a88,0x0000000084300000)
 Metaspace       used 43431K, committed 44608K, reserved 1114112K
  class space    used 4602K, committed 5184K, reserved 1048576K
}
Event: 9.426 GC heap after
{Heap after GC invocations=24 (full 2):
 PSYoungGen      total 23040K, used 1984K [0x00000000d5580000, 0x00000000d6f00000, 0x0000000100000000)
  eden space 20992K, 0% used [0x00000000d5580000,0x00000000d5580000,0x00000000d6a00000)
  from space 2048K, 96% used [0x00000000d6d00000,0x00000000d6ef0010,0x00000000d6f00000)
  to   space 2560K, 0% used [0x00000000d6a00000,0x00000000d6a00000,0x00000000d6c80000)
 ParOldGen       total 68608K, used 33340K [0x0000000080000000, 0x0000000084300000, 0x00000000d5580000)
  object space 68608K, 48% used [0x0000000080000000,0x000000008208f0b0,0x0000000084300000)
 Metaspace       used 43431K, committed 44608K, reserved 1114112K
  class space    used 4602K, committed 5184K, reserved 1048576K
}
Event: 9.510 GC heap before
{Heap before GC invocations=25 (full 2):
 PSYoungGen      total 23040K, used 22954K [0x00000000d5580000, 0x00000000d6f00000, 0x0000000100000000)
  eden space 20992K, 99% used [0x00000000d5580000,0x00000000d69fab10,0x00000000d6a00000)
  from space 2048K, 96% used [0x00000000d6d00000,0x00000000d6ef0010,0x00000000d6f00000)
  to   space 2560K, 0% used [0x00000000d6a00000,0x00000000d6a00000,0x00000000d6c80000)
 ParOldGen       total 68608K, used 33340K [0x0000000080000000, 0x0000000084300000, 0x00000000d5580000)
  object space 68608K, 48% used [0x0000000080000000,0x000000008208f0b0,0x0000000084300000)
 Metaspace       used 43696K, committed 44928K, reserved 1114112K
  class space    used 4637K, committed 5248K, reserved 1048576K
}
Event: 9.514 GC heap after
{Heap after GC invocations=25 (full 2):
 PSYoungGen      total 23040K, used 1600K [0x00000000d5580000, 0x00000000d6e00000, 0x0000000100000000)
  eden space 20992K, 0% used [0x00000000d5580000,0x00000000d5580000,0x00000000d6a00000)
  from space 2048K, 78% used [0x00000000d6a00000,0x00000000d6b90000,0x00000000d6c00000)
  to   space 2048K, 0% used [0x00000000d6c00000,0x00000000d6c00000,0x00000000d6e00000)
 ParOldGen       total 68608K, used 35132K [0x0000000080000000, 0x0000000084300000, 0x00000000d5580000)
  object space 68608K, 51% used [0x0000000080000000,0x000000008224f0c0,0x0000000084300000)
 Metaspace       used 43696K, committed 44928K, reserved 1114112K
  class space    used 4637K, committed 5248K, reserved 1048576K
}
Event: 9.647 GC heap before
{Heap before GC invocations=26 (full 2):
 PSYoungGen      total 23040K, used 22592K [0x00000000d5580000, 0x00000000d6e00000, 0x0000000100000000)
  eden space 20992K, 100% used [0x00000000d5580000,0x00000000d6a00000,0x00000000d6a00000)
  from space 2048K, 78% used [0x00000000d6a00000,0x00000000d6b90000,0x00000000d6c00000)
  to   space 2048K, 0% used [0x00000000d6c00000,0x00000000d6c00000,0x00000000d6e00000)
 ParOldGen       total 68608K, used 35132K [0x0000000080000000, 0x0000000084300000, 0x00000000d5580000)
  object space 68608K, 51% used [0x0000000080000000,0x000000008224f0c0,0x0000000084300000)
 Metaspace       used 44215K, committed 45504K, reserved 1114112K
  class space    used 4710K, committed 5312K, reserved 1048576K
}
Event: 9.653 GC heap after
{Heap after GC invocations=26 (full 2):
 PSYoungGen      total 22528K, used 1440K [0x00000000d5580000, 0x00000000d6d80000, 0x0000000100000000)
  eden space 20992K, 0% used [0x00000000d5580000,0x00000000d5580000,0x00000000d6a00000)
  from space 1536K, 93% used [0x00000000d6c00000,0x00000000d6d68000,0x00000000d6d80000)
  to   space 1536K, 0% used [0x00000000d6a80000,0x00000000d6a80000,0x00000000d6c00000)
 ParOldGen       total 68608K, used 36516K [0x0000000080000000, 0x0000000084300000, 0x00000000d5580000)
  object space 68608K, 53% used [0x0000000080000000,0x00000000823a92c0,0x0000000084300000)
 Metaspace       used 44215K, committed 45504K, reserved 1114112K
  class space    used 4710K, committed 5312K, reserved 1048576K
}
Event: 10.002 GC heap before
{Heap before GC invocations=27 (full 2):
 PSYoungGen      total 22528K, used 22432K [0x00000000d5580000, 0x00000000d6d80000, 0x0000000100000000)
  eden space 20992K, 100% used [0x00000000d5580000,0x00000000d6a00000,0x00000000d6a00000)
  from space 1536K, 93% used [0x00000000d6c00000,0x00000000d6d68000,0x00000000d6d80000)
  to   space 1536K, 0% used [0x00000000d6a80000,0x00000000d6a80000,0x00000000d6c00000)
 ParOldGen       total 68608K, used 36516K [0x0000000080000000, 0x0000000084300000, 0x00000000d5580000)
  object space 68608K, 53% used [0x0000000080000000,0x00000000823a92c0,0x0000000084300000)
 Metaspace       used 45369K, committed 46592K, reserved 1114112K
  class space    used 4849K, committed 5440K, reserved 1048576K
}
Event: 10.006 GC heap after
{Heap after GC invocations=27 (full 2):
 PSYoungGen      total 22528K, used 1504K [0x00000000d5580000, 0x00000000d7b00000, 0x0000000100000000)
  eden space 20992K, 0% used [0x00000000d5580000,0x00000000d5580000,0x00000000d6a00000)
  from space 1536K, 97% used [0x00000000d6a80000,0x00000000d6bf8020,0x00000000d6c00000)
  to   space 8704K, 0% used [0x00000000d7280000,0x00000000d7280000,0x00000000d7b00000)
 ParOldGen       total 68608K, used 42341K [0x0000000080000000, 0x0000000084300000, 0x00000000d5580000)
  object space 68608K, 61% used [0x0000000080000000,0x0000000082959550,0x0000000084300000)
 Metaspace       used 45369K, committed 46592K, reserved 1114112K
  class space    used 4849K, committed 5440K, reserved 1048576K
}
Event: 10.654 GC heap before
{Heap before GC invocations=28 (full 2):
 PSYoungGen      total 22528K, used 22496K [0x00000000d5580000, 0x00000000d7b00000, 0x0000000100000000)
  eden space 20992K, 100% used [0x00000000d5580000,0x00000000d6a00000,0x00000000d6a00000)
  from space 1536K, 97% used [0x00000000d6a80000,0x00000000d6bf8020,0x00000000d6c00000)
  to   space 8704K, 0% used [0x00000000d7280000,0x00000000d7280000,0x00000000d7b00000)
 ParOldGen       total 68608K, used 42341K [0x0000000080000000, 0x0000000084300000, 0x00000000d5580000)
  object space 68608K, 61% used [0x0000000080000000,0x0000000082959550,0x0000000084300000)
 Metaspace       used 47086K, committed 48320K, reserved 1114112K
  class space    used 5033K, committed 5632K, reserved 1048576K
}
Event: 10.657 GC heap after
{Heap after GC invocations=28 (full 2):
 PSYoungGen      total 22016K, used 736K [0x00000000d5580000, 0x00000000d7380000, 0x0000000100000000)
  eden space 20992K, 0% used [0x00000000d5580000,0x00000000d5580000,0x00000000d6a00000)
  from space 1024K, 71% used [0x00000000d7280000,0x00000000d7338000,0x00000000d7380000)
  to   space 3584K, 0% used [0x00000000d6c80000,0x00000000d6c80000,0x00000000d7000000)
 ParOldGen       total 68608K, used 43874K [0x0000000080000000, 0x0000000084300000, 0x00000000d5580000)
  object space 68608K, 63% used [0x0000000080000000,0x0000000082ad8800,0x0000000084300000)
 Metaspace       used 47086K, committed 48320K, reserved 1114112K
  class space    used 5033K, committed 5632K, reserved 1048576K
}
Event: 10.928 GC heap before
{Heap before GC invocations=29 (full 2):
 PSYoungGen      total 22016K, used 21728K [0x00000000d5580000, 0x00000000d7380000, 0x0000000100000000)
  eden space 20992K, 100% used [0x00000000d5580000,0x00000000d6a00000,0x00000000d6a00000)
  from space 1024K, 71% used [0x00000000d7280000,0x00000000d7338000,0x00000000d7380000)
  to   space 3584K, 0% used [0x00000000d6c80000,0x00000000d6c80000,0x00000000d7000000)
 ParOldGen       total 68608K, used 43874K [0x0000000080000000, 0x0000000084300000, 0x00000000d5580000)
  object space 68608K, 63% used [0x0000000080000000,0x0000000082ad8800,0x0000000084300000)
 Metaspace       used 48548K, committed 49792K, reserved 1114112K
  class space    used 5164K, committed 5760K, reserved 1048576K
}
Event: 10.933 GC heap after
{Heap after GC invocations=29 (full 2):
 PSYoungGen      total 24576K, used 2166K [0x00000000d5580000, 0x00000000d7300000, 0x0000000100000000)
  eden space 20992K, 0% used [0x00000000d5580000,0x00000000d5580000,0x00000000d6a00000)
  from space 3584K, 60% used [0x00000000d6c80000,0x00000000d6e9da80,0x00000000d7000000)
  to   space 2560K, 0% used [0x00000000d7080000,0x00000000d7080000,0x00000000d7300000)
 ParOldGen       total 68608K, used 44449K [0x0000000080000000, 0x0000000084300000, 0x00000000d5580000)
  object space 68608K, 64% used [0x0000000080000000,0x0000000082b68500,0x0000000084300000)
 Metaspace       used 48548K, committed 49792K, reserved 1114112K
  class space    used 5164K, committed 5760K, reserved 1048576K
}
Event: 11.045 GC heap before
{Heap before GC invocations=30 (full 2):
 PSYoungGen      total 24576K, used 23158K [0x00000000d5580000, 0x00000000d7300000, 0x0000000100000000)
  eden space 20992K, 100% used [0x00000000d5580000,0x00000000d6a00000,0x00000000d6a00000)
  from space 3584K, 60% used [0x00000000d6c80000,0x00000000d6e9da80,0x00000000d7000000)
  to   space 2560K, 0% used [0x00000000d7080000,0x00000000d7080000,0x00000000d7300000)
 ParOldGen       total 68608K, used 44449K [0x0000000080000000, 0x0000000084300000, 0x00000000d5580000)
  object space 68608K, 64% used [0x0000000080000000,0x0000000082b68500,0x0000000084300000)
 Metaspace       used 48647K, committed 49856K, reserved 1114112K
  class space    used 5174K, committed 5760K, reserved 1048576K
}
Event: 11.047 GC heap after
{Heap after GC invocations=30 (full 2):
 PSYoungGen      total 22528K, used 1382K [0x00000000d5580000, 0x00000000d7200000, 0x0000000100000000)
  eden space 20992K, 0% used [0x00000000d5580000,0x00000000d5580000,0x00000000d6a00000)
  from space 1536K, 90% used [0x00000000d7080000,0x00000000d71d9a20,0x00000000d7200000)
  to   space 2048K, 0% used [0x00000000d6e00000,0x00000000d6e00000,0x00000000d7000000)
 ParOldGen       total 68608K, used 45493K [0x0000000080000000, 0x0000000084300000, 0x00000000d5580000)
  object space 68608K, 66% used [0x0000000080000000,0x0000000082c6d678,0x0000000084300000)
 Metaspace       used 48647K, committed 49856K, reserved 1114112K
  class space    used 5174K, committed 5760K, reserved 1048576K
}

Dll operation events (10 events):
Event: 0.010 Loaded shared library c:\Users\RISHABH UPWANSHI\.vscode\extensions\redhat.java-1.54.0-win32-x64\jre\21.0.10-win32-x86_64\bin\java.dll
Event: 0.066 Loaded shared library c:\Users\RISHABH UPWANSHI\.vscode\extensions\redhat.java-1.54.0-win32-x64\jre\21.0.10-win32-x86_64\bin\zip.dll
Event: 0.084 Loaded shared library C:\Users\RISHABH UPWANSHI\.vscode\extensions\redhat.java-1.54.0-win32-x64\jre\21.0.10-win32-x86_64\bin\instrument.dll
Event: 0.088 Loaded shared library C:\Users\RISHABH UPWANSHI\.vscode\extensions\redhat.java-1.54.0-win32-x64\jre\21.0.10-win32-x86_64\bin\net.dll
Event: 0.091 Loaded shared library C:\Users\RISHABH UPWANSHI\.vscode\extensions\redhat.java-1.54.0-win32-x64\jre\21.0.10-win32-x86_64\bin\nio.dll
Event: 0.094 Loaded shared library C:\Users\RISHABH UPWANSHI\.vscode\extensions\redhat.java-1.54.0-win32-x64\jre\21.0.10-win32-x86_64\bin\zip.dll
Event: 0.116 Loaded shared library C:\Users\RISHABH UPWANSHI\.vscode\extensions\redhat.java-1.54.0-win32-x64\jre\21.0.10-win32-x86_64\bin\jimage.dll
Event: 0.215 Loaded shared library c:\Users\RISHABH UPWANSHI\.vscode\extensions\redhat.java-1.54.0-win32-x64\jre\21.0.10-win32-x86_64\bin\verify.dll
Event: 1.377 Loaded shared library C:\Users\RISHABH UPWANSHI\AppData\Roaming\Code\User\globalStorage\redhat.java\1.54.0\config_win\org.eclipse.equinox.launcher\org.eclipse.equinox.launcher.win32.win32.x86_64_1.3.0.v20260203-2149\eclipse_11919.dll
Event: 3.622 Loaded shared library C:\Users\RISHABH UPWANSHI\AppData\Local\Temp\jna-1647839792\jna7716780302102402944.dll

Deoptimization events (20 events):
Event: 10.926 Thread 0x00000251a2fb71b0 Uncommon trap: trap_request=0xffffffde fr.pc=0x000002514dd22328 relative=0x0000000000001168
Event: 10.927 Thread 0x00000251a2fb71b0 Uncommon trap: reason=class_check action=maybe_recompile pc=0x000002514dd22328 method=lombok.patcher.PatchScript$MethodPatcher.visitMethod(ILjava/lang/String;Ljava/lang/String;Ljava/lang/String;[Ljava/lang/String;)Lorg/lombokweb/asm/MethodVisitor; @ 101 c
Event: 10.927 Thread 0x00000251a2fb71b0 DEOPT PACKING pc=0x000002514dd22328 sp=0x000000dd303faa00
Event: 10.927 Thread 0x00000251a2fb71b0 DEOPT UNPACKING pc=0x000002514d433aa2 sp=0x000000dd303fa9f8 mode 2
Event: 10.953 Thread 0x00000251a2fb71b0 DEOPT PACKING pc=0x0000025146969933 sp=0x000000dd303fabb0
Event: 10.953 Thread 0x00000251a2fb71b0 DEOPT UNPACKING pc=0x000002514d434242 sp=0x000000dd303fa0e0 mode 0
Event: 10.967 Thread 0x00000251a2fb71b0 DEOPT PACKING pc=0x0000025146969933 sp=0x000000dd303fabb0
Event: 10.967 Thread 0x00000251a2fb71b0 DEOPT UNPACKING pc=0x000002514d434242 sp=0x000000dd303fa0e0 mode 0
Event: 11.300 Thread 0x00000251a2fb8bf0 Uncommon trap: trap_request=0xffffff45 fr.pc=0x000002514dc69d84 relative=0x00000000000002a4
Event: 11.300 Thread 0x00000251a2fb8bf0 Uncommon trap: reason=unstable_if action=reinterpret pc=0x000002514dc69d84 method=java.lang.ClassLoader.checkName(Ljava/lang/String;)Z @ 1 c2
Event: 11.300 Thread 0x00000251a2fb8bf0 DEOPT PACKING pc=0x000002514dc69d84 sp=0x000000dd2fffdbf0
Event: 11.300 Thread 0x00000251a2fb8bf0 DEOPT UNPACKING pc=0x000002514d433aa2 sp=0x000000dd2fffdb88 mode 2
Event: 11.300 Thread 0x00000251a2fb8bf0 Uncommon trap: trap_request=0xffffff45 fr.pc=0x000002514dbe54c8 relative=0x0000000000000f88
Event: 11.300 Thread 0x00000251a2fb8bf0 Uncommon trap: reason=unstable_if action=reinterpret pc=0x000002514dbe54c8 method=lombok.patcher.ScriptManager$OurClassFileTransformer.transform(Ljava/lang/ClassLoader;Ljava/lang/String;Ljava/lang/Class;Ljava/security/ProtectionDomain;[B)[B @ 1 c2
Event: 11.300 Thread 0x00000251a2fb8bf0 DEOPT PACKING pc=0x000002514dbe54c8 sp=0x000000dd2fffc780
Event: 11.300 Thread 0x00000251a2fb8bf0 DEOPT UNPACKING pc=0x000002514d433aa2 sp=0x000000dd2fffc700 mode 2
Event: 11.350 Thread 0x00000251a2fb71b0 Uncommon trap: trap_request=0xffffffcc fr.pc=0x000002514df100c4 relative=0x0000000000001824
Event: 11.350 Thread 0x00000251a2fb71b0 Uncommon trap: reason=intrinsic_or_type_checked_inlining action=make_not_entrant pc=0x000002514df100c4 method=java.util.ArrayList$SubList.toArray([Ljava/lang/Object;)[Ljava/lang/Object; @ 58 c2
Event: 11.350 Thread 0x00000251a2fb71b0 DEOPT PACKING pc=0x000002514df100c4 sp=0x000000dd303fe170
Event: 11.350 Thread 0x00000251a2fb71b0 DEOPT UNPACKING pc=0x000002514d433aa2 sp=0x000000dd303fe098 mode 2

Classes loaded (20 events):
Event: 9.707 Loading class java/nio/file/attribute/PosixFileAttributeView
Event: 9.707 Loading class java/nio/file/attribute/PosixFileAttributeView done
Event: 9.733 Loading class java/util/concurrent/CompletionService
Event: 9.733 Loading class java/util/concurrent/CompletionService done
Event: 9.788 Loading class java/nio/file/DirectoryIteratorException
Event: 9.788 Loading class java/nio/file/DirectoryIteratorException done
Event: 9.892 Loading class java/util/Vector$1
Event: 9.892 Loading class java/util/Vector$1 done
Event: 9.975 Loading class java/lang/invoke/MethodHandleImpl$CountingWrapper
Event: 9.975 Loading class java/lang/invoke/MethodHandleImpl$CountingWrapper done
Event: 10.297 Loading class sun/reflect/generics/scope/ConstructorScope
Event: 10.297 Loading class sun/reflect/generics/scope/ConstructorScope done
Event: 10.297 Loading class sun/reflect/generics/tree/VoidDescriptor
Event: 10.297 Loading class sun/reflect/generics/tree/VoidDescriptor done
Event: 10.470 Loading class java/nio/channels/ServerSocketChannel
Event: 10.471 Loading class java/nio/channels/ServerSocketChannel done
Event: 10.703 Loading class sun/reflect/generics/repository/FieldRepository
Event: 10.703 Loading class sun/reflect/generics/repository/FieldRepository done
Event: 11.296 Loading class jdk/internal/org/objectweb/asm/ClassReader
Event: 11.297 Loading class jdk/internal/org/objectweb/asm/ClassReader done

Classes unloaded (7 events):
Event: 4.053 Thread 0x0000025142e31bf0 Unloading class 0x000002515b1a9400 'java/lang/invoke/LambdaForm$MH+0x000002515b1a9400'
Event: 4.053 Thread 0x0000025142e31bf0 Unloading class 0x000002515b1a9000 'java/lang/invoke/LambdaForm$MH+0x000002515b1a9000'
Event: 4.053 Thread 0x0000025142e31bf0 Unloading class 0x000002515b1a8c00 'java/lang/invoke/LambdaForm$MH+0x000002515b1a8c00'
Event: 4.053 Thread 0x0000025142e31bf0 Unloading class 0x000002515b1a8800 'java/lang/invoke/LambdaForm$MH+0x000002515b1a8800'
Event: 4.053 Thread 0x0000025142e31bf0 Unloading class 0x000002515b1a8400 'java/lang/invoke/LambdaForm$BMH+0x000002515b1a8400'
Event: 4.053 Thread 0x0000025142e31bf0 Unloading class 0x000002515b1a8000 'java/lang/invoke/LambdaForm$DMH+0x000002515b1a8000'
Event: 4.053 Thread 0x0000025142e31bf0 Unloading class 0x000002515b1a6c00 'java/lang/invoke/LambdaForm$DMH+0x000002515b1a6c00'

Classes redefined (0 events):
No events

Internal exceptions (20 events):
Event: 8.639 Thread 0x00000251a2fb6b20 Exception <a 'java/io/FileNotFoundException'{0x00000000d6a88b58}> (0x00000000d6a88b58) 
thrown [s\src\hotspot\share\prims\jni.cpp, line 520]
Event: 8.639 Thread 0x00000251a2fb6b20 Exception <a 'java/io/FileNotFoundException'{0x00000000d6abc8c8}> (0x00000000d6abc8c8) 
thrown [s\src\hotspot\share\prims\jni.cpp, line 520]
Event: 8.642 Thread 0x00000251a2fb7840 Exception <a 'java/lang/NoSuchMethodError'{0x00000000d6ab9868}: 'java.lang.Object java.lang.invoke.DirectMethodHandle$Holder.newInvokeSpecial(java.lang.Object, java.lang.Object, java.lang.Object, int)'> (0x00000000d6ab9868) 
thrown [s\src\hotspot\share\interpreter\linkResolver.cpp, line 773]
Event: 8.642 Thread 0x00000251a2fb7840 Exception <a 'java/lang/NoSuchMethodError'{0x00000000d6afc7a8}: 'java.lang.Object java.lang.invoke.DirectMethodHandle$Holder.invokeSpecial(java.lang.Object, java.lang.Object, java.lang.Object, java.lang.Object, int)'> (0x00000000d6afc7a8) 
thrown [s\src\hotspot\share\interpreter\linkResolver.cpp, line 773]
Event: 8.645 Thread 0x00000251a2fb7840 Exception <a 'java/lang/NoSuchMethodError'{0x00000000d7007398}: 'java.lang.Object java.lang.invoke.Invokers$Holder.linkToTargetMethod(java.lang.Object, java.lang.Object, int, java.lang.Object)'> (0x00000000d7007398) 
thrown [s\src\hotspot\share\interpreter\linkResolver.cpp, line 773]
Event: 8.648 Thread 0x00000251a2fb7840 Exception <a 'java/lang/NoSuchMethodError'{0x00000000d55a9910}: 'void java.lang.invoke.DirectMethodHandle$Holder.invokeStaticInit(java.lang.Object, java.lang.Object, java.lang.Object)'> (0x00000000d55a9910) 
thrown [s\src\hotspot\share\interpreter\linkResolver.cpp, line 773]
Event: 8.819 Thread 0x00000251a2fb6b20 Implicit null exception at 0x000002514dd346f7 to 0x000002514dd34968
Event: 8.821 Thread 0x00000251a2fb6b20 Exception <a 'java/lang/NoSuchMethodError'{0x00000000d68da7c8}: 'java.lang.Object java.lang.invoke.DelegatingMethodHandle$Holder.reinvoke_L(java.lang.Object, int, long, java.lang.Object, java.lang.Object, int, java.lang.Object)'> (0x00000000d68da7c8) 
thrown [s\src\hotspot\share\interpreter\linkResolver.cpp, line 773]
Event: 8.821 Thread 0x0000025140a3a5d0 Exception <a 'java/lang/NoSuchMethodError'{0x00000000d68e22d0}: 'void java.lang.invoke.DirectMethodHandle$Holder.invokeSpecial(java.lang.Object, java.lang.Object, java.lang.Object, java.lang.Object, java.lang.Object, java.lang.Object)'> (0x00000000d68e22d0) 
thrown [s\src\hotspot\share\interpreter\linkResolver.cpp, line 773]
Event: 8.822 Thread 0x0000025140a3a5d0 Exception <a 'java/lang/IncompatibleClassChangeError'{0x00000000d68f83c8}: Found class java.lang.Object, but interface was expected> (0x00000000d68f83c8) 
thrown [s\src\hotspot\share\interpreter\linkResolver.cpp, line 840]
Event: 8.823 Thread 0x0000025140a3a5d0 Exception <a 'java/lang/IncompatibleClassChangeError'{0x00000000d68fa210}: Found class java.lang.Object, but interface was expected> (0x00000000d68fa210) 
thrown [s\src\hotspot\share\interpreter\linkResolver.cpp, line 840]
Event: 8.961 Thread 0x0000025140a3a5d0 Implicit null exception at 0x000002514dd61fba to 0x000002514dd61ff4
Event: 9.121 Thread 0x00000251a2fb71b0 Exception <a 'java/lang/NoSuchMethodError'{0x00000000d650dae0}: 'java.lang.Object java.lang.invoke.DirectMethodHandle$Holder.invokeVirtual(java.lang.Object, java.lang.Object, int)'> (0x00000000d650dae0) 
thrown [s\src\hotspot\share\interpreter\linkResolver.cpp, line 773]
Event: 9.972 Thread 0x00000251a2fb6b20 Exception <a 'java/lang/NoSuchMethodError'{0x00000000d67df2f0}: 'java.lang.Object java.lang.invoke.DirectMethodHandle$Holder.invokeStatic(java.lang.Object, int, java.lang.Object, java.lang.Object)'> (0x00000000d67df2f0) 
thrown [s\src\hotspot\share\interpreter\linkResolver.cpp, line 773]
Event: 9.974 Thread 0x00000251a2fb6b20 Exception <a 'java/lang/NoSuchMethodError'{0x00000000d67e2af0}: 'java.lang.Object java.lang.invoke.DelegatingMethodHandle$Holder.delegate(java.lang.Object, int, java.lang.Object, java.lang.Object)'> (0x00000000d67e2af0) 
thrown [s\src\hotspot\share\interpreter\linkResolver.cpp, line 773]
Event: 9.983 Thread 0x00000251a2fb6b20 Exception <a 'java/lang/NoSuchMethodError'{0x00000000d690a520}: 'int java.lang.invoke.Invokers$Holder.linkToTargetMethod(java.lang.Object, java.lang.Object, java.lang.Object)'> (0x00000000d690a520) 
thrown [s\src\hotspot\share\interpreter\linkResolver.cpp, line 773]
Event: 11.239 Thread 0x00000251a2fb8bf0 Exception <a 'java/lang/ExceptionInInitializerError'{0x00000000d5e887b0}> (0x00000000d5e887b0) 
thrown [s\src\hotspot\share\oops\instanceKlass.cpp, line 1220]
Event: 11.300 Thread 0x00000251a2fb8bf0 Implicit null exception at 0x000002514dc69afe to 0x000002514dc69d70
Event: 11.300 Thread 0x00000251a2fb8bf0 Implicit null exception at 0x000002514dbe459c to 0x000002514dbe54b8
Event: 11.308 Thread 0x00000251a2fb8bf0 Exception <a 'java/lang/NoSuchMethodError'{0x00000000d600a140}: 'java.lang.Object java.lang.invoke.Invokers$Holder.invokeExact_MT(java.lang.Object, int, java.lang.Object)'> (0x00000000d600a140) 
thrown [s\src\hotspot\share\interpreter\linkResolver.cpp, line 773]

ZGC Phase Switch (0 events):
No events

VM Operations (20 events):
Event: 9.645 Executing safepoint VM operation: ParallelGCFailedAllocation (Allocation Failure)
Event: 9.653 Executing safepoint VM operation: ParallelGCFailedAllocation (Allocation Failure) done
Event: 9.683 Executing non-safepoint VM operation: HandshakeAllThreads (Deoptimize)
Event: 9.683 Executing non-safepoint VM operation: HandshakeAllThreads (Deoptimize) done
Event: 9.703 Executing non-safepoint VM operation: HandshakeAllThreads (Deoptimize)
Event: 9.706 Executing non-safepoint VM operation: HandshakeAllThreads (Deoptimize) done
Event: 9.786 Executing non-safepoint VM operation: HandshakeAllThreads (Deoptimize)
Event: 9.786 Executing non-safepoint VM operation: HandshakeAllThreads (Deoptimize) done
Event: 10.002 Executing safepoint VM operation: ParallelGCFailedAllocation (Allocation Failure)
Event: 10.006 Executing safepoint VM operation: ParallelGCFailedAllocation (Allocation Failure) done
Event: 10.653 Executing safepoint VM operation: ParallelGCFailedAllocation (Allocation Failure)
Event: 10.657 Executing safepoint VM operation: ParallelGCFailedAllocation (Allocation Failure) done
Event: 10.928 Executing safepoint VM operation: ParallelGCFailedAllocation (Allocation Failure)
Event: 10.933 Executing safepoint VM operation: ParallelGCFailedAllocation (Allocation Failure) done
Event: 11.044 Executing safepoint VM operation: ParallelGCFailedAllocation (Allocation Failure)
Event: 11.047 Executing safepoint VM operation: ParallelGCFailedAllocation (Allocation Failure) done
Event: 11.353 Executing non-safepoint VM operation: HandshakeAllThreads (Deoptimize)
Event: 11.353 Executing non-safepoint VM operation: HandshakeAllThreads (Deoptimize) done
Event: 12.366 Executing safepoint VM operation: Cleanup
Event: 12.366 Executing safepoint VM operation: Cleanup done

Memory protections (0 events):
No events

Nmethod flushes (20 events):
Event: 8.438 Thread 0x0000025142e31bf0 flushing  nmethod 0x0000025146652490
Event: 8.438 Thread 0x0000025142e31bf0 flushing  nmethod 0x000002514665aa10
Event: 8.438 Thread 0x0000025142e31bf0 flushing  nmethod 0x000002514668db10
Event: 8.438 Thread 0x0000025142e31bf0 flushing  nmethod 0x000002514668ef90
Event: 8.438 Thread 0x0000025142e31bf0 flushing  nmethod 0x000002514668f890
Event: 8.438 Thread 0x0000025142e31bf0 flushing  nmethod 0x0000025146690a90
Event: 8.438 Thread 0x0000025142e31bf0 flushing  nmethod 0x0000025146691290
Event: 8.438 Thread 0x0000025142e31bf0 flushing  nmethod 0x0000025146692f90
Event: 8.438 Thread 0x0000025142e31bf0 flushing  nmethod 0x0000025146693490
Event: 8.438 Thread 0x0000025142e31bf0 flushing  nmethod 0x0000025146693d90
Event: 8.438 Thread 0x0000025142e31bf0 flushing  nmethod 0x0000025146695190
Event: 8.438 Thread 0x0000025142e31bf0 flushing  nmethod 0x0000025146696c10
Event: 8.438 Thread 0x0000025142e31bf0 flushing  nmethod 0x0000025146698690
Event: 8.438 Thread 0x0000025142e31bf0 flushing  nmethod 0x00000251466dc010
Event: 8.438 Thread 0x0000025142e31bf0 flushing  nmethod 0x00000251466dcb10
Event: 8.438 Thread 0x0000025142e31bf0 flushing  nmethod 0x00000251466e3390
Event: 8.438 Thread 0x0000025142e31bf0 flushing  nmethod 0x0000025146704110
Event: 8.438 Thread 0x0000025142e31bf0 flushing  nmethod 0x000002514670a090
Event: 8.438 Thread 0x0000025142e31bf0 flushing  nmethod 0x00000251467bd690
Event: 8.438 Thread 0x0000025142e31bf0 flushing  nmethod 0x00000251467bdb10

Events (20 events):
Event: 8.389 Thread 0x0000025140a3a5d0 Thread added: 0x00000251a2fbb9e0
Event: 8.389 Thread 0x0000025140a3a5d0 Thread added: 0x00000251a2fbcd90
Event: 8.389 Thread 0x0000025140a3a5d0 Thread added: 0x00000251a2fbacc0
Event: 8.389 Thread 0x0000025140a3a5d0 Thread added: 0x00000251a2fb9fa0
Event: 8.389 Thread 0x0000025140a3a5d0 Thread added: 0x00000251a2fbc070
Event: 8.390 Thread 0x0000025140a3a5d0 Thread added: 0x00000251a2fbb350
Event: 8.390 Thread 0x0000025140a3a5d0 Thread added: 0x00000251a2fbc700
Event: 8.390 Thread 0x0000025140a3a5d0 Thread added: 0x00000251a4e7ea00
Event: 8.390 Thread 0x0000025140a3a5d0 Thread added: 0x00000251a4e7cfc0
Event: 8.390 Thread 0x0000025140a3a5d0 Thread added: 0x00000251a4e7e370
Event: 8.390 Thread 0x0000025140a3a5d0 Thread added: 0x00000251a4e7d650
Event: 8.391 Thread 0x0000025140a3a5d0 Thread added: 0x00000251a4e7c2a0
Event: 8.391 Thread 0x0000025140a3a5d0 Thread added: 0x00000251a4e7f090
Event: 8.391 Thread 0x0000025140a3a5d0 Thread added: 0x00000251a4e7bc10
Event: 8.419 Thread 0x0000025140a3a5d0 Thread added: 0x00000251a4e7fdb0
Event: 8.568 Thread 0x000002519bd36150 Thread added: 0x00000251a21c0350
Event: 8.568 Thread 0x000002519bd36150 Thread added: 0x00000251a7b33200
Event: 8.579 Thread 0x000002519bc3df20 Thread added: 0x00000251a7b33fa0
Event: 8.872 Thread 0x0000025140a3a5d0 Thread added: 0x00000251a4e7c930
Event: 8.872 Thread 0x0000025140a3a5d0 Thread added: 0x00000251a4e80440


Dynamic libraries:
0x00007ff671810000 - 0x00007ff67181e000 	c:\Users\RISHABH UPWANSHI\.vscode\extensions\redhat.java-1.54.0-win32-x64\jre\21.0.10-win32-x86_64\bin\java.exe
0x00007ffac3f20000 - 0x00007ffac4186000 	C:\Windows\SYSTEM32\ntdll.dll
0x00007ffac2af0000 - 0x00007ffac2bb9000 	C:\Windows\System32\KERNEL32.DLL
0x00007ffac15a0000 - 0x00007ffac19a0000 	C:\Windows\System32\KERNELBASE.dll
0x00007ffac1440000 - 0x00007ffac158c000 	C:\Windows\System32\ucrtbase.dll
0x00007ffa8d3a0000 - 0x00007ffa8d3be000 	c:\Users\RISHABH UPWANSHI\.vscode\extensions\redhat.java-1.54.0-win32-x64\jre\21.0.10-win32-x86_64\bin\VCRUNTIME140.dll
0x00007ffa84680000 - 0x00007ffa84698000 	c:\Users\RISHABH UPWANSHI\.vscode\extensions\redhat.java-1.54.0-win32-x64\jre\21.0.10-win32-x86_64\bin\jli.dll
0x00007ffac3160000 - 0x00007ffac3327000 	C:\Windows\System32\USER32.dll
0x00007ffaa6810000 - 0x00007ffaa6aa2000 	C:\Windows\WinSxS\amd64_microsoft.windows.common-controls_6595b64144ccf1df_6.0.26100.8737_none_3e092eaee333b772\COMCTL32.dll
0x00007ffac12c0000 - 0x00007ffac12e7000 	C:\Windows\System32\win32u.dll
0x00007ffac27b0000 - 0x00007ffac2859000 	C:\Windows\System32\msvcrt.dll
0x00007ffac2780000 - 0x00007ffac27ab000 	C:\Windows\System32\GDI32.dll
0x00007ffac19b0000 - 0x00007ffac1ad9000 	C:\Windows\System32\gdi32full.dll
0x00007ffac1ae0000 - 0x00007ffac1b83000 	C:\Windows\System32\msvcp_win.dll
0x00007ffac3b80000 - 0x00007ffac3bb2000 	C:\Windows\System32\IMM32.DLL
0x00007ffaac610000 - 0x00007ffaac61c000 	c:\Users\RISHABH UPWANSHI\.vscode\extensions\redhat.java-1.54.0-win32-x64\jre\21.0.10-win32-x86_64\bin\vcruntime140_1.dll
0x00007ffa563f0000 - 0x00007ffa5647d000 	c:\Users\RISHABH UPWANSHI\.vscode\extensions\redhat.java-1.54.0-win32-x64\jre\21.0.10-win32-x86_64\bin\msvcp140.dll
0x00007ffa28df0000 - 0x00007ffa29b91000 	c:\Users\RISHABH UPWANSHI\.vscode\extensions\redhat.java-1.54.0-win32-x64\jre\21.0.10-win32-x86_64\bin\server\jvm.dll
0x00007ffac23b0000 - 0x00007ffac2467000 	C:\Windows\System32\ADVAPI32.dll
0x00007ffac2a40000 - 0x00007ffac2aea000 	C:\Windows\System32\sechost.dll
0x00007ffac1fe0000 - 0x00007ffac20f8000 	C:\Windows\System32\RPCRT4.dll
0x00007ffac2320000 - 0x00007ffac23a0000 	C:\Windows\System32\WS2_32.dll
0x00007ffac0fa0000 - 0x00007ffac0ffe000 	C:\Windows\SYSTEM32\POWRPROF.dll
0x00007ffab4f80000 - 0x00007ffab4fb6000 	C:\Windows\SYSTEM32\WINMM.dll
0x00007ffab9690000 - 0x00007ffab969b000 	C:\Windows\SYSTEM32\VERSION.dll
0x00007ffac0f80000 - 0x00007ffac0f94000 	C:\Windows\SYSTEM32\UMPDC.dll
0x00007ffabfe00000 - 0x00007ffabfe1b000 	C:\Windows\SYSTEM32\kernel.appcore.dll
0x00007ffa945c0000 - 0x00007ffa945ca000 	c:\Users\RISHABH UPWANSHI\.vscode\extensions\redhat.java-1.54.0-win32-x64\jre\21.0.10-win32-x86_64\bin\jimage.dll
0x00007ffaa9750000 - 0x00007ffaa9992000 	C:\Windows\SYSTEM32\DBGHELP.DLL
0x00007ffac1c50000 - 0x00007ffac1fd3000 	C:\Windows\System32\combase.dll
0x00007ffac2500000 - 0x00007ffac25d9000 	C:\Windows\System32\OLEAUT32.dll
0x00007ffaa2460000 - 0x00007ffaa249b000 	C:\Windows\SYSTEM32\dbgcore.DLL
0x00007ffac1b90000 - 0x00007ffac1c3c000 	C:\Windows\System32\bcryptPrimitives.dll
0x00007ffa94420000 - 0x00007ffa9442f000 	c:\Users\RISHABH UPWANSHI\.vscode\extensions\redhat.java-1.54.0-win32-x64\jre\21.0.10-win32-x86_64\bin\instrument.dll
0x00007ffa840a0000 - 0x00007ffa840c0000 	c:\Users\RISHABH UPWANSHI\.vscode\extensions\redhat.java-1.54.0-win32-x64\jre\21.0.10-win32-x86_64\bin\java.dll
0x00007ffac33e0000 - 0x00007ffac3b72000 	C:\Windows\System32\SHELL32.dll
0x00007ffabeba0000 - 0x00007ffabf432000 	C:\Windows\SYSTEM32\windows.storage.dll
0x00007ffac3de0000 - 0x00007ffac3ed7000 	C:\Windows\System32\SHCORE.dll
0x00007ffac22b0000 - 0x00007ffac2317000 	C:\Windows\System32\shlwapi.dll
0x00007ffac1060000 - 0x00007ffac1089000 	C:\Windows\SYSTEM32\profapi.dll
0x00007ffa81230000 - 0x00007ffa81248000 	c:\Users\RISHABH UPWANSHI\.vscode\extensions\redhat.java-1.54.0-win32-x64\jre\21.0.10-win32-x86_64\bin\zip.dll
0x00007ffa81220000 - 0x00007ffa81230000 	C:\Users\RISHABH UPWANSHI\.vscode\extensions\redhat.java-1.54.0-win32-x64\jre\21.0.10-win32-x86_64\bin\net.dll
0x00007ffabaf40000 - 0x00007ffabb069000 	C:\Windows\SYSTEM32\WINHTTP.dll
0x00007ffac03d0000 - 0x00007ffac043c000 	C:\Windows\system32\mswsock.dll
0x00007ffa7fbb0000 - 0x00007ffa7fbc6000 	C:\Users\RISHABH UPWANSHI\.vscode\extensions\redhat.java-1.54.0-win32-x64\jre\21.0.10-win32-x86_64\bin\nio.dll
0x00007ffa80a80000 - 0x00007ffa80a90000 	c:\Users\RISHABH UPWANSHI\.vscode\extensions\redhat.java-1.54.0-win32-x64\jre\21.0.10-win32-x86_64\bin\verify.dll
0x00007ffa84100000 - 0x00007ffa84145000 	C:\Users\RISHABH UPWANSHI\AppData\Roaming\Code\User\globalStorage\redhat.java\1.54.0\config_win\org.eclipse.equinox.launcher\org.eclipse.equinox.launcher.win32.win32.x86_64_1.3.0.v20260203-2149\eclipse_11919.dll
0x00007ffac25e0000 - 0x00007ffac2779000 	C:\Windows\System32\ole32.dll
0x00007ffac06f0000 - 0x00007ffac070b000 	C:\Windows\SYSTEM32\CRYPTSP.dll
0x00007ffabfd60000 - 0x00007ffabfd99000 	C:\Windows\system32\rsaenh.dll
0x00007ffac0490000 - 0x00007ffac04c2000 	C:\Windows\SYSTEM32\USERENV.dll
0x00007ffac1030000 - 0x00007ffac105a000 	C:\Windows\SYSTEM32\bcrypt.dll
0x00007ffac06d0000 - 0x00007ffac06dc000 	C:\Windows\SYSTEM32\CRYPTBASE.dll
0x00007ffabf7a0000 - 0x00007ffabf7d3000 	C:\Windows\SYSTEM32\IPHLPAPI.DLL
0x00007ffac2130000 - 0x00007ffac213a000 	C:\Windows\System32\NSI.dll
0x00007ffa7ceb0000 - 0x00007ffa7cef9000 	C:\Users\RISHABH UPWANSHI\AppData\Local\Temp\jna-1647839792\jna7716780302102402944.dll
0x00007ffac33b0000 - 0x00007ffac33b8000 	C:\Windows\System32\PSAPI.DLL
0x00007ffabbb40000 - 0x00007ffabbb5d000 	C:\Windows\SYSTEM32\dhcpcsvc6.DLL
0x00007ffabbb10000 - 0x00007ffabbb35000 	C:\Windows\SYSTEM32\dhcpcsvc.DLL

JVMTI agents:
c:\Users\RISHABH UPWANSHI\.vscode\extensions\redhat.java-1.54.0-win32-x64\lombok\lombok-1.18.39-4050.jar path:c:\Users\RISHABH UPWANSHI\.vscode\extensions\redhat.java-1.54.0-win32-x64\jre\21.0.10-win32-x86_64\bin\instrument.dll, loaded, initialized, instrumentlib options:none

dbghelp: loaded successfully - version: 4.0.5 - missing functions: none
symbol engine: initialized successfully - sym options: 0x614 - pdb path: .;c:\Users\RISHABH UPWANSHI\.vscode\extensions\redhat.java-1.54.0-win32-x64\jre\21.0.10-win32-x86_64\bin;C:\Windows\SYSTEM32;C:\Windows\WinSxS\amd64_microsoft.windows.common-controls_6595b64144ccf1df_6.0.26100.8737_none_3e092eaee333b772;c:\Users\RISHABH UPWANSHI\.vscode\extensions\redhat.java-1.54.0-win32-x64\jre\21.0.10-win32-x86_64\bin\server;C:\Users\RISHABH UPWANSHI\AppData\Roaming\Code\User\globalStorage\redhat.java\1.54.0\config_win\org.eclipse.equinox.launcher\org.eclipse.equinox.launcher.win32.win32.x86_64_1.3.0.v20260203-2149;C:\Users\RISHABH UPWANSHI\AppData\Local\Temp\jna-1647839792

VM Arguments:
jvm_args: --add-modules=ALL-SYSTEM --add-opens=java.base/java.util=ALL-UNNAMED --add-opens=java.base/java.lang=ALL-UNNAMED --add-opens=java.base/sun.nio.fs=ALL-UNNAMED -Declipse.application=org.eclipse.jdt.ls.core.id1 -Dosgi.bundles.defaultStartLevel=4 -Declipse.product=org.eclipse.jdt.ls.core.product -Djava.import.generatesMetadataFilesAtProjectRoot=false -DDetectVMInstallationsJob.disabled=true -Dfile.encoding=utf8 -XX:+UseParallelGC -XX:GCTimeRatio=4 -XX:AdaptiveSizePolicyWeight=90 -Dsun.zip.disableMemoryMapping=true -Xmx2G -Xms100m -Xlog:disable -javaagent:c:\Users\RISHABH UPWANSHI\.vscode\extensions\redhat.java-1.54.0-win32-x64\lombok\lombok-1.18.39-4050.jar -XX:+HeapDumpOnOutOfMemoryError -XX:HeapDumpPath=c:\Users\RISHABH UPWANSHI\AppData\Roaming\Code\User\workspaceStorage\f4a2606078933381c2a47e88c5c240c0\redhat.java -Daether.dependencyCollector.impl=bf 
java_command: c:\Users\RISHABH UPWANSHI\.vscode\extensions\redhat.java-1.54.0-win32-x64\server\plugins\org.eclipse.equinox.launcher_1.7.100.v20251111-0406.jar -configuration c:\Users\RISHABH UPWANSHI\AppData\Roaming\Code\User\globalStorage\redhat.java\1.54.0\config_win -data c:\Users\RISHABH UPWANSHI\AppData\Roaming\Code\User\workspaceStorage\f4a2606078933381c2a47e88c5c240c0\redhat.java\jdt_ws --pipe=\\.\pipe\lsp-2592b2230e5f838593b74e70590e8976-sock
java_class_path (initial): c:\Users\RISHABH UPWANSHI\.vscode\extensions\redhat.java-1.54.0-win32-x64\server\plugins\org.eclipse.equinox.launcher_1.7.100.v20251111-0406.jar
Launcher Type: SUN_STANDARD

[Global flags]
    uintx AdaptiveSizePolicyWeight                 = 90                                        {product} {command line}
     intx CICompilerCount                          = 12                                        {product} {ergonomic}
    uintx GCTimeRatio                              = 4                                         {product} {command line}
     bool HeapDumpOnOutOfMemoryError               = true                                   {manageable} {command line}
    ccstr HeapDumpPath                             = c:\Users\RISHABH UPWANSHI\AppData\Roaming\Code\User\workspaceStorage\f4a2606078933381c2a47e88c5c240c0\redhat.java         {manageable} {command line}
   size_t InitialHeapSize                          = 104857600                                 {product} {command line}
   size_t MaxHeapSize                              = 2147483648                                {product} {command line}
   size_t MaxNewSize                               = 715653120                                 {product} {ergonomic}
   size_t MinHeapDeltaBytes                        = 524288                                    {product} {ergonomic}
   size_t MinHeapSize                              = 104857600                                 {product} {command line}
   size_t NewSize                                  = 34603008                                  {product} {ergonomic}
    uintx NonNMethodCodeHeapSize                   = 7602480                                {pd product} {ergonomic}
    uintx NonProfiledCodeHeapSize                  = 122027880                              {pd product} {ergonomic}
   size_t OldSize                                  = 70254592                                  {product} {ergonomic}
    uintx ProfiledCodeHeapSize                     = 122027880                              {pd product} {ergonomic}
    uintx ReservedCodeCacheSize                    = 251658240                              {pd product} {ergonomic}
     bool SegmentedCodeCache                       = true                                      {product} {ergonomic}
   size_t SoftMaxHeapSize                          = 2147483648                             {manageable} {ergonomic}
     bool UseCompressedOops                        = true                           {product lp64_product} {ergonomic}
     bool UseLargePagesIndividualAllocation        = false                                  {pd product} {ergonomic}
     bool UseParallelGC                            = true                                      {product} {command line}

Logging:
Log output configuration:
 #0: stdout all=off uptime,level,tags foldmultilines=false
 #1: stderr all=off uptime,level,tags foldmultilines=false

Release file:
JAVA_VERSION="21.0.10" 
MODULES="java.base java.compiler java.datatransfer java.xml java.prefs java.desktop java.instrument java.logging java.management java.security.sasl java.naming java.rmi java.management.rmi java.net.http java.scripting java.security.jgss java.transaction.xa java.sql java.sql.rowset java.xml.crypto java.se java.smartcardio jdk.accessibility jdk.internal.jvmstat jdk.attach jdk.charsets jdk.internal.opt jdk.zipfs jdk.compiler jdk.crypto.ec jdk.crypto.cryptoki jdk.crypto.mscapi jdk.dynalink jdk.internal.ed jdk.editpad jdk.hotspot.agent jdk.httpserver jdk.internal.le jdk.internal.vm.ci jdk.internal.vm.compiler jdk.internal.vm.compiler.management jdk.jartool jdk.javadoc jdk.jcmd jdk.management jdk.management.agent jdk.jconsole jdk.jdeps jdk.jdwp.agent jdk.jdi jdk.jfr jdk.jshell jdk.jsobject jdk.jstatd jdk.localedata jdk.management.jfr jdk.naming.dns jdk.naming.rmi jdk.net jdk.nio.mapmode jdk.random jdk.sctp jdk.security.auth jdk.security.jgss jdk.unsupported jdk.unsupported.desktop jdk.xml.dom" 

Environment Variables:
PATH=C:\Program Files\Common Files\Oracle\Java\javapath;C:\Python313\Scripts\;C:\Python313\;C:\Windows\system32;C:\Windows;C:\Windows\System32\Wbem;C:\Windows\System32\WindowsPowerShell\v1.0\;C:\Windows\System32\OpenSSH\;C:\Program Files (x86)\NVIDIA Corporation\PhysX\Common;C:\Program Files\dotnet\;C:\Program Files\NVIDIA Corporation\NVIDIA App\NvDLISR;C:\ProgramData\chocolatey\bin;C:\TDM-GCC-64\bin;C:\msys64\ucrt64\bin;C:\Program Files\Git\cmd;C:\Program Files\MongoDB\Server\8.2\bin;C:\Program Files\nodejs\;C:\Program Files\Microsoft SQL Server\170\Tools\Binn\;C:\Program Files\Microsoft SQL Server\Client SDK\ODBC\170\Tools\Binn\;E:\apache-maven-3.9.16-bin\apache-maven-3.9.16\bin;C:\Users\RISHABH UPWANSHI\AppData\Local\agy\bin;C:\Program Files\MySQL\MySQL Shell 8.0\bin\;C:\Users\RISHABH UPWANSHI\AppData\Local\Microsoft\WindowsApps;C:\Users\RISHABH UPWANSHI\AppData\Local\Programs\Microsoft VS Code\bin;C:\MinGW\bin;C:\Program Files\JetBrains\WebStorm 2025.2.2\bin;C:\Program Files\MySQL\MySQL Server 8.0\bin;C:\Program Files\mongosh\;C:\Users\RISHABH UPWANSHI\AppData\Roaming\npm;C:\Users\RISHABH UPWANSHI\.dotnet\tools;C:\Program Files\PostgreSQL\17\bin;
USERNAME=RISHABH UPWANSHI
OS=Windows_NT
PROCESSOR_IDENTIFIER=AMD64 Family 25 Model 68 Stepping 1, AuthenticAMD
TMP=C:\Users\RISHAB~1\AppData\Local\Temp
TEMP=C:\Users\RISHAB~1\AppData\Local\Temp




Periodic native trim disabled

---------------  S Y S T E M  ---------------

OS:
 Windows 11 , 64 bit Build 26100 (10.0.26100.8737)
OS uptime: 0 days 0:07 hours
Hyper-V role detected

CPU: total 16 (initial active 16) (16 cores per cpu, 2 threads per core) family 25 model 68 stepping 1 microcode 0xa404107, cx8, cmov, fxsr, ht, mmx, 3dnowpref, sse, sse2, sse3, ssse3, sse4a, sse4.1, sse4.2, popcnt, lzcnt, tsc, tscinvbit, avx, avx2, aes, erms, clmul, bmi1, bmi2, adx, sha, fma, vzeroupper, clflush, clflushopt, hv, rdtscp, rdpid, fsrm, f16c, cet_ss
Processor Information for the first 16 processors :
  Max Mhz: 3100, Current Mhz: 3100, Mhz Limit: 3100

Memory: 4k page, system-wide physical 16202M (6775M free)
TotalPageFile size 16202M (AvailPageFile size 5M)
current process WorkingSet (physical memory assigned to process): 285M, peak: 285M
current process commit charge ("private bytes"): 398M, peak: 407M

vm_info: OpenJDK 64-Bit Server VM (21.0.10+7-LTS) for windows-amd64 JRE (21.0.10+7-LTS), built on 2026-01-20T00:00:00Z by "admin" with MS VC++ 17.12 (VS2022)

END.
