#
# There is insufficient memory for the Java Runtime Environment to continue.
# Native memory allocation (malloc) failed to allocate 1138256 bytes. Error detail: Chunk::new
# Possible reasons:
#   The system is out of physical RAM or swap space
#   This process is running with CompressedOops enabled, and the Java Heap may be blocking the growth of the native heap
# Possible solutions:
#   Reduce memory load on the system
#   Increase physical memory or swap space
#   Check if swap backing store is full
#   Decrease Java heap size (-Xmx/-Xms)
#   Decrease number of Java threads
#   Decrease Java thread stack sizes (-Xss)
#   Set larger code cache with -XX:ReservedCodeCacheSize=
#   JVM is running with Unscaled Compressed Oops mode in which the Java heap is
#     placed in the first 4GB address space. The Java Heap base address is the
#     maximum limit for the native heap growth. Please use -XX:HeapBaseMinAddress
#     to set the Java Heap base and to place the Java Heap above 4GB virtual address.
# This output file may be truncated or incomplete.
#
#  Out of Memory Error (arena.cpp:168), pid=29248, tid=13016
#
# JRE version: OpenJDK Runtime Environment Temurin-21.0.10+7 (21.0.10+7) (build 21.0.10+7-LTS)
# Java VM: OpenJDK 64-Bit Server VM Temurin-21.0.10+7 (21.0.10+7-LTS, mixed mode, sharing, tiered, compressed oops, compressed class ptrs, parallel gc, windows-amd64)
# No core dump will be written. Minidumps are not enabled by default on client versions of Windows
#

---------------  S U M M A R Y ------------

Command Line: --add-modules=ALL-SYSTEM --add-opens=java.base/java.util=ALL-UNNAMED --add-opens=java.base/java.lang=ALL-UNNAMED --add-opens=java.base/sun.nio.fs=ALL-UNNAMED -Declipse.application=org.eclipse.jdt.ls.core.id1 -Dosgi.bundles.defaultStartLevel=4 -Declipse.product=org.eclipse.jdt.ls.core.product -Djava.import.generatesMetadataFilesAtProjectRoot=false -DDetectVMInstallationsJob.disabled=true -Dfile.encoding=utf8 -XX:+UseParallelGC -XX:GCTimeRatio=4 -XX:AdaptiveSizePolicyWeight=90 -Dsun.zip.disableMemoryMapping=true -Xmx2G -Xms100m -Xlog:disable -javaagent:c:\Users\RISHABH UPWANSHI\.vscode\extensions\redhat.java-1.54.0-win32-x64\lombok\lombok-1.18.39-4050.jar c:\Users\RISHABH UPWANSHI\.vscode\extensions\redhat.java-1.54.0-win32-x64\server\plugins\org.eclipse.equinox.launcher_1.7.100.v20251111-0406.jar -configuration c:\Users\RISHABH UPWANSHI\AppData\Roaming\Code\User\globalStorage\redhat.java\1.54.0\config_ss_win -data c:\Users\RISHABH UPWANSHI\AppData\Roaming\Code\User\workspaceStorage\f4a2606078933381c2a47e88c5c240c0\redhat.java\ss_ws --pipe=\\.\pipe\lsp-c5e28240706777f3ec94c135a00da663-sock

Host: AMD Ryzen 7 7435HS                             , 16 cores, 15G,  Windows 11 , 64 bit Build 26100 (10.0.26100.8521)
Time: Wed Jun 24 21:49:14 2026 India Standard Time elapsed time: 5.858096 seconds (0d 0h 0m 5s)

---------------  T H R E A D  ---------------

Current thread (0x000001e20416ef70):  JavaThread "C2 CompilerThread2" daemon [_thread_in_native, id=13016, stack(0x0000008b3f400000,0x0000008b3f500000) (1024K)]


Current CompileTask:
C2:5858 2921       4       org.lombokweb.asm.ClassReader::readMethod (1070 bytes)

Stack: [0x0000008b3f400000,0x0000008b3f500000]
Native frames: (J=compiled Java code, j=interpreted, Vv=VM code, C=native code)
V  [jvm.dll+0x6d7a39]
V  [jvm.dll+0x8b4b26]
V  [jvm.dll+0x8b70de]
V  [jvm.dll+0x8b77c3]
V  [jvm.dll+0x284346]
V  [jvm.dll+0xc66ed]
V  [jvm.dll+0xc6c31]
V  [jvm.dll+0x3bec01]
V  [jvm.dll+0x38b162]
V  [jvm.dll+0x38a5aa]
V  [jvm.dll+0x24c560]
V  [jvm.dll+0x24bb40]
V  [jvm.dll+0x1cb34e]
V  [jvm.dll+0x25b85d]
V  [jvm.dll+0x259dea]
V  [jvm.dll+0x3f857e]
V  [jvm.dll+0x85f59d]
V  [jvm.dll+0x6d626d]
C  [ucrtbase.dll+0x2cd30]
C  [KERNEL32.DLL+0x2e957]
C  [ntdll.dll+0x87c1c]


---------------  P R O C E S S  ---------------

Threads class SMR info:
_java_thread_list=0x000001e2050d7270, length=23, elements={
0x000001e22525e700, 0x000001e27e2843f0, 0x000001e27e287e50, 0x000001e27e28b030,
0x000001e27e28ba90, 0x000001e27e28e9c0, 0x000001e27e292a20, 0x000001e27e298350,
0x000001e27e2a0b70, 0x000001e27e3a2f30, 0x000001e27e3fa7e0, 0x000001e27e526500,
0x000001e2040a00e0, 0x000001e20416ef70, 0x000001e204e64e80, 0x000001e204a57ed0,
0x000001e204c19040, 0x000001e204c11710, 0x000001e204e83430, 0x000001e204d98a20,
0x000001e204d35890, 0x000001e20501dc90, 0x000001e20501c8e0
}

Java Threads: ( => current thread )
  0x000001e22525e700 JavaThread "main"                              [_thread_blocked, id=1772, stack(0x0000008b3e200000,0x0000008b3e300000) (1024K)]
  0x000001e27e2843f0 JavaThread "Reference Handler"          daemon [_thread_blocked, id=13640, stack(0x0000008b3e600000,0x0000008b3e700000) (1024K)]
  0x000001e27e287e50 JavaThread "Finalizer"                  daemon [_thread_blocked, id=8320, stack(0x0000008b3e700000,0x0000008b3e800000) (1024K)]
  0x000001e27e28b030 JavaThread "Signal Dispatcher"          daemon [_thread_blocked, id=25320, stack(0x0000008b3e800000,0x0000008b3e900000) (1024K)]
  0x000001e27e28ba90 JavaThread "Attach Listener"            daemon [_thread_blocked, id=28688, stack(0x0000008b3e900000,0x0000008b3ea00000) (1024K)]
  0x000001e27e28e9c0 JavaThread "Service Thread"             daemon [_thread_blocked, id=21324, stack(0x0000008b3ea00000,0x0000008b3eb00000) (1024K)]
  0x000001e27e292a20 JavaThread "Monitor Deflation Thread"   daemon [_thread_blocked, id=3084, stack(0x0000008b3eb00000,0x0000008b3ec00000) (1024K)]
  0x000001e27e298350 JavaThread "C2 CompilerThread0"         daemon [_thread_in_native, id=19744, stack(0x0000008b3ec00000,0x0000008b3ed00000) (1024K)]
  0x000001e27e2a0b70 JavaThread "C1 CompilerThread0"         daemon [_thread_in_native, id=27544, stack(0x0000008b3ed00000,0x0000008b3ee00000) (1024K)]
  0x000001e27e3a2f30 JavaThread "C1 CompilerThread1"         daemon [_thread_in_vm, id=888, stack(0x0000008b3ee00000,0x0000008b3ef00000) (1024K)]
  0x000001e27e3fa7e0 JavaThread "C2 CompilerThread1"         daemon [_thread_in_native, id=29472, stack(0x0000008b3f000000,0x0000008b3f100000) (1024K)]
  0x000001e27e526500 JavaThread "Common-Cleaner"             daemon [_thread_blocked, id=29964, stack(0x0000008b3f100000,0x0000008b3f200000) (1024K)]
  0x000001e2040a00e0 JavaThread "Notification Thread"        daemon [_thread_blocked, id=7652, stack(0x0000008b3f300000,0x0000008b3f400000) (1024K)]
=>0x000001e20416ef70 JavaThread "C2 CompilerThread2"         daemon [_thread_in_native, id=13016, stack(0x0000008b3f400000,0x0000008b3f500000) (1024K)]
  0x000001e204e64e80 JavaThread "Active Thread: Equinox Container: 4c6366c7-74a3-4d4e-aa97-5866169719b9"        [_thread_blocked, id=7736, stack(0x0000008b3fc00000,0x0000008b3fd00000) (1024K)]
  0x000001e204a57ed0 JavaThread "Framework Event Dispatcher: Equinox Container: 4c6366c7-74a3-4d4e-aa97-5866169719b9" daemon [_thread_blocked, id=20068, stack(0x0000008b3fe00000,0x0000008b3ff00000) (1024K)]
  0x000001e204c19040 JavaThread "Start Level: Equinox Container: 4c6366c7-74a3-4d4e-aa97-5866169719b9" daemon [_thread_in_Java, id=10724, stack(0x0000008b3ff00000,0x0000008b40000000) (1024K)]
  0x000001e204c11710 JavaThread "SCR Component Actor"        daemon [_thread_blocked, id=26380, stack(0x0000008b40000000,0x0000008b40100000) (1024K)]
  0x000001e204e83430 JavaThread "Worker-JM"                         [_thread_blocked, id=8464, stack(0x0000008b40100000,0x0000008b40200000) (1024K)]
  0x000001e204d98a20 JavaThread "JNA Cleaner"                daemon [_thread_blocked, id=5140, stack(0x0000008b40400000,0x0000008b40500000) (1024K)]
  0x000001e204d35890 JavaThread "Worker-0"                          [_thread_blocked, id=4836, stack(0x0000008b40500000,0x0000008b40600000) (1024K)]
  0x000001e20501dc90 JavaThread "Worker-1"                          [_thread_blocked, id=28512, stack(0x0000008b40600000,0x0000008b40700000) (1024K)]
  0x000001e20501c8e0 JavaThread "Java indexing"              daemon [_thread_blocked, id=3176, stack(0x0000008b3f200000,0x0000008b3f300000) (1024K)]
Total: 23

Other Threads:
  0x000001e22531e8a0 VMThread "VM Thread"                           [id=15424, stack(0x0000008b3e500000,0x0000008b3e600000) (1024K)]
  0x000001e2250ecb20 WatcherThread "VM Periodic Task Thread"        [id=25816, stack(0x0000008b3e400000,0x0000008b3e500000) (1024K)]
  0x000001e22527cff0 WorkerThread "GC Thread#0"                     [id=28352, stack(0x0000008b3e300000,0x0000008b3e400000) (1024K)]
  0x000001e204b90b00 WorkerThread "GC Thread#1"                     [id=24436, stack(0x0000008b3f600000,0x0000008b3f700000) (1024K)]
  0x000001e2046f0ae0 WorkerThread "GC Thread#2"                     [id=20572, stack(0x0000008b3f700000,0x0000008b3f800000) (1024K)]
  0x000001e20466ceb0 WorkerThread "GC Thread#3"                     [id=29020, stack(0x0000008b3f800000,0x0000008b3f900000) (1024K)]
  0x000001e20466d260 WorkerThread "GC Thread#4"                     [id=23648, stack(0x0000008b3f900000,0x0000008b3fa00000) (1024K)]
  0x000001e20466d610 WorkerThread "GC Thread#5"                     [id=7348, stack(0x0000008b3fa00000,0x0000008b3fb00000) (1024K)]
  0x000001e204cf1050 WorkerThread "GC Thread#6"                     [id=6668, stack(0x0000008b3fb00000,0x0000008b3fc00000) (1024K)]
  0x000001e204cff080 WorkerThread "GC Thread#7"                     [id=30324, stack(0x0000008b3fd00000,0x0000008b3fe00000) (1024K)]
  0x000001e204f89620 WorkerThread "GC Thread#8"                     [id=13828, stack(0x0000008b40200000,0x0000008b40300000) (1024K)]
  0x000001e204f899d0 WorkerThread "GC Thread#9"                     [id=25688, stack(0x0000008b40300000,0x0000008b40400000) (1024K)]
  0x000001e20508d9f0 WorkerThread "GC Thread#10"                    [id=26888, stack(0x0000008b40700000,0x0000008b40800000) (1024K)]
  0x000001e20508dda0 WorkerThread "GC Thread#11"                    [id=26520, stack(0x0000008b40800000,0x0000008b40900000) (1024K)]
  0x000001e204d34780 WorkerThread "GC Thread#12"                    [id=2832, stack(0x0000008b40900000,0x0000008b40a00000) (1024K)]
Total: 15

Threads with active compile tasks:
C2 CompilerThread0  5889 3105       4       java.util.regex.Matcher::search (154 bytes)
C1 CompilerThread0  5889 3121       3       sun.util.locale.LocaleObjectCache::get (126 bytes)
C1 CompilerThread1  5889 3129       3       sun.util.locale.InternalLocaleBuilder::clearExtensions (50 bytes)
C2 CompilerThread2  5889 2921       4       org.lombokweb.asm.ClassReader::readMethod (1070 bytes)
C1 CompilerThread2  5889 3136       3       sun.util.locale.StringTokenIterator::nextDelimiter (116 bytes)
C1 CompilerThread3  5889 3133       3       sun.util.locale.LocaleObjectCache$CacheEntry::<init> (12 bytes)
Total: 6

VM state: not at safepoint (normal execution)

VM Mutex/Monitor currently owned by a thread: None

Heap address: 0x0000000080000000, size: 2048 MB, Compressed Oops mode: 32-bit

CDS archive(s) mapped at: [0x000001e23c000000-0x000001e23cba0000-0x000001e23cba0000), size 12189696, SharedBaseAddress: 0x000001e23c000000, ArchiveRelocationMode: 1.
Compressed class space mapped at: 0x000001e23d000000-0x000001e27d000000, reserved size: 1073741824
Narrow klass base: 0x000001e23c000000, Narrow klass shift: 0, Narrow klass range: 0x100000000

GC Precious Log:
 CardTable entry size: 512
 CPUs: 16 total, 16 available
 Memory: 16202M
 Large Page Support: Disabled
 NUMA Support: Disabled
 Compressed Oops: Enabled (32-bit)
 Alignments: Space 512K, Generation 512K, Heap 2M
 Heap Min Capacity: 100M
 Heap Initial Capacity: 100M
 Heap Max Capacity: 2G
 Pre-touch: Disabled
 Parallel Workers: 13

Heap:
 PSYoungGen      total 27136K, used 4786K [0x00000000d5580000, 0x00000000d7480000, 0x0000000100000000)
  eden space 24576K, 9% used [0x00000000d5580000,0x00000000d57ced88,0x00000000d6d80000)
  from space 2560K, 94% used [0x00000000d6e80000,0x00000000d70ddb38,0x00000000d7100000)
  to   space 3584K, 0% used [0x00000000d7100000,0x00000000d7100000,0x00000000d7480000)
 ParOldGen       total 68608K, used 8856K [0x0000000080000000, 0x0000000084300000, 0x00000000d5580000)
  object space 68608K, 12% used [0x0000000080000000,0x00000000808a6030,0x0000000084300000)
 Metaspace       used 23277K, committed 23936K, reserved 1114112K
  class space    used 2246K, committed 2560K, reserved 1048576K

Card table byte_map: [0x000001e224c00000,0x000001e225010000] _byte_map_base: 0x000001e224800000

Marking Bits: (ParMarkBitMap*) 0x00007ff916123450
 Begin Bits: [0x000001e237710000, 0x000001e239710000)
 End Bits:   [0x000001e239710000, 0x000001e23b710000)

Polling page: 0x000001e223060000

Metaspace:

Usage:
  Non-class:     20.54 MB used.
      Class:      2.19 MB used.
       Both:     22.73 MB used.

Virtual space:
  Non-class space:       64.00 MB reserved,      20.88 MB ( 33%) committed,  1 nodes.
      Class space:        1.00 GB reserved,       2.50 MB ( <1%) committed,  1 nodes.
             Both:        1.06 GB reserved,      23.38 MB (  2%) committed. 

Chunk freelists:
   Non-Class:  11.13 MB
       Class:  13.51 MB
        Both:  24.64 MB

MaxMetaspaceSize: unlimited
CompressedClassSpaceSize: 1.00 GB
Initial GC threshold: 21.00 MB
Current GC threshold: 35.00 MB
CDS: on
 - commit_granule_bytes: 65536.
 - commit_granule_words: 8192.
 - virtual_space_node_default_size: 8388608.
 - enlarge_chunks_in_place: 1.
 - use_allocation_guard: 0.


Internal statistics:

num_allocs_failed_limit: 3.
num_arena_births: 518.
num_arena_deaths: 14.
num_vsnodes_births: 2.
num_vsnodes_deaths: 0.
num_space_committed: 374.
num_space_uncommitted: 0.
num_chunks_returned_to_freelist: 17.
num_chunks_taken_from_freelist: 1404.
num_chunk_merges: 9.
num_chunk_splits: 903.
num_chunks_enlarged: 589.
num_inconsistent_stats: 0.

CodeHeap 'non-profiled nmethods': size=119168Kb used=1398Kb max_used=1398Kb free=117769Kb
 bounds [0x000001e230000000, 0x000001e230270000, 0x000001e237460000]
CodeHeap 'profiled nmethods': size=119104Kb used=6251Kb max_used=6251Kb free=112852Kb
 bounds [0x000001e228460000, 0x000001e228a80000, 0x000001e22f8b0000]
CodeHeap 'non-nmethods': size=7488Kb used=3012Kb max_used=3012Kb free=4475Kb
 bounds [0x000001e22f8b0000, 0x000001e22fbb0000, 0x000001e230000000]
CodeCache: size=245760Kb, used=10661Kb, max_used=10661Kb, free=235096Kb
 total_blobs=3743, nmethods=3133, adapters=513, full_count=0
Compilation: enabled, stopped_count=0, restarted_count=0

Compilation events (20 events):
Event: 4.831 Thread 0x000001e27e2a0b70 3082       3       java.lang.AbstractStringBuilder::setLength (82 bytes)
Event: 4.831 Thread 0x000001e27e3a35e0 3083       3       java.lang.AbstractStringBuilder::append (37 bytes)
Event: 4.831 Thread 0x000001e27e2a0b70 nmethod 3082 0x000001e228a4a890 code [0x000001e228a4aaa0, 0x000001e228a4afa0]
Event: 4.831 Thread 0x000001e27e3a35e0 nmethod 3083 0x000001e228a4b190 code [0x000001e228a4b360, 0x000001e228a4b660]
Event: 4.831 Thread 0x000001e27e3a35e0 3084   !   3       java.nio.charset.CharsetDecoder::decode (275 bytes)
Event: 4.832 Thread 0x000001e27e3a2f30 3085       3       java.lang.invoke.LambdaFormEditor$TransformKey::ival (25 bytes)
Event: 4.832 Thread 0x000001e27e3a2f30 nmethod 3085 0x000001e228a4b810 code [0x000001e228a4b9a0, 0x000001e228a4baa0]
Event: 4.832 Thread 0x000001e27e3a35e0 nmethod 3084 0x000001e228a4bb10 code [0x000001e228a4be40, 0x000001e228a4d250]
Event: 4.834 Thread 0x000001e27e3a2f30 3086       3       org.eclipse.core.runtime.Path::segment (17 bytes)
Event: 4.834 Thread 0x000001e27e3a2f30 nmethod 3086 0x000001e228a4d890 code [0x000001e228a4da40, 0x000001e228a4dbf0]
Event: 4.837 Thread 0x000001e27e3a2f30 3087       3       org.eclipse.core.runtime.Path::append (147 bytes)
Event: 4.838 Thread 0x000001e27e3a2f30 nmethod 3087 0x000001e228a4dd10 code [0x000001e228a4dfc0, 0x000001e228a4ebc0]
Event: 4.839 Thread 0x000001e27e3a2f30 3088       1       org.eclipse.core.internal.jobs.InternalJob::previous (5 bytes)
Event: 4.839 Thread 0x000001e27e3a2f30 nmethod 3088 0x000001e23015a810 code [0x000001e23015a9a0, 0x000001e23015aa68]
Event: 4.840 Thread 0x000001e27e2a0b70 3089       1       org.eclipse.core.internal.resources.Resource::getFullPath (5 bytes)
Event: 4.840 Thread 0x000001e27e2a0b70 nmethod 3089 0x000001e23015ab10 code [0x000001e23015aca0, 0x000001e23015ad68]
Event: 4.841 Thread 0x000001e27e3a2f30 3090       3       jdk.internal.misc.Unsafe::weakCompareAndSetLong (11 bytes)
Event: 4.841 Thread 0x000001e27e3a2f30 nmethod 3090 0x000001e228a4f010 code [0x000001e228a4f1a0, 0x000001e228a4f2c8]
Event: 4.947 Thread 0x000001e27e3a2f30 3091       1       java.util.concurrent.atomic.AtomicReference::set (6 bytes)
Event: 4.947 Thread 0x000001e27e3a2f30 nmethod 3091 0x000001e23015ae10 code [0x000001e23015afa0, 0x000001e23015b088]

GC Heap History (16 events):
Event: 0.820 GC heap before
{Heap before GC invocations=1 (full 0):
 PSYoungGen      total 29696K, used 25600K [0x00000000d5580000, 0x00000000d7680000, 0x0000000100000000)
  eden space 25600K, 100% used [0x00000000d5580000,0x00000000d6e80000,0x00000000d6e80000)
  from space 4096K, 0% used [0x00000000d7280000,0x00000000d7280000,0x00000000d7680000)
  to   space 4096K, 0% used [0x00000000d6e80000,0x00000000d6e80000,0x00000000d7280000)
 ParOldGen       total 68608K, used 0K [0x0000000080000000, 0x0000000084300000, 0x00000000d5580000)
  object space 68608K, 0% used [0x0000000080000000,0x0000000080000000,0x0000000084300000)
 Metaspace       used 4184K, committed 4480K, reserved 1114112K
  class space    used 454K, committed 576K, reserved 1048576K
}
Event: 0.825 GC heap after
{Heap after GC invocations=1 (full 0):
 PSYoungGen      total 29696K, used 3556K [0x00000000d5580000, 0x00000000d7680000, 0x0000000100000000)
  eden space 25600K, 0% used [0x00000000d5580000,0x00000000d5580000,0x00000000d6e80000)
  from space 4096K, 86% used [0x00000000d6e80000,0x00000000d71f92b0,0x00000000d7280000)
  to   space 4096K, 0% used [0x00000000d7280000,0x00000000d7280000,0x00000000d7680000)
 ParOldGen       total 68608K, used 16K [0x0000000080000000, 0x0000000084300000, 0x00000000d5580000)
  object space 68608K, 0% used [0x0000000080000000,0x0000000080004000,0x0000000084300000)
 Metaspace       used 4184K, committed 4480K, reserved 1114112K
  class space    used 454K, committed 576K, reserved 1048576K
}
Event: 1.263 GC heap before
{Heap before GC invocations=2 (full 0):
 PSYoungGen      total 29696K, used 29156K [0x00000000d5580000, 0x00000000d7680000, 0x0000000100000000)
  eden space 25600K, 100% used [0x00000000d5580000,0x00000000d6e80000,0x00000000d6e80000)
  from space 4096K, 86% used [0x00000000d6e80000,0x00000000d71f92b0,0x00000000d7280000)
  to   space 4096K, 0% used [0x00000000d7280000,0x00000000d7280000,0x00000000d7680000)
 ParOldGen       total 68608K, used 16K [0x0000000080000000, 0x0000000084300000, 0x00000000d5580000)
  object space 68608K, 0% used [0x0000000080000000,0x0000000080004000,0x0000000084300000)
 Metaspace       used 7988K, committed 8256K, reserved 1114112K
  class space    used 830K, committed 960K, reserved 1048576K
}
Event: 1.267 GC heap after
{Heap after GC invocations=2 (full 0):
 PSYoungGen      total 29696K, used 4086K [0x00000000d5580000, 0x00000000d7680000, 0x0000000100000000)
  eden space 25600K, 0% used [0x00000000d5580000,0x00000000d5580000,0x00000000d6e80000)
  from space 4096K, 99% used [0x00000000d7280000,0x00000000d767d810,0x00000000d7680000)
  to   space 4096K, 0% used [0x00000000d6e80000,0x00000000d6e80000,0x00000000d7280000)
 ParOldGen       total 68608K, used 1079K [0x0000000080000000, 0x0000000084300000, 0x00000000d5580000)
  object space 68608K, 1% used [0x0000000080000000,0x000000008010de50,0x0000000084300000)
 Metaspace       used 7988K, committed 8256K, reserved 1114112K
  class space    used 830K, committed 960K, reserved 1048576K
}
Event: 1.686 GC heap before
{Heap before GC invocations=3 (full 0):
 PSYoungGen      total 29696K, used 29686K [0x00000000d5580000, 0x00000000d7680000, 0x0000000100000000)
  eden space 25600K, 100% used [0x00000000d5580000,0x00000000d6e80000,0x00000000d6e80000)
  from space 4096K, 99% used [0x00000000d7280000,0x00000000d767d810,0x00000000d7680000)
  to   space 4096K, 0% used [0x00000000d6e80000,0x00000000d6e80000,0x00000000d7280000)
 ParOldGen       total 68608K, used 1079K [0x0000000080000000, 0x0000000084300000, 0x00000000d5580000)
  object space 68608K, 1% used [0x0000000080000000,0x000000008010de50,0x0000000084300000)
 Metaspace       used 12586K, committed 13120K, reserved 1114112K
  class space    used 1333K, committed 1536K, reserved 1048576K
}
Event: 1.690 GC heap after
{Heap after GC invocations=3 (full 0):
 PSYoungGen      total 29696K, used 4067K [0x00000000d5580000, 0x00000000d7680000, 0x0000000100000000)
  eden space 25600K, 0% used [0x00000000d5580000,0x00000000d5580000,0x00000000d6e80000)
  from space 4096K, 99% used [0x00000000d6e80000,0x00000000d7278f88,0x00000000d7280000)
  to   space 4096K, 0% used [0x00000000d7280000,0x00000000d7280000,0x00000000d7680000)
 ParOldGen       total 68608K, used 2818K [0x0000000080000000, 0x0000000084300000, 0x00000000d5580000)
  object space 68608K, 4% used [0x0000000080000000,0x00000000802c0b68,0x0000000084300000)
 Metaspace       used 12586K, committed 13120K, reserved 1114112K
  class space    used 1333K, committed 1536K, reserved 1048576K
}
Event: 2.230 GC heap before
{Heap before GC invocations=4 (full 0):
 PSYoungGen      total 29696K, used 29667K [0x00000000d5580000, 0x00000000d7680000, 0x0000000100000000)
  eden space 25600K, 99% used [0x00000000d5580000,0x00000000d6e7ffa8,0x00000000d6e80000)
  from space 4096K, 99% used [0x00000000d6e80000,0x00000000d7278f88,0x00000000d7280000)
  to   space 4096K, 0% used [0x00000000d7280000,0x00000000d7280000,0x00000000d7680000)
 ParOldGen       total 68608K, used 2818K [0x0000000080000000, 0x0000000084300000, 0x00000000d5580000)
  object space 68608K, 4% used [0x0000000080000000,0x00000000802c0b68,0x0000000084300000)
 Metaspace       used 16575K, committed 17280K, reserved 1114112K
  class space    used 1750K, committed 2048K, reserved 1048576K
}
Event: 2.233 GC heap after
{Heap after GC invocations=4 (full 0):
 PSYoungGen      total 29696K, used 4092K [0x00000000d5580000, 0x00000000d7680000, 0x0000000100000000)
  eden space 25600K, 0% used [0x00000000d5580000,0x00000000d5580000,0x00000000d6e80000)
  from space 4096K, 99% used [0x00000000d7280000,0x00000000d767f070,0x00000000d7680000)
  to   space 4096K, 0% used [0x00000000d6e80000,0x00000000d6e80000,0x00000000d7280000)
 ParOldGen       total 68608K, used 4910K [0x0000000080000000, 0x0000000084300000, 0x00000000d5580000)
  object space 68608K, 7% used [0x0000000080000000,0x00000000804cbb88,0x0000000084300000)
 Metaspace       used 16575K, committed 17280K, reserved 1114112K
  class space    used 1750K, committed 2048K, reserved 1048576K
}
Event: 2.452 GC heap before
{Heap before GC invocations=5 (full 0):
 PSYoungGen      total 29696K, used 29692K [0x00000000d5580000, 0x00000000d7680000, 0x0000000100000000)
  eden space 25600K, 100% used [0x00000000d5580000,0x00000000d6e80000,0x00000000d6e80000)
  from space 4096K, 99% used [0x00000000d7280000,0x00000000d767f070,0x00000000d7680000)
  to   space 4096K, 0% used [0x00000000d6e80000,0x00000000d6e80000,0x00000000d7280000)
 ParOldGen       total 68608K, used 4910K [0x0000000080000000, 0x0000000084300000, 0x00000000d5580000)
  object space 68608K, 7% used [0x0000000080000000,0x00000000804cbb88,0x0000000084300000)
 Metaspace       used 19852K, committed 20544K, reserved 1114112K
  class space    used 1980K, committed 2304K, reserved 1048576K
}
Event: 2.457 GC heap after
{Heap after GC invocations=5 (full 0):
 PSYoungGen      total 29184K, used 4088K [0x00000000d5580000, 0x00000000d7800000, 0x0000000100000000)
  eden space 25088K, 0% used [0x00000000d5580000,0x00000000d5580000,0x00000000d6e00000)
  from space 4096K, 99% used [0x00000000d6e80000,0x00000000d727e3f8,0x00000000d7280000)
  to   space 5120K, 0% used [0x00000000d7300000,0x00000000d7300000,0x00000000d7800000)
 ParOldGen       total 68608K, used 5228K [0x0000000080000000, 0x0000000084300000, 0x00000000d5580000)
  object space 68608K, 7% used [0x0000000080000000,0x000000008051b0f0,0x0000000084300000)
 Metaspace       used 19852K, committed 20544K, reserved 1114112K
  class space    used 1980K, committed 2304K, reserved 1048576K
}
Event: 4.611 GC heap before
{Heap before GC invocations=6 (full 0):
 PSYoungGen      total 29184K, used 12250K [0x00000000d5580000, 0x00000000d7800000, 0x0000000100000000)
  eden space 25088K, 32% used [0x00000000d5580000,0x00000000d5d787b0,0x00000000d6e00000)
  from space 4096K, 99% used [0x00000000d6e80000,0x00000000d727e3f8,0x00000000d7280000)
  to   space 5120K, 0% used [0x00000000d7300000,0x00000000d7300000,0x00000000d7800000)
 ParOldGen       total 68608K, used 5228K [0x0000000080000000, 0x0000000084300000, 0x00000000d5580000)
  object space 68608K, 7% used [0x0000000080000000,0x000000008051b0f0,0x0000000084300000)
 Metaspace       used 20863K, committed 21504K, reserved 1114112K
  class space    used 2061K, committed 2368K, reserved 1048576K
}
Event: 4.613 GC heap after
{Heap after GC invocations=6 (full 0):
 PSYoungGen      total 29696K, used 4447K [0x00000000d5580000, 0x00000000d7780000, 0x0000000100000000)
  eden space 25088K, 0% used [0x00000000d5580000,0x00000000d5580000,0x00000000d6e00000)
  from space 4608K, 96% used [0x00000000d7300000,0x00000000d7757e70,0x00000000d7780000)
  to   space 4608K, 0% used [0x00000000d6e80000,0x00000000d6e80000,0x00000000d7300000)
 ParOldGen       total 68608K, used 5228K [0x0000000080000000, 0x0000000084300000, 0x00000000d5580000)
  object space 68608K, 7% used [0x0000000080000000,0x000000008051b0f0,0x0000000084300000)
 Metaspace       used 20863K, committed 21504K, reserved 1114112K
  class space    used 2061K, committed 2368K, reserved 1048576K
}
Event: 4.613 GC heap before
{Heap before GC invocations=7 (full 1):
 PSYoungGen      total 29696K, used 4447K [0x00000000d5580000, 0x00000000d7780000, 0x0000000100000000)
  eden space 25088K, 0% used [0x00000000d5580000,0x00000000d5580000,0x00000000d6e00000)
  from space 4608K, 96% used [0x00000000d7300000,0x00000000d7757e70,0x00000000d7780000)
  to   space 4608K, 0% used [0x00000000d6e80000,0x00000000d6e80000,0x00000000d7300000)
 ParOldGen       total 68608K, used 5228K [0x0000000080000000, 0x0000000084300000, 0x00000000d5580000)
  object space 68608K, 7% used [0x0000000080000000,0x000000008051b0f0,0x0000000084300000)
 Metaspace       used 20863K, committed 21504K, reserved 1114112K
  class space    used 2061K, committed 2368K, reserved 1048576K
}
Event: 4.630 GC heap after
{Heap after GC invocations=7 (full 1):
 PSYoungGen      total 29696K, used 0K [0x00000000d5580000, 0x00000000d7780000, 0x0000000100000000)
  eden space 25088K, 0% used [0x00000000d5580000,0x00000000d5580000,0x00000000d6e00000)
  from space 4608K, 0% used [0x00000000d7300000,0x00000000d7300000,0x00000000d7780000)
  to   space 4608K, 0% used [0x00000000d6e80000,0x00000000d6e80000,0x00000000d7300000)
 ParOldGen       total 68608K, used 8848K [0x0000000080000000, 0x0000000084300000, 0x00000000d5580000)
  object space 68608K, 12% used [0x0000000080000000,0x00000000808a4030,0x0000000084300000)
 Metaspace       used 20851K, committed 21504K, reserved 1114112K
  class space    used 2058K, committed 2368K, reserved 1048576K
}
Event: 4.848 GC heap before
{Heap before GC invocations=8 (full 1):
 PSYoungGen      total 29696K, used 25088K [0x00000000d5580000, 0x00000000d7780000, 0x0000000100000000)
  eden space 25088K, 100% used [0x00000000d5580000,0x00000000d6e00000,0x00000000d6e00000)
  from space 4608K, 0% used [0x00000000d7300000,0x00000000d7300000,0x00000000d7780000)
  to   space 4608K, 0% used [0x00000000d6e80000,0x00000000d6e80000,0x00000000d7300000)
 ParOldGen       total 68608K, used 8848K [0x0000000080000000, 0x0000000084300000, 0x00000000d5580000)
  object space 68608K, 12% used [0x0000000080000000,0x00000000808a4030,0x0000000084300000)
 Metaspace       used 23072K, committed 23808K, reserved 1114112K
  class space    used 2234K, committed 2560K, reserved 1048576K
}
Event: 4.849 GC heap after
{Heap after GC invocations=8 (full 1):
 PSYoungGen      total 27136K, used 2422K [0x00000000d5580000, 0x00000000d7480000, 0x0000000100000000)
  eden space 24576K, 0% used [0x00000000d5580000,0x00000000d5580000,0x00000000d6d80000)
  from space 2560K, 94% used [0x00000000d6e80000,0x00000000d70ddb38,0x00000000d7100000)
  to   space 3584K, 0% used [0x00000000d7100000,0x00000000d7100000,0x00000000d7480000)
 ParOldGen       total 68608K, used 8856K [0x0000000080000000, 0x0000000084300000, 0x00000000d5580000)
  object space 68608K, 12% used [0x0000000080000000,0x00000000808a6030,0x0000000084300000)
 Metaspace       used 23072K, committed 23808K, reserved 1114112K
  class space    used 2234K, committed 2560K, reserved 1048576K
}

Dll operation events (10 events):
Event: 0.017 Loaded shared library c:\Users\RISHABH UPWANSHI\.vscode\extensions\redhat.java-1.54.0-win32-x64\jre\21.0.10-win32-x86_64\bin\java.dll
Event: 0.109 Loaded shared library c:\Users\RISHABH UPWANSHI\.vscode\extensions\redhat.java-1.54.0-win32-x64\jre\21.0.10-win32-x86_64\bin\zip.dll
Event: 0.137 Loaded shared library C:\Users\RISHABH UPWANSHI\.vscode\extensions\redhat.java-1.54.0-win32-x64\jre\21.0.10-win32-x86_64\bin\instrument.dll
Event: 0.146 Loaded shared library C:\Users\RISHABH UPWANSHI\.vscode\extensions\redhat.java-1.54.0-win32-x64\jre\21.0.10-win32-x86_64\bin\net.dll
Event: 0.151 Loaded shared library C:\Users\RISHABH UPWANSHI\.vscode\extensions\redhat.java-1.54.0-win32-x64\jre\21.0.10-win32-x86_64\bin\nio.dll
Event: 0.156 Loaded shared library C:\Users\RISHABH UPWANSHI\.vscode\extensions\redhat.java-1.54.0-win32-x64\jre\21.0.10-win32-x86_64\bin\zip.dll
Event: 0.179 Loaded shared library C:\Users\RISHABH UPWANSHI\.vscode\extensions\redhat.java-1.54.0-win32-x64\jre\21.0.10-win32-x86_64\bin\jimage.dll
Event: 0.287 Loaded shared library c:\Users\RISHABH UPWANSHI\.vscode\extensions\redhat.java-1.54.0-win32-x64\jre\21.0.10-win32-x86_64\bin\verify.dll
Event: 1.334 Loaded shared library C:\Users\RISHABH UPWANSHI\AppData\Roaming\Code\User\globalStorage\redhat.java\1.54.0\config_ss_win\org.eclipse.equinox.launcher\org.eclipse.equinox.launcher.win32.win32.x86_64_1.3.0.v20260203-2149\eclipse_11919.dll
Event: 2.097 Loaded shared library C:\Users\RISHABH UPWANSHI\AppData\Local\Temp\jna-1647839792\jna13940478454082777451.dll

Deoptimization events (20 events):
Event: 2.223 Thread 0x000001e204c19040 DEOPT PACKING pc=0x000001e230103a14 sp=0x0000008b3ffef3b0
Event: 2.223 Thread 0x000001e204c19040 DEOPT UNPACKING pc=0x000001e22f903aa2 sp=0x0000008b3ffef358 mode 2
Event: 2.278 Thread 0x000001e204c19040 Uncommon trap: trap_request=0xffffff45 fr.pc=0x000001e230126b10 relative=0x0000000000000890
Event: 2.278 Thread 0x000001e204c19040 Uncommon trap: reason=unstable_if action=reinterpret pc=0x000001e230126b10 method=org.lombokweb.asm.ClassReader.readUTF8(I[C)Ljava/lang/String; @ 11 c2
Event: 2.278 Thread 0x000001e204c19040 DEOPT PACKING pc=0x000001e230126b10 sp=0x0000008b3ffef5a0
Event: 2.278 Thread 0x000001e204c19040 DEOPT UNPACKING pc=0x000001e22f903aa2 sp=0x0000008b3ffef5a8 mode 2
Event: 3.547 Thread 0x000001e204c19040 Uncommon trap: trap_request=0xffffff45 fr.pc=0x000001e2301307ec relative=0x000000000000014c
Event: 3.547 Thread 0x000001e204c19040 Uncommon trap: reason=unstable_if action=reinterpret pc=0x000001e2301307ec method=org.lombokweb.asm.ByteVector.putByteArray([BII)Lorg/lombokweb/asm/ByteVector; @ 20 c2
Event: 3.547 Thread 0x000001e204c19040 DEOPT PACKING pc=0x000001e2301307ec sp=0x0000008b3ffeea70
Event: 3.547 Thread 0x000001e204c19040 DEOPT UNPACKING pc=0x000001e22f903aa2 sp=0x0000008b3ffeea40 mode 2
Event: 3.547 Thread 0x000001e204c19040 Uncommon trap: trap_request=0xffffff45 fr.pc=0x000001e23012f0a4 relative=0x0000000000000364
Event: 3.547 Thread 0x000001e204c19040 Uncommon trap: reason=unstable_if action=reinterpret pc=0x000001e23012f0a4 method=org.lombokweb.asm.Label.resolve([BLorg/lombokweb/asm/ByteVector;I)Z @ 81 c2
Event: 3.547 Thread 0x000001e204c19040 DEOPT PACKING pc=0x000001e23012f0a4 sp=0x0000008b3ffeeb00
Event: 4.556 Thread 0x000001e204c19040 DEOPT UNPACKING pc=0x000001e22f903aa2 sp=0x0000008b3ffeea08 mode 2
Event: 4.556 Thread 0x000001e204c19040 Uncommon trap: trap_request=0xffffff45 fr.pc=0x000001e23012e8cc relative=0x000000000000022c
Event: 4.556 Thread 0x000001e204c19040 Uncommon trap: reason=unstable_if action=reinterpret pc=0x000001e23012e8cc method=org.lombokweb.asm.Label.resolve([BLorg/lombokweb/asm/ByteVector;I)Z @ 81 c2
Event: 4.556 Thread 0x000001e204c19040 DEOPT PACKING pc=0x000001e23012e8cc sp=0x0000008b3ffeea70
Event: 4.556 Thread 0x000001e204c19040 DEOPT UNPACKING pc=0x000001e22f903aa2 sp=0x0000008b3ffeea00 mode 2
Event: 4.783 Thread 0x000001e204c19040 DEOPT PACKING pc=0x000001e22890aa39 sp=0x0000008b3fff47e0
Event: 4.783 Thread 0x000001e204c19040 DEOPT UNPACKING pc=0x000001e22f904242 sp=0x0000008b3fff3ce0 mode 0

Classes loaded (20 events):
Event: 4.831 Loading class com/sun/org/apache/xerces/internal/impl/msg/XMLMessages
Event: 4.831 Loading class com/sun/org/apache/xerces/internal/impl/msg/XMLMessages done
Event: 4.831 Loading class com/sun/org/apache/xerces/internal/impl/msg/XMLMessages_en
Event: 4.831 Loading class com/sun/org/apache/xerces/internal/impl/msg/XMLMessages_en done
Event: 4.831 Loading class com/sun/org/apache/xerces/internal/impl/msg/XMLMessages_en
Event: 4.831 Loading class com/sun/org/apache/xerces/internal/impl/msg/XMLMessages_en done
Event: 4.831 Loading class com/sun/org/apache/xerces/internal/impl/msg/XMLMessages_en_IN
Event: 4.831 Loading class com/sun/org/apache/xerces/internal/impl/msg/XMLMessages_en_IN done
Event: 4.831 Loading class com/sun/org/apache/xerces/internal/impl/msg/XMLMessages_en_IN
Event: 4.831 Loading class com/sun/org/apache/xerces/internal/impl/msg/XMLMessages_en_IN done
Event: 4.847 Loading class java/net/SocketAddress
Event: 4.847 Loading class java/net/SocketAddress done
Event: 4.847 Loading class java/net/InetSocketAddress
Event: 4.847 Loading class java/net/InetSocketAddress done
Event: 4.847 Loading class java/nio/channels/AsynchronousByteChannel
Event: 4.847 Loading class java/nio/channels/AsynchronousChannel
Event: 4.847 Loading class java/nio/channels/AsynchronousChannel done
Event: 4.847 Loading class java/nio/channels/AsynchronousByteChannel done
Event: 4.847 Loading class java/net/Authenticator
Event: 4.847 Loading class java/net/Authenticator done

Classes unloaded (7 events):
Event: 4.615 Thread 0x000001e22531e8a0 Unloading class 0x000001e23d18cc00 'java/lang/invoke/LambdaForm$MH+0x000001e23d18cc00'
Event: 4.615 Thread 0x000001e22531e8a0 Unloading class 0x000001e23d18c800 'java/lang/invoke/LambdaForm$MH+0x000001e23d18c800'
Event: 4.615 Thread 0x000001e22531e8a0 Unloading class 0x000001e23d18c400 'java/lang/invoke/LambdaForm$MH+0x000001e23d18c400'
Event: 4.615 Thread 0x000001e22531e8a0 Unloading class 0x000001e23d18c000 'java/lang/invoke/LambdaForm$MH+0x000001e23d18c000'
Event: 4.615 Thread 0x000001e22531e8a0 Unloading class 0x000001e23d18bc00 'java/lang/invoke/LambdaForm$BMH+0x000001e23d18bc00'
Event: 4.615 Thread 0x000001e22531e8a0 Unloading class 0x000001e23d18b800 'java/lang/invoke/LambdaForm$DMH+0x000001e23d18b800'
Event: 4.615 Thread 0x000001e22531e8a0 Unloading class 0x000001e23d18a400 'java/lang/invoke/LambdaForm$DMH+0x000001e23d18a400'

Classes redefined (0 events):
No events

Internal exceptions (20 events):
Event: 2.152 Thread 0x000001e204c19040 Exception <a 'java/lang/NoSuchMethodError'{0x00000000d6955540}: 'java.lang.Object java.lang.invoke.DirectMethodHandle$Holder.invokeSpecial(java.lang.Object, java.lang.Object, java.lang.Object, java.lang.Object, long)'> (0x00000000d6955540) 
thrown [s\src\hotspot\share\interpreter\linkResolver.cpp, line 773]
Event: 2.152 Thread 0x000001e204c19040 Exception <a 'java/lang/NoSuchMethodError'{0x00000000d6959160}: 'java.lang.Object java.lang.invoke.Invokers$Holder.linkToTargetMethod(java.lang.Object, java.lang.Object, long, java.lang.Object)'> (0x00000000d6959160) 
thrown [s\src\hotspot\share\interpreter\linkResolver.cpp, line 773]
Event: 2.161 Thread 0x000001e204c19040 Exception <a 'java/lang/NoSuchMethodError'{0x00000000d69c7740}: 'int java.lang.invoke.DirectMethodHandle$Holder.invokeStaticInit(java.lang.Object, java.lang.Object, java.lang.Object)'> (0x00000000d69c7740) 
thrown [s\src\hotspot\share\interpreter\linkResolver.cpp, line 773]
Event: 2.170 Thread 0x000001e204c19040 Exception <a 'java/lang/IncompatibleClassChangeError'{0x00000000d6a56d80}: Found class java.lang.Object, but interface was expected> (0x00000000d6a56d80) 
thrown [s\src\hotspot\share\interpreter\linkResolver.cpp, line 840]
Event: 2.176 Thread 0x000001e204c19040 Exception <a 'java/lang/NoSuchMethodError'{0x00000000d6a6ec60}: 'java.lang.Object java.lang.invoke.DirectMethodHandle$Holder.invokeSpecial(java.lang.Object, java.lang.Object, java.lang.Object, int, java.lang.Object, java.lang.Object)'> (0x00000000d6a6ec60) 
thrown [s\src\hotspot\share\interpreter\linkResolver.cpp, line 773]
Event: 2.177 Thread 0x000001e204c19040 Exception <a 'java/lang/NoSuchMethodError'{0x00000000d6a76738}: 'java.lang.Object java.lang.invoke.DirectMethodHandle$Holder.newInvokeSpecial(java.lang.Object, java.lang.Object, java.lang.Object, int, java.lang.Object)'> (0x00000000d6a76738) 
thrown [s\src\hotspot\share\interpreter\linkResolver.cpp, line 773]
Event: 2.177 Thread 0x000001e204c19040 Exception <a 'java/lang/NoSuchMethodError'{0x00000000d6a7a6b8}: 'java.lang.Object java.lang.invoke.DirectMethodHandle$Holder.invokeSpecial(java.lang.Object, java.lang.Object, java.lang.Object, java.lang.Object, int, java.lang.Object)'> (0x00000000d6a7a6b8) 
thrown [s\src\hotspot\share\interpreter\linkResolver.cpp, line 773]
Event: 2.178 Thread 0x000001e204c19040 Exception <a 'java/lang/NoSuchMethodError'{0x00000000d6a7e1f8}: 'java.lang.Object java.lang.invoke.Invokers$Holder.linkToTargetMethod(java.lang.Object, java.lang.Object, int, java.lang.Object, java.lang.Object)'> (0x00000000d6a7e1f8) 
thrown [s\src\hotspot\share\interpreter\linkResolver.cpp, line 773]
Event: 2.178 Thread 0x000001e204d35890 Exception <a 'java/lang/NoSuchMethodError'{0x00000000d69a6e08}: 'java.lang.Object java.lang.invoke.DirectMethodHandle$Holder.invokeSpecial(java.lang.Object, java.lang.Object, int, java.lang.Object, java.lang.Object)'> (0x00000000d69a6e08) 
thrown [s\src\hotspot\share\interpreter\linkResolver.cpp, line 773]
Event: 2.179 Thread 0x000001e204d35890 Exception <a 'java/lang/NoSuchMethodError'{0x00000000d69adb40}: 'java.lang.Object java.lang.invoke.DirectMethodHandle$Holder.newInvokeSpecial(java.lang.Object, java.lang.Object, int, java.lang.Object)'> (0x00000000d69adb40) 
thrown [s\src\hotspot\share\interpreter\linkResolver.cpp, line 773]
Event: 2.180 Thread 0x000001e204d35890 Exception <a 'java/lang/NoSuchMethodError'{0x00000000d69b1420}: 'java.lang.Object java.lang.invoke.DirectMethodHandle$Holder.invokeSpecial(java.lang.Object, java.lang.Object, java.lang.Object, int, java.lang.Object)'> (0x00000000d69b1420) 
thrown [s\src\hotspot\share\interpreter\linkResolver.cpp, line 773]
Event: 2.195 Thread 0x000001e204c19040 Exception <a 'java/lang/NoSuchMethodError'{0x00000000d6b98ce8}: 'void java.lang.invoke.DirectMethodHandle$Holder.invokeSpecial(java.lang.Object, java.lang.Object, java.lang.Object, java.lang.Object, java.lang.Object)'> (0x00000000d6b98ce8) 
thrown [s\src\hotspot\share\interpreter\linkResolver.cpp, line 773]
Event: 2.209 Thread 0x000001e204c19040 Exception <a 'java/lang/NoSuchMethodError'{0x00000000d6cb24a0}: 'double java.lang.invoke.DirectMethodHandle$Holder.invokeStatic(java.lang.Object, java.lang.Object)'> (0x00000000d6cb24a0) 
thrown [s\src\hotspot\share\interpreter\linkResolver.cpp, line 773]
Event: 2.209 Thread 0x000001e204c19040 Exception <a 'java/lang/NoSuchMethodError'{0x00000000d6cb5b60}: 'double java.lang.invoke.DirectMethodHandle$Holder.invokeStaticInit(java.lang.Object, java.lang.Object)'> (0x00000000d6cb5b60) 
thrown [s\src\hotspot\share\interpreter\linkResolver.cpp, line 773]
Event: 3.547 Thread 0x000001e204c19040 Implicit null exception at 0x000001e2301306f5 to 0x000001e2301307d0
Event: 4.703 Thread 0x000001e204c19040 Exception <a 'java/io/FileNotFoundException'{0x00000000d63ab7b8}> (0x00000000d63ab7b8) 
thrown [s\src\hotspot\share\prims\jni.cpp, line 520]
Event: 4.703 Thread 0x000001e204c19040 Exception <a 'java/io/FileNotFoundException'{0x00000000d63ac810}> (0x00000000d63ac810) 
thrown [s\src\hotspot\share\prims\jni.cpp, line 520]
Event: 4.829 Thread 0x000001e204c19040 Exception <a 'java/lang/ClassNotFoundException'{0x00000000d6bfd828}: com/sun/org/apache/xerces/internal/impl/msg/spi/DOMMessagesProvider> (0x00000000d6bfd828) 
thrown [s\src\hotspot\share\classfile\systemDictionary.cpp, line 312]
Event: 4.830 Thread 0x000001e204c19040 Exception <a 'java/lang/ClassNotFoundException'{0x00000000d6c18830}: com/sun/org/apache/xerces/internal/impl/msg/spi/XMLSerializerMessagesProvider> (0x00000000d6c18830) 
thrown [s\src\hotspot\share\classfile\systemDictionary.cpp, line 312]
Event: 4.831 Thread 0x000001e204c19040 Exception <a 'java/lang/ClassNotFoundException'{0x00000000d6c26e98}: com/sun/org/apache/xerces/internal/impl/msg/spi/XMLMessagesProvider> (0x00000000d6c26e98) 
thrown [s\src\hotspot\share\classfile\systemDictionary.cpp, line 312]

ZGC Phase Switch (0 events):
No events

VM Operations (20 events):
Event: 1.686 Executing safepoint VM operation: ParallelGCFailedAllocation (Allocation Failure)
Event: 1.691 Executing safepoint VM operation: ParallelGCFailedAllocation (Allocation Failure) done
Event: 1.823 Executing non-safepoint VM operation: HandshakeAllThreads (Deoptimize)
Event: 1.823 Executing non-safepoint VM operation: HandshakeAllThreads (Deoptimize) done
Event: 1.826 Executing non-safepoint VM operation: HandshakeAllThreads (Deoptimize)
Event: 1.826 Executing non-safepoint VM operation: HandshakeAllThreads (Deoptimize) done
Event: 1.842 Executing non-safepoint VM operation: HandshakeAllThreads (Deoptimize)
Event: 1.842 Executing non-safepoint VM operation: HandshakeAllThreads (Deoptimize) done
Event: 1.995 Executing non-safepoint VM operation: HandshakeAllThreads (Deoptimize)
Event: 1.995 Executing non-safepoint VM operation: HandshakeAllThreads (Deoptimize) done
Event: 2.104 Executing non-safepoint VM operation: HandshakeAllThreads (Deoptimize)
Event: 2.104 Executing non-safepoint VM operation: HandshakeAllThreads (Deoptimize) done
Event: 2.229 Executing safepoint VM operation: ParallelGCFailedAllocation (Allocation Failure)
Event: 2.233 Executing safepoint VM operation: ParallelGCFailedAllocation (Allocation Failure) done
Event: 2.452 Executing safepoint VM operation: ParallelGCFailedAllocation (Allocation Failure)
Event: 2.457 Executing safepoint VM operation: ParallelGCFailedAllocation (Allocation Failure) done
Event: 4.611 Executing safepoint VM operation: CollectForMetadataAllocation (Metadata GC Threshold)
Event: 4.630 Executing safepoint VM operation: CollectForMetadataAllocation (Metadata GC Threshold) done
Event: 4.848 Executing safepoint VM operation: ParallelGCFailedAllocation (Allocation Failure)
Event: 4.849 Executing safepoint VM operation: ParallelGCFailedAllocation (Allocation Failure) done

Memory protections (0 events):
No events

Nmethod flushes (0 events):
No events

Events (20 events):
Event: 0.061 Thread 0x000001e22525e700 Thread added: 0x000001e27e2a0b70
Event: 0.106 Thread 0x000001e27e2a0b70 Thread added: 0x000001e27e3a2f30
Event: 0.106 Thread 0x000001e27e2a0b70 Thread added: 0x000001e27e3a35e0
Event: 0.115 Thread 0x000001e27e3a35e0 Thread added: 0x000001e27e3fa7e0
Event: 0.141 Thread 0x000001e22525e700 Thread added: 0x000001e27e526500
Event: 0.191 Thread 0x000001e27e2a0b70 Thread added: 0x000001e27e552c10
Event: 0.451 Thread 0x000001e22525e700 Thread added: 0x000001e2040a00e0
Event: 0.570 Thread 0x000001e27e3a35e0 Thread added: 0x000001e20416ef70
Event: 0.571 Thread 0x000001e27e3a2f30 Thread added: 0x000001e204240210
Event: 1.146 Thread 0x000001e22525e700 Thread added: 0x000001e204e64e80
Event: 1.326 Thread 0x000001e22525e700 Thread added: 0x000001e204a57ed0
Event: 1.330 Thread 0x000001e22525e700 Thread added: 0x000001e204c19040
Event: 1.435 Thread 0x000001e204c19040 Thread added: 0x000001e204c11710
Event: 1.664 Thread 0x000001e204c19040 Thread added: 0x000001e204e83430
Event: 2.121 Thread 0x000001e204c19040 Thread added: 0x000001e204d98a20
Event: 2.155 Thread 0x000001e204c19040 Thread added: 0x000001e204d35890
Event: 2.179 Thread 0x000001e204c19040 Thread added: 0x000001e20501dc90
Event: 4.556 Thread 0x000001e27e552c10 Thread exited: 0x000001e27e552c10
Event: 4.838 Thread 0x000001e204c19040 Thread added: 0x000001e20501c8e0
Event: 4.947 Thread 0x000001e204240210 Thread exited: 0x000001e204240210


Dynamic libraries:
0x00007ff7c3620000 - 0x00007ff7c362e000 	c:\Users\RISHABH UPWANSHI\.vscode\extensions\redhat.java-1.54.0-win32-x64\jre\21.0.10-win32-x86_64\bin\java.exe
0x00007ff9cfe60000 - 0x00007ff9d00c6000 	C:\Windows\SYSTEM32\ntdll.dll
0x00007ff9ce210000 - 0x00007ff9ce2d9000 	C:\Windows\System32\KERNEL32.DLL
0x00007ff9cd740000 - 0x00007ff9cdb3a000 	C:\Windows\System32\KERNELBASE.dll
0x00007ff9cd5c0000 - 0x00007ff9cd70c000 	C:\Windows\System32\ucrtbase.dll
0x00007ff98b630000 - 0x00007ff98b64e000 	c:\Users\RISHABH UPWANSHI\.vscode\extensions\redhat.java-1.54.0-win32-x64\jre\21.0.10-win32-x86_64\bin\VCRUNTIME140.dll
0x00007ff9c8210000 - 0x00007ff9c8228000 	c:\Users\RISHABH UPWANSHI\.vscode\extensions\redhat.java-1.54.0-win32-x64\jre\21.0.10-win32-x86_64\bin\jli.dll
0x00007ff9ce2e0000 - 0x00007ff9ce4a7000 	C:\Windows\System32\USER32.dll
0x00007ff9b1be0000 - 0x00007ff9b1e72000 	C:\Windows\WinSxS\amd64_microsoft.windows.common-controls_6595b64144ccf1df_6.0.26100.8521_none_3e08b75ce33403b3\COMCTL32.dll
0x00007ff9cd710000 - 0x00007ff9cd737000 	C:\Windows\System32\win32u.dll
0x00007ff9cf1d0000 - 0x00007ff9cf279000 	C:\Windows\System32\msvcrt.dll
0x00007ff9cf040000 - 0x00007ff9cf06b000 	C:\Windows\System32\GDI32.dll
0x00007ff9cd3e0000 - 0x00007ff9cd50b000 	C:\Windows\System32\gdi32full.dll
0x00007ff9cd330000 - 0x00007ff9cd3d3000 	C:\Windows\System32\msvcp_win.dll
0x00007ff9ce1d0000 - 0x00007ff9ce202000 	C:\Windows\System32\IMM32.DLL
0x00007ff9c8200000 - 0x00007ff9c820c000 	c:\Users\RISHABH UPWANSHI\.vscode\extensions\redhat.java-1.54.0-win32-x64\jre\21.0.10-win32-x86_64\bin\vcruntime140_1.dll
0x00007ff96b190000 - 0x00007ff96b21d000 	c:\Users\RISHABH UPWANSHI\.vscode\extensions\redhat.java-1.54.0-win32-x64\jre\21.0.10-win32-x86_64\bin\msvcp140.dll
0x00007ff915460000 - 0x00007ff916201000 	c:\Users\RISHABH UPWANSHI\.vscode\extensions\redhat.java-1.54.0-win32-x64\jre\21.0.10-win32-x86_64\bin\server\jvm.dll
0x00007ff9cdc90000 - 0x00007ff9cdd46000 	C:\Windows\System32\ADVAPI32.dll
0x00007ff9cec80000 - 0x00007ff9ced2a000 	C:\Windows\System32\sechost.dll
0x00007ff9cdd70000 - 0x00007ff9cde88000 	C:\Windows\System32\RPCRT4.dll
0x00007ff9cdc00000 - 0x00007ff9cdc80000 	C:\Windows\System32\WS2_32.dll
0x00007ff9ccf50000 - 0x00007ff9ccfae000 	C:\Windows\SYSTEM32\POWRPROF.dll
0x00007ff9c5840000 - 0x00007ff9c584b000 	C:\Windows\SYSTEM32\VERSION.dll
0x00007ff9c0e90000 - 0x00007ff9c0ec6000 	C:\Windows\SYSTEM32\WINMM.dll
0x00007ff9ccf30000 - 0x00007ff9ccf44000 	C:\Windows\SYSTEM32\UMPDC.dll
0x00007ff9cbe80000 - 0x00007ff9cbe9b000 	C:\Windows\SYSTEM32\kernel.appcore.dll
0x00007ff9c63f0000 - 0x00007ff9c63fa000 	c:\Users\RISHABH UPWANSHI\.vscode\extensions\redhat.java-1.54.0-win32-x64\jre\21.0.10-win32-x86_64\bin\jimage.dll
0x00007ff9b4a10000 - 0x00007ff9b4c52000 	C:\Windows\SYSTEM32\DBGHELP.DLL
0x00007ff9cf280000 - 0x00007ff9cf603000 	C:\Windows\System32\combase.dll
0x00007ff9cf0f0000 - 0x00007ff9cf1c9000 	C:\Windows\System32\OLEAUT32.dll
0x00007ff9ae710000 - 0x00007ff9ae74b000 	C:\Windows\SYSTEM32\dbgcore.DLL
0x00007ff9cd510000 - 0x00007ff9cd5b8000 	C:\Windows\System32\bcryptPrimitives.dll
0x00007ff9c5af0000 - 0x00007ff9c5aff000 	c:\Users\RISHABH UPWANSHI\.vscode\extensions\redhat.java-1.54.0-win32-x64\jre\21.0.10-win32-x86_64\bin\instrument.dll
0x00007ff989900000 - 0x00007ff989920000 	c:\Users\RISHABH UPWANSHI\.vscode\extensions\redhat.java-1.54.0-win32-x64\jre\21.0.10-win32-x86_64\bin\java.dll
0x00007ff9cf680000 - 0x00007ff9cfe04000 	C:\Windows\System32\SHELL32.dll
0x00007ff9cac80000 - 0x00007ff9cb500000 	C:\Windows\SYSTEM32\windows.storage.dll
0x00007ff9ce6f0000 - 0x00007ff9ce7e6000 	C:\Windows\System32\SHCORE.dll
0x00007ff9cf610000 - 0x00007ff9cf677000 	C:\Windows\System32\shlwapi.dll
0x00007ff9cd010000 - 0x00007ff9cd039000 	C:\Windows\SYSTEM32\profapi.dll
0x00007ff973b10000 - 0x00007ff973b28000 	c:\Users\RISHABH UPWANSHI\.vscode\extensions\redhat.java-1.54.0-win32-x64\jre\21.0.10-win32-x86_64\bin\zip.dll
0x00007ff9a39f0000 - 0x00007ff9a3a00000 	C:\Users\RISHABH UPWANSHI\.vscode\extensions\redhat.java-1.54.0-win32-x64\jre\21.0.10-win32-x86_64\bin\net.dll
0x00007ff9c66a0000 - 0x00007ff9c67c9000 	C:\Windows\SYSTEM32\WINHTTP.dll
0x00007ff9cc3f0000 - 0x00007ff9cc45c000 	C:\Windows\system32\mswsock.dll
0x00007ff988570000 - 0x00007ff988586000 	C:\Users\RISHABH UPWANSHI\.vscode\extensions\redhat.java-1.54.0-win32-x64\jre\21.0.10-win32-x86_64\bin\nio.dll
0x00007ff9a01a0000 - 0x00007ff9a01b0000 	c:\Users\RISHABH UPWANSHI\.vscode\extensions\redhat.java-1.54.0-win32-x64\jre\21.0.10-win32-x86_64\bin\verify.dll
0x00007ff9b7fe0000 - 0x00007ff9b8025000 	C:\Users\RISHABH UPWANSHI\AppData\Roaming\Code\User\globalStorage\redhat.java\1.54.0\config_ss_win\org.eclipse.equinox.launcher\org.eclipse.equinox.launcher.win32.win32.x86_64_1.3.0.v20260203-2149\eclipse_11919.dll
0x00007ff9ce540000 - 0x00007ff9ce6d8000 	C:\Windows\System32\ole32.dll
0x00007ff9cc6d0000 - 0x00007ff9cc6eb000 	C:\Windows\SYSTEM32\CRYPTSP.dll
0x00007ff9cbde0000 - 0x00007ff9cbe19000 	C:\Windows\system32\rsaenh.dll
0x00007ff9cc4a0000 - 0x00007ff9cc4d3000 	C:\Windows\SYSTEM32\USERENV.dll
0x00007ff9ccfe0000 - 0x00007ff9cd00a000 	C:\Windows\SYSTEM32\bcrypt.dll
0x00007ff9cc6f0000 - 0x00007ff9cc6fc000 	C:\Windows\SYSTEM32\CRYPTBASE.dll
0x00007ff9cb890000 - 0x00007ff9cb8c3000 	C:\Windows\SYSTEM32\IPHLPAPI.DLL
0x00007ff9cfe10000 - 0x00007ff9cfe1a000 	C:\Windows\System32\NSI.dll
0x00007ff9b7f90000 - 0x00007ff9b7fd9000 	C:\Users\RISHABH UPWANSHI\AppData\Local\Temp\jna-1647839792\jna13940478454082777451.dll
0x00007ff9ce6e0000 - 0x00007ff9ce6e8000 	C:\Windows\System32\PSAPI.DLL

JVMTI agents:
c:\Users\RISHABH UPWANSHI\.vscode\extensions\redhat.java-1.54.0-win32-x64\lombok\lombok-1.18.39-4050.jar path:c:\Users\RISHABH UPWANSHI\.vscode\extensions\redhat.java-1.54.0-win32-x64\jre\21.0.10-win32-x86_64\bin\instrument.dll, loaded, initialized, instrumentlib options:none

dbghelp: loaded successfully - version: 4.0.5 - missing functions: none
symbol engine: initialized successfully - sym options: 0x614 - pdb path: .;c:\Users\RISHABH UPWANSHI\.vscode\extensions\redhat.java-1.54.0-win32-x64\jre\21.0.10-win32-x86_64\bin;C:\Windows\SYSTEM32;C:\Windows\WinSxS\amd64_microsoft.windows.common-controls_6595b64144ccf1df_6.0.26100.8521_none_3e08b75ce33403b3;c:\Users\RISHABH UPWANSHI\.vscode\extensions\redhat.java-1.54.0-win32-x64\jre\21.0.10-win32-x86_64\bin\server;C:\Users\RISHABH UPWANSHI\AppData\Roaming\Code\User\globalStorage\redhat.java\1.54.0\config_ss_win\org.eclipse.equinox.launcher\org.eclipse.equinox.launcher.win32.win32.x86_64_1.3.0.v20260203-2149;C:\Users\RISHABH UPWANSHI\AppData\Local\Temp\jna-1647839792

VM Arguments:
jvm_args: --add-modules=ALL-SYSTEM --add-opens=java.base/java.util=ALL-UNNAMED --add-opens=java.base/java.lang=ALL-UNNAMED --add-opens=java.base/sun.nio.fs=ALL-UNNAMED -Declipse.application=org.eclipse.jdt.ls.core.id1 -Dosgi.bundles.defaultStartLevel=4 -Declipse.product=org.eclipse.jdt.ls.core.product -Djava.import.generatesMetadataFilesAtProjectRoot=false -DDetectVMInstallationsJob.disabled=true -Dfile.encoding=utf8 -XX:+UseParallelGC -XX:GCTimeRatio=4 -XX:AdaptiveSizePolicyWeight=90 -Dsun.zip.disableMemoryMapping=true -Xmx2G -Xms100m -Xlog:disable -javaagent:c:\Users\RISHABH UPWANSHI\.vscode\extensions\redhat.java-1.54.0-win32-x64\lombok\lombok-1.18.39-4050.jar 
java_command: c:\Users\RISHABH UPWANSHI\.vscode\extensions\redhat.java-1.54.0-win32-x64\server\plugins\org.eclipse.equinox.launcher_1.7.100.v20251111-0406.jar -configuration c:\Users\RISHABH UPWANSHI\AppData\Roaming\Code\User\globalStorage\redhat.java\1.54.0\config_ss_win -data c:\Users\RISHABH UPWANSHI\AppData\Roaming\Code\User\workspaceStorage\f4a2606078933381c2a47e88c5c240c0\redhat.java\ss_ws --pipe=\\.\pipe\lsp-c5e28240706777f3ec94c135a00da663-sock
java_class_path (initial): c:\Users\RISHABH UPWANSHI\.vscode\extensions\redhat.java-1.54.0-win32-x64\server\plugins\org.eclipse.equinox.launcher_1.7.100.v20251111-0406.jar
Launcher Type: SUN_STANDARD

[Global flags]
    uintx AdaptiveSizePolicyWeight                 = 90                                        {product} {command line}
     intx CICompilerCount                          = 12                                        {product} {ergonomic}
    uintx GCTimeRatio                              = 4                                         {product} {command line}
   size_t InitialHeapSize                          = 104857600                                 {product} {command line}
   size_t MaxHeapSize                              = 2147483648                                {product} {command line}
   size_t MaxNewSize                               = 715653120                                 {product} {ergonomic}
   size_t MinHeapDeltaBytes                        = 524288                                    {product} {ergonomic}
   size_t MinHeapSize                              = 104857600                                 {product} {command line}
   size_t NewSize                                  = 34603008                                  {product} {ergonomic}
    uintx NonNMethodCodeHeapSize                   = 7602480                                {pd product} {ergonomic}
    uintx NonProfiledCodeHeapSize                  = 122027880                              {pd product} {ergonomic}
   size_t OldSize                                  = 70254592                                  {product} {ergonomic}
    uintx ProfiledCodeHeapSize                     = 122027880                              {pd product} {ergonomic}
    uintx ReservedCodeCacheSize                    = 251658240                              {pd product} {ergonomic}
     bool SegmentedCodeCache                       = true                                      {product} {ergonomic}
   size_t SoftMaxHeapSize                          = 2147483648                             {manageable} {ergonomic}
     bool UseCompressedOops                        = true                           {product lp64_product} {ergonomic}
     bool UseLargePagesIndividualAllocation        = false                                  {pd product} {ergonomic}
     bool UseParallelGC                            = true                                      {product} {command line}

Logging:
Log output configuration:
 #0: stdout all=off uptime,level,tags foldmultilines=false
 #1: stderr all=off uptime,level,tags foldmultilines=false

Release file:
JAVA_VERSION="21.0.10" 
MODULES="java.base java.compiler java.datatransfer java.xml java.prefs java.desktop java.instrument java.logging java.management java.security.sasl java.naming java.rmi java.management.rmi java.net.http java.scripting java.security.jgss java.transaction.xa java.sql java.sql.rowset java.xml.crypto java.se java.smartcardio jdk.accessibility jdk.internal.jvmstat jdk.attach jdk.charsets jdk.internal.opt jdk.zipfs jdk.compiler jdk.crypto.ec jdk.crypto.cryptoki jdk.crypto.mscapi jdk.dynalink jdk.internal.ed jdk.editpad jdk.hotspot.agent jdk.httpserver jdk.internal.le jdk.internal.vm.ci jdk.internal.vm.compiler jdk.internal.vm.compiler.management jdk.jartool jdk.javadoc jdk.jcmd jdk.management jdk.management.agent jdk.jconsole jdk.jdeps jdk.jdwp.agent jdk.jdi jdk.jfr jdk.jshell jdk.jsobject jdk.jstatd jdk.localedata jdk.management.jfr jdk.naming.dns jdk.naming.rmi jdk.net jdk.nio.mapmode jdk.random jdk.sctp jdk.security.auth jdk.security.jgss jdk.unsupported jdk.unsupported.desktop jdk.xml.dom" 

Environment Variables:
PATH=C:\Program Files\Common Files\Oracle\Java\javapath;C:\Python313\Scripts\;C:\Python313\;C:\Windows\system32;C:\Windows;C:\Windows\System32\Wbem;C:\Windows\System32\WindowsPowerShell\v1.0\;C:\Windows\System32\OpenSSH\;C:\Program Files (x86)\NVIDIA Corporation\PhysX\Common;C:\Program Files\dotnet\;C:\Program Files\NVIDIA Corporation\NVIDIA App\NvDLISR;C:\ProgramData\chocolatey\bin;C:\TDM-GCC-64\bin;C:\msys64\ucrt64\bin;C:\Program Files\Git\cmd;C:\Program Files\MongoDB\Server\8.2\bin;C:\Program Files\nodejs\;C:\Program Files\Microsoft SQL Server\170\Tools\Binn\;C:\Program Files\Microsoft SQL Server\Client SDK\ODBC\170\Tools\Binn\;E:\apache-maven-3.9.16-bin\apache-maven-3.9.16\bin;C:\Users\RISHABH UPWANSHI\AppData\Local\agy\bin;C:\Program Files\MySQL\MySQL Shell 8.0\bin\;C:\Users\RISHABH UPWANSHI\AppData\Local\Microsoft\WindowsApps;C:\Users\RISHABH UPWANSHI\AppData\Local\Programs\Microsoft VS Code\bin;C:\MinGW\bin;C:\Program Files\JetBrains\WebStorm 2025.2.2\bin;C:\Program Files\MySQL\MySQL Server 8.0\bin;C:\Program Files\mongosh\;C:\Users\RISHABH UPWANSHI\AppData\Roaming\npm;C:\Users\RISHABH UPWANSHI\.dotnet\tools
USERNAME=RISHABH UPWANSHI
OS=Windows_NT
PROCESSOR_IDENTIFIER=AMD64 Family 25 Model 68 Stepping 1, AuthenticAMD
TMP=C:\Users\RISHAB~1\AppData\Local\Temp
TEMP=C:\Users\RISHAB~1\AppData\Local\Temp




Periodic native trim disabled

---------------  S Y S T E M  ---------------

OS:
 Windows 11 , 64 bit Build 26100 (10.0.26100.8521)
OS uptime: 0 days 0:14 hours
Hyper-V role detected

CPU: total 16 (initial active 16) (16 cores per cpu, 2 threads per core) family 25 model 68 stepping 1 microcode 0xa404107, cx8, cmov, fxsr, ht, mmx, 3dnowpref, sse, sse2, sse3, ssse3, sse4a, sse4.1, sse4.2, popcnt, lzcnt, tsc, tscinvbit, avx, avx2, aes, erms, clmul, bmi1, bmi2, adx, sha, fma, vzeroupper, clflush, clflushopt, hv, rdtscp, rdpid, fsrm, f16c, cet_ss
Processor Information for processor 0
  Max Mhz: 3100, Current Mhz: 2523, Mhz Limit: 3100
Processor Information for processor 1
  Max Mhz: 3100, Current Mhz: 3100, Mhz Limit: 3100
Processor Information for processor 2
  Max Mhz: 3100, Current Mhz: 3100, Mhz Limit: 3100
Processor Information for processor 3
  Max Mhz: 3100, Current Mhz: 2523, Mhz Limit: 3100
Processor Information for processor 4
  Max Mhz: 3100, Current Mhz: 3100, Mhz Limit: 3100
Processor Information for processor 5
  Max Mhz: 3100, Current Mhz: 2523, Mhz Limit: 3100
Processor Information for processor 6
  Max Mhz: 3100, Current Mhz: 2523, Mhz Limit: 3100
Processor Information for processor 7
  Max Mhz: 3100, Current Mhz: 3100, Mhz Limit: 3100
Processor Information for processor 8
  Max Mhz: 3100, Current Mhz: 2523, Mhz Limit: 3100
Processor Information for processor 9
  Max Mhz: 3100, Current Mhz: 3100, Mhz Limit: 3100
Processor Information for processor 10
  Max Mhz: 3100, Current Mhz: 3100, Mhz Limit: 3100
Processor Information for processor 11
  Max Mhz: 3100, Current Mhz: 2523, Mhz Limit: 3100
Processor Information for processor 12
  Max Mhz: 3100, Current Mhz: 2523, Mhz Limit: 3100
Processor Information for processor 13
  Max Mhz: 3100, Current Mhz: 2523, Mhz Limit: 3100
Processor Information for processor 14
  Max Mhz: 3100, Current Mhz: 2523, Mhz Limit: 3100
Processor Information for processor 15
  Max Mhz: 3100, Current Mhz: 3100, Mhz Limit: 3100

Memory: 4k page, system-wide physical 16202M (6927M free)
TotalPageFile size 16202M (AvailPageFile size 5M)
current process WorkingSet (physical memory assigned to process): 144M, peak: 156M
current process commit charge ("private bytes"): 295M, peak: 307M

vm_info: OpenJDK 64-Bit Server VM (21.0.10+7-LTS) for windows-amd64 JRE (21.0.10+7-LTS), built on 2026-01-20T00:00:00Z by "admin" with MS VC++ 17.12 (VS2022)

END.
