#
# There is insufficient memory for the Java Runtime Environment to continue.
# Native memory allocation (malloc) failed to allocate 1150352 bytes. Error detail: Chunk::new
# Possible reasons:
#   The system is out of physical RAM or swap space
#   This process is running with CompressedOops enabled, and the Java Heap may be blocking the growth of the native heap
# Possible solutions:
#   Reduce memory load on the system
#   Increase physical memory or swap space
#   Check if swap backing store is full
#   Decrease Java heap size (-Xmx/-Xms)
#   Decrease number of Java threads
#   Decrease Java thread stack sizes (-Xss)
#   Set larger code cache with -XX:ReservedCodeCacheSize=
#   JVM is running with Unscaled Compressed Oops mode in which the Java heap is
#     placed in the first 4GB address space. The Java Heap base address is the
#     maximum limit for the native heap growth. Please use -XX:HeapBaseMinAddress
#     to set the Java Heap base and to place the Java Heap above 4GB virtual address.
# This output file may be truncated or incomplete.
#
#  Out of Memory Error (arena.cpp:168), pid=18476, tid=22176
#
# JRE version: OpenJDK Runtime Environment Temurin-21.0.10+7 (21.0.10+7) (build 21.0.10+7-LTS)
# Java VM: OpenJDK 64-Bit Server VM Temurin-21.0.10+7 (21.0.10+7-LTS, mixed mode, sharing, tiered, compressed oops, compressed class ptrs, parallel gc, windows-amd64)
# No core dump will be written. Minidumps are not enabled by default on client versions of Windows
#

---------------  S U M M A R Y ------------

Command Line: --add-modules=ALL-SYSTEM --add-opens=java.base/java.util=ALL-UNNAMED --add-opens=java.base/java.lang=ALL-UNNAMED --add-opens=java.base/sun.nio.fs=ALL-UNNAMED -Declipse.application=org.eclipse.jdt.ls.core.id1 -Dosgi.bundles.defaultStartLevel=4 -Declipse.product=org.eclipse.jdt.ls.core.product -Djava.import.generatesMetadataFilesAtProjectRoot=false -DDetectVMInstallationsJob.disabled=true -Dfile.encoding=utf8 -XX:+UseParallelGC -XX:GCTimeRatio=4 -XX:AdaptiveSizePolicyWeight=90 -Dsun.zip.disableMemoryMapping=true -Xmx2G -Xms100m -Xlog:disable -javaagent:c:\Users\RISHABH UPWANSHI\.vscode\extensions\redhat.java-1.54.0-win32-x64\lombok\lombok-1.18.39-4050.jar -XX:+HeapDumpOnOutOfMemoryError -XX:HeapDumpPath=c:\Users\RISHABH UPWANSHI\AppData\Roaming\Code\User\workspaceStorage\f4a2606078933381c2a47e88c5c240c0\redhat.java -Daether.dependencyCollector.impl=bf c:\Users\RISHABH UPWANSHI\.vscode\extensions\redhat.java-1.54.0-win32-x64\server\plugins\org.eclipse.equinox.launcher_1.7.100.v20251111-0406.jar -configuration c:\Users\RISHABH UPWANSHI\AppData\Roaming\Code\User\globalStorage\redhat.java\1.54.0\config_win -data c:\Users\RISHABH UPWANSHI\AppData\Roaming\Code\User\workspaceStorage\f4a2606078933381c2a47e88c5c240c0\redhat.java\jdt_ws --pipe=\\.\pipe\lsp-37221167856753db6fa37a9257d9a669-sock

Host: AMD Ryzen 7 7435HS                             , 16 cores, 15G,  Windows 11 , 64 bit Build 26100 (10.0.26100.8521)
Time: Wed Jun 24 14:54:25 2026 India Standard Time elapsed time: 259.568232 seconds (0d 0h 4m 19s)

---------------  T H R E A D  ---------------

Current thread (0x000001d8c4104770):  JavaThread "C2 CompilerThread0" daemon [_thread_in_native, id=22176, stack(0x000000aad1f00000,0x000000aad2000000) (1024K)]


Current CompileTask:
C2:259568 11075   !   4       org.eclipse.jdt.internal.compiler.classfmt.ClassFileReader::<init> (1968 bytes)

Stack: [0x000000aad1f00000,0x000000aad2000000]
Native frames: (J=compiled Java code, j=interpreted, Vv=VM code, C=native code)
V  [jvm.dll+0x6d7a39]
V  [jvm.dll+0x8b4b26]
V  [jvm.dll+0x8b70de]
V  [jvm.dll+0x8b77c3]
V  [jvm.dll+0x284346]
V  [jvm.dll+0xc66ed]
V  [jvm.dll+0xc6c31]
V  [jvm.dll+0x3bec3b]
V  [jvm.dll+0x1e3f69]
V  [jvm.dll+0x24c6b3]
V  [jvm.dll+0x24bb40]
V  [jvm.dll+0x1cb34e]
V  [jvm.dll+0x25b85d]
V  [jvm.dll+0x259dea]
V  [jvm.dll+0x3f857e]
V  [jvm.dll+0x85f59d]
V  [jvm.dll+0x6d626d]
C  [ucrtbase.dll+0x2cd30]
C  [KERNEL32.DLL+0x2e957]
C  [ntdll.dll+0x87c1c]


---------------  P R O C E S S  ---------------

Threads class SMR info:
_java_thread_list=0x000001d8e9bbaa90, length=65, elements={
0x000001d8c1c38570, 0x000001d8c3ffdb20, 0x000001d8c3ffe890, 0x000001d8c40f95d0,
0x000001d8dbdd4fe0, 0x000001d8c40fbf50, 0x000001d8c40fdcc0, 0x000001d8c4104770,
0x000001d8c410bfb0, 0x000001d8dc0add80, 0x000001d8dd6e3540, 0x000001d8e22f3360,
0x000001d8e2110130, 0x000001d8dddbf250, 0x000001d8dddbf8c0, 0x000001d8e2aef430,
0x000001d8dd86f960, 0x000001d8e2ad4d70, 0x000001d8ddc9c120, 0x000001d8ddc9a6e0,
0x000001d8ddc9ad70, 0x000001d8ddc9b400, 0x000001d8ddc9ba90, 0x000001d8e29a5cf0,
0x000001d8e29a7dc0, 0x000001d8e29a7730, 0x000001d8e29a6a10, 0x000001d8e29a4fd0,
0x000001d8e29a8450, 0x000001d8e29a6380, 0x000001d8e29a5660, 0x000001d8e29a9800,
0x000001d8e29a8ae0, 0x000001d8e29a9e90, 0x000001d8e29aa520, 0x000001d8e29a9170,
0x000001d8e29a70a0, 0x000001d8e29ac5f0, 0x000001d8e29ab8d0, 0x000001d8e29ab240,
0x000001d8e29aabb0, 0x000001d8e5f7edf0, 0x000001d8e5f7c000, 0x000001d8e5f7f480,
0x000001d8e5f7e0d0, 0x000001d8e5f7c690, 0x000001d8e5f7fb10, 0x000001d8e5f801a0,
0x000001d8e5f7e760, 0x000001d8e5f7da40, 0x000001d8e5f7cd20, 0x000001d8e5f82900,
0x000001d8e5f80ec0, 0x000001d8e5f83620, 0x000001d8e5f81be0, 0x000001d8e5fdf140,
0x000001d8e5fde420, 0x000001d8e5fe1f30, 0x000001d8e5fe0b80, 0x000001d8e5fdd070,
0x000001d8e8028960, 0x000001d8e8029700, 0x000001d8e80274f0, 0x000001d8e8027bc0,
0x000001d8e8029030
}

Java Threads: ( => current thread )
  0x000001d8c1c38570 JavaThread "main"                              [_thread_blocked, id=10044, stack(0x000000aad1500000,0x000000aad1600000) (1024K)]
  0x000001d8c3ffdb20 JavaThread "Reference Handler"          daemon [_thread_blocked, id=26728, stack(0x000000aad1900000,0x000000aad1a00000) (1024K)]
  0x000001d8c3ffe890 JavaThread "Finalizer"                  daemon [_thread_blocked, id=27132, stack(0x000000aad1a00000,0x000000aad1b00000) (1024K)]
  0x000001d8c40f95d0 JavaThread "Signal Dispatcher"          daemon [_thread_blocked, id=25312, stack(0x000000aad1b00000,0x000000aad1c00000) (1024K)]
  0x000001d8dbdd4fe0 JavaThread "Attach Listener"            daemon [_thread_blocked, id=7844, stack(0x000000aad1c00000,0x000000aad1d00000) (1024K)]
  0x000001d8c40fbf50 JavaThread "Service Thread"             daemon [_thread_blocked, id=20800, stack(0x000000aad1d00000,0x000000aad1e00000) (1024K)]
  0x000001d8c40fdcc0 JavaThread "Monitor Deflation Thread"   daemon [_thread_blocked, id=14816, stack(0x000000aad1e00000,0x000000aad1f00000) (1024K)]
=>0x000001d8c4104770 JavaThread "C2 CompilerThread0"         daemon [_thread_in_native, id=22176, stack(0x000000aad1f00000,0x000000aad2000000) (1024K)]
  0x000001d8c410bfb0 JavaThread "C1 CompilerThread0"         daemon [_thread_blocked, id=10264, stack(0x000000aad2000000,0x000000aad2100000) (1024K)]
  0x000001d8dc0add80 JavaThread "Common-Cleaner"             daemon [_thread_blocked, id=14636, stack(0x000000aad2500000,0x000000aad2600000) (1024K)]
  0x000001d8dd6e3540 JavaThread "Notification Thread"        daemon [_thread_blocked, id=26540, stack(0x000000aad2600000,0x000000aad2700000) (1024K)]
  0x000001d8e22f3360 JavaThread "Active Thread: Equinox Container: b7a0f3a7-0983-4fea-acb5-9f49a8d36238"        [_thread_blocked, id=15012, stack(0x000000aad2f00000,0x000000aad3000000) (1024K)]
  0x000001d8e2110130 JavaThread "Refresh Thread: Equinox Container: b7a0f3a7-0983-4fea-acb5-9f49a8d36238" daemon [_thread_blocked, id=15020, stack(0x000000aad3100000,0x000000aad3200000) (1024K)]
  0x000001d8dddbf250 JavaThread "Framework Event Dispatcher: Equinox Container: b7a0f3a7-0983-4fea-acb5-9f49a8d36238" daemon [_thread_blocked, id=15268, stack(0x000000aad3200000,0x000000aad3300000) (1024K)]
  0x000001d8dddbf8c0 JavaThread "Start Level: Equinox Container: b7a0f3a7-0983-4fea-acb5-9f49a8d36238" daemon [_thread_blocked, id=17160, stack(0x000000aad3300000,0x000000aad3400000) (1024K)]
  0x000001d8e2aef430 JavaThread "Bundle File Closer"         daemon [_thread_blocked, id=15032, stack(0x000000aad3700000,0x000000aad3800000) (1024K)]
  0x000001d8dd86f960 JavaThread "SCR Component Actor"        daemon [_thread_blocked, id=13624, stack(0x000000aad2200000,0x000000aad2300000) (1024K)]
  0x000001d8e2ad4d70 JavaThread "Worker-JM"                         [_thread_blocked, id=2288, stack(0x000000aad2e00000,0x000000aad2f00000) (1024K)]
  0x000001d8ddc9c120 JavaThread "JNA Cleaner"                daemon [_thread_blocked, id=19124, stack(0x000000aad3900000,0x000000aad3a00000) (1024K)]
  0x000001d8ddc9a6e0 JavaThread "Java indexing"              daemon [_thread_blocked, id=8576, stack(0x000000aad3e00000,0x000000aad3f00000) (1024K)]
  0x000001d8ddc9ad70 JavaThread "Worker-2"                          [_thread_blocked, id=5244, stack(0x000000aad4200000,0x000000aad4300000) (1024K)]
  0x000001d8ddc9b400 JavaThread "Worker-4"                          [_thread_blocked, id=10216, stack(0x000000aad4400000,0x000000aad4500000) (1024K)]
  0x000001d8ddc9ba90 JavaThread "Thread-1"                   daemon [_thread_in_native, id=25968, stack(0x000000aad4500000,0x000000aad4600000) (1024K)]
  0x000001d8e29a5cf0 JavaThread "Thread-2"                   daemon [_thread_in_native, id=26720, stack(0x000000aad4600000,0x000000aad4700000) (1024K)]
  0x000001d8e29a7dc0 JavaThread "Thread-3"                   daemon [_thread_in_native, id=18704, stack(0x000000aad4700000,0x000000aad4800000) (1024K)]
  0x000001d8e29a7730 JavaThread "Thread-4"                   daemon [_thread_in_native, id=26680, stack(0x000000aad4800000,0x000000aad4900000) (1024K)]
  0x000001d8e29a6a10 JavaThread "Thread-5"                   daemon [_thread_in_native, id=23808, stack(0x000000aad4900000,0x000000aad4a00000) (1024K)]
  0x000001d8e29a4fd0 JavaThread "Thread-6"                   daemon [_thread_in_native, id=14108, stack(0x000000aad4a00000,0x000000aad4b00000) (1024K)]
  0x000001d8e29a8450 JavaThread "Thread-7"                   daemon [_thread_in_native, id=26536, stack(0x000000aad4b00000,0x000000aad4c00000) (1024K)]
  0x000001d8e29a6380 JavaThread "Thread-8"                   daemon [_thread_in_native, id=26648, stack(0x000000aad4c00000,0x000000aad4d00000) (1024K)]
  0x000001d8e29a5660 JavaThread "Thread-9"                   daemon [_thread_in_native, id=2988, stack(0x000000aad4d00000,0x000000aad4e00000) (1024K)]
  0x000001d8e29a9800 JavaThread "Thread-10"                  daemon [_thread_in_native, id=26200, stack(0x000000aad4e00000,0x000000aad4f00000) (1024K)]
  0x000001d8e29a8ae0 JavaThread "Thread-11"                  daemon [_thread_in_native, id=13020, stack(0x000000aad4f00000,0x000000aad5000000) (1024K)]
  0x000001d8e29a9e90 JavaThread "Thread-12"                  daemon [_thread_in_native, id=26516, stack(0x000000aad5000000,0x000000aad5100000) (1024K)]
  0x000001d8e29aa520 JavaThread "Thread-13"                  daemon [_thread_in_native, id=26400, stack(0x000000aad5100000,0x000000aad5200000) (1024K)]
  0x000001d8e29a9170 JavaThread "Thread-14"                  daemon [_thread_in_native, id=26560, stack(0x000000aad5200000,0x000000aad5300000) (1024K)]
  0x000001d8e29a70a0 JavaThread "Thread-15"                  daemon [_thread_in_native, id=25692, stack(0x000000aad5300000,0x000000aad5400000) (1024K)]
  0x000001d8e29ac5f0 JavaThread "Thread-16"                  daemon [_thread_in_native, id=22352, stack(0x000000aad5400000,0x000000aad5500000) (1024K)]
  0x000001d8e29ab8d0 JavaThread "Thread-17"                  daemon [_thread_in_native, id=1660, stack(0x000000aad5500000,0x000000aad5600000) (1024K)]
  0x000001d8e29ab240 JavaThread "pool-2-thread-1"                   [_thread_blocked, id=1532, stack(0x000000aad5700000,0x000000aad5800000) (1024K)]
  0x000001d8e29aabb0 JavaThread "ForkJoinPool.commonPool-worker-1" daemon [_thread_blocked, id=1980, stack(0x000000aad5b00000,0x000000aad5c00000) (1024K)]
  0x000001d8e5f7edf0 JavaThread "ForkJoinPool.commonPool-worker-3" daemon [_thread_blocked, id=24192, stack(0x000000aad5d00000,0x000000aad5e00000) (1024K)]
  0x000001d8e5f7c000 JavaThread "ForkJoinPool.commonPool-worker-4" daemon [_thread_blocked, id=11940, stack(0x000000aad5e00000,0x000000aad5f00000) (1024K)]
  0x000001d8e5f7f480 JavaThread "ForkJoinPool.commonPool-worker-5" daemon [_thread_blocked, id=14880, stack(0x000000aad5f00000,0x000000aad6000000) (1024K)]
  0x000001d8e5f7e0d0 JavaThread "ForkJoinPool.commonPool-worker-6" daemon [_thread_blocked, id=20152, stack(0x000000aad6000000,0x000000aad6100000) (1024K)]
  0x000001d8e5f7c690 JavaThread "ForkJoinPool.commonPool-worker-8" daemon [_thread_blocked, id=25620, stack(0x000000aad6200000,0x000000aad6300000) (1024K)]
  0x000001d8e5f7fb10 JavaThread "ForkJoinPool.commonPool-worker-9" daemon [_thread_blocked, id=2824, stack(0x000000aad6300000,0x000000aad6400000) (1024K)]
  0x000001d8e5f801a0 JavaThread "WorkspaceEventsHandler"            [_thread_blocked, id=27024, stack(0x000000aad6400000,0x000000aad6500000) (1024K)]
  0x000001d8e5f7e760 JavaThread "ForkJoinPool.commonPool-worker-10" daemon [_thread_blocked, id=9104, stack(0x000000aad6500000,0x000000aad6600000) (1024K)]
  0x000001d8e5f7da40 JavaThread "pool-1-thread-1"                   [_thread_blocked, id=25052, stack(0x000000aad6600000,0x000000aad6700000) (1024K)]
  0x000001d8e5f7cd20 JavaThread "ForkJoinPool.commonPool-worker-11" daemon [_thread_blocked, id=16224, stack(0x000000aad6700000,0x000000aad6800000) (1024K)]
  0x000001d8e5f82900 JavaThread "ForkJoinPool.commonPool-worker-12" daemon [_thread_blocked, id=5828, stack(0x000000aad6800000,0x000000aad6900000) (1024K)]
  0x000001d8e5f80ec0 JavaThread "ForkJoinPool.commonPool-worker-13" daemon [_thread_blocked, id=4856, stack(0x000000aad6900000,0x000000aad6a00000) (1024K)]
  0x000001d8e5f83620 JavaThread "ForkJoinPool.commonPool-worker-14" daemon [_thread_blocked, id=21632, stack(0x000000aad6a00000,0x000000aad6b00000) (1024K)]
  0x000001d8e5f81be0 JavaThread "ForkJoinPool.commonPool-worker-15" daemon [_thread_blocked, id=27164, stack(0x000000aad6b00000,0x000000aad6c00000) (1024K)]
  0x000001d8e5fdf140 JavaThread "Cleaner-0"                  daemon [_thread_blocked, id=25752, stack(0x000000aad6c00000,0x000000aad6d00000) (1024K)]
  0x000001d8e5fde420 JavaThread "Java Debug Server"          daemon [_thread_in_native, id=28472, stack(0x000000aad2400000,0x000000aad2500000) (1024K)]
  0x000001d8e5fe1f30 JavaThread "RxSchedulerPurge-1"         daemon [_thread_blocked, id=3488, stack(0x000000aad3c00000,0x000000aad3d00000) (1024K)]
  0x000001d8e5fe0b80 JavaThread "RxCachedWorkerPoolEvictor-1" daemon [_thread_blocked, id=28396, stack(0x000000aad3d00000,0x000000aad3e00000) (1024K)]
  0x000001d8e5fdd070 JavaThread "Worker-5"                          [_thread_blocked, id=17992, stack(0x000000aad1200000,0x000000aad1300000) (1024K)]
  0x000001d8e8028960 JavaThread "C2 CompilerThread1"         daemon [_thread_blocked, id=28028, stack(0x000000aad1300000,0x000000aad1400000) (1024K)]
  0x000001d8e8029700 JavaThread "C2 CompilerThread2"         daemon [_thread_blocked, id=27376, stack(0x000000aad1400000,0x000000aad1500000) (1024K)]
  0x000001d8e80274f0 JavaThread "C2 CompilerThread3"         daemon [_thread_blocked, id=14732, stack(0x000000aad2100000,0x000000aad2200000) (1024K)]
  0x000001d8e8027bc0 JavaThread "C1 CompilerThread1"         daemon [_thread_blocked, id=8264, stack(0x000000aad2300000,0x000000aad2400000) (1024K)]
  0x000001d8e8029030 JavaThread "C1 CompilerThread2"         daemon [_thread_blocked, id=28228, stack(0x000000aad3a00000,0x000000aad3b00000) (1024K)]
Total: 65

Other Threads:
  0x000001d8c3fe49b0 VMThread "VM Thread"                           [id=8632, stack(0x000000aad1800000,0x000000aad1900000) (1024K)]
  0x000001d8c3edcb20 WatcherThread "VM Periodic Task Thread"        [id=17440, stack(0x000000aad1700000,0x000000aad1800000) (1024K)]
  0x000001d8c406b2f0 WorkerThread "GC Thread#0"                     [id=1232, stack(0x000000aad1600000,0x000000aad1700000) (1024K)]
  0x000001d8dd91b070 WorkerThread "GC Thread#1"                     [id=26724, stack(0x000000aad2800000,0x000000aad2900000) (1024K)]
  0x000001d8e2069910 WorkerThread "GC Thread#2"                     [id=2864, stack(0x000000aad2900000,0x000000aad2a00000) (1024K)]
  0x000001d8dd91b420 WorkerThread "GC Thread#3"                     [id=9284, stack(0x000000aad2a00000,0x000000aad2b00000) (1024K)]
  0x000001d8e208bec0 WorkerThread "GC Thread#4"                     [id=13756, stack(0x000000aad2b00000,0x000000aad2c00000) (1024K)]
  0x000001d8e208c270 WorkerThread "GC Thread#5"                     [id=14936, stack(0x000000aad2c00000,0x000000aad2d00000) (1024K)]
  0x000001d8e208c620 WorkerThread "GC Thread#6"                     [id=13796, stack(0x000000aad2d00000,0x000000aad2e00000) (1024K)]
  0x000001d8e2105250 WorkerThread "GC Thread#7"                     [id=15232, stack(0x000000aad3000000,0x000000aad3100000) (1024K)]
  0x000001d8e24cafd0 WorkerThread "GC Thread#8"                     [id=13752, stack(0x000000aad3400000,0x000000aad3500000) (1024K)]
  0x000001d8e24cb380 WorkerThread "GC Thread#9"                     [id=14580, stack(0x000000aad3500000,0x000000aad3600000) (1024K)]
  0x000001d8e24cb730 WorkerThread "GC Thread#10"                    [id=23036, stack(0x000000aad3600000,0x000000aad3700000) (1024K)]
  0x000001d8e2d1c870 WorkerThread "GC Thread#11"                    [id=21104, stack(0x000000aad2700000,0x000000aad2800000) (1024K)]
  0x000001d8e2d1bd60 WorkerThread "GC Thread#12"                    [id=18668, stack(0x000000aad3800000,0x000000aad3900000) (1024K)]
Total: 15

Threads with active compile tasks:
C2 CompilerThread0  259582 11075   !   4       org.eclipse.jdt.internal.compiler.classfmt.ClassFileReader::<init> (1968 bytes)
Total: 1

VM state: not at safepoint (normal execution)

VM Mutex/Monitor currently owned by a thread: None

Heap address: 0x0000000080000000, size: 2048 MB, Compressed Oops mode: 32-bit

CDS archive(s) mapped at: [0x000001d880000000-0x000001d880ba0000-0x000001d880ba0000), size 12189696, SharedBaseAddress: 0x000001d880000000, ArchiveRelocationMode: 1.
Compressed class space mapped at: 0x000001d881000000-0x000001d8c1000000, reserved size: 1073741824
Narrow klass base: 0x000001d880000000, Narrow klass shift: 0, Narrow klass range: 0x100000000

GC Precious Log:
 CardTable entry size: 512
 CPUs: 16 total, 16 available
 Memory: 16202M
 Large Page Support: Disabled
 NUMA Support: Disabled
 Compressed Oops: Enabled (32-bit)
 Alignments: Space 512K, Generation 512K, Heap 2M
 Heap Min Capacity: 100M
 Heap Initial Capacity: 100M
 Heap Max Capacity: 2G
 Pre-touch: Disabled
 Parallel Workers: 13

Heap:
 PSYoungGen      total 16896K, used 3763K [0x00000000d5580000, 0x00000000d6700000, 0x0000000100000000)
  eden space 15872K, 17% used [0x00000000d5580000,0x00000000d5842510,0x00000000d6500000)
  from space 1024K, 91% used [0x00000000d6600000,0x00000000d66ea910,0x00000000d6700000)
  to   space 1024K, 0% used [0x00000000d6500000,0x00000000d6500000,0x00000000d6600000)
 ParOldGen       total 83968K, used 68923K [0x0000000080000000, 0x0000000085200000, 0x00000000d5580000)
  object space 83968K, 82% used [0x0000000080000000,0x000000008434ee40,0x0000000085200000)
 Metaspace       used 68892K, committed 70400K, reserved 1114112K
  class space    used 7353K, committed 8000K, reserved 1048576K

Card table byte_map: [0x000001d8c39f0000,0x000001d8c3e00000] _byte_map_base: 0x000001d8c35f0000

Marking Bits: (ParMarkBitMap*) 0x00007ffffcc13450
 Begin Bits: [0x000001d8d6500000, 0x000001d8d8500000)
 End Bits:   [0x000001d8d8500000, 0x000001d8da500000)

Polling page: 0x000001d8c2090000

Metaspace:

Usage:
  Non-class:     60.10 MB used.
      Class:      7.18 MB used.
       Both:     67.28 MB used.

Virtual space:
  Non-class space:       64.00 MB reserved,      60.94 MB ( 95%) committed,  1 nodes.
      Class space:        1.00 GB reserved,       7.81 MB ( <1%) committed,  1 nodes.
             Both:        1.06 GB reserved,      68.75 MB (  6%) committed. 

Chunk freelists:
   Non-Class:  2.83 MB
       Class:  8.22 MB
        Both:  11.05 MB

MaxMetaspaceSize: unlimited
CompressedClassSpaceSize: 1.00 GB
Initial GC threshold: 21.00 MB
Current GC threshold: 97.31 MB
CDS: on
 - commit_granule_bytes: 65536.
 - commit_granule_words: 8192.
 - virtual_space_node_default_size: 8388608.
 - enlarge_chunks_in_place: 1.
 - use_allocation_guard: 0.


Internal statistics:

num_allocs_failed_limit: 11.
num_arena_births: 1216.
num_arena_deaths: 14.
num_vsnodes_births: 2.
num_vsnodes_deaths: 0.
num_space_committed: 1100.
num_space_uncommitted: 0.
num_chunks_returned_to_freelist: 25.
num_chunks_taken_from_freelist: 4438.
num_chunk_merges: 14.
num_chunk_splits: 2756.
num_chunks_enlarged: 1544.
num_inconsistent_stats: 0.

CodeHeap 'non-profiled nmethods': size=119168Kb used=7655Kb max_used=7655Kb free=111512Kb
 bounds [0x000001d8cedf0000, 0x000001d8cf570000, 0x000001d8d6250000]
CodeHeap 'profiled nmethods': size=119104Kb used=23020Kb max_used=23020Kb free=96083Kb
 bounds [0x000001d8c7250000, 0x000001d8c88d0000, 0x000001d8ce6a0000]
CodeHeap 'non-nmethods': size=7488Kb used=2584Kb max_used=3206Kb free=4903Kb
 bounds [0x000001d8ce6a0000, 0x000001d8cea20000, 0x000001d8cedf0000]
CodeCache: size=245760Kb, used=33259Kb, max_used=33881Kb, free=212498Kb
 total_blobs=11168, nmethods=10388, adapters=683, full_count=0
Compilation: enabled, stopped_count=0, restarted_count=0

Compilation events (20 events):
Event: 258.508 Thread 0x000001d8e8027bc0 nmethod 11185 0x000001d8c88bc390 code [0x000001d8c88bcc20, 0x000001d8c88c2ab8]
Event: 258.509 Thread 0x000001d8e8027bc0 11208       3       org.eclipse.jdt.internal.compiler.util.HashtableOfObject::get (56 bytes)
Event: 258.509 Thread 0x000001d8e8029030 11209       3       org.eclipse.jdt.internal.compiler.codegen.ConstantPool::literalIndex (400 bytes)
Event: 258.509 Thread 0x000001d8e8027bc0 nmethod 11208 0x000001d8c88c7290 code [0x000001d8c88c7480, 0x000001d8c88c78b0]
Event: 258.509 Thread 0x000001d8e80274f0 nmethod 11191 0x000001d8cf55c910 code [0x000001d8cf55cb00, 0x000001d8cf55d178]
Event: 258.509 Thread 0x000001d8e80274f0 11203       4       org.eclipse.jdt.internal.compiler.lookup.LookupEnvironment::getTypeFromSignature (376 bytes)
Event: 258.510 Thread 0x000001d8e8029030 nmethod 11209 0x000001d8c88c7b10 code [0x000001d8c88c7ee0, 0x000001d8c88c9b98]
Event: 258.512 Thread 0x000001d8c410bfb0 11211       3       java.util.Calendar::setFieldsComputed (118 bytes)
Event: 258.512 Thread 0x000001d8c410bfb0 nmethod 11211 0x000001d8c88ca810 code [0x000001d8c88caa00, 0x000001d8c88cae48]
Event: 258.523 Thread 0x000001d8e8028960 nmethod 11091 0x000001d8cf55d590 code [0x000001d8cf55db40, 0x000001d8cf5601f8]
Event: 258.523 Thread 0x000001d8e8028960 11210       4       java.nio.charset.CoderResult::isUnderflow (13 bytes)
Event: 258.524 Thread 0x000001d8e8028960 nmethod 11210 0x000001d8cf562210 code [0x000001d8cf5623a0, 0x000001d8cf562438]
Event: 258.524 Thread 0x000001d8e8028960 11192       4       java.util.Spliterators::spliterator (25 bytes)
Event: 258.525 Thread 0x000001d8e8028960 nmethod 11192 0x000001d8cf562510 code [0x000001d8cf5626a0, 0x000001d8cf562848]
Event: 258.525 Thread 0x000001d8e8028960 11201       4       java.util.Spliterators::checkFromToBounds (74 bytes)
Event: 258.525 Thread 0x000001d8e8028960 nmethod 11201 0x000001d8cf562a10 code [0x000001d8cf562ba0, 0x000001d8cf562c68]
Event: 258.525 Thread 0x000001d8e8028960 11196       4       org.eclipse.jdt.internal.core.JarPackageFragmentRoot::equals (55 bytes)
Event: 258.527 Thread 0x000001d8e8029700 nmethod 11076 0x000001d8cf562d10 code [0x000001d8cf563040, 0x000001d8cf564f10]
Event: 258.530 Thread 0x000001d8e80274f0 nmethod 11203 0x000001d8cf566290 code [0x000001d8cf566600, 0x000001d8cf567f50]
Event: 258.531 Thread 0x000001d8e8028960 nmethod 11196 0x000001d8cf569210 code [0x000001d8cf5693e0, 0x000001d8cf569aa0]

GC Heap History (20 events):
Event: 14.494 GC heap before
{Heap before GC invocations=88 (full 3):
 PSYoungGen      total 18944K, used 18944K [0x00000000d5580000, 0x00000000d6980000, 0x0000000100000000)
  eden space 18432K, 100% used [0x00000000d5580000,0x00000000d6780000,0x00000000d6780000)
  from space 512K, 100% used [0x00000000d6880000,0x00000000d6900000,0x00000000d6900000)
  to   space 1024K, 0% used [0x00000000d6780000,0x00000000d6780000,0x00000000d6880000)
 ParOldGen       total 83968K, used 61259K [0x0000000080000000, 0x0000000085200000, 0x00000000d5580000)
  object space 83968K, 72% used [0x0000000080000000,0x0000000083bd2c80,0x0000000085200000)
 Metaspace       used 59822K, committed 61248K, reserved 1114112K
  class space    used 6380K, committed 6976K, reserved 1048576K
}
Event: 14.502 GC heap after
{Heap after GC invocations=88 (full 3):
 PSYoungGen      total 19456K, used 1010K [0x00000000d5580000, 0x00000000d6b80000, 0x0000000100000000)
  eden space 18432K, 0% used [0x00000000d5580000,0x00000000d5580000,0x00000000d6780000)
  from space 1024K, 98% used [0x00000000d6780000,0x00000000d687cb18,0x00000000d6880000)
  to   space 2048K, 0% used [0x00000000d6980000,0x00000000d6980000,0x00000000d6b80000)
 ParOldGen       total 83968K, used 61799K [0x0000000080000000, 0x0000000085200000, 0x00000000d5580000)
  object space 83968K, 73% used [0x0000000080000000,0x0000000083c59c90,0x0000000085200000)
 Metaspace       used 59822K, committed 61248K, reserved 1114112K
  class space    used 6380K, committed 6976K, reserved 1048576K
}
Event: 14.757 GC heap before
{Heap before GC invocations=89 (full 3):
 PSYoungGen      total 19456K, used 19372K [0x00000000d5580000, 0x00000000d6b80000, 0x0000000100000000)
  eden space 18432K, 99% used [0x00000000d5580000,0x00000000d676e790,0x00000000d6780000)
  from space 1024K, 98% used [0x00000000d6780000,0x00000000d687cb18,0x00000000d6880000)
  to   space 2048K, 0% used [0x00000000d6980000,0x00000000d6980000,0x00000000d6b80000)
 ParOldGen       total 83968K, used 61799K [0x0000000080000000, 0x0000000085200000, 0x00000000d5580000)
  object space 83968K, 73% used [0x0000000080000000,0x0000000083c59c90,0x0000000085200000)
 Metaspace       used 60568K, committed 62016K, reserved 1114112K
  class space    used 6476K, committed 7104K, reserved 1048576K
}
Event: 14.760 GC heap after
{Heap after GC invocations=89 (full 3):
 PSYoungGen      total 17920K, used 2046K [0x00000000d5580000, 0x00000000d7080000, 0x0000000100000000)
  eden space 15872K, 0% used [0x00000000d5580000,0x00000000d5580000,0x00000000d6500000)
  from space 2048K, 99% used [0x00000000d6980000,0x00000000d6b7f810,0x00000000d6b80000)
  to   space 4608K, 0% used [0x00000000d6500000,0x00000000d6500000,0x00000000d6980000)
 ParOldGen       total 83968K, used 63447K [0x0000000080000000, 0x0000000085200000, 0x00000000d5580000)
  object space 83968K, 75% used [0x0000000080000000,0x0000000083df5e80,0x0000000085200000)
 Metaspace       used 60568K, committed 62016K, reserved 1114112K
  class space    used 6476K, committed 7104K, reserved 1048576K
}
Event: 14.827 GC heap before
{Heap before GC invocations=90 (full 3):
 PSYoungGen      total 17920K, used 17897K [0x00000000d5580000, 0x00000000d7080000, 0x0000000100000000)
  eden space 15872K, 99% used [0x00000000d5580000,0x00000000d64fae18,0x00000000d6500000)
  from space 2048K, 99% used [0x00000000d6980000,0x00000000d6b7f810,0x00000000d6b80000)
  to   space 4608K, 0% used [0x00000000d6500000,0x00000000d6500000,0x00000000d6980000)
 ParOldGen       total 83968K, used 63447K [0x0000000080000000, 0x0000000085200000, 0x00000000d5580000)
  object space 83968K, 75% used [0x0000000080000000,0x0000000083df5e80,0x0000000085200000)
 Metaspace       used 60744K, committed 62208K, reserved 1114112K
  class space    used 6486K, committed 7104K, reserved 1048576K
}
Event: 14.829 GC heap after
{Heap after GC invocations=90 (full 3):
 PSYoungGen      total 16896K, used 591K [0x00000000d5580000, 0x00000000d6a00000, 0x0000000100000000)
  eden space 15872K, 0% used [0x00000000d5580000,0x00000000d5580000,0x00000000d6500000)
  from space 1024K, 57% used [0x00000000d6500000,0x00000000d6593f88,0x00000000d6600000)
  to   space 2048K, 0% used [0x00000000d6800000,0x00000000d6800000,0x00000000d6a00000)
 ParOldGen       total 83968K, used 65376K [0x0000000080000000, 0x0000000085200000, 0x00000000d5580000)
  object space 83968K, 77% used [0x0000000080000000,0x0000000083fd81e8,0x0000000085200000)
 Metaspace       used 60744K, committed 62208K, reserved 1114112K
  class space    used 6486K, committed 7104K, reserved 1048576K
}
Event: 14.871 GC heap before
{Heap before GC invocations=91 (full 3):
 PSYoungGen      total 16896K, used 16437K [0x00000000d5580000, 0x00000000d6a00000, 0x0000000100000000)
  eden space 15872K, 99% used [0x00000000d5580000,0x00000000d64f9518,0x00000000d6500000)
  from space 1024K, 57% used [0x00000000d6500000,0x00000000d6593f88,0x00000000d6600000)
  to   space 2048K, 0% used [0x00000000d6800000,0x00000000d6800000,0x00000000d6a00000)
 ParOldGen       total 83968K, used 65376K [0x0000000080000000, 0x0000000085200000, 0x00000000d5580000)
  object space 83968K, 77% used [0x0000000080000000,0x0000000083fd81e8,0x0000000085200000)
 Metaspace       used 60835K, committed 62272K, reserved 1114112K
  class space    used 6497K, committed 7104K, reserved 1048576K
}
Event: 14.874 GC heap after
{Heap after GC invocations=91 (full 3):
 PSYoungGen      total 17408K, used 1516K [0x00000000d5580000, 0x00000000d6980000, 0x0000000100000000)
  eden space 15872K, 0% used [0x00000000d5580000,0x00000000d5580000,0x00000000d6500000)
  from space 1536K, 98% used [0x00000000d6800000,0x00000000d697b220,0x00000000d6980000)
  to   space 2048K, 0% used [0x00000000d6580000,0x00000000d6580000,0x00000000d6780000)
 ParOldGen       total 83968K, used 65464K [0x0000000080000000, 0x0000000085200000, 0x00000000d5580000)
  object space 83968K, 77% used [0x0000000080000000,0x0000000083fee1e8,0x0000000085200000)
 Metaspace       used 60835K, committed 62272K, reserved 1114112K
  class space    used 6497K, committed 7104K, reserved 1048576K
}
Event: 15.196 GC heap before
{Heap before GC invocations=92 (full 3):
 PSYoungGen      total 17408K, used 17388K [0x00000000d5580000, 0x00000000d6980000, 0x0000000100000000)
  eden space 15872K, 100% used [0x00000000d5580000,0x00000000d6500000,0x00000000d6500000)
  from space 1536K, 98% used [0x00000000d6800000,0x00000000d697b220,0x00000000d6980000)
  to   space 2048K, 0% used [0x00000000d6580000,0x00000000d6580000,0x00000000d6780000)
 ParOldGen       total 83968K, used 65464K [0x0000000080000000, 0x0000000085200000, 0x00000000d5580000)
  object space 83968K, 77% used [0x0000000080000000,0x0000000083fee1e8,0x0000000085200000)
 Metaspace       used 62662K, committed 64192K, reserved 1114112K
  class space    used 6659K, committed 7296K, reserved 1048576K
}
Event: 15.199 GC heap after
{Heap after GC invocations=92 (full 3):
 PSYoungGen      total 17920K, used 675K [0x00000000d5580000, 0x00000000d6880000, 0x0000000100000000)
  eden space 15872K, 0% used [0x00000000d5580000,0x00000000d5580000,0x00000000d6500000)
  from space 2048K, 33% used [0x00000000d6580000,0x00000000d6628fb0,0x00000000d6780000)
  to   space 1024K, 0% used [0x00000000d6780000,0x00000000d6780000,0x00000000d6880000)
 ParOldGen       total 83968K, used 65536K [0x0000000080000000, 0x0000000085200000, 0x00000000d5580000)
  object space 83968K, 78% used [0x0000000080000000,0x00000000840001f8,0x0000000085200000)
 Metaspace       used 62662K, committed 64192K, reserved 1114112K
  class space    used 6659K, committed 7296K, reserved 1048576K
}
Event: 15.661 GC heap before
{Heap before GC invocations=93 (full 3):
 PSYoungGen      total 17920K, used 16547K [0x00000000d5580000, 0x00000000d6880000, 0x0000000100000000)
  eden space 15872K, 99% used [0x00000000d5580000,0x00000000d64ffe18,0x00000000d6500000)
  from space 2048K, 33% used [0x00000000d6580000,0x00000000d6628fb0,0x00000000d6780000)
  to   space 1024K, 0% used [0x00000000d6780000,0x00000000d6780000,0x00000000d6880000)
 ParOldGen       total 83968K, used 65536K [0x0000000080000000, 0x0000000085200000, 0x00000000d5580000)
  object space 83968K, 78% used [0x0000000080000000,0x00000000840001f8,0x0000000085200000)
 Metaspace       used 64163K, committed 65600K, reserved 1114112K
  class space    used 6773K, committed 7360K, reserved 1048576K
}
Event: 15.665 GC heap after
{Heap after GC invocations=93 (full 3):
 PSYoungGen      total 16896K, used 1024K [0x00000000d5580000, 0x00000000d6900000, 0x0000000100000000)
  eden space 15872K, 0% used [0x00000000d5580000,0x00000000d5580000,0x00000000d6500000)
  from space 1024K, 100% used [0x00000000d6780000,0x00000000d6880000,0x00000000d6880000)
  to   space 2048K, 0% used [0x00000000d6500000,0x00000000d6500000,0x00000000d6700000)
 ParOldGen       total 83968K, used 66168K [0x0000000080000000, 0x0000000085200000, 0x00000000d5580000)
  object space 83968K, 78% used [0x0000000080000000,0x000000008409e208,0x0000000085200000)
 Metaspace       used 64163K, committed 65600K, reserved 1114112K
  class space    used 6773K, committed 7360K, reserved 1048576K
}
Event: 130.774 GC heap before
{Heap before GC invocations=94 (full 3):
 PSYoungGen      total 16896K, used 16896K [0x00000000d5580000, 0x00000000d6900000, 0x0000000100000000)
  eden space 15872K, 100% used [0x00000000d5580000,0x00000000d6500000,0x00000000d6500000)
  from space 1024K, 100% used [0x00000000d6780000,0x00000000d6880000,0x00000000d6880000)
  to   space 2048K, 0% used [0x00000000d6500000,0x00000000d6500000,0x00000000d6700000)
 ParOldGen       total 83968K, used 66168K [0x0000000080000000, 0x0000000085200000, 0x00000000d5580000)
  object space 83968K, 78% used [0x0000000080000000,0x000000008409e208,0x0000000085200000)
 Metaspace       used 65152K, committed 66624K, reserved 1114112K
  class space    used 6882K, committed 7488K, reserved 1048576K
}
Event: 130.776 GC heap after
{Heap after GC invocations=94 (full 3):
 PSYoungGen      total 17408K, used 1375K [0x00000000d5580000, 0x00000000d6800000, 0x0000000100000000)
  eden space 15872K, 0% used [0x00000000d5580000,0x00000000d5580000,0x00000000d6500000)
  from space 1536K, 89% used [0x00000000d6500000,0x00000000d6657c28,0x00000000d6680000)
  to   space 1536K, 0% used [0x00000000d6680000,0x00000000d6680000,0x00000000d6800000)
 ParOldGen       total 83968K, used 67194K [0x0000000080000000, 0x0000000085200000, 0x00000000d5580000)
  object space 83968K, 80% used [0x0000000080000000,0x000000008419e9f8,0x0000000085200000)
 Metaspace       used 65152K, committed 66624K, reserved 1114112K
  class space    used 6882K, committed 7488K, reserved 1048576K
}
Event: 131.235 GC heap before
{Heap before GC invocations=95 (full 3):
 PSYoungGen      total 17408K, used 17228K [0x00000000d5580000, 0x00000000d6800000, 0x0000000100000000)
  eden space 15872K, 99% used [0x00000000d5580000,0x00000000d64fb680,0x00000000d6500000)
  from space 1536K, 89% used [0x00000000d6500000,0x00000000d6657c28,0x00000000d6680000)
  to   space 1536K, 0% used [0x00000000d6680000,0x00000000d6680000,0x00000000d6800000)
 ParOldGen       total 83968K, used 67194K [0x0000000080000000, 0x0000000085200000, 0x00000000d5580000)
  object space 83968K, 80% used [0x0000000080000000,0x000000008419e9f8,0x0000000085200000)
 Metaspace       used 66045K, committed 67456K, reserved 1114112K
  class space    used 6966K, committed 7552K, reserved 1048576K
}
Event: 131.238 GC heap after
{Heap after GC invocations=95 (full 3):
 PSYoungGen      total 16384K, used 499K [0x00000000d5580000, 0x00000000d6700000, 0x0000000100000000)
  eden space 15872K, 0% used [0x00000000d5580000,0x00000000d5580000,0x00000000d6500000)
  from space 512K, 97% used [0x00000000d6680000,0x00000000d66fce20,0x00000000d6700000)
  to   space 1024K, 0% used [0x00000000d6500000,0x00000000d6500000,0x00000000d6600000)
 ParOldGen       total 83968K, used 68388K [0x0000000080000000, 0x0000000085200000, 0x00000000d5580000)
  object space 83968K, 81% used [0x0000000080000000,0x00000000842c9220,0x0000000085200000)
 Metaspace       used 66045K, committed 67456K, reserved 1114112K
  class space    used 6966K, committed 7552K, reserved 1048576K
}
Event: 131.419 GC heap before
{Heap before GC invocations=96 (full 3):
 PSYoungGen      total 16384K, used 16362K [0x00000000d5580000, 0x00000000d6700000, 0x0000000100000000)
  eden space 15872K, 99% used [0x00000000d5580000,0x00000000d64fdd20,0x00000000d6500000)
  from space 512K, 97% used [0x00000000d6680000,0x00000000d66fce20,0x00000000d6700000)
  to   space 1024K, 0% used [0x00000000d6500000,0x00000000d6500000,0x00000000d6600000)
 ParOldGen       total 83968K, used 68388K [0x0000000080000000, 0x0000000085200000, 0x00000000d5580000)
  object space 83968K, 81% used [0x0000000080000000,0x00000000842c9220,0x0000000085200000)
 Metaspace       used 67791K, committed 69184K, reserved 1114112K
  class space    used 7232K, committed 7808K, reserved 1048576K
}
Event: 131.421 GC heap after
{Heap after GC invocations=96 (full 3):
 PSYoungGen      total 16896K, used 576K [0x00000000d5580000, 0x00000000d6700000, 0x0000000100000000)
  eden space 15872K, 0% used [0x00000000d5580000,0x00000000d5580000,0x00000000d6500000)
  from space 1024K, 56% used [0x00000000d6500000,0x00000000d6590020,0x00000000d6600000)
  to   space 1024K, 0% used [0x00000000d6600000,0x00000000d6600000,0x00000000d6700000)
 ParOldGen       total 83968K, used 68619K [0x0000000080000000, 0x0000000085200000, 0x00000000d5580000)
  object space 83968K, 81% used [0x0000000080000000,0x0000000084302df0,0x0000000085200000)
 Metaspace       used 67791K, committed 69184K, reserved 1114112K
  class space    used 7232K, committed 7808K, reserved 1048576K
}
Event: 258.499 GC heap before
{Heap before GC invocations=97 (full 3):
 PSYoungGen      total 16896K, used 16448K [0x00000000d5580000, 0x00000000d6700000, 0x0000000100000000)
  eden space 15872K, 100% used [0x00000000d5580000,0x00000000d6500000,0x00000000d6500000)
  from space 1024K, 56% used [0x00000000d6500000,0x00000000d6590020,0x00000000d6600000)
  to   space 1024K, 0% used [0x00000000d6600000,0x00000000d6600000,0x00000000d6700000)
 ParOldGen       total 83968K, used 68619K [0x0000000080000000, 0x0000000085200000, 0x00000000d5580000)
  object space 83968K, 81% used [0x0000000080000000,0x0000000084302df0,0x0000000085200000)
 Metaspace       used 68839K, committed 70336K, reserved 1114112K
  class space    used 7353K, committed 8000K, reserved 1048576K
}
Event: 258.500 GC heap after
{Heap after GC invocations=97 (full 3):
 PSYoungGen      total 16896K, used 938K [0x00000000d5580000, 0x00000000d6700000, 0x0000000100000000)
  eden space 15872K, 0% used [0x00000000d5580000,0x00000000d5580000,0x00000000d6500000)
  from space 1024K, 91% used [0x00000000d6600000,0x00000000d66ea910,0x00000000d6700000)
  to   space 1024K, 0% used [0x00000000d6500000,0x00000000d6500000,0x00000000d6600000)
 ParOldGen       total 83968K, used 68923K [0x0000000080000000, 0x0000000085200000, 0x00000000d5580000)
  object space 83968K, 82% used [0x0000000080000000,0x000000008434ee40,0x0000000085200000)
 Metaspace       used 68839K, committed 70336K, reserved 1114112K
  class space    used 7353K, committed 8000K, reserved 1048576K
}

Dll operation events (11 events):
Event: 0.093 Loaded shared library c:\Users\RISHABH UPWANSHI\.vscode\extensions\redhat.java-1.54.0-win32-x64\jre\21.0.10-win32-x86_64\bin\java.dll
Event: 0.281 Loaded shared library c:\Users\RISHABH UPWANSHI\.vscode\extensions\redhat.java-1.54.0-win32-x64\jre\21.0.10-win32-x86_64\bin\zip.dll
Event: 0.319 Loaded shared library C:\Users\RISHABH UPWANSHI\.vscode\extensions\redhat.java-1.54.0-win32-x64\jre\21.0.10-win32-x86_64\bin\instrument.dll
Event: 0.328 Loaded shared library C:\Users\RISHABH UPWANSHI\.vscode\extensions\redhat.java-1.54.0-win32-x64\jre\21.0.10-win32-x86_64\bin\net.dll
Event: 0.333 Loaded shared library C:\Users\RISHABH UPWANSHI\.vscode\extensions\redhat.java-1.54.0-win32-x64\jre\21.0.10-win32-x86_64\bin\nio.dll
Event: 0.339 Loaded shared library C:\Users\RISHABH UPWANSHI\.vscode\extensions\redhat.java-1.54.0-win32-x64\jre\21.0.10-win32-x86_64\bin\zip.dll
Event: 0.367 Loaded shared library C:\Users\RISHABH UPWANSHI\.vscode\extensions\redhat.java-1.54.0-win32-x64\jre\21.0.10-win32-x86_64\bin\jimage.dll
Event: 0.478 Loaded shared library c:\Users\RISHABH UPWANSHI\.vscode\extensions\redhat.java-1.54.0-win32-x64\jre\21.0.10-win32-x86_64\bin\verify.dll
Event: 1.830 Loaded shared library C:\Users\RISHABH UPWANSHI\AppData\Roaming\Code\User\globalStorage\redhat.java\1.54.0\config_win\org.eclipse.equinox.launcher\org.eclipse.equinox.launcher.win32.win32.x86_64_1.3.0.v20260203-2149\eclipse_11919.dll
Event: 4.378 Loaded shared library C:\Users\RISHABH UPWANSHI\AppData\Local\Temp\jna-1647839792\jna15384645036937102435.dll
Event: 131.210 Loaded shared library C:\Users\RISHABH UPWANSHI\.vscode\extensions\redhat.java-1.54.0-win32-x64\jre\21.0.10-win32-x86_64\bin\extnet.dll

Deoptimization events (20 events):
Event: 258.474 Thread 0x000001d8ddc9ad70 DEOPT PACKING pc=0x000001d8cf3fe06c sp=0x000000aad42fefd0
Event: 258.475 Thread 0x000001d8ddc9ad70 DEOPT UNPACKING pc=0x000001d8ce6f3aa2 sp=0x000000aad42fef00 mode 2
Event: 258.475 Thread 0x000001d8ddc9ad70 Uncommon trap: trap_request=0xffffffbe fr.pc=0x000001d8cf3fe06c relative=0x0000000000000dac
Event: 258.475 Thread 0x000001d8ddc9ad70 Uncommon trap: reason=profile_predicate action=maybe_recompile pc=0x000001d8cf3fe06c method=java.util.regex.Pattern$BnM.optimize(Ljava/util/regex/Pattern$Node;)Ljava/util/regex/Pattern$Node; @ 67 c2
Event: 258.475 Thread 0x000001d8ddc9ad70 DEOPT PACKING pc=0x000001d8cf3fe06c sp=0x000000aad42ff040
Event: 258.475 Thread 0x000001d8ddc9ad70 DEOPT UNPACKING pc=0x000001d8ce6f3aa2 sp=0x000000aad42fef70 mode 2
Event: 258.476 Thread 0x000001d8ddc9ad70 DEOPT PACKING pc=0x000001d8c8285852 sp=0x000000aad42fe400
Event: 258.476 Thread 0x000001d8ddc9ad70 DEOPT UNPACKING pc=0x000001d8ce6f4242 sp=0x000000aad42fd978 mode 0
Event: 258.482 Thread 0x000001d8ddc9ad70 DEOPT PACKING pc=0x000001d8c8695ca2 sp=0x000000aad42fd980
Event: 258.482 Thread 0x000001d8ddc9ad70 DEOPT UNPACKING pc=0x000001d8ce6f4242 sp=0x000000aad42fcda8 mode 0
Event: 258.486 Thread 0x000001d8ddc9ad70 Uncommon trap: trap_request=0xffffff6e fr.pc=0x000001d8cf55710c relative=0x00000000000003ac
Event: 258.486 Thread 0x000001d8ddc9ad70 Uncommon trap: reason=loop_limit_check action=maybe_recompile pc=0x000001d8cf55710c method=org.eclipse.jdt.core.compiler.CharOperation.concatWith([[CC)[C @ 121 c2
Event: 258.486 Thread 0x000001d8ddc9ad70 DEOPT PACKING pc=0x000001d8cf55710c sp=0x000000aad42fdd60
Event: 258.486 Thread 0x000001d8ddc9ad70 DEOPT UNPACKING pc=0x000001d8ce6f3aa2 sp=0x000000aad42fdd10 mode 2
Event: 258.493 Thread 0x000001d8ddc9ad70 DEOPT PACKING pc=0x000001d8c807458b sp=0x000000aad42fe380
Event: 258.493 Thread 0x000001d8ddc9ad70 DEOPT UNPACKING pc=0x000001d8ce6f4242 sp=0x000000aad42fd868 mode 0
Event: 258.508 Thread 0x000001d8ddc9ad70 Uncommon trap: trap_request=0xffffff45 fr.pc=0x000001d8cf3e734c relative=0x00000000000001ac
Event: 258.508 Thread 0x000001d8ddc9ad70 Uncommon trap: reason=unstable_if action=reinterpret pc=0x000001d8cf3e734c method=java.util.Arrays.equals([C[C)Z @ 8 c2
Event: 258.508 Thread 0x000001d8ddc9ad70 DEOPT PACKING pc=0x000001d8cf3e734c sp=0x000000aad42fde70
Event: 258.508 Thread 0x000001d8ddc9ad70 DEOPT UNPACKING pc=0x000001d8ce6f3aa2 sp=0x000000aad42fde28 mode 2

Classes loaded (20 events):
Event: 131.504 Loading class java/util/TaskQueue
Event: 131.504 Loading class java/util/TaskQueue done
Event: 131.504 Loading class java/util/TimerThread
Event: 131.504 Loading class java/util/TimerThread done
Event: 131.504 Loading class java/util/Timer$ThreadReaper
Event: 131.504 Loading class java/util/Timer$ThreadReaper done
Event: 131.507 Loading class java/util/concurrent/CompletableFuture$UniWhenComplete
Event: 131.507 Loading class java/util/concurrent/CompletableFuture$UniWhenComplete done
Event: 131.507 Loading class java/util/concurrent/CompletableFuture$UniCompose
Event: 131.507 Loading class java/util/concurrent/CompletableFuture$UniCompose done
Event: 131.507 Loading class java/util/concurrent/CompletableFuture$UniRelay
Event: 131.507 Loading class java/util/concurrent/CompletableFuture$UniRelay done
Event: 132.350 Loading class java/util/concurrent/ScheduledThreadPoolExecutor$DelayedWorkQueue$Itr
Event: 132.350 Loading class java/util/concurrent/ScheduledThreadPoolExecutor$DelayedWorkQueue$Itr done
Event: 133.373 Loading class java/lang/ProcessHandleImpl$ExitCompletion
Event: 133.373 Loading class java/lang/ProcessHandleImpl$ExitCompletion done
Event: 133.373 Loading class java/lang/ProcessHandleImpl$1
Event: 133.374 Loading class java/lang/ProcessHandleImpl$1 done
Event: 133.375 Loading class java/util/concurrent/CompletableFuture$UniHandle
Event: 133.375 Loading class java/util/concurrent/CompletableFuture$UniHandle done

Classes unloaded (7 events):
Event: 5.025 Thread 0x000001d8c3fe49b0 Unloading class 0x000001d8811a9400 'java/lang/invoke/LambdaForm$MH+0x000001d8811a9400'
Event: 5.025 Thread 0x000001d8c3fe49b0 Unloading class 0x000001d8811a9000 'java/lang/invoke/LambdaForm$MH+0x000001d8811a9000'
Event: 5.025 Thread 0x000001d8c3fe49b0 Unloading class 0x000001d8811a8c00 'java/lang/invoke/LambdaForm$MH+0x000001d8811a8c00'
Event: 5.025 Thread 0x000001d8c3fe49b0 Unloading class 0x000001d8811a8800 'java/lang/invoke/LambdaForm$MH+0x000001d8811a8800'
Event: 5.025 Thread 0x000001d8c3fe49b0 Unloading class 0x000001d8811a8400 'java/lang/invoke/LambdaForm$BMH+0x000001d8811a8400'
Event: 5.025 Thread 0x000001d8c3fe49b0 Unloading class 0x000001d8811a8000 'java/lang/invoke/LambdaForm$DMH+0x000001d8811a8000'
Event: 5.025 Thread 0x000001d8c3fe49b0 Unloading class 0x000001d8811a6c00 'java/lang/invoke/LambdaForm$DMH+0x000001d8811a6c00'

Classes redefined (0 events):
No events

Internal exceptions (20 events):
Event: 130.807 Thread 0x000001d8e29abf60 Exception <a 'sun/nio/fs/WindowsException'{0x00000000d571d0a8}> (0x00000000d571d0a8) 
thrown [s\src\hotspot\share\prims\jni.cpp, line 520]
Event: 130.807 Thread 0x000001d8e29abf60 Exception <a 'sun/nio/fs/WindowsException'{0x00000000d571e040}> (0x00000000d571e040) 
thrown [s\src\hotspot\share\prims\jni.cpp, line 520]
Event: 130.807 Thread 0x000001d8e29abf60 Exception <a 'sun/nio/fs/WindowsException'{0x00000000d571ebc0}> (0x00000000d571ebc0) 
thrown [s\src\hotspot\share\prims\jni.cpp, line 520]
Event: 130.808 Thread 0x000001d8e29abf60 Exception <a 'sun/nio/fs/WindowsException'{0x00000000d571ff08}> (0x00000000d571ff08) 
thrown [s\src\hotspot\share\prims\jni.cpp, line 520]
Event: 130.808 Thread 0x000001d8e29abf60 Exception <a 'sun/nio/fs/WindowsException'{0x00000000d5720a88}> (0x00000000d5720a88) 
thrown [s\src\hotspot\share\prims\jni.cpp, line 520]
Event: 130.808 Thread 0x000001d8e29abf60 Exception <a 'sun/nio/fs/WindowsException'{0x00000000d5721e60}> (0x00000000d5721e60) 
thrown [s\src\hotspot\share\prims\jni.cpp, line 520]
Event: 130.808 Thread 0x000001d8e29abf60 Exception <a 'sun/nio/fs/WindowsException'{0x00000000d5722740}> (0x00000000d5722740) 
thrown [s\src\hotspot\share\prims\jni.cpp, line 520]
Event: 131.146 Thread 0x000001d8e29abf60 Exception <a 'sun/nio/fs/WindowsException'{0x00000000d61be260}> (0x00000000d61be260) 
thrown [s\src\hotspot\share\prims\jni.cpp, line 520]
Event: 131.147 Thread 0x000001d8e29abf60 Exception <a 'sun/nio/fs/WindowsException'{0x00000000d61bede0}> (0x00000000d61bede0) 
thrown [s\src\hotspot\share\prims\jni.cpp, line 520]
Event: 131.147 Thread 0x000001d8e29abf60 Exception <a 'sun/nio/fs/WindowsException'{0x00000000d61c01b8}> (0x00000000d61c01b8) 
thrown [s\src\hotspot\share\prims\jni.cpp, line 520]
Event: 131.147 Thread 0x000001d8e29abf60 Exception <a 'sun/nio/fs/WindowsException'{0x00000000d61c0a98}> (0x00000000d61c0a98) 
thrown [s\src\hotspot\share\prims\jni.cpp, line 520]
Event: 131.244 Thread 0x000001d8e5fdd070 Exception <a 'java/io/FileNotFoundException'{0x00000000d55e3fe0}> (0x00000000d55e3fe0) 
thrown [s\src\hotspot\share\prims\jni.cpp, line 520]
Event: 131.416 Thread 0x000001d8e5fdd070 Exception <a 'java/lang/NoSuchMethodError'{0x00000000d64b7728}: 'java.lang.Object java.lang.invoke.DirectMethodHandle$Holder.invokeVirtual(java.lang.Object, java.lang.Object, java.lang.Object, java.lang.Object)'> (0x00000000d64b7728) 
thrown [s\src\hotspot\share\interpreter\linkResolver.cpp, line 773]
Event: 131.463 Thread 0x000001d8e5fe18a0 Exception <a 'java/lang/NoSuchMethodError'{0x00000000d595a650}: 'java.lang.Object java.lang.invoke.DirectMethodHandle$Holder.invokeStatic(java.lang.Object, long, java.lang.Object, java.lang.Object)'> (0x00000000d595a650) 
thrown [s\src\hotspot\share\interpreter\linkResolver.cpp, line 773]
Event: 131.484 Thread 0x000001d8e5fe18a0 Exception <a 'sun/nio/fs/WindowsException'{0x00000000d5a20798}> (0x00000000d5a20798) 
thrown [s\src\hotspot\share\prims\jni.cpp, line 520]
Event: 131.484 Thread 0x000001d8e5fe18a0 Exception <a 'sun/nio/fs/WindowsException'{0x00000000d5a217b0}> (0x00000000d5a217b0) 
thrown [s\src\hotspot\share\prims\jni.cpp, line 520]
Event: 132.386 Thread 0x000001d8e5fe25c0 Exception <a 'java/lang/NoSuchMethodError'{0x00000000d5b5f228}: 'long java.lang.invoke.DelegatingMethodHandle$Holder.reinvoke_L(java.lang.Object, java.lang.Object)'> (0x00000000d5b5f228) 
thrown [s\src\hotspot\share\interpreter\linkResolver.cpp, line 773]
Event: 132.387 Thread 0x000001d8e5fe25c0 Exception <a 'java/lang/NoSuchMethodError'{0x00000000d5b68f08}: 'void java.lang.invoke.DelegatingMethodHandle$Holder.reinvoke_L(java.lang.Object, java.lang.Object, long)'> (0x00000000d5b68f08) 
thrown [s\src\hotspot\share\interpreter\linkResolver.cpp, line 773]
Event: 133.377 Thread 0x000001d8e5fe25c0 Exception <a 'java/lang/NoSuchMethodError'{0x00000000d5c7b440}: 'long java.lang.invoke.Invokers$Holder.invokeExact_MT(java.lang.Object, java.lang.Object, java.lang.Object)'> (0x00000000d5c7b440) 
thrown [s\src\hotspot\share\interpreter\linkResolver.cpp, line 773]
Event: 258.508 Thread 0x000001d8ddc9ad70 Implicit null exception at 0x000001d8cf3e71cb to 0x000001d8cf3e733c

ZGC Phase Switch (0 events):
No events

VM Operations (20 events):
Event: 141.541 Executing safepoint VM operation: Cleanup
Event: 141.541 Executing safepoint VM operation: Cleanup done
Event: 154.667 Executing safepoint VM operation: Cleanup
Event: 154.667 Executing safepoint VM operation: Cleanup done
Event: 164.133 Executing non-safepoint VM operation: HandshakeAllThreads (HandshakeForDeflation)
Event: 164.133 Executing non-safepoint VM operation: HandshakeAllThreads (HandshakeForDeflation) done
Event: 164.133 Executing non-safepoint VM operation: RendezvousGCThreads
Event: 164.133 Executing non-safepoint VM operation: RendezvousGCThreads done
Event: 165.134 Executing safepoint VM operation: Cleanup
Event: 165.134 Executing safepoint VM operation: Cleanup done
Event: 248.842 Executing safepoint VM operation: Cleanup
Event: 248.842 Executing safepoint VM operation: Cleanup done
Event: 252.872 Executing safepoint VM operation: Cleanup
Event: 252.872 Executing safepoint VM operation: Cleanup done
Event: 256.923 Executing safepoint VM operation: Cleanup
Event: 256.924 Executing safepoint VM operation: Cleanup done
Event: 258.499 Executing safepoint VM operation: ParallelGCFailedAllocation (Allocation Failure)
Event: 258.500 Executing safepoint VM operation: ParallelGCFailedAllocation (Allocation Failure) done
Event: 259.500 Executing safepoint VM operation: Cleanup
Event: 259.500 Executing safepoint VM operation: Cleanup done

Memory protections (0 events):
No events

Nmethod flushes (20 events):
Event: 14.010 Thread 0x000001d8c3fe49b0 flushing  nmethod 0x000001d8c7bdc390
Event: 14.010 Thread 0x000001d8c3fe49b0 flushing  nmethod 0x000001d8c7bed690
Event: 14.010 Thread 0x000001d8c3fe49b0 flushing  nmethod 0x000001d8c7bfae10
Event: 14.010 Thread 0x000001d8c3fe49b0 flushing  nmethod 0x000001d8c7c39490
Event: 14.010 Thread 0x000001d8c3fe49b0 flushing osr nmethod 0x000001d8c7c4a890
Event: 14.010 Thread 0x000001d8c3fe49b0 flushing  nmethod 0x000001d8c7c66290
Event: 14.010 Thread 0x000001d8c3fe49b0 flushing  nmethod 0x000001d8c7c66c90
Event: 14.010 Thread 0x000001d8c3fe49b0 flushing  nmethod 0x000001d8c7c68590
Event: 14.010 Thread 0x000001d8c3fe49b0 flushing  nmethod 0x000001d8c7c6a090
Event: 14.010 Thread 0x000001d8c3fe49b0 flushing  nmethod 0x000001d8c7c6c810
Event: 14.010 Thread 0x000001d8c3fe49b0 flushing  nmethod 0x000001d8c7c6e290
Event: 14.010 Thread 0x000001d8c3fe49b0 flushing  nmethod 0x000001d8c7c6fb90
Event: 14.010 Thread 0x000001d8c3fe49b0 flushing  nmethod 0x000001d8c7c70590
Event: 14.010 Thread 0x000001d8c3fe49b0 flushing  nmethod 0x000001d8c7c73690
Event: 14.010 Thread 0x000001d8c3fe49b0 flushing  nmethod 0x000001d8c7c74110
Event: 14.010 Thread 0x000001d8c3fe49b0 flushing  nmethod 0x000001d8c7c76b10
Event: 14.010 Thread 0x000001d8c3fe49b0 flushing  nmethod 0x000001d8c7c77690
Event: 14.010 Thread 0x000001d8c3fe49b0 flushing  nmethod 0x000001d8c7c77a10
Event: 14.010 Thread 0x000001d8c3fe49b0 flushing  nmethod 0x000001d8c7c7a810
Event: 14.010 Thread 0x000001d8c3fe49b0 flushing  nmethod 0x000001d8c7c8c410

Events (20 events):
Event: 131.504 Thread 0x000001d8e5fe18a0 Thread added: 0x000001d8e5fe1210
Event: 131.786 Thread 0x000001d8e8027bc0 Thread exited: 0x000001d8e8027bc0
Event: 131.786 Thread 0x000001d8e8028960 Thread exited: 0x000001d8e8028960
Event: 132.384 Thread 0x000001d8e5fdd070 Thread added: 0x000001d8e5fe25c0
Event: 132.384 Thread 0x000001d8e5fe1210 Thread exited: 0x000001d8e5fe1210
Event: 133.374 Thread 0x000001d8e5fe25c0 Thread added: 0x000001d8e5fe32e0
Event: 133.381 Thread 0x000001d8e5fe25c0 Thread exited: 0x000001d8e5fe25c0
Event: 134.563 Thread 0x000001d8e5fe18a0 Thread exited: 0x000001d8e5fe18a0
Event: 154.093 Thread 0x000001d8ddc99330 Thread exited: 0x000001d8ddc99330
Event: 155.073 Thread 0x000001d8ddc9c7b0 Thread exited: 0x000001d8ddc9c7b0
Event: 164.572 Thread 0x000001d8e5fdd070 Thread exited: 0x000001d8e5fdd070
Event: 194.548 Thread 0x000001d8e5fe32e0 Thread exited: 0x000001d8e5fe32e0
Event: 194.580 Thread 0x000001d8e29abf60 Thread exited: 0x000001d8e29abf60
Event: 254.592 Thread 0x000001d8e5f7d3b0 Thread exited: 0x000001d8e5f7d3b0
Event: 258.474 Thread 0x000001d8ddc9ad70 Thread added: 0x000001d8e5fdd070
Event: 258.478 Thread 0x000001d8c410bfb0 Thread added: 0x000001d8e8028960
Event: 258.478 Thread 0x000001d8c410bfb0 Thread added: 0x000001d8e8029700
Event: 258.480 Thread 0x000001d8c410bfb0 Thread added: 0x000001d8e80274f0
Event: 258.483 Thread 0x000001d8c410bfb0 Thread added: 0x000001d8e8027bc0
Event: 258.485 Thread 0x000001d8c410bfb0 Thread added: 0x000001d8e8029030


Dynamic libraries:
0x00007ff763410000 - 0x00007ff76341e000 	c:\Users\RISHABH UPWANSHI\.vscode\extensions\redhat.java-1.54.0-win32-x64\jre\21.0.10-win32-x86_64\bin\java.exe
0x00007ff89ca60000 - 0x00007ff89ccc6000 	C:\Windows\SYSTEM32\ntdll.dll
0x00007ff89bba0000 - 0x00007ff89bc69000 	C:\Windows\System32\KERNEL32.DLL
0x00007ff89a320000 - 0x00007ff89a71a000 	C:\Windows\System32\KERNELBASE.dll
0x00007ff89a120000 - 0x00007ff89a26c000 	C:\Windows\System32\ucrtbase.dll
0x00007ff884740000 - 0x00007ff884758000 	c:\Users\RISHABH UPWANSHI\.vscode\extensions\redhat.java-1.54.0-win32-x64\jre\21.0.10-win32-x86_64\bin\jli.dll
0x00007ff89bd90000 - 0x00007ff89bf57000 	C:\Windows\System32\USER32.dll
0x00007ff899f70000 - 0x00007ff899f97000 	C:\Windows\System32\win32u.dll
0x00007ff89c3e0000 - 0x00007ff89c40b000 	C:\Windows\System32\GDI32.dll
0x00007ff899e40000 - 0x00007ff899f6b000 	C:\Windows\System32\gdi32full.dll
0x00007ff89a270000 - 0x00007ff89a313000 	C:\Windows\System32\msvcp_win.dll
0x00007ff884780000 - 0x00007ff88479e000 	c:\Users\RISHABH UPWANSHI\.vscode\extensions\redhat.java-1.54.0-win32-x64\jre\21.0.10-win32-x86_64\bin\VCRUNTIME140.dll
0x00007ff87e950000 - 0x00007ff87ebe2000 	C:\Windows\WinSxS\amd64_microsoft.windows.common-controls_6595b64144ccf1df_6.0.26100.8521_none_3e08b75ce33403b3\COMCTL32.dll
0x00007ff89a8d0000 - 0x00007ff89a979000 	C:\Windows\System32\msvcrt.dll
0x00007ff89aa90000 - 0x00007ff89aac2000 	C:\Windows\System32\IMM32.DLL
0x00007ff896f10000 - 0x00007ff896f1c000 	c:\Users\RISHABH UPWANSHI\.vscode\extensions\redhat.java-1.54.0-win32-x64\jre\21.0.10-win32-x86_64\bin\vcruntime140_1.dll
0x00007ff869700000 - 0x00007ff86978d000 	c:\Users\RISHABH UPWANSHI\.vscode\extensions\redhat.java-1.54.0-win32-x64\jre\21.0.10-win32-x86_64\bin\msvcp140.dll
0x00007ffffbf50000 - 0x00007ffffccf1000 	c:\Users\RISHABH UPWANSHI\.vscode\extensions\redhat.java-1.54.0-win32-x64\jre\21.0.10-win32-x86_64\bin\server\jvm.dll
0x00007ff89c220000 - 0x00007ff89c2d6000 	C:\Windows\System32\ADVAPI32.dll
0x00007ff89c420000 - 0x00007ff89c4ca000 	C:\Windows\System32\sechost.dll
0x00007ff89bc70000 - 0x00007ff89bd88000 	C:\Windows\System32\RPCRT4.dll
0x00007ff89a9f0000 - 0x00007ff89aa70000 	C:\Windows\System32\WS2_32.dll
0x00007ff899b50000 - 0x00007ff899bae000 	C:\Windows\SYSTEM32\POWRPROF.dll
0x00007ff88da80000 - 0x00007ff88dab6000 	C:\Windows\SYSTEM32\WINMM.dll
0x00007ff893ad0000 - 0x00007ff893adb000 	C:\Windows\SYSTEM32\VERSION.dll
0x00007ff899b30000 - 0x00007ff899b44000 	C:\Windows\SYSTEM32\UMPDC.dll
0x00007ff898a80000 - 0x00007ff898a9b000 	C:\Windows\SYSTEM32\kernel.appcore.dll
0x00007ff893120000 - 0x00007ff89312a000 	c:\Users\RISHABH UPWANSHI\.vscode\extensions\redhat.java-1.54.0-win32-x64\jre\21.0.10-win32-x86_64\bin\jimage.dll
0x00007ff8812c0000 - 0x00007ff881502000 	C:\Windows\SYSTEM32\DBGHELP.DLL
0x00007ff89aed0000 - 0x00007ff89b253000 	C:\Windows\System32\combase.dll
0x00007ff89abd0000 - 0x00007ff89aca9000 	C:\Windows\System32\OLEAUT32.dll
0x00007ff879a20000 - 0x00007ff879a5b000 	C:\Windows\SYSTEM32\dbgcore.DLL
0x00007ff89a720000 - 0x00007ff89a7c8000 	C:\Windows\System32\bcryptPrimitives.dll
0x00007ff894c70000 - 0x00007ff894c7f000 	c:\Users\RISHABH UPWANSHI\.vscode\extensions\redhat.java-1.54.0-win32-x64\jre\21.0.10-win32-x86_64\bin\instrument.dll
0x00007ff88de20000 - 0x00007ff88de40000 	c:\Users\RISHABH UPWANSHI\.vscode\extensions\redhat.java-1.54.0-win32-x64\jre\21.0.10-win32-x86_64\bin\java.dll
0x00007ff89b260000 - 0x00007ff89b9e4000 	C:\Windows\System32\SHELL32.dll
0x00007ff897880000 - 0x00007ff898100000 	C:\Windows\SYSTEM32\windows.storage.dll
0x00007ff89c120000 - 0x00007ff89c216000 	C:\Windows\System32\SHCORE.dll
0x00007ff89a980000 - 0x00007ff89a9e7000 	C:\Windows\System32\shlwapi.dll
0x00007ff899c10000 - 0x00007ff899c39000 	C:\Windows\SYSTEM32\profapi.dll
0x00007ff88dca0000 - 0x00007ff88dcb8000 	c:\Users\RISHABH UPWANSHI\.vscode\extensions\redhat.java-1.54.0-win32-x64\jre\21.0.10-win32-x86_64\bin\zip.dll
0x00007ff894c60000 - 0x00007ff894c70000 	C:\Users\RISHABH UPWANSHI\.vscode\extensions\redhat.java-1.54.0-win32-x64\jre\21.0.10-win32-x86_64\bin\net.dll
0x00007ff8932a0000 - 0x00007ff8933c9000 	C:\Windows\SYSTEM32\WINHTTP.dll
0x00007ff898ff0000 - 0x00007ff89905c000 	C:\Windows\system32\mswsock.dll
0x00007ff894c40000 - 0x00007ff894c56000 	C:\Users\RISHABH UPWANSHI\.vscode\extensions\redhat.java-1.54.0-win32-x64\jre\21.0.10-win32-x86_64\bin\nio.dll
0x00007ff894c30000 - 0x00007ff894c40000 	c:\Users\RISHABH UPWANSHI\.vscode\extensions\redhat.java-1.54.0-win32-x64\jre\21.0.10-win32-x86_64\bin\verify.dll
0x00007ff894be0000 - 0x00007ff894c25000 	C:\Users\RISHABH UPWANSHI\AppData\Roaming\Code\User\globalStorage\redhat.java\1.54.0\config_win\org.eclipse.equinox.launcher\org.eclipse.equinox.launcher.win32.win32.x86_64_1.3.0.v20260203-2149\eclipse_11919.dll
0x00007ff89ba00000 - 0x00007ff89bb98000 	C:\Windows\System32\ole32.dll
0x00007ff8992d0000 - 0x00007ff8992eb000 	C:\Windows\SYSTEM32\CRYPTSP.dll
0x00007ff8989e0000 - 0x00007ff898a19000 	C:\Windows\system32\rsaenh.dll
0x00007ff8990a0000 - 0x00007ff8990d3000 	C:\Windows\SYSTEM32\USERENV.dll
0x00007ff899be0000 - 0x00007ff899c0a000 	C:\Windows\SYSTEM32\bcrypt.dll
0x00007ff8992f0000 - 0x00007ff8992fc000 	C:\Windows\SYSTEM32\CRYPTBASE.dll
0x00007ff898490000 - 0x00007ff8984c3000 	C:\Windows\SYSTEM32\IPHLPAPI.DLL
0x00007ff89b9f0000 - 0x00007ff89b9fa000 	C:\Windows\System32\NSI.dll
0x00007ff8816a0000 - 0x00007ff8816e9000 	C:\Users\RISHABH UPWANSHI\AppData\Local\Temp\jna-1647839792\jna15384645036937102435.dll
0x00007ff89aa80000 - 0x00007ff89aa88000 	C:\Windows\System32\PSAPI.DLL
0x00007ff893a30000 - 0x00007ff893a4d000 	C:\Windows\SYSTEM32\dhcpcsvc6.DLL
0x00007ff893a00000 - 0x00007ff893a25000 	C:\Windows\SYSTEM32\dhcpcsvc.DLL
0x00007ff894b20000 - 0x00007ff894b29000 	C:\Users\RISHABH UPWANSHI\.vscode\extensions\redhat.java-1.54.0-win32-x64\jre\21.0.10-win32-x86_64\bin\extnet.dll

JVMTI agents:
c:\Users\RISHABH UPWANSHI\.vscode\extensions\redhat.java-1.54.0-win32-x64\lombok\lombok-1.18.39-4050.jar path:c:\Users\RISHABH UPWANSHI\.vscode\extensions\redhat.java-1.54.0-win32-x64\jre\21.0.10-win32-x86_64\bin\instrument.dll, loaded, initialized, instrumentlib options:none

dbghelp: loaded successfully - version: 4.0.5 - missing functions: none
symbol engine: initialized successfully - sym options: 0x614 - pdb path: .;c:\Users\RISHABH UPWANSHI\.vscode\extensions\redhat.java-1.54.0-win32-x64\jre\21.0.10-win32-x86_64\bin;C:\Windows\SYSTEM32;C:\Windows\WinSxS\amd64_microsoft.windows.common-controls_6595b64144ccf1df_6.0.26100.8521_none_3e08b75ce33403b3;c:\Users\RISHABH UPWANSHI\.vscode\extensions\redhat.java-1.54.0-win32-x64\jre\21.0.10-win32-x86_64\bin\server;C:\Users\RISHABH UPWANSHI\AppData\Roaming\Code\User\globalStorage\redhat.java\1.54.0\config_win\org.eclipse.equinox.launcher\org.eclipse.equinox.launcher.win32.win32.x86_64_1.3.0.v20260203-2149;C:\Users\RISHABH UPWANSHI\AppData\Local\Temp\jna-1647839792

VM Arguments:
jvm_args: --add-modules=ALL-SYSTEM --add-opens=java.base/java.util=ALL-UNNAMED --add-opens=java.base/java.lang=ALL-UNNAMED --add-opens=java.base/sun.nio.fs=ALL-UNNAMED -Declipse.application=org.eclipse.jdt.ls.core.id1 -Dosgi.bundles.defaultStartLevel=4 -Declipse.product=org.eclipse.jdt.ls.core.product -Djava.import.generatesMetadataFilesAtProjectRoot=false -DDetectVMInstallationsJob.disabled=true -Dfile.encoding=utf8 -XX:+UseParallelGC -XX:GCTimeRatio=4 -XX:AdaptiveSizePolicyWeight=90 -Dsun.zip.disableMemoryMapping=true -Xmx2G -Xms100m -Xlog:disable -javaagent:c:\Users\RISHABH UPWANSHI\.vscode\extensions\redhat.java-1.54.0-win32-x64\lombok\lombok-1.18.39-4050.jar -XX:+HeapDumpOnOutOfMemoryError -XX:HeapDumpPath=c:\Users\RISHABH UPWANSHI\AppData\Roaming\Code\User\workspaceStorage\f4a2606078933381c2a47e88c5c240c0\redhat.java -Daether.dependencyCollector.impl=bf 
java_command: c:\Users\RISHABH UPWANSHI\.vscode\extensions\redhat.java-1.54.0-win32-x64\server\plugins\org.eclipse.equinox.launcher_1.7.100.v20251111-0406.jar -configuration c:\Users\RISHABH UPWANSHI\AppData\Roaming\Code\User\globalStorage\redhat.java\1.54.0\config_win -data c:\Users\RISHABH UPWANSHI\AppData\Roaming\Code\User\workspaceStorage\f4a2606078933381c2a47e88c5c240c0\redhat.java\jdt_ws --pipe=\\.\pipe\lsp-37221167856753db6fa37a9257d9a669-sock
java_class_path (initial): c:\Users\RISHABH UPWANSHI\.vscode\extensions\redhat.java-1.54.0-win32-x64\server\plugins\org.eclipse.equinox.launcher_1.7.100.v20251111-0406.jar
Launcher Type: SUN_STANDARD

[Global flags]
    uintx AdaptiveSizePolicyWeight                 = 90                                        {product} {command line}
     intx CICompilerCount                          = 12                                        {product} {ergonomic}
    uintx GCTimeRatio                              = 4                                         {product} {command line}
     bool HeapDumpOnOutOfMemoryError               = true                                   {manageable} {command line}
    ccstr HeapDumpPath                             = c:\Users\RISHABH UPWANSHI\AppData\Roaming\Code\User\workspaceStorage\f4a2606078933381c2a47e88c5c240c0\redhat.java         {manageable} {command line}
   size_t InitialHeapSize                          = 104857600                                 {product} {command line}
   size_t MaxHeapSize                              = 2147483648                                {product} {command line}
   size_t MaxNewSize                               = 715653120                                 {product} {ergonomic}
   size_t MinHeapDeltaBytes                        = 524288                                    {product} {ergonomic}
   size_t MinHeapSize                              = 104857600                                 {product} {command line}
   size_t NewSize                                  = 34603008                                  {product} {ergonomic}
    uintx NonNMethodCodeHeapSize                   = 7602480                                {pd product} {ergonomic}
    uintx NonProfiledCodeHeapSize                  = 122027880                              {pd product} {ergonomic}
   size_t OldSize                                  = 70254592                                  {product} {ergonomic}
    uintx ProfiledCodeHeapSize                     = 122027880                              {pd product} {ergonomic}
    uintx ReservedCodeCacheSize                    = 251658240                              {pd product} {ergonomic}
     bool SegmentedCodeCache                       = true                                      {product} {ergonomic}
   size_t SoftMaxHeapSize                          = 2147483648                             {manageable} {ergonomic}
     bool UseCompressedOops                        = true                           {product lp64_product} {ergonomic}
     bool UseLargePagesIndividualAllocation        = false                                  {pd product} {ergonomic}
     bool UseParallelGC                            = true                                      {product} {command line}

Logging:
Log output configuration:
 #0: stdout all=off uptime,level,tags foldmultilines=false
 #1: stderr all=off uptime,level,tags foldmultilines=false

Release file:
JAVA_VERSION="21.0.10" 
MODULES="java.base java.compiler java.datatransfer java.xml java.prefs java.desktop java.instrument java.logging java.management java.security.sasl java.naming java.rmi java.management.rmi java.net.http java.scripting java.security.jgss java.transaction.xa java.sql java.sql.rowset java.xml.crypto java.se java.smartcardio jdk.accessibility jdk.internal.jvmstat jdk.attach jdk.charsets jdk.internal.opt jdk.zipfs jdk.compiler jdk.crypto.ec jdk.crypto.cryptoki jdk.crypto.mscapi jdk.dynalink jdk.internal.ed jdk.editpad jdk.hotspot.agent jdk.httpserver jdk.internal.le jdk.internal.vm.ci jdk.internal.vm.compiler jdk.internal.vm.compiler.management jdk.jartool jdk.javadoc jdk.jcmd jdk.management jdk.management.agent jdk.jconsole jdk.jdeps jdk.jdwp.agent jdk.jdi jdk.jfr jdk.jshell jdk.jsobject jdk.jstatd jdk.localedata jdk.management.jfr jdk.naming.dns jdk.naming.rmi jdk.net jdk.nio.mapmode jdk.random jdk.sctp jdk.security.auth jdk.security.jgss jdk.unsupported jdk.unsupported.desktop jdk.xml.dom" 

Environment Variables:
PATH=C:\Program Files\Common Files\Oracle\Java\javapath;C:\Python313\Scripts\;C:\Python313\;C:\Windows\system32;C:\Windows;C:\Windows\System32\Wbem;C:\Windows\System32\WindowsPowerShell\v1.0\;C:\Windows\System32\OpenSSH\;C:\Program Files (x86)\NVIDIA Corporation\PhysX\Common;C:\Program Files\dotnet\;C:\Program Files\NVIDIA Corporation\NVIDIA App\NvDLISR;C:\ProgramData\chocolatey\bin;C:\TDM-GCC-64\bin;C:\msys64\ucrt64\bin;C:\Program Files\Git\cmd;C:\Program Files\MongoDB\Server\8.2\bin;C:\Program Files\nodejs\;C:\Program Files\Microsoft SQL Server\170\Tools\Binn\;C:\Program Files\Microsoft SQL Server\Client SDK\ODBC\170\Tools\Binn\;E:\apache-maven-3.9.16-bin\apache-maven-3.9.16\bin;C:\Users\RISHABH UPWANSHI\AppData\Local\agy\bin;C:\Program Files\MySQL\MySQL Shell 8.0\bin\;C:\Users\RISHABH UPWANSHI\AppData\Local\Microsoft\WindowsApps;C:\Users\RISHABH UPWANSHI\AppData\Local\Programs\Microsoft VS Code\bin;C:\MinGW\bin;C:\Program Files\JetBrains\WebStorm 2025.2.2\bin;C:\Program Files\MySQL\MySQL Server 8.0\bin;C:\Program Files\mongosh\;C:\Users\RISHABH UPWANSHI\AppData\Roaming\npm;C:\Users\RISHABH UPWANSHI\.dotnet\tools
USERNAME=RISHABH UPWANSHI
OS=Windows_NT
PROCESSOR_IDENTIFIER=AMD64 Family 25 Model 68 Stepping 1, AuthenticAMD
TMP=C:\Users\RISHAB~1\AppData\Local\Temp
TEMP=C:\Users\RISHAB~1\AppData\Local\Temp




Periodic native trim disabled

---------------  S Y S T E M  ---------------

OS:
 Windows 11 , 64 bit Build 26100 (10.0.26100.8521)
OS uptime: 0 days 0:24 hours
Hyper-V role detected

CPU: total 16 (initial active 16) (16 cores per cpu, 2 threads per core) family 25 model 68 stepping 1 microcode 0xa404107, cx8, cmov, fxsr, ht, mmx, 3dnowpref, sse, sse2, sse3, ssse3, sse4a, sse4.1, sse4.2, popcnt, lzcnt, tsc, tscinvbit, avx, avx2, aes, erms, clmul, bmi1, bmi2, adx, sha, fma, vzeroupper, clflush, clflushopt, hv, rdtscp, rdpid, fsrm, f16c, cet_ss
Processor Information for the first 16 processors :
  Max Mhz: 3100, Current Mhz: 3100, Mhz Limit: 3100

Memory: 4k page, system-wide physical 16202M (7501M free)
TotalPageFile size 16202M (AvailPageFile size 6M)
current process WorkingSet (physical memory assigned to process): 330M, peak: 391M
current process commit charge ("private bytes"): 416M, peak: 477M

vm_info: OpenJDK 64-Bit Server VM (21.0.10+7-LTS) for windows-amd64 JRE (21.0.10+7-LTS), built on 2026-01-20T00:00:00Z by "admin" with MS VC++ 17.12 (VS2022)

END.
