#
# There is insufficient memory for the Java Runtime Environment to continue.
# Native memory allocation (malloc) failed to allocate 1101936 bytes. Error detail: Chunk::new
# Possible reasons:
#   The system is out of physical RAM or swap space
#   This process is running with CompressedOops enabled, and the Java Heap may be blocking the growth of the native heap
# Possible solutions:
#   Reduce memory load on the system
#   Increase physical memory or swap space
#   Check if swap backing store is full
#   Decrease Java heap size (-Xmx/-Xms)
#   Decrease number of Java threads
#   Decrease Java thread stack sizes (-Xss)
#   Set larger code cache with -XX:ReservedCodeCacheSize=
#   JVM is running with Unscaled Compressed Oops mode in which the Java heap is
#     placed in the first 4GB address space. The Java Heap base address is the
#     maximum limit for the native heap growth. Please use -XX:HeapBaseMinAddress
#     to set the Java Heap base and to place the Java Heap above 4GB virtual address.
# This output file may be truncated or incomplete.
#
#  Out of Memory Error (arena.cpp:168), pid=21436, tid=12320
#
# JRE version: OpenJDK Runtime Environment Temurin-21.0.10+7 (21.0.10+7) (build 21.0.10+7-LTS)
# Java VM: OpenJDK 64-Bit Server VM Temurin-21.0.10+7 (21.0.10+7-LTS, mixed mode, sharing, tiered, compressed oops, compressed class ptrs, parallel gc, windows-amd64)
# No core dump will be written. Minidumps are not enabled by default on client versions of Windows
#

---------------  S U M M A R Y ------------

Command Line: --add-modules=ALL-SYSTEM --add-opens=java.base/java.util=ALL-UNNAMED --add-opens=java.base/java.lang=ALL-UNNAMED --add-opens=java.base/sun.nio.fs=ALL-UNNAMED -Declipse.application=org.eclipse.jdt.ls.core.id1 -Dosgi.bundles.defaultStartLevel=4 -Declipse.product=org.eclipse.jdt.ls.core.product -Djava.import.generatesMetadataFilesAtProjectRoot=false -DDetectVMInstallationsJob.disabled=true -Dfile.encoding=utf8 -XX:+UseParallelGC -XX:GCTimeRatio=4 -XX:AdaptiveSizePolicyWeight=90 -Dsun.zip.disableMemoryMapping=true -Xmx2G -Xms100m -Xlog:disable -javaagent:c:\Users\RISHABH UPWANSHI\.vscode\extensions\redhat.java-1.54.0-win32-x64\lombok\lombok-1.18.39-4050.jar c:\Users\RISHABH UPWANSHI\.vscode\extensions\redhat.java-1.54.0-win32-x64\server\plugins\org.eclipse.equinox.launcher_1.7.100.v20251111-0406.jar -configuration c:\Users\RISHABH UPWANSHI\AppData\Roaming\Code\User\globalStorage\redhat.java\1.54.0\config_ss_win -data c:\Users\RISHABH UPWANSHI\AppData\Roaming\Code\User\workspaceStorage\f4a2606078933381c2a47e88c5c240c0\redhat.java\ss_ws --pipe=\\.\pipe\lsp-2faf2e25b86fea07fe040061b32a284b-sock

Host: AMD Ryzen 7 7435HS                             , 16 cores, 15G,  Windows 11 , 64 bit Build 26100 (10.0.26100.8521)
Time: Wed Jun 24 15:04:44 2026 India Standard Time elapsed time: 14.183874 seconds (0d 0h 0m 14s)

---------------  T H R E A D  ---------------

Current thread (0x000001a37f90fb30):  JavaThread "C2 CompilerThread0" daemon [_thread_in_native, id=12320, stack(0x0000005f33400000,0x0000005f33500000) (1024K)]


Current CompileTask:
C2:14183 3952       4       java.lang.invoke.MethodType::makeImpl (109 bytes)

Stack: [0x0000005f33400000,0x0000005f33500000]
Native frames: (J=compiled Java code, j=interpreted, Vv=VM code, C=native code)
V  [jvm.dll+0x6d7a39]
V  [jvm.dll+0x8b4b26]
V  [jvm.dll+0x8b70de]
V  [jvm.dll+0x8b77c3]
V  [jvm.dll+0x284346]
V  [jvm.dll+0xc66ed]
V  [jvm.dll+0xc6c31]
V  [jvm.dll+0x3bec01]
V  [jvm.dll+0x1e3d62]
V  [jvm.dll+0x24c6b3]
V  [jvm.dll+0x24bb40]
V  [jvm.dll+0x1cb34e]
V  [jvm.dll+0x25b85d]
V  [jvm.dll+0x259dea]
V  [jvm.dll+0x3f857e]
V  [jvm.dll+0x85f59d]
V  [jvm.dll+0x6d626d]
C  [ucrtbase.dll+0x2cd30]
C  [KERNEL32.DLL+0x2e957]
C  [ntdll.dll+0x87c1c]


---------------  P R O C E S S  ---------------

Threads class SMR info:
_java_thread_list=0x000001a3572ae5a0, length=51, elements={
0x000001a374792280, 0x000001a37e539f70, 0x000001a37e53d0f0, 0x000001a37e540ac0,
0x000001a37e541520, 0x000001a37e543440, 0x000001a37e54d390, 0x000001a37f90fb30,
0x000001a37f911550, 0x000001a37fb0ead0, 0x000001a35127e130, 0x000001a351803a00,
0x000001a37f998960, 0x000001a35639ef30, 0x000001a35168d120, 0x000001a351404ef0,
0x000001a351376d80, 0x000001a35615da50, 0x000001a3563b4c20, 0x000001a37fc3af60,
0x000001a37fc3b5f0, 0x000001a37fc3bc80, 0x000001a37fc3c310, 0x000001a357ae3fa0,
0x000001a357ae2560, 0x000001a357ae2bf0, 0x000001a357ae3280, 0x000001a357ae4630,
0x000001a357ae3910, 0x000001a357ae11b0, 0x000001a357ae4cc0, 0x000001a357ae1840,
0x000001a357ae5350, 0x000001a357ae1ed0, 0x000001a357ae59e0, 0x000001a357ae7420,
0x000001a357ae6070, 0x000001a357ae8140, 0x000001a357ae6700, 0x000001a357ae7ab0,
0x000001a357ae6d90, 0x000001a357ae87d0, 0x000001a3572b80f0, 0x000001a351623bd0,
0x000001a351620c20, 0x000001a3516212f0, 0x000001a3516219c0, 0x000001a351622090,
0x000001a351622760, 0x000001a351622e30, 0x000001a351623500
}

Java Threads: ( => current thread )
  0x000001a374792280 JavaThread "main"                              [_thread_blocked, id=19604, stack(0x0000005f32a00000,0x0000005f32b00000) (1024K)]
  0x000001a37e539f70 JavaThread "Reference Handler"          daemon [_thread_blocked, id=22000, stack(0x0000005f32e00000,0x0000005f32f00000) (1024K)]
  0x000001a37e53d0f0 JavaThread "Finalizer"                  daemon [_thread_blocked, id=24096, stack(0x0000005f32f00000,0x0000005f33000000) (1024K)]
  0x000001a37e540ac0 JavaThread "Signal Dispatcher"          daemon [_thread_blocked, id=8188, stack(0x0000005f33000000,0x0000005f33100000) (1024K)]
  0x000001a37e541520 JavaThread "Attach Listener"            daemon [_thread_blocked, id=19496, stack(0x0000005f33100000,0x0000005f33200000) (1024K)]
  0x000001a37e543440 JavaThread "Service Thread"             daemon [_thread_blocked, id=28516, stack(0x0000005f33200000,0x0000005f33300000) (1024K)]
  0x000001a37e54d390 JavaThread "Monitor Deflation Thread"   daemon [_thread_blocked, id=28504, stack(0x0000005f33300000,0x0000005f33400000) (1024K)]
=>0x000001a37f90fb30 JavaThread "C2 CompilerThread0"         daemon [_thread_in_native, id=12320, stack(0x0000005f33400000,0x0000005f33500000) (1024K)]
  0x000001a37f911550 JavaThread "C1 CompilerThread0"         daemon [_thread_blocked, id=26776, stack(0x0000005f33500000,0x0000005f33600000) (1024K)]
  0x000001a37fb0ead0 JavaThread "Common-Cleaner"             daemon [_thread_blocked, id=28568, stack(0x0000005f33a00000,0x0000005f33b00000) (1024K)]
  0x000001a35127e130 JavaThread "Notification Thread"        daemon [_thread_blocked, id=9492, stack(0x0000005f33c00000,0x0000005f33d00000) (1024K)]
  0x000001a351803a00 JavaThread "Active Thread: Equinox Container: dd5e4d4a-1811-4767-a4d6-b51471edf12f"        [_thread_blocked, id=29704, stack(0x0000005f34400000,0x0000005f34500000) (1024K)]
  0x000001a37f998960 JavaThread "Framework Event Dispatcher: Equinox Container: dd5e4d4a-1811-4767-a4d6-b51471edf12f" daemon [_thread_blocked, id=27040, stack(0x0000005f33900000,0x0000005f33a00000) (1024K)]
  0x000001a35639ef30 JavaThread "Start Level: Equinox Container: dd5e4d4a-1811-4767-a4d6-b51471edf12f" daemon [_thread_blocked, id=29812, stack(0x0000005f33b00000,0x0000005f33c00000) (1024K)]
  0x000001a35168d120 JavaThread "SCR Component Actor"        daemon [_thread_blocked, id=15356, stack(0x0000005f33700000,0x0000005f33800000) (1024K)]
  0x000001a351404ef0 JavaThread "C2 CompilerThread1"         daemon [_thread_in_native, id=30036, stack(0x0000005f33d00000,0x0000005f33e00000) (1024K)]
  0x000001a351376d80 JavaThread "Worker-JM"                         [_thread_blocked, id=29964, stack(0x0000005f34600000,0x0000005f34700000) (1024K)]
  0x000001a35615da50 JavaThread "JNA Cleaner"                daemon [_thread_blocked, id=29932, stack(0x0000005f34900000,0x0000005f34a00000) (1024K)]
  0x000001a3563b4c20 JavaThread "Worker-0"                          [_thread_blocked, id=30148, stack(0x0000005f34a00000,0x0000005f34b00000) (1024K)]
  0x000001a37fc3af60 JavaThread "Worker-1"                          [_thread_blocked, id=30144, stack(0x0000005f34b00000,0x0000005f34c00000) (1024K)]
  0x000001a37fc3b5f0 JavaThread "Thread-1"                   daemon [_thread_in_native, id=30172, stack(0x0000005f35300000,0x0000005f35400000) (1024K)]
  0x000001a37fc3bc80 JavaThread "Thread-2"                   daemon [_thread_in_native, id=30208, stack(0x0000005f35400000,0x0000005f35500000) (1024K)]
  0x000001a37fc3c310 JavaThread "Thread-3"                   daemon [_thread_in_native, id=30212, stack(0x0000005f35500000,0x0000005f35600000) (1024K)]
  0x000001a357ae3fa0 JavaThread "Thread-4"                   daemon [_thread_in_native, id=30216, stack(0x0000005f35600000,0x0000005f35700000) (1024K)]
  0x000001a357ae2560 JavaThread "Thread-5"                   daemon [_thread_in_native, id=30220, stack(0x0000005f35700000,0x0000005f35800000) (1024K)]
  0x000001a357ae2bf0 JavaThread "Thread-6"                   daemon [_thread_in_native, id=30224, stack(0x0000005f35800000,0x0000005f35900000) (1024K)]
  0x000001a357ae3280 JavaThread "Thread-7"                   daemon [_thread_in_native, id=30228, stack(0x0000005f35900000,0x0000005f35a00000) (1024K)]
  0x000001a357ae4630 JavaThread "Thread-8"                   daemon [_thread_in_native, id=30232, stack(0x0000005f35a00000,0x0000005f35b00000) (1024K)]
  0x000001a357ae3910 JavaThread "Thread-9"                   daemon [_thread_in_native, id=30236, stack(0x0000005f35b00000,0x0000005f35c00000) (1024K)]
  0x000001a357ae11b0 JavaThread "Thread-10"                  daemon [_thread_in_native, id=30240, stack(0x0000005f35c00000,0x0000005f35d00000) (1024K)]
  0x000001a357ae4cc0 JavaThread "Thread-11"                  daemon [_thread_in_native, id=30244, stack(0x0000005f35d00000,0x0000005f35e00000) (1024K)]
  0x000001a357ae1840 JavaThread "Thread-12"                  daemon [_thread_in_native, id=30248, stack(0x0000005f35e00000,0x0000005f35f00000) (1024K)]
  0x000001a357ae5350 JavaThread "Thread-13"                  daemon [_thread_in_native, id=30252, stack(0x0000005f35f00000,0x0000005f36000000) (1024K)]
  0x000001a357ae1ed0 JavaThread "Thread-14"                  daemon [_thread_in_native, id=30204, stack(0x0000005f36000000,0x0000005f36100000) (1024K)]
  0x000001a357ae59e0 JavaThread "Thread-15"                  daemon [_thread_in_native, id=30200, stack(0x0000005f36100000,0x0000005f36200000) (1024K)]
  0x000001a357ae7420 JavaThread "Thread-16"                  daemon [_thread_in_native, id=30196, stack(0x0000005f36200000,0x0000005f36300000) (1024K)]
  0x000001a357ae6070 JavaThread "Thread-17"                  daemon [_thread_in_native, id=30164, stack(0x0000005f36300000,0x0000005f36400000) (1024K)]
  0x000001a357ae8140 JavaThread "pool-2-thread-1"                   [_thread_blocked, id=30192, stack(0x0000005f36400000,0x0000005f36500000) (1024K)]
  0x000001a357ae6700 JavaThread "Worker-2"                          [_thread_blocked, id=30296, stack(0x0000005f36500000,0x0000005f36600000) (1024K)]
  0x000001a357ae7ab0 JavaThread "WorkspaceEventsHandler"            [_thread_blocked, id=30292, stack(0x0000005f36600000,0x0000005f36700000) (1024K)]
  0x000001a357ae6d90 JavaThread "pool-1-thread-1"                   [_thread_blocked, id=30308, stack(0x0000005f36700000,0x0000005f36800000) (1024K)]
  0x000001a357ae87d0 JavaThread "ForkJoinPool.commonPool-worker-1" daemon [_thread_blocked, id=30404, stack(0x0000005f34500000,0x0000005f34600000) (1024K)]
  0x000001a3572b80f0 JavaThread "ForkJoinPool.commonPool-worker-2" daemon [_thread_blocked, id=30400, stack(0x0000005f36800000,0x0000005f36900000) (1024K)]
  0x000001a351623bd0 JavaThread "C2 CompilerThread2"         daemon [_thread_blocked, id=30416, stack(0x0000005f36900000,0x0000005f36a00000) (1024K)]
  0x000001a351620c20 JavaThread "C2 CompilerThread3"         daemon [_thread_in_native, id=30396, stack(0x0000005f36a00000,0x0000005f36b00000) (1024K)]
  0x000001a3516212f0 JavaThread "C2 CompilerThread4"         daemon [_thread_blocked, id=30392, stack(0x0000005f36b00000,0x0000005f36c00000) (1024K)]
  0x000001a3516219c0 JavaThread "C2 CompilerThread5"         daemon [_thread_blocked, id=30388, stack(0x0000005f36c00000,0x0000005f36d00000) (1024K)]
  0x000001a351622090 JavaThread "C2 CompilerThread6"         daemon [_thread_blocked, id=30384, stack(0x0000005f36d00000,0x0000005f36e00000) (1024K)]
  0x000001a351622760 JavaThread "C2 CompilerThread7"         daemon [_thread_blocked, id=30380, stack(0x0000005f36e00000,0x0000005f36f00000) (1024K)]
  0x000001a351622e30 JavaThread "C1 CompilerThread1"         daemon [_thread_blocked, id=29748, stack(0x0000005f33600000,0x0000005f33700000) (1024K)]
  0x000001a351623500 JavaThread "C1 CompilerThread2"         daemon [_thread_blocked, id=29888, stack(0x0000005f34f00000,0x0000005f35000000) (1024K)]
Total: 51

Other Threads:
  0x000001a37e5341b0 VMThread "VM Thread"                           [id=21416, stack(0x0000005f32d00000,0x0000005f32e00000) (1024K)] _threads_hazard_ptr=0x000001a3572ae5a0
  0x000001a37e42ca00 WatcherThread "VM Periodic Task Thread"        [id=17948, stack(0x0000005f32c00000,0x0000005f32d00000) (1024K)]
  0x000001a376ac6410 WorkerThread "GC Thread#0"                     [id=13584, stack(0x0000005f32b00000,0x0000005f32c00000) (1024K)]
  0x000001a35624e860 WorkerThread "GC Thread#1"                     [id=27824, stack(0x0000005f33e00000,0x0000005f33f00000) (1024K)]
  0x000001a3560574f0 WorkerThread "GC Thread#2"                     [id=27828, stack(0x0000005f33f00000,0x0000005f34000000) (1024K)]
  0x000001a3560578a0 WorkerThread "GC Thread#3"                     [id=22404, stack(0x0000005f34000000,0x0000005f34100000) (1024K)]
  0x000001a3516f3e30 WorkerThread "GC Thread#4"                     [id=28512, stack(0x0000005f34100000,0x0000005f34200000) (1024K)]
  0x000001a35605c0d0 WorkerThread "GC Thread#5"                     [id=10588, stack(0x0000005f34200000,0x0000005f34300000) (1024K)]
  0x000001a3518dea50 WorkerThread "GC Thread#6"                     [id=23320, stack(0x0000005f34300000,0x0000005f34400000) (1024K)]
  0x000001a3518df1b0 WorkerThread "GC Thread#7"                     [id=29788, stack(0x0000005f33800000,0x0000005f33900000) (1024K)]
  0x000001a3518de6a0 WorkerThread "GC Thread#8"                     [id=30100, stack(0x0000005f34700000,0x0000005f34800000) (1024K)]
  0x000001a3518ddb90 WorkerThread "GC Thread#9"                     [id=30096, stack(0x0000005f34800000,0x0000005f34900000) (1024K)]
  0x000001a3518ddf40 WorkerThread "GC Thread#10"                    [id=30140, stack(0x0000005f34c00000,0x0000005f34d00000) (1024K)]
  0x000001a3518de2f0 WorkerThread "GC Thread#11"                    [id=30136, stack(0x0000005f34d00000,0x0000005f34e00000) (1024K)]
  0x000001a35698d7b0 WorkerThread "GC Thread#12"                    [id=30152, stack(0x0000005f34e00000,0x0000005f34f00000) (1024K)]
Total: 15

Threads with active compile tasks:
C2 CompilerThread0  16210 3952       4       java.lang.invoke.MethodType::makeImpl (109 bytes)
C2 CompilerThread1  16210 4374   !   4       java.nio.file.FileTreeWalker::next (144 bytes)
C2 CompilerThread2  16211 4380       4       java.util.stream.SpinedBuffer::get (123 bytes)
C2 CompilerThread3  16211 4361       4       jdk.internal.jimage.ImageLocation::getFullName (109 bytes)
C2 CompilerThread4  16211 4392       4       java.util.stream.StreamSpliterators$WrappingSpliterator$$Lambda/0x000001a310027298::accept (9 bytes)
C2 CompilerThread5  16211 4384   !   4       jdk.internal.jrtfs.JrtDirectoryStream$1::hasNext (41 bytes)
C2 CompilerThread6  16211 4399       4       java.util.Spliterators$1Adapter::next (39 bytes)
C2 CompilerThread7  16211 4397       4       org.eclipse.jdt.internal.core.util.Util::splitOn (134 bytes)
Total: 8

VM state: synchronizing (normal execution)

VM Mutex/Monitor currently owned by a thread:  ([mutex/lock_event])
[0x00007ff97b41e560] Threads_lock - owner thread: 0x000001a37e5341b0

Heap address: 0x0000000080000000, size: 2048 MB, Compressed Oops mode: 32-bit

CDS archive(s) mapped at: [0x000001a30f000000-0x000001a30fba0000-0x000001a30fba0000), size 12189696, SharedBaseAddress: 0x000001a30f000000, ArchiveRelocationMode: 1.
Compressed class space mapped at: 0x000001a310000000-0x000001a350000000, reserved size: 1073741824
Narrow klass base: 0x000001a30f000000, Narrow klass shift: 0, Narrow klass range: 0x100000000

GC Precious Log:
 CardTable entry size: 512
 CPUs: 16 total, 16 available
 Memory: 16202M
 Large Page Support: Disabled
 NUMA Support: Disabled
 Compressed Oops: Enabled (32-bit)
 Alignments: Space 512K, Generation 512K, Heap 2M
 Heap Min Capacity: 100M
 Heap Initial Capacity: 100M
 Heap Max Capacity: 2G
 Pre-touch: Disabled
 Parallel Workers: 13

Heap:
 PSYoungGen      total 24576K, used 8699K [0x00000000d5580000, 0x00000000d7180000, 0x0000000100000000)
  eden space 22016K, 29% used [0x00000000d5580000,0x00000000d5bdebf8,0x00000000d6b00000)
  from space 2560K, 85% used [0x00000000d6c00000,0x00000000d6e20010,0x00000000d6e80000)
  to   space 3072K, 0% used [0x00000000d6e80000,0x00000000d6e80000,0x00000000d7180000)
 ParOldGen       total 68608K, used 16197K [0x0000000080000000, 0x0000000084300000, 0x00000000d5580000)
  object space 68608K, 23% used [0x0000000080000000,0x0000000080fd1458,0x0000000084300000)
 Metaspace       used 32252K, committed 33344K, reserved 1114112K
  class space    used 3270K, committed 3712K, reserved 1048576K

Card table byte_map: [0x000001a376440000,0x000001a376850000] _byte_map_base: 0x000001a376040000

Marking Bits: (ParMarkBitMap*) 0x00007ff97b423450
 Begin Bits: [0x000001a379f50000, 0x000001a37bf50000)
 End Bits:   [0x000001a37bf50000, 0x000001a37df50000)

Polling page: 0x000001a374b50000

Metaspace:

Usage:
  Non-class:     28.30 MB used.
      Class:      3.19 MB used.
       Both:     31.50 MB used.

Virtual space:
  Non-class space:       64.00 MB reserved,      28.94 MB ( 45%) committed,  1 nodes.
      Class space:        1.00 GB reserved,       3.62 MB ( <1%) committed,  1 nodes.
             Both:        1.06 GB reserved,      32.56 MB (  3%) committed. 

Chunk freelists:
   Non-Class:  2.67 MB
       Class:  12.32 MB
        Both:  15.00 MB

MaxMetaspaceSize: unlimited
CompressedClassSpaceSize: 1.00 GB
Initial GC threshold: 21.00 MB
Current GC threshold: 35.00 MB
CDS: on
 - commit_granule_bytes: 65536.
 - commit_granule_words: 8192.
 - virtual_space_node_default_size: 8388608.
 - enlarge_chunks_in_place: 1.
 - use_allocation_guard: 0.


Internal statistics:

num_allocs_failed_limit: 3.
num_arena_births: 758.
num_arena_deaths: 14.
num_vsnodes_births: 2.
num_vsnodes_deaths: 0.
num_space_committed: 521.
num_space_uncommitted: 0.
num_chunks_returned_to_freelist: 17.
num_chunks_taken_from_freelist: 2111.
num_chunk_merges: 6.
num_chunk_splits: 1312.
num_chunks_enlarged: 771.
num_inconsistent_stats: 0.

CodeHeap 'non-profiled nmethods': size=119168Kb used=2008Kb max_used=2008Kb free=117159Kb
 bounds [0x000001a307ba0000, 0x000001a307e10000, 0x000001a30f000000]
CodeHeap 'profiled nmethods': size=119104Kb used=8920Kb max_used=8920Kb free=110183Kb
 bounds [0x000001a300000000, 0x000001a3008c0000, 0x000001a307450000]
CodeHeap 'non-nmethods': size=7488Kb used=2479Kb max_used=3078Kb free=5008Kb
 bounds [0x000001a307450000, 0x000001a3077c0000, 0x000001a307ba0000]
CodeCache: size=245760Kb, used=13407Kb, max_used=14006Kb, free=232350Kb
 total_blobs=5097, nmethods=4444, adapters=556, full_count=0
Compilation: enabled, stopped_count=0, restarted_count=0

Compilation events (20 events):
Event: 13.163 Thread 0x000001a37f911550 nmethod 4459 0x000001a3008b3190 code [0x000001a3008b3320, 0x000001a3008b34a0]
Event: 13.164 Thread 0x000001a351622e30 nmethod 4461 0x000001a3008b3590 code [0x000001a3008b3740, 0x000001a3008b3938]
Event: 13.164 Thread 0x000001a37f911550 4464       3       org.eclipse.jdt.internal.core.PackageFragment::<init> (19 bytes)
Event: 13.164 Thread 0x000001a351622e30 4463       3       org.eclipse.jdt.internal.core.JrtPackageFragmentRoot::getPackageFragment (10 bytes)
Event: 13.164 Thread 0x000001a351623500 nmethod 4460 0x000001a3008b3a10 code [0x000001a3008b3be0, 0x000001a3008b3fd8]
Event: 13.164 Thread 0x000001a351623500 4465       3       org.eclipse.jdt.internal.core.JarPackageFragment::<init> (7 bytes)
Event: 13.165 Thread 0x000001a351622e30 nmethod 4463 0x000001a3008b4110 code [0x000001a3008b42e0, 0x000001a3008b4640]
Event: 13.165 Thread 0x000001a37f911550 nmethod 4464 0x000001a3008b4810 code [0x000001a3008b49e0, 0x000001a3008b4e78]
Event: 13.165 Thread 0x000001a351622e30 4462       3       java.util.ImmutableCollections$ListN::toArray (48 bytes)
Event: 13.165 Thread 0x000001a351623500 nmethod 4465 0x000001a3008b5010 code [0x000001a3008b51e0, 0x000001a3008b5668]
Event: 13.166 Thread 0x000001a351622e30 nmethod 4462 0x000001a3008b5890 code [0x000001a3008b5a80, 0x000001a3008b5f98]
Event: 13.166 Thread 0x000001a3516212f0 4433       4       org.eclipse.jdt.internal.core.util.WeakHashSet::addValue (99 bytes)
Event: 13.167 Thread 0x000001a3516219c0 nmethod 4377 0x000001a307d8e810 code [0x000001a307d8eac0, 0x000001a307d8f510]
Event: 13.168 Thread 0x000001a3516219c0 4413       4       java.util.ImmutableCollections$ListN::get (7 bytes)
Event: 13.169 Thread 0x000001a3516219c0 nmethod 4413 0x000001a307d8ff90 code [0x000001a307d90120, 0x000001a307d901f0]
Event: 13.169 Thread 0x000001a3516219c0 4384   !   4       jdk.internal.jrtfs.JrtDirectoryStream$1::hasNext (41 bytes)
Event: 13.170 Thread 0x000001a351623bd0 nmethod 4378 0x000001a307d90290 code [0x000001a307d90520, 0x000001a307d90d50]
Event: 13.172 Thread 0x000001a351623bd0 4385       4       java.util.stream.ReferencePipeline$2$1::accept (27 bytes)
Event: 13.175 Thread 0x000001a351623bd0 nmethod 4385 0x000001a307d91610 code [0x000001a307d917a0, 0x000001a307d918a0]
Event: 13.176 Thread 0x000001a351623bd0 4375       4       java.util.ArrayList::subList (20 bytes)

GC Heap History (20 events):
Event: 9.163 GC heap before
{Heap before GC invocations=3 (full 0):
 PSYoungGen      total 29696K, used 29671K [0x00000000d5580000, 0x00000000d7680000, 0x0000000100000000)
  eden space 25600K, 100% used [0x00000000d5580000,0x00000000d6e80000,0x00000000d6e80000)
  from space 4096K, 99% used [0x00000000d7280000,0x00000000d7679e98,0x00000000d7680000)
  to   space 4096K, 0% used [0x00000000d6e80000,0x00000000d6e80000,0x00000000d7280000)
 ParOldGen       total 68608K, used 1108K [0x0000000080000000, 0x0000000084300000, 0x00000000d5580000)
  object space 68608K, 1% used [0x0000000080000000,0x0000000080115030,0x0000000084300000)
 Metaspace       used 12751K, committed 13248K, reserved 1114112K
  class space    used 1347K, committed 1600K, reserved 1048576K
}
Event: 9.167 GC heap after
{Heap after GC invocations=3 (full 0):
 PSYoungGen      total 29696K, used 4066K [0x00000000d5580000, 0x00000000d7680000, 0x0000000100000000)
  eden space 25600K, 0% used [0x00000000d5580000,0x00000000d5580000,0x00000000d6e80000)
  from space 4096K, 99% used [0x00000000d6e80000,0x00000000d7278870,0x00000000d7280000)
  to   space 4096K, 0% used [0x00000000d7280000,0x00000000d7280000,0x00000000d7680000)
 ParOldGen       total 68608K, used 2599K [0x0000000080000000, 0x0000000084300000, 0x00000000d5580000)
  object space 68608K, 3% used [0x0000000080000000,0x0000000080289c48,0x0000000084300000)
 Metaspace       used 12751K, committed 13248K, reserved 1114112K
  class space    used 1347K, committed 1600K, reserved 1048576K
}
Event: 9.627 GC heap before
{Heap before GC invocations=4 (full 0):
 PSYoungGen      total 29696K, used 29666K [0x00000000d5580000, 0x00000000d7680000, 0x0000000100000000)
  eden space 25600K, 100% used [0x00000000d5580000,0x00000000d6e80000,0x00000000d6e80000)
  from space 4096K, 99% used [0x00000000d6e80000,0x00000000d7278870,0x00000000d7280000)
  to   space 4096K, 0% used [0x00000000d7280000,0x00000000d7280000,0x00000000d7680000)
 ParOldGen       total 68608K, used 2599K [0x0000000080000000, 0x0000000084300000, 0x00000000d5580000)
  object space 68608K, 3% used [0x0000000080000000,0x0000000080289c48,0x0000000084300000)
 Metaspace       used 16779K, committed 17536K, reserved 1114112K
  class space    used 1763K, committed 2112K, reserved 1048576K
}
Event: 9.630 GC heap after
{Heap after GC invocations=4 (full 0):
 PSYoungGen      total 29696K, used 4080K [0x00000000d5580000, 0x00000000d7680000, 0x0000000100000000)
  eden space 25600K, 0% used [0x00000000d5580000,0x00000000d5580000,0x00000000d6e80000)
  from space 4096K, 99% used [0x00000000d7280000,0x00000000d767c160,0x00000000d7680000)
  to   space 4096K, 0% used [0x00000000d6e80000,0x00000000d6e80000,0x00000000d7280000)
 ParOldGen       total 68608K, used 4601K [0x0000000080000000, 0x0000000084300000, 0x00000000d5580000)
  object space 68608K, 6% used [0x0000000080000000,0x000000008047e518,0x0000000084300000)
 Metaspace       used 16779K, committed 17536K, reserved 1114112K
  class space    used 1763K, committed 2112K, reserved 1048576K
}
Event: 9.818 GC heap before
{Heap before GC invocations=5 (full 0):
 PSYoungGen      total 29696K, used 29680K [0x00000000d5580000, 0x00000000d7680000, 0x0000000100000000)
  eden space 25600K, 100% used [0x00000000d5580000,0x00000000d6e80000,0x00000000d6e80000)
  from space 4096K, 99% used [0x00000000d7280000,0x00000000d767c160,0x00000000d7680000)
  to   space 4096K, 0% used [0x00000000d6e80000,0x00000000d6e80000,0x00000000d7280000)
 ParOldGen       total 68608K, used 4601K [0x0000000080000000, 0x0000000084300000, 0x00000000d5580000)
  object space 68608K, 6% used [0x0000000080000000,0x000000008047e518,0x0000000084300000)
 Metaspace       used 20091K, committed 20736K, reserved 1114112K
  class space    used 1998K, committed 2304K, reserved 1048576K
}
Event: 9.820 GC heap after
{Heap after GC invocations=5 (full 0):
 PSYoungGen      total 29184K, used 4073K [0x00000000d5580000, 0x00000000d7800000, 0x0000000100000000)
  eden space 25088K, 0% used [0x00000000d5580000,0x00000000d5580000,0x00000000d6e00000)
  from space 4096K, 99% used [0x00000000d6e80000,0x00000000d727a630,0x00000000d7280000)
  to   space 5120K, 0% used [0x00000000d7300000,0x00000000d7300000,0x00000000d7800000)
 ParOldGen       total 68608K, used 4769K [0x0000000080000000, 0x0000000084300000, 0x00000000d5580000)
  object space 68608K, 6% used [0x0000000080000000,0x00000000804a8518,0x0000000084300000)
 Metaspace       used 20091K, committed 20736K, reserved 1114112K
  class space    used 1998K, committed 2304K, reserved 1048576K
}
Event: 9.871 GC heap before
{Heap before GC invocations=6 (full 0):
 PSYoungGen      total 29184K, used 12524K [0x00000000d5580000, 0x00000000d7800000, 0x0000000100000000)
  eden space 25088K, 33% used [0x00000000d5580000,0x00000000d5dc0cb8,0x00000000d6e00000)
  from space 4096K, 99% used [0x00000000d6e80000,0x00000000d727a630,0x00000000d7280000)
  to   space 5120K, 0% used [0x00000000d7300000,0x00000000d7300000,0x00000000d7800000)
 ParOldGen       total 68608K, used 4769K [0x0000000080000000, 0x0000000084300000, 0x00000000d5580000)
  object space 68608K, 6% used [0x0000000080000000,0x00000000804a8518,0x0000000084300000)
 Metaspace       used 20867K, committed 21504K, reserved 1114112K
  class space    used 2070K, committed 2368K, reserved 1048576K
}
Event: 9.873 GC heap after
{Heap after GC invocations=6 (full 0):
 PSYoungGen      total 30208K, used 4830K [0x00000000d5580000, 0x00000000d7800000, 0x0000000100000000)
  eden space 25088K, 0% used [0x00000000d5580000,0x00000000d5580000,0x00000000d6e00000)
  from space 5120K, 94% used [0x00000000d7300000,0x00000000d77b7bc8,0x00000000d7800000)
  to   space 5120K, 0% used [0x00000000d6e00000,0x00000000d6e00000,0x00000000d7300000)
 ParOldGen       total 68608K, used 4777K [0x0000000080000000, 0x0000000084300000, 0x00000000d5580000)
  object space 68608K, 6% used [0x0000000080000000,0x00000000804aa518,0x0000000084300000)
 Metaspace       used 20867K, committed 21504K, reserved 1114112K
  class space    used 2070K, committed 2368K, reserved 1048576K
}
Event: 9.873 GC heap before
{Heap before GC invocations=7 (full 1):
 PSYoungGen      total 30208K, used 4830K [0x00000000d5580000, 0x00000000d7800000, 0x0000000100000000)
  eden space 25088K, 0% used [0x00000000d5580000,0x00000000d5580000,0x00000000d6e00000)
  from space 5120K, 94% used [0x00000000d7300000,0x00000000d77b7bc8,0x00000000d7800000)
  to   space 5120K, 0% used [0x00000000d6e00000,0x00000000d6e00000,0x00000000d7300000)
 ParOldGen       total 68608K, used 4777K [0x0000000080000000, 0x0000000084300000, 0x00000000d5580000)
  object space 68608K, 6% used [0x0000000080000000,0x00000000804aa518,0x0000000084300000)
 Metaspace       used 20867K, committed 21504K, reserved 1114112K
  class space    used 2070K, committed 2368K, reserved 1048576K
}
Event: 9.889 GC heap after
{Heap after GC invocations=7 (full 1):
 PSYoungGen      total 30208K, used 0K [0x00000000d5580000, 0x00000000d7800000, 0x0000000100000000)
  eden space 25088K, 0% used [0x00000000d5580000,0x00000000d5580000,0x00000000d6e00000)
  from space 5120K, 0% used [0x00000000d7300000,0x00000000d7300000,0x00000000d7800000)
  to   space 5120K, 0% used [0x00000000d6e00000,0x00000000d6e00000,0x00000000d7300000)
 ParOldGen       total 68608K, used 8890K [0x0000000080000000, 0x0000000084300000, 0x00000000d5580000)
  object space 68608K, 12% used [0x0000000080000000,0x00000000808aeb18,0x0000000084300000)
 Metaspace       used 20854K, committed 21504K, reserved 1114112K
  class space    used 2066K, committed 2368K, reserved 1048576K
}
Event: 10.125 GC heap before
{Heap before GC invocations=8 (full 1):
 PSYoungGen      total 30208K, used 25088K [0x00000000d5580000, 0x00000000d7800000, 0x0000000100000000)
  eden space 25088K, 100% used [0x00000000d5580000,0x00000000d6e00000,0x00000000d6e00000)
  from space 5120K, 0% used [0x00000000d7300000,0x00000000d7300000,0x00000000d7800000)
  to   space 5120K, 0% used [0x00000000d6e00000,0x00000000d6e00000,0x00000000d7300000)
 ParOldGen       total 68608K, used 8890K [0x0000000080000000, 0x0000000084300000, 0x00000000d5580000)
  object space 68608K, 12% used [0x0000000080000000,0x00000000808aeb18,0x0000000084300000)
 Metaspace       used 23216K, committed 23936K, reserved 1114112K
  class space    used 2247K, committed 2560K, reserved 1048576K
}
Event: 10.127 GC heap after
{Heap after GC invocations=8 (full 1):
 PSYoungGen      total 27648K, used 2634K [0x00000000d5580000, 0x00000000d7480000, 0x0000000100000000)
  eden space 24576K, 0% used [0x00000000d5580000,0x00000000d5580000,0x00000000d6d80000)
  from space 3072K, 85% used [0x00000000d6e00000,0x00000000d7092a50,0x00000000d7100000)
  to   space 3584K, 0% used [0x00000000d7100000,0x00000000d7100000,0x00000000d7480000)
 ParOldGen       total 68608K, used 8898K [0x0000000080000000, 0x0000000084300000, 0x00000000d5580000)
  object space 68608K, 12% used [0x0000000080000000,0x00000000808b0b18,0x0000000084300000)
 Metaspace       used 23216K, committed 23936K, reserved 1114112K
  class space    used 2247K, committed 2560K, reserved 1048576K
}
Event: 10.520 GC heap before
{Heap before GC invocations=9 (full 1):
 PSYoungGen      total 27648K, used 27210K [0x00000000d5580000, 0x00000000d7480000, 0x0000000100000000)
  eden space 24576K, 100% used [0x00000000d5580000,0x00000000d6d80000,0x00000000d6d80000)
  from space 3072K, 85% used [0x00000000d6e00000,0x00000000d7092a50,0x00000000d7100000)
  to   space 3584K, 0% used [0x00000000d7100000,0x00000000d7100000,0x00000000d7480000)
 ParOldGen       total 68608K, used 8898K [0x0000000080000000, 0x0000000084300000, 0x00000000d5580000)
  object space 68608K, 12% used [0x0000000080000000,0x00000000808b0b18,0x0000000084300000)
 Metaspace       used 26843K, committed 27712K, reserved 1114112K
  class space    used 2644K, committed 3008K, reserved 1048576K
}
Event: 10.522 GC heap after
{Heap after GC invocations=9 (full 1):
 PSYoungGen      total 26624K, used 3561K [0x00000000d5580000, 0x00000000d7700000, 0x0000000100000000)
  eden space 23040K, 0% used [0x00000000d5580000,0x00000000d5580000,0x00000000d6c00000)
  from space 3584K, 99% used [0x00000000d7100000,0x00000000d747a660,0x00000000d7480000)
  to   space 5120K, 0% used [0x00000000d6c00000,0x00000000d6c00000,0x00000000d7100000)
 ParOldGen       total 68608K, used 9812K [0x0000000080000000, 0x0000000084300000, 0x00000000d5580000)
  object space 68608K, 14% used [0x0000000080000000,0x0000000080995038,0x0000000084300000)
 Metaspace       used 26843K, committed 27712K, reserved 1114112K
  class space    used 2644K, committed 3008K, reserved 1048576K
}
Event: 10.780 GC heap before
{Heap before GC invocations=10 (full 1):
 PSYoungGen      total 26624K, used 26601K [0x00000000d5580000, 0x00000000d7700000, 0x0000000100000000)
  eden space 23040K, 100% used [0x00000000d5580000,0x00000000d6c00000,0x00000000d6c00000)
  from space 3584K, 99% used [0x00000000d7100000,0x00000000d747a660,0x00000000d7480000)
  to   space 5120K, 0% used [0x00000000d6c00000,0x00000000d6c00000,0x00000000d7100000)
 ParOldGen       total 68608K, used 9812K [0x0000000080000000, 0x0000000084300000, 0x00000000d5580000)
  object space 68608K, 14% used [0x0000000080000000,0x0000000080995038,0x0000000084300000)
 Metaspace       used 29809K, committed 30720K, reserved 1114112K
  class space    used 2986K, committed 3392K, reserved 1048576K
}
Event: 10.781 GC heap after
{Heap after GC invocations=10 (full 1):
 PSYoungGen      total 27648K, used 4849K [0x00000000d5580000, 0x00000000d7580000, 0x0000000100000000)
  eden space 22528K, 0% used [0x00000000d5580000,0x00000000d5580000,0x00000000d6b80000)
  from space 5120K, 94% used [0x00000000d6c00000,0x00000000d70bc6f8,0x00000000d7100000)
  to   space 4608K, 0% used [0x00000000d7100000,0x00000000d7100000,0x00000000d7580000)
 ParOldGen       total 68608K, used 9820K [0x0000000080000000, 0x0000000084300000, 0x00000000d5580000)
  object space 68608K, 14% used [0x0000000080000000,0x0000000080997038,0x0000000084300000)
 Metaspace       used 29809K, committed 30720K, reserved 1114112K
  class space    used 2986K, committed 3392K, reserved 1048576K
}
Event: 12.071 GC heap before
{Heap before GC invocations=11 (full 1):
 PSYoungGen      total 27648K, used 27377K [0x00000000d5580000, 0x00000000d7580000, 0x0000000100000000)
  eden space 22528K, 99% used [0x00000000d5580000,0x00000000d6b7fff8,0x00000000d6b80000)
  from space 5120K, 94% used [0x00000000d6c00000,0x00000000d70bc6f8,0x00000000d7100000)
  to   space 4608K, 0% used [0x00000000d7100000,0x00000000d7100000,0x00000000d7580000)
 ParOldGen       total 68608K, used 9820K [0x0000000080000000, 0x0000000084300000, 0x00000000d5580000)
  object space 68608K, 14% used [0x0000000080000000,0x0000000080997038,0x0000000084300000)
 Metaspace       used 31994K, committed 32960K, reserved 1114112K
  class space    used 3228K, committed 3648K, reserved 1048576K
}
Event: 12.074 GC heap after
{Heap after GC invocations=11 (full 1):
 PSYoungGen      total 25088K, used 3070K [0x00000000d5580000, 0x00000000d7400000, 0x0000000100000000)
  eden space 22016K, 0% used [0x00000000d5580000,0x00000000d5580000,0x00000000d6b00000)
  from space 3072K, 99% used [0x00000000d7100000,0x00000000d73ff848,0x00000000d7400000)
  to   space 4096K, 0% used [0x00000000d6c00000,0x00000000d6c00000,0x00000000d7000000)
 ParOldGen       total 68608K, used 13298K [0x0000000080000000, 0x0000000084300000, 0x00000000d5580000)
  object space 68608K, 19% used [0x0000000080000000,0x0000000080cfc918,0x0000000084300000)
 Metaspace       used 31994K, committed 32960K, reserved 1114112K
  class space    used 3228K, committed 3648K, reserved 1048576K
}
Event: 12.120 GC heap before
{Heap before GC invocations=12 (full 1):
 PSYoungGen      total 25088K, used 25086K [0x00000000d5580000, 0x00000000d7400000, 0x0000000100000000)
  eden space 22016K, 100% used [0x00000000d5580000,0x00000000d6b00000,0x00000000d6b00000)
  from space 3072K, 99% used [0x00000000d7100000,0x00000000d73ff848,0x00000000d7400000)
  to   space 4096K, 0% used [0x00000000d6c00000,0x00000000d6c00000,0x00000000d7000000)
 ParOldGen       total 68608K, used 13298K [0x0000000080000000, 0x0000000084300000, 0x00000000d5580000)
  object space 68608K, 19% used [0x0000000080000000,0x0000000080cfc918,0x0000000084300000)
 Metaspace       used 31997K, committed 32960K, reserved 1114112K
  class space    used 3228K, committed 3648K, reserved 1048576K
}
Event: 12.123 GC heap after
{Heap after GC invocations=12 (full 1):
 PSYoungGen      total 24576K, used 2176K [0x00000000d5580000, 0x00000000d7180000, 0x0000000100000000)
  eden space 22016K, 0% used [0x00000000d5580000,0x00000000d5580000,0x00000000d6b00000)
  from space 2560K, 85% used [0x00000000d6c00000,0x00000000d6e20010,0x00000000d6e80000)
  to   space 3072K, 0% used [0x00000000d6e80000,0x00000000d6e80000,0x00000000d7180000)
 ParOldGen       total 68608K, used 16197K [0x0000000080000000, 0x0000000084300000, 0x00000000d5580000)
  object space 68608K, 23% used [0x0000000080000000,0x0000000080fd1458,0x0000000084300000)
 Metaspace       used 31997K, committed 32960K, reserved 1114112K
  class space    used 3228K, committed 3648K, reserved 1048576K
}

Dll operation events (10 events):
Event: 0.041 Loaded shared library c:\Users\RISHABH UPWANSHI\.vscode\extensions\redhat.java-1.54.0-win32-x64\jre\21.0.10-win32-x86_64\bin\java.dll
Event: 0.152 Loaded shared library c:\Users\RISHABH UPWANSHI\.vscode\extensions\redhat.java-1.54.0-win32-x64\jre\21.0.10-win32-x86_64\bin\zip.dll
Event: 0.173 Loaded shared library C:\Users\RISHABH UPWANSHI\.vscode\extensions\redhat.java-1.54.0-win32-x64\jre\21.0.10-win32-x86_64\bin\instrument.dll
Event: 0.179 Loaded shared library C:\Users\RISHABH UPWANSHI\.vscode\extensions\redhat.java-1.54.0-win32-x64\jre\21.0.10-win32-x86_64\bin\net.dll
Event: 0.182 Loaded shared library C:\Users\RISHABH UPWANSHI\.vscode\extensions\redhat.java-1.54.0-win32-x64\jre\21.0.10-win32-x86_64\bin\nio.dll
Event: 0.186 Loaded shared library C:\Users\RISHABH UPWANSHI\.vscode\extensions\redhat.java-1.54.0-win32-x64\jre\21.0.10-win32-x86_64\bin\zip.dll
Event: 0.206 Loaded shared library C:\Users\RISHABH UPWANSHI\.vscode\extensions\redhat.java-1.54.0-win32-x64\jre\21.0.10-win32-x86_64\bin\jimage.dll
Event: 0.277 Loaded shared library c:\Users\RISHABH UPWANSHI\.vscode\extensions\redhat.java-1.54.0-win32-x64\jre\21.0.10-win32-x86_64\bin\verify.dll
Event: 8.542 Loaded shared library C:\Users\RISHABH UPWANSHI\AppData\Roaming\Code\User\globalStorage\redhat.java\1.54.0\config_ss_win\org.eclipse.equinox.launcher\org.eclipse.equinox.launcher.win32.win32.x86_64_1.3.0.v20260203-2149\eclipse_11919.dll
Event: 9.508 Loaded shared library C:\Users\RISHABH UPWANSHI\AppData\Local\Temp\jna-1647839792\jna15228642614146249880.dll

Deoptimization events (20 events):
Event: 13.139 Thread 0x000001a3572b80f0 Uncommon trap: trap_request=0xffffff76 fr.pc=0x000001a307d80cec relative=0x000000000000044c
Event: 13.139 Thread 0x000001a3572b80f0 Uncommon trap: reason=predicate action=maybe_recompile pc=0x000001a307d80cec method=java.util.ArrayList.equalsRange(Ljava/util/List;II)Z @ 31 c2
Event: 13.139 Thread 0x000001a3572b80f0 DEOPT PACKING pc=0x000001a307d80cec sp=0x0000005f368fd5b0
Event: 13.139 Thread 0x000001a3572b80f0 DEOPT UNPACKING pc=0x000001a3074a3aa2 sp=0x0000005f368fd538 mode 2
Event: 13.156 Thread 0x000001a357ae87d0 Uncommon trap: trap_request=0xffffffde fr.pc=0x000001a307d50284 relative=0x00000000000003e4
Event: 13.156 Thread 0x000001a357ae87d0 Uncommon trap: reason=class_check action=maybe_recompile pc=0x000001a307d50284 method=java.lang.invoke.MemberName.getMethodType()Ljava/lang/invoke/MethodType; @ 101 c2
Event: 13.156 Thread 0x000001a357ae87d0 DEOPT PACKING pc=0x000001a307d50284 sp=0x0000005f345fc670
Event: 13.156 Thread 0x000001a357ae87d0 DEOPT UNPACKING pc=0x000001a3074a3aa2 sp=0x0000005f345fc590 mode 2
Event: 13.157 Thread 0x000001a357ae6d90 Uncommon trap: trap_request=0xfffffff4 fr.pc=0x000001a307d680bc relative=0x000000000000037c
Event: 13.157 Thread 0x000001a357ae6d90 Uncommon trap: reason=null_check action=make_not_entrant pc=0x000001a307d680bc method=sun.invoke.util.VerifyType.isNullConversion(Ljava/lang/Class;Ljava/lang/Class;Z)Z @ 12 c2
Event: 13.157 Thread 0x000001a357ae6d90 DEOPT PACKING pc=0x000001a307d680bc sp=0x0000005f367fbaf0
Event: 13.157 Thread 0x000001a357ae6d90 DEOPT UNPACKING pc=0x000001a3074a3aa2 sp=0x0000005f367fba78 mode 2
Event: 13.158 Thread 0x000001a357ae6d90 Uncommon trap: trap_request=0xffffff45 fr.pc=0x000001a307c08328 relative=0x0000000000000108
Event: 13.158 Thread 0x000001a357ae87d0 Uncommon trap: trap_request=0xffffff45 fr.pc=0x000001a307c08328 relative=0x0000000000000108
Event: 13.158 Thread 0x000001a357ae6d90 Uncommon trap: reason=unstable_if action=reinterpret pc=0x000001a307c08328 method=jdk.internal.org.objectweb.asm.ByteVector.putShort(I)Ljdk/internal/org/objectweb/asm/ByteVector; @ 13 c2
Event: 13.158 Thread 0x000001a357ae87d0 Uncommon trap: reason=unstable_if action=reinterpret pc=0x000001a307c08328 method=jdk.internal.org.objectweb.asm.ByteVector.putShort(I)Ljdk/internal/org/objectweb/asm/ByteVector; @ 13 c2
Event: 13.158 Thread 0x000001a357ae6d90 DEOPT PACKING pc=0x000001a307c08328 sp=0x0000005f367fb6a0
Event: 13.158 Thread 0x000001a357ae87d0 DEOPT PACKING pc=0x000001a307c08328 sp=0x0000005f345fbf80
Event: 13.158 Thread 0x000001a357ae6d90 DEOPT UNPACKING pc=0x000001a3074a3aa2 sp=0x0000005f367fb628 mode 2
Event: 13.158 Thread 0x000001a357ae87d0 DEOPT UNPACKING pc=0x000001a3074a3aa2 sp=0x0000005f345fbf08 mode 2

Classes loaded (20 events):
Event: 12.011 Loading class java/nio/file/FileTreeWalker$EventType
Event: 12.011 Loading class java/nio/file/FileTreeWalker$EventType done
Event: 12.011 Loading class java/nio/file/Files$3
Event: 12.011 Loading class java/nio/file/Files$3 done
Event: 12.011 Loading class java/nio/file/FileVisitResult
Event: 12.011 Loading class java/nio/file/FileVisitResult done
Event: 12.039 Loading class java/lang/runtime/ObjectMethods
Event: 12.039 Loading class java/lang/runtime/ObjectMethods done
Event: 12.041 Loading class java/lang/invoke/MethodHandleImpl$Makers
Event: 12.041 Loading class java/lang/invoke/MethodHandleImpl$Makers done
Event: 12.041 Loading class java/lang/invoke/MethodHandleImpl$Makers$1
Event: 12.042 Loading class java/lang/invoke/MethodHandleImpl$Makers$1 done
Event: 12.042 Loading class java/lang/invoke/MethodHandleImpl$Makers$2
Event: 12.042 Loading class java/lang/invoke/MethodHandleImpl$Makers$2 done
Event: 12.042 Loading class java/lang/invoke/MethodHandleImpl$Makers$3
Event: 12.042 Loading class java/lang/invoke/MethodHandleImpl$Makers$3 done
Event: 12.046 Loading class java/lang/runtime/ObjectMethods$1
Event: 12.046 Loading class java/lang/runtime/ObjectMethods$1 done
Event: 13.155 Loading class java/lang/invoke/MethodHandleImpl$CountingWrapper
Event: 13.155 Loading class java/lang/invoke/MethodHandleImpl$CountingWrapper done

Classes unloaded (7 events):
Event: 9.875 Thread 0x000001a37e5341b0 Unloading class 0x000001a310191400 'java/lang/invoke/LambdaForm$MH+0x000001a310191400'
Event: 9.875 Thread 0x000001a37e5341b0 Unloading class 0x000001a310191000 'java/lang/invoke/LambdaForm$MH+0x000001a310191000'
Event: 9.875 Thread 0x000001a37e5341b0 Unloading class 0x000001a310190c00 'java/lang/invoke/LambdaForm$MH+0x000001a310190c00'
Event: 9.875 Thread 0x000001a37e5341b0 Unloading class 0x000001a310190800 'java/lang/invoke/LambdaForm$MH+0x000001a310190800'
Event: 9.875 Thread 0x000001a37e5341b0 Unloading class 0x000001a310190400 'java/lang/invoke/LambdaForm$BMH+0x000001a310190400'
Event: 9.875 Thread 0x000001a37e5341b0 Unloading class 0x000001a310190000 'java/lang/invoke/LambdaForm$DMH+0x000001a310190000'
Event: 9.875 Thread 0x000001a37e5341b0 Unloading class 0x000001a31018ec00 'java/lang/invoke/LambdaForm$DMH+0x000001a31018ec00'

Classes redefined (0 events):
No events

Internal exceptions (20 events):
Event: 12.041 Thread 0x000001a357ae87d0 Exception <a 'java/lang/NoSuchMethodError'{0x00000000d65580b8}: 'java.lang.Object java.lang.invoke.Invokers$Holder.invoke_MT(java.lang.Object, java.lang.Object, java.lang.Object, java.lang.Object, java.lang.Object, java.lang.Object, java.lang.Object, java.lang.Object, java.lang.Object, java.lang.Object)'> (0x00000000d65580b8) 
thrown [s\src\hotspot\share\interpreter\linkResolver.cpp, line 773]
Event: 12.041 Thread 0x000001a357ae6d90 Exception <a 'java/lang/NoSuchMethodError'{0x00000000d65677f0}: 'java.lang.Object java.lang.invoke.Invokers$Holder.invoke_MT(java.lang.Object, java.lang.Object, java.lang.Object, java.lang.Object, java.lang.Object, java.lang.Object, java.lang.Object, java.lang.Object, java.lang.Object, java.lang.Object)'> (0x00000000d65677f0) 
thrown [s\src\hotspot\share\interpreter\linkResolver.cpp, line 773]
Event: 12.046 Thread 0x000001a357ae6d90 Exception <a 'java/lang/NoSuchMethodError'{0x00000000d65d9468}: 'int java.lang.invoke.DirectMethodHandle$Holder.invokeVirtual(java.lang.Object, java.lang.Object, java.lang.Object)'> (0x00000000d65d9468) 
thrown [s\src\hotspot\share\interpreter\linkResolver.cpp, line 773]
Event: 12.047 Thread 0x000001a357ae6d90 Exception <a 'java/lang/NoSuchMethodError'{0x00000000d65dd810}: 'int java.lang.invoke.DirectMethodHandle$Holder.invokeStaticInit(java.lang.Object, int, int)'> (0x00000000d65dd810) 
thrown [s\src\hotspot\share\interpreter\linkResolver.cpp, line 773]
Event: 12.048 Thread 0x000001a357ae6d90 Exception <a 'java/lang/NoSuchMethodError'{0x00000000d65f7a80}: 'int java.lang.invoke.DirectMethodHandle$Holder.invokeStaticInit(java.lang.Object, long, long)'> (0x00000000d65f7a80) 
thrown [s\src\hotspot\share\interpreter\linkResolver.cpp, line 773]
Event: 12.048 Thread 0x000001a357ae6d90 Exception <a 'java/lang/NoSuchMethodError'{0x00000000d65fe7c8}: 'int java.lang.invoke.DirectMethodHandle$Holder.invokeStaticInit(java.lang.Object, float, float)'> (0x00000000d65fe7c8) 
thrown [s\src\hotspot\share\interpreter\linkResolver.cpp, line 773]
Event: 12.049 Thread 0x000001a357ae6d90 Exception <a 'java/lang/NoSuchMethodError'{0x00000000d6605508}: 'int java.lang.invoke.DirectMethodHandle$Holder.invokeStaticInit(java.lang.Object, double, double)'> (0x00000000d6605508) 
thrown [s\src\hotspot\share\interpreter\linkResolver.cpp, line 773]
Event: 12.050 Thread 0x000001a357ae6d90 Exception <a 'java/lang/NoSuchMethodError'{0x00000000d6609d20}: 'int java.lang.invoke.DirectMethodHandle$Holder.invokeStatic(java.lang.Object, long)'> (0x00000000d6609d20) 
thrown [s\src\hotspot\share\interpreter\linkResolver.cpp, line 773]
Event: 12.053 Thread 0x000001a3572b80f0 Exception <a 'java/lang/NoSuchMethodError'{0x00000000d664dd40}: 'int java.lang.invoke.Invokers$Holder.linkToTargetMethod(java.lang.Object, java.lang.Object)'> (0x00000000d664dd40) 
thrown [s\src\hotspot\share\interpreter\linkResolver.cpp, line 773]
Event: 12.053 Thread 0x000001a357ae87d0 Exception <a 'java/lang/NoSuchMethodError'{0x00000000d6645600}: 'int java.lang.invoke.Invokers$Holder.linkToTargetMethod(java.lang.Object, java.lang.Object)'> (0x00000000d6645600) 
thrown [s\src\hotspot\share\interpreter\linkResolver.cpp, line 773]
Event: 12.053 Thread 0x000001a357ae6d90 Exception <a 'java/lang/NoSuchMethodError'{0x00000000d6628528}: 'int java.lang.invoke.Invokers$Holder.linkToTargetMethod(java.lang.Object, java.lang.Object)'> (0x00000000d6628528) 
thrown [s\src\hotspot\share\interpreter\linkResolver.cpp, line 773]
Event: 13.149 Thread 0x000001a357ae87d0 Exception <a 'java/lang/NoSuchMethodError'{0x00000000d5af11e8}: 'int java.lang.invoke.DirectMethodHandle$Holder.invokeSpecial(java.lang.Object, java.lang.Object, java.lang.Object, java.lang.Object)'> (0x00000000d5af11e8) 
thrown [s\src\hotspot\share\interpreter\linkResolver.cpp, line 773]
Event: 13.149 Thread 0x000001a357ae6d90 Exception <a 'java/lang/NoSuchMethodError'{0x00000000d5ad56e0}: 'int java.lang.invoke.DirectMethodHandle$Holder.invokeSpecial(java.lang.Object, java.lang.Object, java.lang.Object, java.lang.Object)'> (0x00000000d5ad56e0) 
thrown [s\src\hotspot\share\interpreter\linkResolver.cpp, line 773]
Event: 13.153 Thread 0x000001a357ae87d0 Exception <a 'java/lang/NoSuchMethodError'{0x00000000d5afeae8}: 'java.lang.Object java.lang.invoke.DirectMethodHandle$Holder.invokeStatic(java.lang.Object, int, java.lang.Object, java.lang.Object)'> (0x00000000d5afeae8) 
thrown [s\src\hotspot\share\interpreter\linkResolver.cpp, line 773]
Event: 13.153 Thread 0x000001a357ae6d90 Exception <a 'java/lang/NoSuchMethodError'{0x00000000d5ae2bd0}: 'java.lang.Object java.lang.invoke.DirectMethodHandle$Holder.invokeStatic(java.lang.Object, int, java.lang.Object, java.lang.Object)'> (0x00000000d5ae2bd0) 
thrown [s\src\hotspot\share\interpreter\linkResolver.cpp, line 773]
Event: 13.154 Thread 0x000001a357ae87d0 Exception <a 'java/lang/NoSuchMethodError'{0x00000000d5b02570}: 'java.lang.Object java.lang.invoke.DelegatingMethodHandle$Holder.delegate(java.lang.Object, int, java.lang.Object, java.lang.Object)'> (0x00000000d5b02570) 
thrown [s\src\hotspot\share\interpreter\linkResolver.cpp, line 773]
Event: 13.154 Thread 0x000001a357ae6d90 Exception <a 'java/lang/NoSuchMethodError'{0x00000000d5ae6658}: 'java.lang.Object java.lang.invoke.DelegatingMethodHandle$Holder.delegate(java.lang.Object, int, java.lang.Object, java.lang.Object)'> (0x00000000d5ae6658) 
thrown [s\src\hotspot\share\interpreter\linkResolver.cpp, line 773]
Event: 13.157 Thread 0x000001a357ae6d90 Implicit null exception at 0x000001a307d67d76 to 0x000001a307d680ac
Event: 13.160 Thread 0x000001a357ae6d90 Exception <a 'java/lang/NoSuchMethodError'{0x00000000d5b2ec98}: 'int java.lang.invoke.Invokers$Holder.linkToTargetMethod(java.lang.Object, java.lang.Object, java.lang.Object)'> (0x00000000d5b2ec98) 
thrown [s\src\hotspot\share\interpreter\linkResolver.cpp, line 773]
Event: 13.160 Thread 0x000001a357ae87d0 Exception <a 'java/lang/NoSuchMethodError'{0x00000000d5b115c8}: 'int java.lang.invoke.Invokers$Holder.linkToTargetMethod(java.lang.Object, java.lang.Object, java.lang.Object)'> (0x00000000d5b115c8) 
thrown [s\src\hotspot\share\interpreter\linkResolver.cpp, line 773]

ZGC Phase Switch (0 events):
No events

VM Operations (20 events):
Event: 10.761 Executing non-safepoint VM operation: HandshakeAllThreads (Deoptimize) done
Event: 10.780 Executing safepoint VM operation: ParallelGCFailedAllocation (Allocation Failure)
Event: 10.782 Executing safepoint VM operation: ParallelGCFailedAllocation (Allocation Failure) done
Event: 11.794 Executing safepoint VM operation: Cleanup
Event: 11.825 Executing safepoint VM operation: Cleanup done
Event: 11.953 Executing non-safepoint VM operation: HandshakeAllThreads (Deoptimize)
Event: 11.953 Executing non-safepoint VM operation: HandshakeAllThreads (Deoptimize) done
Event: 11.968 Executing non-safepoint VM operation: HandshakeAllThreads (Deoptimize)
Event: 11.968 Executing non-safepoint VM operation: HandshakeAllThreads (Deoptimize) done
Event: 11.991 Executing non-safepoint VM operation: HandshakeAllThreads (Deoptimize)
Event: 11.991 Executing non-safepoint VM operation: HandshakeAllThreads (Deoptimize) done
Event: 11.992 Executing non-safepoint VM operation: HandshakeAllThreads (Deoptimize)
Event: 11.992 Executing non-safepoint VM operation: HandshakeAllThreads (Deoptimize) done
Event: 12.071 Executing safepoint VM operation: ParallelGCFailedAllocation (Allocation Failure)
Event: 12.074 Executing safepoint VM operation: ParallelGCFailedAllocation (Allocation Failure) done
Event: 12.120 Executing safepoint VM operation: ParallelGCFailedAllocation (Allocation Failure)
Event: 12.123 Executing safepoint VM operation: ParallelGCFailedAllocation (Allocation Failure) done
Event: 13.123 Executing safepoint VM operation: Cleanup
Event: 13.134 Executing safepoint VM operation: Cleanup done
Event: 14.137 Executing safepoint VM operation: Cleanup

Memory protections (0 events):
No events

Nmethod flushes (0 events):
No events

Events (20 events):
Event: 10.439 Thread 0x000001a374792280 Thread added: 0x000001a357ae7420
Event: 10.439 Thread 0x000001a374792280 Thread added: 0x000001a357ae6070
Event: 10.467 Thread 0x000001a374792280 Thread added: 0x000001a357ae8140
Event: 10.630 Thread 0x000001a37fc3af60 Thread added: 0x000001a357ae6700
Event: 10.665 Thread 0x000001a374792280 Thread added: 0x000001a357ae7ab0
Event: 10.665 Thread 0x000001a374792280 Thread added: 0x000001a357ae6d90
Event: 11.826 Thread 0x000001a351613bc0 Thread exited: 0x000001a351613bc0
Event: 11.897 Thread 0x000001a357ae6d90 Thread added: 0x000001a357ae87d0
Event: 11.899 Thread 0x000001a357ae6d90 Thread added: 0x000001a3572b80f0
Event: 12.013 Thread 0x000001a37f9960b0 Thread added: 0x000001a351623bd0
Event: 12.032 Thread 0x000001a351623bd0 Thread added: 0x000001a351620c20
Event: 12.095 Thread 0x000001a351404ef0 Thread added: 0x000001a3516212f0
Event: 12.106 Thread 0x000001a3516212f0 Thread added: 0x000001a3516219c0
Event: 12.108 Thread 0x000001a351623bd0 Thread added: 0x000001a351622090
Event: 12.119 Thread 0x000001a351622e30 Thread added: 0x000001a351622760
Event: 13.139 Thread 0x000001a351622e30 Thread exited: 0x000001a351622e30
Event: 13.139 Thread 0x000001a351623500 Thread exited: 0x000001a351623500
Event: 13.139 Thread 0x000001a37f9960b0 Thread exited: 0x000001a37f9960b0
Event: 13.143 Thread 0x000001a37f911550 Thread added: 0x000001a351622e30
Event: 13.147 Thread 0x000001a37f911550 Thread added: 0x000001a351623500


Dynamic libraries:
0x00007ff7d4820000 - 0x00007ff7d482e000 	c:\Users\RISHABH UPWANSHI\.vscode\extensions\redhat.java-1.54.0-win32-x64\jre\21.0.10-win32-x86_64\bin\java.exe
0x00007ffa11420000 - 0x00007ffa11686000 	C:\Windows\SYSTEM32\ntdll.dll
0x00007ffa10240000 - 0x00007ffa10309000 	C:\Windows\System32\KERNEL32.DLL
0x00007ffa0e6b0000 - 0x00007ffa0eaaa000 	C:\Windows\System32\KERNELBASE.dll
0x00007ffa0f040000 - 0x00007ffa0f18c000 	C:\Windows\System32\ucrtbase.dll
0x00007ff9ded50000 - 0x00007ff9ded6e000 	c:\Users\RISHABH UPWANSHI\.vscode\extensions\redhat.java-1.54.0-win32-x64\jre\21.0.10-win32-x86_64\bin\VCRUNTIME140.dll
0x00007ff9b4640000 - 0x00007ff9b4658000 	c:\Users\RISHABH UPWANSHI\.vscode\extensions\redhat.java-1.54.0-win32-x64\jre\21.0.10-win32-x86_64\bin\jli.dll
0x00007ffa106e0000 - 0x00007ffa108a7000 	C:\Windows\System32\USER32.dll
0x00007ffa0ec90000 - 0x00007ffa0ecb7000 	C:\Windows\System32\win32u.dll
0x00007ff9f1e00000 - 0x00007ff9f2092000 	C:\Windows\WinSxS\amd64_microsoft.windows.common-controls_6595b64144ccf1df_6.0.26100.8521_none_3e08b75ce33403b3\COMCTL32.dll
0x00007ffa10190000 - 0x00007ffa101bb000 	C:\Windows\System32\GDI32.dll
0x00007ffa0ffc0000 - 0x00007ffa10069000 	C:\Windows\System32\msvcrt.dll
0x00007ffa0eab0000 - 0x00007ffa0ebdb000 	C:\Windows\System32\gdi32full.dll
0x00007ffa0ed50000 - 0x00007ffa0edf3000 	C:\Windows\System32\msvcp_win.dll
0x00007ffa10f30000 - 0x00007ffa10f62000 	C:\Windows\System32\IMM32.DLL
0x00007ff9cdfd0000 - 0x00007ff9cdfdc000 	c:\Users\RISHABH UPWANSHI\.vscode\extensions\redhat.java-1.54.0-win32-x64\jre\21.0.10-win32-x86_64\bin\vcruntime140_1.dll
0x00007ff9b36f0000 - 0x00007ff9b377d000 	c:\Users\RISHABH UPWANSHI\.vscode\extensions\redhat.java-1.54.0-win32-x64\jre\21.0.10-win32-x86_64\bin\msvcp140.dll
0x00007ff97a760000 - 0x00007ff97b501000 	c:\Users\RISHABH UPWANSHI\.vscode\extensions\redhat.java-1.54.0-win32-x64\jre\21.0.10-win32-x86_64\bin\server\jvm.dll
0x00007ffa100d0000 - 0x00007ffa10186000 	C:\Windows\System32\ADVAPI32.dll
0x00007ffa10e80000 - 0x00007ffa10f2a000 	C:\Windows\System32\sechost.dll
0x00007ffa0fcc0000 - 0x00007ffa0fdd8000 	C:\Windows\System32\RPCRT4.dll
0x00007ffa11150000 - 0x00007ffa111d0000 	C:\Windows\System32\WS2_32.dll
0x00007ffa0e510000 - 0x00007ffa0e56e000 	C:\Windows\SYSTEM32\POWRPROF.dll
0x00007ffa02420000 - 0x00007ffa02456000 	C:\Windows\SYSTEM32\WINMM.dll
0x00007ffa07170000 - 0x00007ffa0717b000 	C:\Windows\SYSTEM32\VERSION.dll
0x00007ffa0e4f0000 - 0x00007ffa0e504000 	C:\Windows\SYSTEM32\UMPDC.dll
0x00007ffa0d440000 - 0x00007ffa0d45b000 	C:\Windows\SYSTEM32\kernel.appcore.dll
0x00007ff9b7290000 - 0x00007ff9b729a000 	c:\Users\RISHABH UPWANSHI\.vscode\extensions\redhat.java-1.54.0-win32-x64\jre\21.0.10-win32-x86_64\bin\jimage.dll
0x00007ff9fac10000 - 0x00007ff9fae52000 	C:\Windows\SYSTEM32\DBGHELP.DLL
0x00007ffa0f930000 - 0x00007ffa0fcb3000 	C:\Windows\System32\combase.dll
0x00007ffa104e0000 - 0x00007ffa105b9000 	C:\Windows\System32\OLEAUT32.dll
0x00007ff9eb830000 - 0x00007ff9eb86b000 	C:\Windows\SYSTEM32\dbgcore.DLL
0x00007ffa0ebe0000 - 0x00007ffa0ec88000 	C:\Windows\System32\bcryptPrimitives.dll
0x00007ff9b37e0000 - 0x00007ff9b37ef000 	c:\Users\RISHABH UPWANSHI\.vscode\extensions\redhat.java-1.54.0-win32-x64\jre\21.0.10-win32-x86_64\bin\instrument.dll
0x00007ff9b4220000 - 0x00007ff9b4240000 	c:\Users\RISHABH UPWANSHI\.vscode\extensions\redhat.java-1.54.0-win32-x64\jre\21.0.10-win32-x86_64\bin\java.dll
0x00007ffa0f190000 - 0x00007ffa0f914000 	C:\Windows\System32\SHELL32.dll
0x00007ffa0c240000 - 0x00007ffa0cac0000 	C:\Windows\SYSTEM32\windows.storage.dll
0x00007ffa105c0000 - 0x00007ffa106b6000 	C:\Windows\System32\SHCORE.dll
0x00007ffa101d0000 - 0x00007ffa10237000 	C:\Windows\System32\shlwapi.dll
0x00007ffa0e5d0000 - 0x00007ffa0e5f9000 	C:\Windows\SYSTEM32\profapi.dll
0x00007ff9b34a0000 - 0x00007ff9b34b8000 	c:\Users\RISHABH UPWANSHI\.vscode\extensions\redhat.java-1.54.0-win32-x64\jre\21.0.10-win32-x86_64\bin\zip.dll
0x00007ff9b3840000 - 0x00007ff9b3850000 	C:\Users\RISHABH UPWANSHI\.vscode\extensions\redhat.java-1.54.0-win32-x64\jre\21.0.10-win32-x86_64\bin\net.dll
0x00007ffa07ff0000 - 0x00007ffa08119000 	C:\Windows\SYSTEM32\WINHTTP.dll
0x00007ffa0d9b0000 - 0x00007ffa0da1c000 	C:\Windows\system32\mswsock.dll
0x00007ff9b3820000 - 0x00007ff9b3836000 	C:\Users\RISHABH UPWANSHI\.vscode\extensions\redhat.java-1.54.0-win32-x64\jre\21.0.10-win32-x86_64\bin\nio.dll
0x00007ff9b3810000 - 0x00007ff9b3820000 	c:\Users\RISHABH UPWANSHI\.vscode\extensions\redhat.java-1.54.0-win32-x64\jre\21.0.10-win32-x86_64\bin\verify.dll
0x00007ff9b3400000 - 0x00007ff9b3445000 	C:\Users\RISHABH UPWANSHI\AppData\Roaming\Code\User\globalStorage\redhat.java\1.54.0\config_ss_win\org.eclipse.equinox.launcher\org.eclipse.equinox.launcher.win32.win32.x86_64_1.3.0.v20260203-2149\eclipse_11919.dll
0x00007ffa11240000 - 0x00007ffa113d8000 	C:\Windows\System32\ole32.dll
0x00007ffa0dca0000 - 0x00007ffa0dcbb000 	C:\Windows\SYSTEM32\CRYPTSP.dll
0x00007ffa0d3a0000 - 0x00007ffa0d3d9000 	C:\Windows\system32\rsaenh.dll
0x00007ffa0da60000 - 0x00007ffa0da93000 	C:\Windows\SYSTEM32\USERENV.dll
0x00007ffa0e5a0000 - 0x00007ffa0e5ca000 	C:\Windows\SYSTEM32\bcrypt.dll
0x00007ffa0dc90000 - 0x00007ffa0dc9c000 	C:\Windows\SYSTEM32\CRYPTBASE.dll
0x00007ffa0ce50000 - 0x00007ffa0ce83000 	C:\Windows\SYSTEM32\IPHLPAPI.DLL
0x00007ffa11230000 - 0x00007ffa1123a000 	C:\Windows\System32\NSI.dll
0x00007ff9b33b0000 - 0x00007ff9b33f9000 	C:\Users\RISHABH UPWANSHI\AppData\Local\Temp\jna-1647839792\jna15228642614146249880.dll
0x00007ffa10410000 - 0x00007ffa10418000 	C:\Windows\System32\PSAPI.DLL
0x00007ffa08d20000 - 0x00007ffa08d3d000 	C:\Windows\SYSTEM32\dhcpcsvc6.DLL
0x00007ffa08cd0000 - 0x00007ffa08cf5000 	C:\Windows\SYSTEM32\dhcpcsvc.DLL

JVMTI agents:
c:\Users\RISHABH UPWANSHI\.vscode\extensions\redhat.java-1.54.0-win32-x64\lombok\lombok-1.18.39-4050.jar path:c:\Users\RISHABH UPWANSHI\.vscode\extensions\redhat.java-1.54.0-win32-x64\jre\21.0.10-win32-x86_64\bin\instrument.dll, loaded, initialized, instrumentlib options:none

dbghelp: loaded successfully - version: 4.0.5 - missing functions: none
symbol engine: initialized successfully - sym options: 0x614 - pdb path: .;c:\Users\RISHABH UPWANSHI\.vscode\extensions\redhat.java-1.54.0-win32-x64\jre\21.0.10-win32-x86_64\bin;C:\Windows\SYSTEM32;C:\Windows\WinSxS\amd64_microsoft.windows.common-controls_6595b64144ccf1df_6.0.26100.8521_none_3e08b75ce33403b3;c:\Users\RISHABH UPWANSHI\.vscode\extensions\redhat.java-1.54.0-win32-x64\jre\21.0.10-win32-x86_64\bin\server;C:\Users\RISHABH UPWANSHI\AppData\Roaming\Code\User\globalStorage\redhat.java\1.54.0\config_ss_win\org.eclipse.equinox.launcher\org.eclipse.equinox.launcher.win32.win32.x86_64_1.3.0.v20260203-2149;C:\Users\RISHABH UPWANSHI\AppData\Local\Temp\jna-1647839792

VM Arguments:
jvm_args: --add-modules=ALL-SYSTEM --add-opens=java.base/java.util=ALL-UNNAMED --add-opens=java.base/java.lang=ALL-UNNAMED --add-opens=java.base/sun.nio.fs=ALL-UNNAMED -Declipse.application=org.eclipse.jdt.ls.core.id1 -Dosgi.bundles.defaultStartLevel=4 -Declipse.product=org.eclipse.jdt.ls.core.product -Djava.import.generatesMetadataFilesAtProjectRoot=false -DDetectVMInstallationsJob.disabled=true -Dfile.encoding=utf8 -XX:+UseParallelGC -XX:GCTimeRatio=4 -XX:AdaptiveSizePolicyWeight=90 -Dsun.zip.disableMemoryMapping=true -Xmx2G -Xms100m -Xlog:disable -javaagent:c:\Users\RISHABH UPWANSHI\.vscode\extensions\redhat.java-1.54.0-win32-x64\lombok\lombok-1.18.39-4050.jar 
java_command: c:\Users\RISHABH UPWANSHI\.vscode\extensions\redhat.java-1.54.0-win32-x64\server\plugins\org.eclipse.equinox.launcher_1.7.100.v20251111-0406.jar -configuration c:\Users\RISHABH UPWANSHI\AppData\Roaming\Code\User\globalStorage\redhat.java\1.54.0\config_ss_win -data c:\Users\RISHABH UPWANSHI\AppData\Roaming\Code\User\workspaceStorage\f4a2606078933381c2a47e88c5c240c0\redhat.java\ss_ws --pipe=\\.\pipe\lsp-2faf2e25b86fea07fe040061b32a284b-sock
java_class_path (initial): c:\Users\RISHABH UPWANSHI\.vscode\extensions\redhat.java-1.54.0-win32-x64\server\plugins\org.eclipse.equinox.launcher_1.7.100.v20251111-0406.jar
Launcher Type: SUN_STANDARD

[Global flags]
    uintx AdaptiveSizePolicyWeight                 = 90                                        {product} {command line}
     intx CICompilerCount                          = 12                                        {product} {ergonomic}
    uintx GCTimeRatio                              = 4                                         {product} {command line}
   size_t InitialHeapSize                          = 104857600                                 {product} {command line}
   size_t MaxHeapSize                              = 2147483648                                {product} {command line}
   size_t MaxNewSize                               = 715653120                                 {product} {ergonomic}
   size_t MinHeapDeltaBytes                        = 524288                                    {product} {ergonomic}
   size_t MinHeapSize                              = 104857600                                 {product} {command line}
   size_t NewSize                                  = 34603008                                  {product} {ergonomic}
    uintx NonNMethodCodeHeapSize                   = 7602480                                {pd product} {ergonomic}
    uintx NonProfiledCodeHeapSize                  = 122027880                              {pd product} {ergonomic}
   size_t OldSize                                  = 70254592                                  {product} {ergonomic}
    uintx ProfiledCodeHeapSize                     = 122027880                              {pd product} {ergonomic}
    uintx ReservedCodeCacheSize                    = 251658240                              {pd product} {ergonomic}
     bool SegmentedCodeCache                       = true                                      {product} {ergonomic}
   size_t SoftMaxHeapSize                          = 2147483648                             {manageable} {ergonomic}
     bool UseCompressedOops                        = true                           {product lp64_product} {ergonomic}
     bool UseLargePagesIndividualAllocation        = false                                  {pd product} {ergonomic}
     bool UseParallelGC                            = true                                      {product} {command line}

Logging:
Log output configuration:
 #0: stdout all=off uptime,level,tags foldmultilines=false
 #1: stderr all=off uptime,level,tags foldmultilines=false

Release file:
JAVA_VERSION="21.0.10" 
MODULES="java.base java.compiler java.datatransfer java.xml java.prefs java.desktop java.instrument java.logging java.management java.security.sasl java.naming java.rmi java.management.rmi java.net.http java.scripting java.security.jgss java.transaction.xa java.sql java.sql.rowset java.xml.crypto java.se java.smartcardio jdk.accessibility jdk.internal.jvmstat jdk.attach jdk.charsets jdk.internal.opt jdk.zipfs jdk.compiler jdk.crypto.ec jdk.crypto.cryptoki jdk.crypto.mscapi jdk.dynalink jdk.internal.ed jdk.editpad jdk.hotspot.agent jdk.httpserver jdk.internal.le jdk.internal.vm.ci jdk.internal.vm.compiler jdk.internal.vm.compiler.management jdk.jartool jdk.javadoc jdk.jcmd jdk.management jdk.management.agent jdk.jconsole jdk.jdeps jdk.jdwp.agent jdk.jdi jdk.jfr jdk.jshell jdk.jsobject jdk.jstatd jdk.localedata jdk.management.jfr jdk.naming.dns jdk.naming.rmi jdk.net jdk.nio.mapmode jdk.random jdk.sctp jdk.security.auth jdk.security.jgss jdk.unsupported jdk.unsupported.desktop jdk.xml.dom" 

Environment Variables:
PATH=C:\Program Files\Common Files\Oracle\Java\javapath;C:\Python313\Scripts\;C:\Python313\;C:\Windows\system32;C:\Windows;C:\Windows\System32\Wbem;C:\Windows\System32\WindowsPowerShell\v1.0\;C:\Windows\System32\OpenSSH\;C:\Program Files (x86)\NVIDIA Corporation\PhysX\Common;C:\Program Files\dotnet\;C:\Program Files\NVIDIA Corporation\NVIDIA App\NvDLISR;C:\ProgramData\chocolatey\bin;C:\TDM-GCC-64\bin;C:\msys64\ucrt64\bin;C:\Program Files\Git\cmd;C:\Program Files\MongoDB\Server\8.2\bin;C:\Program Files\nodejs\;C:\Program Files\Microsoft SQL Server\170\Tools\Binn\;C:\Program Files\Microsoft SQL Server\Client SDK\ODBC\170\Tools\Binn\;E:\apache-maven-3.9.16-bin\apache-maven-3.9.16\bin;C:\Users\RISHABH UPWANSHI\AppData\Local\agy\bin;C:\Program Files\MySQL\MySQL Shell 8.0\bin\;C:\Users\RISHABH UPWANSHI\AppData\Local\Microsoft\WindowsApps;C:\Users\RISHABH UPWANSHI\AppData\Local\Programs\Microsoft VS Code\bin;C:\MinGW\bin;C:\Program Files\JetBrains\WebStorm 2025.2.2\bin;C:\Program Files\MySQL\MySQL Server 8.0\bin;C:\Program Files\mongosh\;C:\Users\RISHABH UPWANSHI\AppData\Roaming\npm;C:\Users\RISHABH UPWANSHI\.dotnet\tools
USERNAME=RISHABH UPWANSHI
OS=Windows_NT
PROCESSOR_IDENTIFIER=AMD64 Family 25 Model 68 Stepping 1, AuthenticAMD
TMP=C:\Users\RISHAB~1\AppData\Local\Temp
TEMP=C:\Users\RISHAB~1\AppData\Local\Temp




Periodic native trim disabled

---------------  S Y S T E M  ---------------

OS:
 Windows 11 , 64 bit Build 26100 (10.0.26100.8521)
OS uptime: 0 days 0:01 hours
Hyper-V role detected

CPU: total 16 (initial active 16) (16 cores per cpu, 2 threads per core) family 25 model 68 stepping 1 microcode 0xa404107, cx8, cmov, fxsr, ht, mmx, 3dnowpref, sse, sse2, sse3, ssse3, sse4a, sse4.1, sse4.2, popcnt, lzcnt, tsc, tscinvbit, avx, avx2, aes, erms, clmul, bmi1, bmi2, adx, sha, fma, vzeroupper, clflush, clflushopt, hv, rdtscp, rdpid, fsrm, f16c, cet_ss
Processor Information for the first 16 processors :
  Max Mhz: 3100, Current Mhz: 3100, Mhz Limit: 3100

Memory: 4k page, system-wide physical 16202M (5533M free)
TotalPageFile size 16202M (AvailPageFile size 182M)
current process WorkingSet (physical memory assigned to process): 187M, peak: 190M
current process commit charge ("private bytes"): 328M, peak: 331M

vm_info: OpenJDK 64-Bit Server VM (21.0.10+7-LTS) for windows-amd64 JRE (21.0.10+7-LTS), built on 2026-01-20T00:00:00Z by "admin" with MS VC++ 17.12 (VS2022)

END.
