#
# There is insufficient memory for the Java Runtime Environment to continue.
# Native memory allocation (malloc) failed to allocate 1039216 bytes. Error detail: Chunk::new
# Possible reasons:
#   The system is out of physical RAM or swap space
#   This process is running with CompressedOops enabled, and the Java Heap may be blocking the growth of the native heap
# Possible solutions:
#   Reduce memory load on the system
#   Increase physical memory or swap space
#   Check if swap backing store is full
#   Decrease Java heap size (-Xmx/-Xms)
#   Decrease number of Java threads
#   Decrease Java thread stack sizes (-Xss)
#   Set larger code cache with -XX:ReservedCodeCacheSize=
#   JVM is running with Unscaled Compressed Oops mode in which the Java heap is
#     placed in the first 4GB address space. The Java Heap base address is the
#     maximum limit for the native heap growth. Please use -XX:HeapBaseMinAddress
#     to set the Java Heap base and to place the Java Heap above 4GB virtual address.
# This output file may be truncated or incomplete.
#
#  Out of Memory Error (arena.cpp:168), pid=23908, tid=22456
#
# JRE version: OpenJDK Runtime Environment Temurin-21.0.10+7 (21.0.10+7) (build 21.0.10+7-LTS)
# Java VM: OpenJDK 64-Bit Server VM Temurin-21.0.10+7 (21.0.10+7-LTS, mixed mode, sharing, tiered, compressed oops, compressed class ptrs, parallel gc, windows-amd64)
# No core dump will be written. Minidumps are not enabled by default on client versions of Windows
#

---------------  S U M M A R Y ------------

Command Line: --add-modules=ALL-SYSTEM --add-opens=java.base/java.util=ALL-UNNAMED --add-opens=java.base/java.lang=ALL-UNNAMED --add-opens=java.base/sun.nio.fs=ALL-UNNAMED -Declipse.application=org.eclipse.jdt.ls.core.id1 -Dosgi.bundles.defaultStartLevel=4 -Declipse.product=org.eclipse.jdt.ls.core.product -Djava.import.generatesMetadataFilesAtProjectRoot=false -DDetectVMInstallationsJob.disabled=true -Dfile.encoding=utf8 -XX:+UseParallelGC -XX:GCTimeRatio=4 -XX:AdaptiveSizePolicyWeight=90 -Dsun.zip.disableMemoryMapping=true -Xmx2G -Xms100m -Xlog:disable -javaagent:c:\Users\RISHABH UPWANSHI\.vscode\extensions\redhat.java-1.54.0-win32-x64\lombok\lombok-1.18.39-4050.jar c:\Users\RISHABH UPWANSHI\.vscode\extensions\redhat.java-1.54.0-win32-x64\server\plugins\org.eclipse.equinox.launcher_1.7.100.v20251111-0406.jar -configuration c:\Users\RISHABH UPWANSHI\AppData\Roaming\Code\User\globalStorage\redhat.java\1.54.0\config_ss_win -data c:\Users\RISHABH UPWANSHI\AppData\Roaming\Code\User\workspaceStorage\f4a2606078933381c2a47e88c5c240c0\redhat.java\ss_ws --pipe=\\.\pipe\lsp-297707c1c59c3d56d99221cb6f0154ff-sock

Host: AMD Ryzen 7 7435HS                             , 16 cores, 15G,  Windows 11 , 64 bit Build 26100 (10.0.26100.8521)
Time: Wed Jun 24 21:49:06 2026 India Standard Time elapsed time: 24.940543 seconds (0d 0h 0m 24s)

---------------  T H R E A D  ---------------

Current thread (0x00000141603aee60):  JavaThread "C2 CompilerThread0" daemon [_thread_in_native, id=22456, stack(0x0000001731300000,0x0000001731400000) (1024K)]


Current CompileTask:
C2:24940 3945       4       java.lang.invoke.MethodType::makeImpl (109 bytes)

Stack: [0x0000001731300000,0x0000001731400000]
Native frames: (J=compiled Java code, j=interpreted, Vv=VM code, C=native code)
V  [jvm.dll+0x6d7a39]
V  [jvm.dll+0x8b4b26]
V  [jvm.dll+0x8b70de]
V  [jvm.dll+0x8b77c3]
V  [jvm.dll+0x284346]
V  [jvm.dll+0xc66ed]
V  [jvm.dll+0xc6c31]
V  [jvm.dll+0x2fb29e]
V  [jvm.dll+0x5fe884]
V  [jvm.dll+0x255b17]
V  [jvm.dll+0x255edd]
V  [jvm.dll+0x24e500]
V  [jvm.dll+0x24ba42]
V  [jvm.dll+0x1cb34e]
V  [jvm.dll+0x25b85d]
V  [jvm.dll+0x259dea]
V  [jvm.dll+0x3f857e]
V  [jvm.dll+0x85f59d]
V  [jvm.dll+0x6d626d]
C  [ucrtbase.dll+0x2cd30]
C  [KERNEL32.DLL+0x2e957]
C  [ntdll.dll+0x87c1c]


---------------  P R O C E S S  ---------------

Threads class SMR info:
_java_thread_list=0x0000014166272390, length=48, elements={
0x0000014105179de0, 0x00000141076ac880, 0x00000141076af170, 0x00000141076b1e20,
0x00000141076b4800, 0x00000141076b6330, 0x00000141603a4fd0, 0x00000141603aee60,
0x00000141603b2ed0, 0x000001416062bd90, 0x0000014166073460, 0x0000014166231820,
0x00000141660dfb20, 0x00000141604bbb30, 0x00000141666922c0, 0x000001416651b900,
0x00000141605ac240, 0x0000014166b349b0, 0x00000141661a4e40, 0x00000141661a7c30,
0x00000141661a75a0, 0x00000141661a54d0, 0x00000141661a6880, 0x00000141661a6f10,
0x00000141661a47b0, 0x00000141661a5b60, 0x00000141661a61f0, 0x00000141684c7f20,
0x00000141684c85b0, 0x00000141684cb3a0, 0x00000141684c9ff0, 0x00000141684c9960,
0x00000141684cad10, 0x00000141684cc0c0, 0x00000141684cba30, 0x00000141684ca680,
0x00000141684c8c40, 0x00000141684cc750, 0x00000141684c92d0, 0x00000141684cdb00,
0x000001416752c6e0, 0x00000141684ccde0, 0x00000141684cd470, 0x000001416752a4d0,
0x000001416752c010, 0x000001416752b270, 0x0000014167529060, 0x000001416752b940
}

Java Threads: ( => current thread )
  0x0000014105179de0 JavaThread "main"                              [_thread_blocked, id=27612, stack(0x0000001730900000,0x0000001730a00000) (1024K)]
  0x00000141076ac880 JavaThread "Reference Handler"          daemon [_thread_blocked, id=2716, stack(0x0000001730d00000,0x0000001730e00000) (1024K)]
  0x00000141076af170 JavaThread "Finalizer"                  daemon [_thread_blocked, id=15736, stack(0x0000001730e00000,0x0000001730f00000) (1024K)]
  0x00000141076b1e20 JavaThread "Signal Dispatcher"          daemon [_thread_blocked, id=10552, stack(0x0000001730f00000,0x0000001731000000) (1024K)]
  0x00000141076b4800 JavaThread "Attach Listener"            daemon [_thread_blocked, id=11164, stack(0x0000001731000000,0x0000001731100000) (1024K)]
  0x00000141076b6330 JavaThread "Service Thread"             daemon [_thread_blocked, id=6112, stack(0x0000001731100000,0x0000001731200000) (1024K)]
  0x00000141603a4fd0 JavaThread "Monitor Deflation Thread"   daemon [_thread_blocked, id=6428, stack(0x0000001731200000,0x0000001731300000) (1024K)]
=>0x00000141603aee60 JavaThread "C2 CompilerThread0"         daemon [_thread_in_native, id=22456, stack(0x0000001731300000,0x0000001731400000) (1024K)]
  0x00000141603b2ed0 JavaThread "C1 CompilerThread0"         daemon [_thread_in_native, id=19044, stack(0x0000001731400000,0x0000001731500000) (1024K)]
  0x000001416062bd90 JavaThread "Common-Cleaner"             daemon [_thread_blocked, id=27588, stack(0x0000001731800000,0x0000001731900000) (1024K)]
  0x0000014166073460 JavaThread "Notification Thread"        daemon [_thread_blocked, id=24376, stack(0x0000001731a00000,0x0000001731b00000) (1024K)]
  0x0000014166231820 JavaThread "Active Thread: Equinox Container: 8679b09b-0ddb-4847-93fe-2930f0313938"        [_thread_blocked, id=29808, stack(0x0000001732300000,0x0000001732400000) (1024K)]
  0x00000141660dfb20 JavaThread "Framework Event Dispatcher: Equinox Container: 8679b09b-0ddb-4847-93fe-2930f0313938" daemon [_thread_blocked, id=28460, stack(0x0000001731500000,0x0000001731600000) (1024K)]
  0x00000141604bbb30 JavaThread "Start Level: Equinox Container: 8679b09b-0ddb-4847-93fe-2930f0313938" daemon [_thread_blocked, id=22196, stack(0x0000001731600000,0x0000001731700000) (1024K)]
  0x00000141666922c0 JavaThread "SCR Component Actor"        daemon [_thread_blocked, id=30328, stack(0x0000001731700000,0x0000001731800000) (1024K)]
  0x000001416651b900 JavaThread "Worker-JM"                         [_thread_blocked, id=17812, stack(0x0000001732600000,0x0000001732700000) (1024K)]
  0x00000141605ac240 JavaThread "JNA Cleaner"                daemon [_thread_blocked, id=17904, stack(0x0000001732500000,0x0000001732600000) (1024K)]
  0x0000014166b349b0 JavaThread "Worker-0"                          [_thread_blocked, id=7816, stack(0x0000001732900000,0x0000001732a00000) (1024K)]
  0x00000141661a4e40 JavaThread "Worker-1"                          [_thread_blocked, id=27248, stack(0x0000001732a00000,0x0000001732b00000) (1024K)]
  0x00000141661a7c30 JavaThread "Thread-1"                   daemon [_thread_in_native, id=1540, stack(0x0000001733200000,0x0000001733300000) (1024K)]
  0x00000141661a75a0 JavaThread "Thread-2"                   daemon [_thread_in_native, id=26472, stack(0x0000001733300000,0x0000001733400000) (1024K)]
  0x00000141661a54d0 JavaThread "Thread-3"                   daemon [_thread_in_native, id=15308, stack(0x0000001733400000,0x0000001733500000) (1024K)]
  0x00000141661a6880 JavaThread "Thread-4"                   daemon [_thread_in_native, id=16036, stack(0x0000001733500000,0x0000001733600000) (1024K)]
  0x00000141661a6f10 JavaThread "Thread-5"                   daemon [_thread_in_native, id=6484, stack(0x0000001733600000,0x0000001733700000) (1024K)]
  0x00000141661a47b0 JavaThread "Thread-6"                   daemon [_thread_in_native, id=5352, stack(0x0000001733700000,0x0000001733800000) (1024K)]
  0x00000141661a5b60 JavaThread "Thread-7"                   daemon [_thread_in_native, id=29264, stack(0x0000001733800000,0x0000001733900000) (1024K)]
  0x00000141661a61f0 JavaThread "Thread-8"                   daemon [_thread_in_native, id=30096, stack(0x0000001733900000,0x0000001733a00000) (1024K)]
  0x00000141684c7f20 JavaThread "Thread-9"                   daemon [_thread_in_native, id=27916, stack(0x0000001733a00000,0x0000001733b00000) (1024K)]
  0x00000141684c85b0 JavaThread "Thread-10"                  daemon [_thread_in_native, id=30048, stack(0x0000001733b00000,0x0000001733c00000) (1024K)]
  0x00000141684cb3a0 JavaThread "Thread-11"                  daemon [_thread_in_native, id=27304, stack(0x0000001733c00000,0x0000001733d00000) (1024K)]
  0x00000141684c9ff0 JavaThread "Thread-12"                  daemon [_thread_in_native, id=27224, stack(0x0000001733d00000,0x0000001733e00000) (1024K)]
  0x00000141684c9960 JavaThread "Thread-13"                  daemon [_thread_in_native, id=13104, stack(0x0000001733e00000,0x0000001733f00000) (1024K)]
  0x00000141684cad10 JavaThread "Thread-14"                  daemon [_thread_in_native, id=29824, stack(0x0000001733f00000,0x0000001734000000) (1024K)]
  0x00000141684cc0c0 JavaThread "Thread-15"                  daemon [_thread_in_native, id=30188, stack(0x0000001734000000,0x0000001734100000) (1024K)]
  0x00000141684cba30 JavaThread "Thread-16"                  daemon [_thread_in_native, id=30176, stack(0x0000001734100000,0x0000001734200000) (1024K)]
  0x00000141684ca680 JavaThread "Thread-17"                  daemon [_thread_in_native, id=15256, stack(0x0000001734200000,0x0000001734300000) (1024K)]
  0x00000141684c8c40 JavaThread "pool-2-thread-1"                   [_thread_blocked, id=23560, stack(0x0000001734300000,0x0000001734400000) (1024K)]
  0x00000141684cc750 JavaThread "WorkspaceEventsHandler"            [_thread_blocked, id=21508, stack(0x0000001734400000,0x0000001734500000) (1024K)]
  0x00000141684c92d0 JavaThread "pool-1-thread-1"                   [_thread_in_Java, id=20996, stack(0x0000001734500000,0x0000001734600000) (1024K)]
  0x00000141684cdb00 JavaThread "Worker-2"                          [_thread_blocked, id=22820, stack(0x0000001734600000,0x0000001734700000) (1024K)]
  0x000001416752c6e0 JavaThread "C1 CompilerThread1"         daemon [_thread_blocked, id=21660, stack(0x0000001731900000,0x0000001731a00000) (1024K)]
  0x00000141684ccde0 JavaThread "ForkJoinPool.commonPool-worker-1" daemon [_thread_blocked, id=7760, stack(0x0000001731b00000,0x0000001731c00000) (1024K)]
  0x00000141684cd470 JavaThread "ForkJoinPool.commonPool-worker-2" daemon [_thread_blocked, id=24304, stack(0x0000001732200000,0x0000001732300000) (1024K)]
  0x000001416752a4d0 JavaThread "C1 CompilerThread2"         daemon [_thread_in_native, id=27720, stack(0x0000001732e00000,0x0000001732f00000) (1024K)]
  0x000001416752c010 JavaThread "C2 CompilerThread1"         daemon [_thread_in_native, id=8428, stack(0x0000001733000000,0x0000001733100000) (1024K)]
  0x000001416752b270 JavaThread "C1 CompilerThread3"         daemon [_thread_in_native, id=30480, stack(0x0000001734700000,0x0000001734800000) (1024K)]
  0x0000014167529060 JavaThread "C2 CompilerThread2"         daemon [_thread_in_native, id=29560, stack(0x0000001734800000,0x0000001734900000) (1024K)]
  0x000001416752b940 JavaThread "C2 CompilerThread3"         daemon [_thread_in_native, id=27152, stack(0x0000001734900000,0x0000001734a00000) (1024K)]
Total: 48

Other Threads:
  0x00000141603a4af0 VMThread "VM Thread"                           [id=26792, stack(0x0000001730c00000,0x0000001730d00000) (1024K)]
  0x000001410748ca00 WatcherThread "VM Periodic Task Thread"        [id=9864, stack(0x0000001730b00000,0x0000001730c00000) (1024K)]
  0x000001410761e820 WorkerThread "GC Thread#0"                     [id=20000, stack(0x0000001730a00000,0x0000001730b00000) (1024K)]
  0x0000014166243270 WorkerThread "GC Thread#1"                     [id=3712, stack(0x0000001731c00000,0x0000001731d00000) (1024K)]
  0x00000141662be790 WorkerThread "GC Thread#2"                     [id=13032, stack(0x0000001731d00000,0x0000001731e00000) (1024K)]
  0x0000014166624050 WorkerThread "GC Thread#3"                     [id=27780, stack(0x0000001731e00000,0x0000001731f00000) (1024K)]
  0x0000014166624400 WorkerThread "GC Thread#4"                     [id=18824, stack(0x0000001731f00000,0x0000001732000000) (1024K)]
  0x00000141662beb40 WorkerThread "GC Thread#5"                     [id=27624, stack(0x0000001732000000,0x0000001732100000) (1024K)]
  0x00000141662beef0 WorkerThread "GC Thread#6"                     [id=30592, stack(0x0000001732100000,0x0000001732200000) (1024K)]
  0x0000014166780d80 WorkerThread "GC Thread#7"                     [id=30436, stack(0x0000001732400000,0x0000001732500000) (1024K)]
  0x0000014166402a10 WorkerThread "GC Thread#8"                     [id=18928, stack(0x0000001732700000,0x0000001732800000) (1024K)]
  0x00000141664e8a80 WorkerThread "GC Thread#9"                     [id=5432, stack(0x0000001732800000,0x0000001732900000) (1024K)]
  0x0000014160550e30 WorkerThread "GC Thread#10"                    [id=4908, stack(0x0000001732b00000,0x0000001732c00000) (1024K)]
  0x0000014160550a80 WorkerThread "GC Thread#11"                    [id=9384, stack(0x0000001732c00000,0x0000001732d00000) (1024K)]
  0x00000141605511e0 WorkerThread "GC Thread#12"                    [id=824, stack(0x0000001732d00000,0x0000001732e00000) (1024K)]
Total: 15

Threads with active compile tasks:
C2 CompilerThread0  26994 3945       4       java.lang.invoke.MethodType::makeImpl (109 bytes)
C1 CompilerThread0  26994 4244  s    3       org.eclipse.jdt.internal.compiler.util.JrtFileSystem::cachePackage (235 bytes)
C1 CompilerThread1  26995 4246       3       java.util.stream.AbstractPipeline::spliterator (116 bytes)
C1 CompilerThread2  26995 4238       3       jdk.internal.jrtfs.JrtPath::relativize (375 bytes)
C2 CompilerThread1  26995 4056       4       jdk.internal.jimage.ImageStringsReader::stringFromByteBuffer (73 bytes)
C1 CompilerThread3  26995 4250       3       java.util.Spliterators$1Adapter::<init> (15 bytes)
C2 CompilerThread2  26996 4128       4       jdk.internal.jimage.BasicImageReader::getString (35 bytes)
C2 CompilerThread3  26996 4182       4       java.util.ArrayDeque::elementAt (4 bytes)
Total: 8

VM state: not at safepoint (normal execution)

VM Mutex/Monitor currently owned by a thread: None

Heap address: 0x0000000080000000, size: 2048 MB, Compressed Oops mode: 32-bit

CDS archive(s) mapped at: [0x000001411e000000-0x000001411eba0000-0x000001411eba0000), size 12189696, SharedBaseAddress: 0x000001411e000000, ArchiveRelocationMode: 1.
Compressed class space mapped at: 0x000001411f000000-0x000001415f000000, reserved size: 1073741824
Narrow klass base: 0x000001411e000000, Narrow klass shift: 0, Narrow klass range: 0x100000000

GC Precious Log:
 CardTable entry size: 512
 CPUs: 16 total, 16 available
 Memory: 16202M
 Large Page Support: Disabled
 NUMA Support: Disabled
 Compressed Oops: Enabled (32-bit)
 Alignments: Space 512K, Generation 512K, Heap 2M
 Heap Min Capacity: 100M
 Heap Initial Capacity: 100M
 Heap Max Capacity: 2G
 Pre-touch: Disabled
 Parallel Workers: 13

Heap:
 PSYoungGen      total 26624K, used 24214K [0x00000000d5580000, 0x00000000d7400000, 0x0000000100000000)
  eden space 22016K, 89% used [0x00000000d5580000,0x00000000d68cc9a0,0x00000000d6b00000)
  from space 4608K, 96% used [0x00000000d6b80000,0x00000000d6fd9230,0x00000000d7000000)
  to   space 4096K, 0% used [0x00000000d7000000,0x00000000d7000000,0x00000000d7400000)
 ParOldGen       total 68608K, used 9879K [0x0000000080000000, 0x0000000084300000, 0x00000000d5580000)
  object space 68608K, 14% used [0x0000000080000000,0x00000000809a5ed8,0x0000000084300000)
 Metaspace       used 31794K, committed 32768K, reserved 1114112K
  class space    used 3185K, committed 3584K, reserved 1048576K

Card table byte_map: [0x0000014106fa0000,0x00000141073b0000] _byte_map_base: 0x0000014106ba0000

Marking Bits: (ParMarkBitMap*) 0x00007ff916123450
 Begin Bits: [0x0000014119ab0000, 0x000001411bab0000)
 End Bits:   [0x000001411bab0000, 0x000001411dab0000)

Polling page: 0x0000014105400000

Metaspace:

Usage:
  Non-class:     27.94 MB used.
      Class:      3.11 MB used.
       Both:     31.05 MB used.

Virtual space:
  Non-class space:       64.00 MB reserved,      28.50 MB ( 45%) committed,  1 nodes.
      Class space:        1.00 GB reserved,       3.50 MB ( <1%) committed,  1 nodes.
             Both:        1.06 GB reserved,      32.00 MB (  3%) committed. 

Chunk freelists:
   Non-Class:  2.97 MB
       Class:  12.47 MB
        Both:  15.44 MB

MaxMetaspaceSize: unlimited
CompressedClassSpaceSize: 1.00 GB
Initial GC threshold: 21.00 MB
Current GC threshold: 35.00 MB
CDS: on
 - commit_granule_bytes: 65536.
 - commit_granule_words: 8192.
 - virtual_space_node_default_size: 8388608.
 - enlarge_chunks_in_place: 1.
 - use_allocation_guard: 0.


Internal statistics:

num_allocs_failed_limit: 3.
num_arena_births: 600.
num_arena_deaths: 14.
num_vsnodes_births: 2.
num_vsnodes_deaths: 0.
num_space_committed: 512.
num_space_uncommitted: 0.
num_chunks_returned_to_freelist: 17.
num_chunks_taken_from_freelist: 1853.
num_chunk_merges: 9.
num_chunk_splits: 1199.
num_chunks_enlarged: 774.
num_inconsistent_stats: 0.

CodeHeap 'non-profiled nmethods': size=119168Kb used=1820Kb max_used=1820Kb free=117347Kb
 bounds [0x00000141123a0000, 0x0000014112610000, 0x0000014119800000]
CodeHeap 'profiled nmethods': size=119104Kb used=8539Kb max_used=8539Kb free=110564Kb
 bounds [0x000001410a800000, 0x000001410b060000, 0x0000014111c50000]
CodeHeap 'non-nmethods': size=7488Kb used=3042Kb max_used=3063Kb free=4445Kb
 bounds [0x0000014111c50000, 0x0000014111fc0000, 0x00000141123a0000]
CodeCache: size=245760Kb, used=13401Kb, max_used=13422Kb, free=232356Kb
 total_blobs=4892, nmethods=4241, adapters=554, full_count=0
Compilation: enabled, stopped_count=0, restarted_count=0

Compilation events (20 events):
Event: 22.909 Thread 0x00000141603b2ed0 nmethod 3998 0x000001410afdd590 code [0x000001410afdd760, 0x000001410afddb58]
Event: 22.909 Thread 0x00000141603b2ed0 4005       3       java.lang.invoke.InvokerBytecodeGenerator::clinit (351 bytes)
Event: 22.910 Thread 0x00000141603b2ed0 nmethod 4005 0x000001410afddd10 code [0x000001410afde200, 0x000001410afe0580]
Event: 22.910 Thread 0x00000141603b2ed0 4007       3       java.lang.invoke.LambdaFormBuffer::insertName (106 bytes)
Event: 22.910 Thread 0x00000141603b2ed0 nmethod 4007 0x000001410afe0f90 code [0x000001410afe1160, 0x000001410afe1388]
Event: 22.910 Thread 0x00000141603b2ed0 3999   !   3       java.lang.invoke.LambdaForm::lambdaName (49 bytes)
Event: 22.911 Thread 0x00000141603b2ed0 nmethod 3999 0x000001410afe1490 code [0x000001410afe1620, 0x000001410afe1748]
Event: 22.911 Thread 0x000001416752c6e0 nmethod 4001 0x000001410afe1810 code [0x000001410afe1d80, 0x000001410afe4198]
Event: 22.911 Thread 0x00000141603b2ed0 4000       3       java.lang.invoke.InvokerBytecodeGenerator::classFilePrologue (64 bytes)
Event: 22.911 Thread 0x000001416752c6e0 4002       3       java.lang.invoke.InvokerBytecodeGenerator::methodPrologue (29 bytes)
Event: 22.911 Thread 0x000001416752c6e0 nmethod 4002 0x000001410afe4e10 code [0x000001410afe4fe0, 0x000001410afe5288]
Event: 22.911 Thread 0x00000141603b2ed0 nmethod 4000 0x000001410afe5410 code [0x000001410afe5660, 0x000001410afe5d88]
Event: 22.911 Thread 0x00000141603b2ed0 4004       3       java.lang.invoke.InvokerBytecodeGenerator::methodEpilogue (17 bytes)
Event: 22.911 Thread 0x000001416752c6e0 4003       3       java.lang.invoke.InvokerBytecodeGenerator::emitReturn (107 bytes)
Event: 22.911 Thread 0x00000141603b2ed0 nmethod 4004 0x000001410afe6090 code [0x000001410afe6260, 0x000001410afe6518]
Event: 22.911 Thread 0x00000141603b2ed0 4006       3       java.lang.invoke.InvokerBytecodeGenerator::bogusMethod (77 bytes)
Event: 22.911 Thread 0x000001416752c6e0 nmethod 4003 0x000001410afe6610 code [0x000001410afe6820, 0x000001410afe6cd8]
Event: 22.912 Thread 0x00000141603b2ed0 nmethod 4006 0x000001410afe6f10 code [0x000001410afe7140, 0x000001410afe7898]
Event: 22.918 Thread 0x000001416752c6e0 4013       3       jdk.internal.loader.ClassLoaders$AppClassLoader::loadClass (40 bytes)
Event: 22.918 Thread 0x000001416752c6e0 nmethod 4013 0x000001410afe7b10 code [0x000001410afe7ce0, 0x000001410afe80d0]

GC Heap History (20 events):
Event: 0.677 GC heap before
{Heap before GC invocations=1 (full 0):
 PSYoungGen      total 29696K, used 25600K [0x00000000d5580000, 0x00000000d7680000, 0x0000000100000000)
  eden space 25600K, 100% used [0x00000000d5580000,0x00000000d6e80000,0x00000000d6e80000)
  from space 4096K, 0% used [0x00000000d7280000,0x00000000d7280000,0x00000000d7680000)
  to   space 4096K, 0% used [0x00000000d6e80000,0x00000000d6e80000,0x00000000d7280000)
 ParOldGen       total 68608K, used 0K [0x0000000080000000, 0x0000000084300000, 0x00000000d5580000)
  object space 68608K, 0% used [0x0000000080000000,0x0000000080000000,0x0000000084300000)
 Metaspace       used 4183K, committed 4480K, reserved 1114112K
  class space    used 454K, committed 576K, reserved 1048576K
}
Event: 0.684 GC heap after
{Heap after GC invocations=1 (full 0):
 PSYoungGen      total 29696K, used 3644K [0x00000000d5580000, 0x00000000d7680000, 0x0000000100000000)
  eden space 25600K, 0% used [0x00000000d5580000,0x00000000d5580000,0x00000000d6e80000)
  from space 4096K, 88% used [0x00000000d6e80000,0x00000000d720f000,0x00000000d7280000)
  to   space 4096K, 0% used [0x00000000d7280000,0x00000000d7280000,0x00000000d7680000)
 ParOldGen       total 68608K, used 16K [0x0000000080000000, 0x0000000084300000, 0x00000000d5580000)
  object space 68608K, 0% used [0x0000000080000000,0x0000000080004000,0x0000000084300000)
 Metaspace       used 4183K, committed 4480K, reserved 1114112K
  class space    used 454K, committed 576K, reserved 1048576K
}
Event: 1.343 GC heap before
{Heap before GC invocations=2 (full 0):
 PSYoungGen      total 29696K, used 29244K [0x00000000d5580000, 0x00000000d7680000, 0x0000000100000000)
  eden space 25600K, 100% used [0x00000000d5580000,0x00000000d6e80000,0x00000000d6e80000)
  from space 4096K, 88% used [0x00000000d6e80000,0x00000000d720f000,0x00000000d7280000)
  to   space 4096K, 0% used [0x00000000d7280000,0x00000000d7280000,0x00000000d7680000)
 ParOldGen       total 68608K, used 16K [0x0000000080000000, 0x0000000084300000, 0x00000000d5580000)
  object space 68608K, 0% used [0x0000000080000000,0x0000000080004000,0x0000000084300000)
 Metaspace       used 7969K, committed 8256K, reserved 1114112K
  class space    used 829K, committed 960K, reserved 1048576K
}
Event: 1.349 GC heap after
{Heap after GC invocations=2 (full 0):
 PSYoungGen      total 29696K, used 4070K [0x00000000d5580000, 0x00000000d7680000, 0x0000000100000000)
  eden space 25600K, 0% used [0x00000000d5580000,0x00000000d5580000,0x00000000d6e80000)
  from space 4096K, 99% used [0x00000000d7280000,0x00000000d7679800,0x00000000d7680000)
  to   space 4096K, 0% used [0x00000000d6e80000,0x00000000d6e80000,0x00000000d7280000)
 ParOldGen       total 68608K, used 1071K [0x0000000080000000, 0x0000000084300000, 0x00000000d5580000)
  object space 68608K, 1% used [0x0000000080000000,0x000000008010be50,0x0000000084300000)
 Metaspace       used 7969K, committed 8256K, reserved 1114112K
  class space    used 829K, committed 960K, reserved 1048576K
}
Event: 17.250 GC heap before
{Heap before GC invocations=3 (full 0):
 PSYoungGen      total 29696K, used 29670K [0x00000000d5580000, 0x00000000d7680000, 0x0000000100000000)
  eden space 25600K, 100% used [0x00000000d5580000,0x00000000d6e80000,0x00000000d6e80000)
  from space 4096K, 99% used [0x00000000d7280000,0x00000000d7679800,0x00000000d7680000)
  to   space 4096K, 0% used [0x00000000d6e80000,0x00000000d6e80000,0x00000000d7280000)
 ParOldGen       total 68608K, used 1071K [0x0000000080000000, 0x0000000084300000, 0x00000000d5580000)
  object space 68608K, 1% used [0x0000000080000000,0x000000008010be50,0x0000000084300000)
 Metaspace       used 12585K, committed 13120K, reserved 1114112K
  class space    used 1334K, committed 1536K, reserved 1048576K
}
Event: 17.255 GC heap after
{Heap after GC invocations=3 (full 0):
 PSYoungGen      total 29696K, used 4066K [0x00000000d5580000, 0x00000000d7680000, 0x0000000100000000)
  eden space 25600K, 0% used [0x00000000d5580000,0x00000000d5580000,0x00000000d6e80000)
  from space 4096K, 99% used [0x00000000d6e80000,0x00000000d7278870,0x00000000d7280000)
  to   space 4096K, 0% used [0x00000000d7280000,0x00000000d7280000,0x00000000d7680000)
 ParOldGen       total 68608K, used 2650K [0x0000000080000000, 0x0000000084300000, 0x00000000d5580000)
  object space 68608K, 3% used [0x0000000080000000,0x0000000080296980,0x0000000084300000)
 Metaspace       used 12585K, committed 13120K, reserved 1114112K
  class space    used 1334K, committed 1536K, reserved 1048576K
}
Event: 17.775 GC heap before
{Heap before GC invocations=4 (full 0):
 PSYoungGen      total 29696K, used 29666K [0x00000000d5580000, 0x00000000d7680000, 0x0000000100000000)
  eden space 25600K, 100% used [0x00000000d5580000,0x00000000d6e80000,0x00000000d6e80000)
  from space 4096K, 99% used [0x00000000d6e80000,0x00000000d7278870,0x00000000d7280000)
  to   space 4096K, 0% used [0x00000000d7280000,0x00000000d7280000,0x00000000d7680000)
 ParOldGen       total 68608K, used 2650K [0x0000000080000000, 0x0000000084300000, 0x00000000d5580000)
  object space 68608K, 3% used [0x0000000080000000,0x0000000080296980,0x0000000084300000)
 Metaspace       used 16762K, committed 17472K, reserved 1114112K
  class space    used 1758K, committed 2048K, reserved 1048576K
}
Event: 17.778 GC heap after
{Heap after GC invocations=4 (full 0):
 PSYoungGen      total 29696K, used 4085K [0x00000000d5580000, 0x00000000d7680000, 0x0000000100000000)
  eden space 25600K, 0% used [0x00000000d5580000,0x00000000d5580000,0x00000000d6e80000)
  from space 4096K, 99% used [0x00000000d7280000,0x00000000d767d638,0x00000000d7680000)
  to   space 4096K, 0% used [0x00000000d6e80000,0x00000000d6e80000,0x00000000d7280000)
 ParOldGen       total 68608K, used 4634K [0x0000000080000000, 0x0000000084300000, 0x00000000d5580000)
  object space 68608K, 6% used [0x0000000080000000,0x0000000080486898,0x0000000084300000)
 Metaspace       used 16762K, committed 17472K, reserved 1114112K
  class space    used 1758K, committed 2048K, reserved 1048576K
}
Event: 17.999 GC heap before
{Heap before GC invocations=5 (full 0):
 PSYoungGen      total 29696K, used 29685K [0x00000000d5580000, 0x00000000d7680000, 0x0000000100000000)
  eden space 25600K, 100% used [0x00000000d5580000,0x00000000d6e80000,0x00000000d6e80000)
  from space 4096K, 99% used [0x00000000d7280000,0x00000000d767d638,0x00000000d7680000)
  to   space 4096K, 0% used [0x00000000d6e80000,0x00000000d6e80000,0x00000000d7280000)
 ParOldGen       total 68608K, used 4634K [0x0000000080000000, 0x0000000084300000, 0x00000000d5580000)
  object space 68608K, 6% used [0x0000000080000000,0x0000000080486898,0x0000000084300000)
 Metaspace       used 20022K, committed 20736K, reserved 1114112K
  class space    used 1990K, committed 2304K, reserved 1048576K
}
Event: 18.001 GC heap after
{Heap after GC invocations=5 (full 0):
 PSYoungGen      total 29184K, used 4088K [0x00000000d5580000, 0x00000000d7800000, 0x0000000100000000)
  eden space 25088K, 0% used [0x00000000d5580000,0x00000000d5580000,0x00000000d6e00000)
  from space 4096K, 99% used [0x00000000d6e80000,0x00000000d727e2e8,0x00000000d7280000)
  to   space 5120K, 0% used [0x00000000d7300000,0x00000000d7300000,0x00000000d7800000)
 ParOldGen       total 68608K, used 4835K [0x0000000080000000, 0x0000000084300000, 0x00000000d5580000)
  object space 68608K, 7% used [0x0000000080000000,0x00000000804b8d18,0x0000000084300000)
 Metaspace       used 20022K, committed 20736K, reserved 1114112K
  class space    used 1990K, committed 2304K, reserved 1048576K
}
Event: 18.044 GC heap before
{Heap before GC invocations=6 (full 0):
 PSYoungGen      total 29184K, used 9172K [0x00000000d5580000, 0x00000000d7800000, 0x0000000100000000)
  eden space 25088K, 20% used [0x00000000d5580000,0x00000000d5a76ee8,0x00000000d6e00000)
  from space 4096K, 99% used [0x00000000d6e80000,0x00000000d727e2e8,0x00000000d7280000)
  to   space 5120K, 0% used [0x00000000d7300000,0x00000000d7300000,0x00000000d7800000)
 ParOldGen       total 68608K, used 4835K [0x0000000080000000, 0x0000000084300000, 0x00000000d5580000)
  object space 68608K, 7% used [0x0000000080000000,0x00000000804b8d18,0x0000000084300000)
 Metaspace       used 20849K, committed 21504K, reserved 1114112K
  class space    used 2069K, committed 2368K, reserved 1048576K
}
Event: 18.046 GC heap after
{Heap after GC invocations=6 (full 0):
 PSYoungGen      total 29696K, used 4325K [0x00000000d5580000, 0x00000000d7780000, 0x0000000100000000)
  eden space 25088K, 0% used [0x00000000d5580000,0x00000000d5580000,0x00000000d6e00000)
  from space 4608K, 93% used [0x00000000d7300000,0x00000000d7739580,0x00000000d7780000)
  to   space 4608K, 0% used [0x00000000d6e80000,0x00000000d6e80000,0x00000000d7300000)
 ParOldGen       total 68608K, used 4843K [0x0000000080000000, 0x0000000084300000, 0x00000000d5580000)
  object space 68608K, 7% used [0x0000000080000000,0x00000000804bad18,0x0000000084300000)
 Metaspace       used 20849K, committed 21504K, reserved 1114112K
  class space    used 2069K, committed 2368K, reserved 1048576K
}
Event: 18.046 GC heap before
{Heap before GC invocations=7 (full 1):
 PSYoungGen      total 29696K, used 4325K [0x00000000d5580000, 0x00000000d7780000, 0x0000000100000000)
  eden space 25088K, 0% used [0x00000000d5580000,0x00000000d5580000,0x00000000d6e00000)
  from space 4608K, 93% used [0x00000000d7300000,0x00000000d7739580,0x00000000d7780000)
  to   space 4608K, 0% used [0x00000000d6e80000,0x00000000d6e80000,0x00000000d7300000)
 ParOldGen       total 68608K, used 4843K [0x0000000080000000, 0x0000000084300000, 0x00000000d5580000)
  object space 68608K, 7% used [0x0000000080000000,0x00000000804bad18,0x0000000084300000)
 Metaspace       used 20849K, committed 21504K, reserved 1114112K
  class space    used 2069K, committed 2368K, reserved 1048576K
}
Event: 18.065 GC heap after
{Heap after GC invocations=7 (full 1):
 PSYoungGen      total 29696K, used 0K [0x00000000d5580000, 0x00000000d7780000, 0x0000000100000000)
  eden space 25088K, 0% used [0x00000000d5580000,0x00000000d5580000,0x00000000d6e00000)
  from space 4608K, 0% used [0x00000000d7300000,0x00000000d7300000,0x00000000d7780000)
  to   space 4608K, 0% used [0x00000000d6e80000,0x00000000d6e80000,0x00000000d7300000)
 ParOldGen       total 68608K, used 8694K [0x0000000080000000, 0x0000000084300000, 0x00000000d5580000)
  object space 68608K, 12% used [0x0000000080000000,0x000000008087d9a8,0x0000000084300000)
 Metaspace       used 20836K, committed 21504K, reserved 1114112K
  class space    used 2065K, committed 2368K, reserved 1048576K
}
Event: 18.260 GC heap before
{Heap before GC invocations=8 (full 1):
 PSYoungGen      total 29696K, used 25088K [0x00000000d5580000, 0x00000000d7780000, 0x0000000100000000)
  eden space 25088K, 100% used [0x00000000d5580000,0x00000000d6e00000,0x00000000d6e00000)
  from space 4608K, 0% used [0x00000000d7300000,0x00000000d7300000,0x00000000d7780000)
  to   space 4608K, 0% used [0x00000000d6e80000,0x00000000d6e80000,0x00000000d7300000)
 ParOldGen       total 68608K, used 8694K [0x0000000080000000, 0x0000000084300000, 0x00000000d5580000)
  object space 68608K, 12% used [0x0000000080000000,0x000000008087d9a8,0x0000000084300000)
 Metaspace       used 22485K, committed 23232K, reserved 1114112K
  class space    used 2169K, committed 2496K, reserved 1048576K
}
Event: 18.262 GC heap after
{Heap after GC invocations=8 (full 1):
 PSYoungGen      total 26624K, used 1992K [0x00000000d5580000, 0x00000000d7380000, 0x0000000100000000)
  eden space 24576K, 0% used [0x00000000d5580000,0x00000000d5580000,0x00000000d6d80000)
  from space 2048K, 97% used [0x00000000d6e80000,0x00000000d70722b0,0x00000000d7080000)
  to   space 3072K, 0% used [0x00000000d7080000,0x00000000d7080000,0x00000000d7380000)
 ParOldGen       total 68608K, used 8702K [0x0000000080000000, 0x0000000084300000, 0x00000000d5580000)
  object space 68608K, 12% used [0x0000000080000000,0x000000008087f9a8,0x0000000084300000)
 Metaspace       used 22485K, committed 23232K, reserved 1114112K
  class space    used 2169K, committed 2496K, reserved 1048576K
}
Event: 18.693 GC heap before
{Heap before GC invocations=9 (full 1):
 PSYoungGen      total 26624K, used 26568K [0x00000000d5580000, 0x00000000d7380000, 0x0000000100000000)
  eden space 24576K, 100% used [0x00000000d5580000,0x00000000d6d80000,0x00000000d6d80000)
  from space 2048K, 97% used [0x00000000d6e80000,0x00000000d70722b0,0x00000000d7080000)
  to   space 3072K, 0% used [0x00000000d7080000,0x00000000d7080000,0x00000000d7380000)
 ParOldGen       total 68608K, used 8702K [0x0000000080000000, 0x0000000084300000, 0x00000000d5580000)
  object space 68608K, 12% used [0x0000000080000000,0x000000008087f9a8,0x0000000084300000)
 Metaspace       used 26282K, committed 27136K, reserved 1114112K
  class space    used 2566K, committed 2944K, reserved 1048576K
}
Event: 18.695 GC heap after
{Heap after GC invocations=9 (full 1):
 PSYoungGen      total 25600K, used 3059K [0x00000000d5580000, 0x00000000d7700000, 0x0000000100000000)
  eden space 22528K, 0% used [0x00000000d5580000,0x00000000d5580000,0x00000000d6b80000)
  from space 3072K, 99% used [0x00000000d7080000,0x00000000d737cec0,0x00000000d7380000)
  to   space 5120K, 0% used [0x00000000d6b80000,0x00000000d6b80000,0x00000000d7080000)
 ParOldGen       total 68608K, used 9871K [0x0000000080000000, 0x0000000084300000, 0x00000000d5580000)
  object space 68608K, 14% used [0x0000000080000000,0x00000000809a3ed8,0x0000000084300000)
 Metaspace       used 26282K, committed 27136K, reserved 1114112K
  class space    used 2566K, committed 2944K, reserved 1048576K
}
Event: 22.684 GC heap before
{Heap before GC invocations=10 (full 1):
 PSYoungGen      total 25600K, used 25587K [0x00000000d5580000, 0x00000000d7700000, 0x0000000100000000)
  eden space 22528K, 100% used [0x00000000d5580000,0x00000000d6b80000,0x00000000d6b80000)
  from space 3072K, 99% used [0x00000000d7080000,0x00000000d737cec0,0x00000000d7380000)
  to   space 5120K, 0% used [0x00000000d6b80000,0x00000000d6b80000,0x00000000d7080000)
 ParOldGen       total 68608K, used 9871K [0x0000000080000000, 0x0000000084300000, 0x00000000d5580000)
  object space 68608K, 14% used [0x0000000080000000,0x00000000809a3ed8,0x0000000084300000)
 Metaspace       used 29776K, committed 30656K, reserved 1114112K
  class space    used 2980K, committed 3328K, reserved 1048576K
}
Event: 22.687 GC heap after
{Heap after GC invocations=10 (full 1):
 PSYoungGen      total 26624K, used 4452K [0x00000000d5580000, 0x00000000d7400000, 0x0000000100000000)
  eden space 22016K, 0% used [0x00000000d5580000,0x00000000d5580000,0x00000000d6b00000)
  from space 4608K, 96% used [0x00000000d6b80000,0x00000000d6fd9230,0x00000000d7000000)
  to   space 4096K, 0% used [0x00000000d7000000,0x00000000d7000000,0x00000000d7400000)
 ParOldGen       total 68608K, used 9879K [0x0000000080000000, 0x0000000084300000, 0x00000000d5580000)
  object space 68608K, 14% used [0x0000000080000000,0x00000000809a5ed8,0x0000000084300000)
 Metaspace       used 29776K, committed 30656K, reserved 1114112K
  class space    used 2980K, committed 3328K, reserved 1048576K
}

Dll operation events (10 events):
Event: 0.038 Loaded shared library c:\Users\RISHABH UPWANSHI\.vscode\extensions\redhat.java-1.54.0-win32-x64\jre\21.0.10-win32-x86_64\bin\java.dll
Event: 0.098 Loaded shared library c:\Users\RISHABH UPWANSHI\.vscode\extensions\redhat.java-1.54.0-win32-x64\jre\21.0.10-win32-x86_64\bin\zip.dll
Event: 0.115 Loaded shared library C:\Users\RISHABH UPWANSHI\.vscode\extensions\redhat.java-1.54.0-win32-x64\jre\21.0.10-win32-x86_64\bin\instrument.dll
Event: 0.120 Loaded shared library C:\Users\RISHABH UPWANSHI\.vscode\extensions\redhat.java-1.54.0-win32-x64\jre\21.0.10-win32-x86_64\bin\net.dll
Event: 0.122 Loaded shared library C:\Users\RISHABH UPWANSHI\.vscode\extensions\redhat.java-1.54.0-win32-x64\jre\21.0.10-win32-x86_64\bin\nio.dll
Event: 0.126 Loaded shared library C:\Users\RISHABH UPWANSHI\.vscode\extensions\redhat.java-1.54.0-win32-x64\jre\21.0.10-win32-x86_64\bin\zip.dll
Event: 0.140 Loaded shared library C:\Users\RISHABH UPWANSHI\.vscode\extensions\redhat.java-1.54.0-win32-x64\jre\21.0.10-win32-x86_64\bin\jimage.dll
Event: 0.200 Loaded shared library c:\Users\RISHABH UPWANSHI\.vscode\extensions\redhat.java-1.54.0-win32-x64\jre\21.0.10-win32-x86_64\bin\verify.dll
Event: 16.843 Loaded shared library C:\Users\RISHABH UPWANSHI\AppData\Roaming\Code\User\globalStorage\redhat.java\1.54.0\config_ss_win\org.eclipse.equinox.launcher\org.eclipse.equinox.launcher.win32.win32.x86_64_1.3.0.v20260203-2149\eclipse_11919.dll
Event: 17.654 Loaded shared library C:\Users\RISHABH UPWANSHI\AppData\Local\Temp\jna-1647839792\jna4461423060295279623.dll

Deoptimization events (20 events):
Event: 22.830 Thread 0x00000141684ccde0 Uncommon trap: trap_request=0xffffff54 fr.pc=0x00000141124c5a6c relative=0x0000000000004e4c
Event: 22.830 Thread 0x00000141684c92d0 Uncommon trap: trap_request=0xffffff54 fr.pc=0x00000141124c5a6c relative=0x0000000000004e4c
Event: 22.831 Thread 0x00000141684c92d0 Uncommon trap: reason=speculate_null_assert action=make_not_entrant pc=0x00000141124c5a6c method=jdk.internal.util.ReferencedKeyMap.internKey(Ljdk/internal/util/ReferencedKeyMap;Ljava/lang/Object;)Ljava/lang/Object; @ 28 c2
Event: 22.831 Thread 0x00000141684ccde0 Uncommon trap: reason=speculate_null_assert action=make_not_entrant pc=0x00000141124c5a6c method=jdk.internal.util.ReferencedKeyMap.internKey(Ljdk/internal/util/ReferencedKeyMap;Ljava/lang/Object;)Ljava/lang/Object; @ 28 c2
Event: 22.831 Thread 0x00000141684c92d0 DEOPT PACKING pc=0x00000141124c5a6c sp=0x00000017345fdf40
Event: 22.831 Thread 0x00000141684ccde0 DEOPT PACKING pc=0x00000141124c5a6c sp=0x0000001731bfdf10
Event: 22.831 Thread 0x00000141684c92d0 DEOPT UNPACKING pc=0x0000014111ca3aa2 sp=0x00000017345fde00 mode 2
Event: 22.831 Thread 0x00000141684ccde0 DEOPT UNPACKING pc=0x0000014111ca3aa2 sp=0x0000001731bfddd0 mode 2
Event: 22.834 Thread 0x00000141684cd470 Uncommon trap: trap_request=0xffffff45 fr.pc=0x0000014112526200 relative=0x00000000000006c0
Event: 22.834 Thread 0x00000141684cd470 Uncommon trap: reason=unstable_if action=reinterpret pc=0x0000014112526200 method=java.util.concurrent.locks.ReentrantReadWriteLock$Sync.tryReleaseShared(I)Z @ 129 c2
Event: 22.834 Thread 0x00000141684cd470 DEOPT PACKING pc=0x0000014112526200 sp=0x00000017322fda60
Event: 22.834 Thread 0x00000141684cd470 DEOPT UNPACKING pc=0x0000014111ca3aa2 sp=0x00000017322fd868 mode 2
Event: 22.906 Thread 0x00000141684c92d0 Uncommon trap: trap_request=0xfffffff4 fr.pc=0x0000014112529c7c relative=0x000000000000033c
Event: 22.906 Thread 0x00000141684c92d0 Uncommon trap: reason=null_check action=make_not_entrant pc=0x0000014112529c7c method=sun.invoke.util.VerifyType.isNullConversion(Ljava/lang/Class;Ljava/lang/Class;Z)Z @ 67 c2
Event: 22.906 Thread 0x00000141684c92d0 DEOPT PACKING pc=0x0000014112529c7c sp=0x00000017345fca10
Event: 22.907 Thread 0x00000141684c92d0 DEOPT UNPACKING pc=0x0000014111ca3aa2 sp=0x00000017345fc990 mode 2
Event: 22.911 Thread 0x00000141684c92d0 Uncommon trap: trap_request=0xffffff45 fr.pc=0x0000014112537318 relative=0x0000000000000318
Event: 22.911 Thread 0x00000141684c92d0 Uncommon trap: reason=unstable_if action=reinterpret pc=0x0000014112537318 method=java.lang.invoke.MethodType.genericMethodType(IZ)Ljava/lang/invoke/MethodType; @ 27 c2
Event: 22.911 Thread 0x00000141684c92d0 DEOPT PACKING pc=0x0000014112537318 sp=0x00000017345fbd60
Event: 22.911 Thread 0x00000141684c92d0 DEOPT UNPACKING pc=0x0000014111ca3aa2 sp=0x00000017345fbc58 mode 2

Classes loaded (20 events):
Event: 22.915 Loading class java/nio/file/ClosedDirectoryStreamException
Event: 22.915 Loading class java/nio/file/ClosedDirectoryStreamException done
Event: 22.915 Loading class jdk/internal/jrtfs/JrtFileSystem
Event: 22.916 Loading class jdk/internal/jrtfs/JrtFileSystem done
Event: 22.916 Loading class jdk/internal/jrtfs/JrtPath
Event: 22.916 Loading class jdk/internal/jrtfs/JrtPath done
Event: 22.916 Loading class jdk/internal/jimage/ImageReader$Node
Event: 22.917 Loading class jdk/internal/jimage/ImageReader$Node done
Event: 22.919 Loading class java/nio/file/SimpleFileVisitor
Event: 22.919 Loading class java/nio/file/SimpleFileVisitor done
Event: 22.920 Loading class java/nio/file/FileVisitOption
Event: 22.920 Loading class java/nio/file/FileVisitOption done
Event: 22.920 Loading class java/nio/file/FileTreeWalker
Event: 22.920 Loading class java/nio/file/FileTreeWalker done
Event: 22.920 Loading class java/util/RegularEnumSet$EnumSetIterator
Event: 22.921 Loading class java/util/RegularEnumSet$EnumSetIterator done
Event: 22.924 Loading class java/nio/ByteBufferAsIntBufferL
Event: 22.924 Loading class java/nio/ByteBufferAsIntBufferL done
Event: 23.926 Loading class jdk/internal/jimage/ImageReader$Directory
Event: 24.938 Loading class jdk/internal/jimage/ImageReader$Directory done

Classes unloaded (7 events):
Event: 18.048 Thread 0x00000141603a4af0 Unloading class 0x000001411f18d400 'java/lang/invoke/LambdaForm$MH+0x000001411f18d400'
Event: 18.048 Thread 0x00000141603a4af0 Unloading class 0x000001411f18d000 'java/lang/invoke/LambdaForm$MH+0x000001411f18d000'
Event: 18.048 Thread 0x00000141603a4af0 Unloading class 0x000001411f18cc00 'java/lang/invoke/LambdaForm$MH+0x000001411f18cc00'
Event: 18.048 Thread 0x00000141603a4af0 Unloading class 0x000001411f18c800 'java/lang/invoke/LambdaForm$MH+0x000001411f18c800'
Event: 18.048 Thread 0x00000141603a4af0 Unloading class 0x000001411f18c400 'java/lang/invoke/LambdaForm$BMH+0x000001411f18c400'
Event: 18.048 Thread 0x00000141603a4af0 Unloading class 0x000001411f18c000 'java/lang/invoke/LambdaForm$DMH+0x000001411f18c000'
Event: 18.048 Thread 0x00000141603a4af0 Unloading class 0x000001411f18ac00 'java/lang/invoke/LambdaForm$DMH+0x000001411f18ac00'

Classes redefined (0 events):
No events

Internal exceptions (20 events):
Event: 18.764 Thread 0x00000141661a4e40 Exception <a 'sun/nio/fs/WindowsException'{0x00000000d5b0daf0}> (0x00000000d5b0daf0) 
thrown [s\src\hotspot\share\prims\jni.cpp, line 520]
Event: 18.764 Thread 0x00000141661a4e40 Exception <a 'sun/nio/fs/WindowsException'{0x00000000d5b0e120}> (0x00000000d5b0e120) 
thrown [s\src\hotspot\share\prims\jni.cpp, line 520]
Event: 18.766 Thread 0x00000141661a4e40 Exception <a 'java/lang/NoSuchMethodError'{0x00000000d5b33e10}: 'void java.lang.invoke.DirectMethodHandle$Holder.invokeVirtual(java.lang.Object, java.lang.Object, java.lang.Object, java.lang.Object)'> (0x00000000d5b33e10) 
thrown [s\src\hotspot\share\interpreter\linkResolver.cpp, line 773]
Event: 18.843 Thread 0x0000014105179de0 Exception <a 'java/lang/NoSuchMethodError'{0x00000000d6419868}: 'void java.lang.invoke.DirectMethodHandle$Holder.invokeSpecial(java.lang.Object, java.lang.Object, java.lang.Object, java.lang.Object, java.lang.Object, java.lang.Object)'> (0x00000000d6419868) 
thrown [s\src\hotspot\share\interpreter\linkResolver.cpp, line 773]
Event: 18.844 Thread 0x0000014105179de0 Exception <a 'java/lang/IncompatibleClassChangeError'{0x00000000d64219a8}: Found class java.lang.Object, but interface was expected> (0x00000000d64219a8) 
thrown [s\src\hotspot\share\interpreter\linkResolver.cpp, line 840]
Event: 18.845 Thread 0x0000014105179de0 Exception <a 'java/lang/IncompatibleClassChangeError'{0x00000000d6423758}: Found class java.lang.Object, but interface was expected> (0x00000000d6423758) 
thrown [s\src\hotspot\share\interpreter\linkResolver.cpp, line 840]
Event: 18.855 Thread 0x00000141661a4e40 Exception <a 'java/io/FileNotFoundException'{0x00000000d6530830}> (0x00000000d6530830) 
thrown [s\src\hotspot\share\prims\jni.cpp, line 520]
Event: 18.855 Thread 0x00000141661a4e40 Exception <a 'java/io/FileNotFoundException'{0x00000000d6531e28}> (0x00000000d6531e28) 
thrown [s\src\hotspot\share\prims\jni.cpp, line 520]
Event: 18.856 Thread 0x00000141661a4e40 Exception <a 'java/lang/NoSuchMethodError'{0x00000000d653fb78}: 'java.lang.Object java.lang.invoke.DirectMethodHandle$Holder.newInvokeSpecial(java.lang.Object, java.lang.Object, java.lang.Object, int)'> (0x00000000d653fb78) 
thrown [s\src\hotspot\share\interpreter\linkResolver.cpp, line 773]
Event: 18.857 Thread 0x00000141661a4e40 Exception <a 'java/lang/NoSuchMethodError'{0x00000000d65545c8}: 'java.lang.Object java.lang.invoke.DirectMethodHandle$Holder.invokeSpecial(java.lang.Object, java.lang.Object, java.lang.Object, java.lang.Object, int)'> (0x00000000d65545c8) 
thrown [s\src\hotspot\share\interpreter\linkResolver.cpp, line 773]
Event: 18.857 Thread 0x00000141661a4e40 Exception <a 'java/lang/NoSuchMethodError'{0x00000000d6557a60}: 'java.lang.Object java.lang.invoke.Invokers$Holder.linkToTargetMethod(java.lang.Object, java.lang.Object, int, java.lang.Object)'> (0x00000000d6557a60) 
thrown [s\src\hotspot\share\interpreter\linkResolver.cpp, line 773]
Event: 18.858 Thread 0x00000141661a4e40 Exception <a 'java/lang/NoSuchMethodError'{0x00000000d6574c70}: 'void java.lang.invoke.DirectMethodHandle$Holder.invokeStaticInit(java.lang.Object, java.lang.Object, java.lang.Object)'> (0x00000000d6574c70) 
thrown [s\src\hotspot\share\interpreter\linkResolver.cpp, line 773]
Event: 22.662 Thread 0x00000141684c92d0 Exception <a 'java/lang/NoSuchMethodError'{0x00000000d6ad3840}: 'java.lang.Object java.lang.invoke.DirectMethodHandle$Holder.invokeInterface(java.lang.Object, java.lang.Object, java.lang.Object)'> (0x00000000d6ad3840) 
thrown [s\src\hotspot\share\interpreter\linkResolver.cpp, line 773]
Event: 22.683 Thread 0x00000141684c92d0 Exception <a 'java/io/FileNotFoundException'{0x00000000d6b77fc0}> (0x00000000d6b77fc0) 
thrown [s\src\hotspot\share\prims\jni.cpp, line 520]
Event: 22.712 Thread 0x00000141684c92d0 Exception <a 'sun/nio/fs/WindowsException'{0x00000000d5b59b48}> (0x00000000d5b59b48) 
thrown [s\src\hotspot\share\prims\jni.cpp, line 520]
Event: 22.798 Thread 0x00000141684c92d0 Exception <a 'java/lang/IncompatibleClassChangeError'{0x00000000d5e92cd8}: Found class java.lang.Object, but interface was expected> (0x00000000d5e92cd8) 
thrown [s\src\hotspot\share\interpreter\linkResolver.cpp, line 840]
Event: 22.818 Thread 0x00000141684c92d0 Exception <a 'java/lang/IncompatibleClassChangeError'{0x00000000d5f2b7e8}: Found class java.lang.Object, but interface was expected> (0x00000000d5f2b7e8) 
thrown [s\src\hotspot\share\interpreter\linkResolver.cpp, line 840]
Event: 22.906 Thread 0x00000141684c92d0 Implicit null exception at 0x00000141125299f7 to 0x0000014112529c68
Event: 22.907 Thread 0x00000141684c92d0 Exception <a 'java/lang/NoSuchMethodError'{0x00000000d6418ba8}: 'long java.lang.invoke.DirectMethodHandle$Holder.invokeStatic(java.lang.Object, java.lang.Object, int)'> (0x00000000d6418ba8) 
thrown [s\src\hotspot\share\interpreter\linkResolver.cpp, line 773]
Event: 22.909 Thread 0x00000141684c92d0 Exception <a 'java/lang/NoSuchMethodError'{0x00000000d64234d8}: 'java.lang.Object java.lang.invoke.DelegatingMethodHandle$Holder.reinvoke_L(java.lang.Object, int, long, java.lang.Object, java.lang.Object, int, java.lang.Object)'> (0x00000000d64234d8) 
thrown [s\src\hotspot\share\interpreter\linkResolver.cpp, line 773]

ZGC Phase Switch (0 events):
No events

VM Operations (20 events):
Event: 18.693 Executing safepoint VM operation: ParallelGCFailedAllocation (Allocation Failure)
Event: 18.696 Executing safepoint VM operation: ParallelGCFailedAllocation (Allocation Failure) done
Event: 19.696 Executing safepoint VM operation: Cleanup
Event: 19.696 Executing safepoint VM operation: Cleanup done
Event: 22.674 Executing non-safepoint VM operation: HandshakeAllThreads (Deoptimize)
Event: 22.674 Executing non-safepoint VM operation: HandshakeAllThreads (Deoptimize) done
Event: 22.674 Executing safepoint VM operation: Cleanup
Event: 22.674 Executing safepoint VM operation: Cleanup done
Event: 22.684 Executing safepoint VM operation: ParallelGCFailedAllocation (Allocation Failure)
Event: 22.687 Executing safepoint VM operation: ParallelGCFailedAllocation (Allocation Failure) done
Event: 22.880 Executing non-safepoint VM operation: HandshakeAllThreads (Deoptimize)
Event: 22.880 Executing non-safepoint VM operation: HandshakeAllThreads (Deoptimize) done
Event: 22.895 Executing non-safepoint VM operation: HandshakeAllThreads (Deoptimize)
Event: 22.895 Executing non-safepoint VM operation: HandshakeAllThreads (Deoptimize) done
Event: 22.924 Executing non-safepoint VM operation: HandshakeAllThreads (Deoptimize)
Event: 22.924 Executing non-safepoint VM operation: HandshakeAllThreads (Deoptimize) done
Event: 23.925 Executing safepoint VM operation: Cleanup
Event: 23.925 Executing safepoint VM operation: Cleanup done
Event: 23.925 Executing non-safepoint VM operation: HandshakeAllThreads (Deoptimize)
Event: 23.926 Executing non-safepoint VM operation: HandshakeAllThreads (Deoptimize) done

Memory protections (0 events):
No events

Nmethod flushes (0 events):
No events

Events (20 events):
Event: 18.665 Thread 0x0000014105179de0 Thread added: 0x00000141684c85b0
Event: 18.665 Thread 0x0000014105179de0 Thread added: 0x00000141684cb3a0
Event: 18.665 Thread 0x0000014105179de0 Thread added: 0x00000141684c9ff0
Event: 18.665 Thread 0x0000014105179de0 Thread added: 0x00000141684c9960
Event: 18.665 Thread 0x0000014105179de0 Thread added: 0x00000141684cad10
Event: 18.665 Thread 0x0000014105179de0 Thread added: 0x00000141684cc0c0
Event: 18.665 Thread 0x0000014105179de0 Thread added: 0x00000141684cba30
Event: 18.666 Thread 0x0000014105179de0 Thread added: 0x00000141684ca680
Event: 18.691 Thread 0x0000014105179de0 Thread added: 0x00000141684c8c40
Event: 18.859 Thread 0x0000014105179de0 Thread added: 0x00000141684cc750
Event: 18.859 Thread 0x0000014105179de0 Thread added: 0x00000141684c92d0
Event: 18.861 Thread 0x0000014166b349b0 Thread added: 0x00000141684cdb00
Event: 21.963 Thread 0x00000141675a3640 Thread exited: 0x00000141675a3640
Event: 21.963 Thread 0x0000014160590210 Thread exited: 0x0000014160590210
Event: 21.963 Thread 0x00000141665a4130 Thread exited: 0x00000141665a4130
Event: 22.581 Thread 0x00000141675a1430 Thread exited: 0x00000141675a1430
Event: 22.581 Thread 0x00000141661de750 Thread exited: 0x00000141661de750
Event: 22.679 Thread 0x00000141603b2ed0 Thread added: 0x000001416752c6e0
Event: 22.823 Thread 0x00000141684c92d0 Thread added: 0x00000141684ccde0
Event: 22.825 Thread 0x00000141684c92d0 Thread added: 0x00000141684cd470


Dynamic libraries:
0x00007ff7c3620000 - 0x00007ff7c362e000 	c:\Users\RISHABH UPWANSHI\.vscode\extensions\redhat.java-1.54.0-win32-x64\jre\21.0.10-win32-x86_64\bin\java.exe
0x00007ff9cfe60000 - 0x00007ff9d00c6000 	C:\Windows\SYSTEM32\ntdll.dll
0x00007ff9ce210000 - 0x00007ff9ce2d9000 	C:\Windows\System32\KERNEL32.DLL
0x00007ff9cd740000 - 0x00007ff9cdb3a000 	C:\Windows\System32\KERNELBASE.dll
0x00007ff9cd5c0000 - 0x00007ff9cd70c000 	C:\Windows\System32\ucrtbase.dll
0x00007ff9c8210000 - 0x00007ff9c8228000 	c:\Users\RISHABH UPWANSHI\.vscode\extensions\redhat.java-1.54.0-win32-x64\jre\21.0.10-win32-x86_64\bin\jli.dll
0x00007ff98b630000 - 0x00007ff98b64e000 	c:\Users\RISHABH UPWANSHI\.vscode\extensions\redhat.java-1.54.0-win32-x64\jre\21.0.10-win32-x86_64\bin\VCRUNTIME140.dll
0x00007ff9ce2e0000 - 0x00007ff9ce4a7000 	C:\Windows\System32\USER32.dll
0x00007ff9cd710000 - 0x00007ff9cd737000 	C:\Windows\System32\win32u.dll
0x00007ff9b1be0000 - 0x00007ff9b1e72000 	C:\Windows\WinSxS\amd64_microsoft.windows.common-controls_6595b64144ccf1df_6.0.26100.8521_none_3e08b75ce33403b3\COMCTL32.dll
0x00007ff9cf040000 - 0x00007ff9cf06b000 	C:\Windows\System32\GDI32.dll
0x00007ff9cf1d0000 - 0x00007ff9cf279000 	C:\Windows\System32\msvcrt.dll
0x00007ff9cd3e0000 - 0x00007ff9cd50b000 	C:\Windows\System32\gdi32full.dll
0x00007ff9cd330000 - 0x00007ff9cd3d3000 	C:\Windows\System32\msvcp_win.dll
0x00007ff9ce1d0000 - 0x00007ff9ce202000 	C:\Windows\System32\IMM32.DLL
0x00007ff9c8200000 - 0x00007ff9c820c000 	c:\Users\RISHABH UPWANSHI\.vscode\extensions\redhat.java-1.54.0-win32-x64\jre\21.0.10-win32-x86_64\bin\vcruntime140_1.dll
0x00007ff96b190000 - 0x00007ff96b21d000 	c:\Users\RISHABH UPWANSHI\.vscode\extensions\redhat.java-1.54.0-win32-x64\jre\21.0.10-win32-x86_64\bin\msvcp140.dll
0x00007ff915460000 - 0x00007ff916201000 	c:\Users\RISHABH UPWANSHI\.vscode\extensions\redhat.java-1.54.0-win32-x64\jre\21.0.10-win32-x86_64\bin\server\jvm.dll
0x00007ff9cdc90000 - 0x00007ff9cdd46000 	C:\Windows\System32\ADVAPI32.dll
0x00007ff9cec80000 - 0x00007ff9ced2a000 	C:\Windows\System32\sechost.dll
0x00007ff9cdd70000 - 0x00007ff9cde88000 	C:\Windows\System32\RPCRT4.dll
0x00007ff9cdc00000 - 0x00007ff9cdc80000 	C:\Windows\System32\WS2_32.dll
0x00007ff9ccf50000 - 0x00007ff9ccfae000 	C:\Windows\SYSTEM32\POWRPROF.dll
0x00007ff9c5840000 - 0x00007ff9c584b000 	C:\Windows\SYSTEM32\VERSION.dll
0x00007ff9c0e90000 - 0x00007ff9c0ec6000 	C:\Windows\SYSTEM32\WINMM.dll
0x00007ff9ccf30000 - 0x00007ff9ccf44000 	C:\Windows\SYSTEM32\UMPDC.dll
0x00007ff9cbe80000 - 0x00007ff9cbe9b000 	C:\Windows\SYSTEM32\kernel.appcore.dll
0x00007ff9c63f0000 - 0x00007ff9c63fa000 	c:\Users\RISHABH UPWANSHI\.vscode\extensions\redhat.java-1.54.0-win32-x64\jre\21.0.10-win32-x86_64\bin\jimage.dll
0x00007ff9b4a10000 - 0x00007ff9b4c52000 	C:\Windows\SYSTEM32\DBGHELP.DLL
0x00007ff9cf280000 - 0x00007ff9cf603000 	C:\Windows\System32\combase.dll
0x00007ff9cf0f0000 - 0x00007ff9cf1c9000 	C:\Windows\System32\OLEAUT32.dll
0x00007ff9ae710000 - 0x00007ff9ae74b000 	C:\Windows\SYSTEM32\dbgcore.DLL
0x00007ff9cd510000 - 0x00007ff9cd5b8000 	C:\Windows\System32\bcryptPrimitives.dll
0x00007ff9c5af0000 - 0x00007ff9c5aff000 	c:\Users\RISHABH UPWANSHI\.vscode\extensions\redhat.java-1.54.0-win32-x64\jre\21.0.10-win32-x86_64\bin\instrument.dll
0x00007ff989900000 - 0x00007ff989920000 	c:\Users\RISHABH UPWANSHI\.vscode\extensions\redhat.java-1.54.0-win32-x64\jre\21.0.10-win32-x86_64\bin\java.dll
0x00007ff9cf680000 - 0x00007ff9cfe04000 	C:\Windows\System32\SHELL32.dll
0x00007ff9cac80000 - 0x00007ff9cb500000 	C:\Windows\SYSTEM32\windows.storage.dll
0x00007ff9ce6f0000 - 0x00007ff9ce7e6000 	C:\Windows\System32\SHCORE.dll
0x00007ff9cf610000 - 0x00007ff9cf677000 	C:\Windows\System32\shlwapi.dll
0x00007ff9cd010000 - 0x00007ff9cd039000 	C:\Windows\SYSTEM32\profapi.dll
0x00007ff973b10000 - 0x00007ff973b28000 	c:\Users\RISHABH UPWANSHI\.vscode\extensions\redhat.java-1.54.0-win32-x64\jre\21.0.10-win32-x86_64\bin\zip.dll
0x00007ff9a39f0000 - 0x00007ff9a3a00000 	C:\Users\RISHABH UPWANSHI\.vscode\extensions\redhat.java-1.54.0-win32-x64\jre\21.0.10-win32-x86_64\bin\net.dll
0x00007ff9c66a0000 - 0x00007ff9c67c9000 	C:\Windows\SYSTEM32\WINHTTP.dll
0x00007ff9cc3f0000 - 0x00007ff9cc45c000 	C:\Windows\system32\mswsock.dll
0x00007ff988570000 - 0x00007ff988586000 	C:\Users\RISHABH UPWANSHI\.vscode\extensions\redhat.java-1.54.0-win32-x64\jre\21.0.10-win32-x86_64\bin\nio.dll
0x00007ff9a01a0000 - 0x00007ff9a01b0000 	c:\Users\RISHABH UPWANSHI\.vscode\extensions\redhat.java-1.54.0-win32-x64\jre\21.0.10-win32-x86_64\bin\verify.dll
0x00007ff99e860000 - 0x00007ff99e8a5000 	C:\Users\RISHABH UPWANSHI\AppData\Roaming\Code\User\globalStorage\redhat.java\1.54.0\config_ss_win\org.eclipse.equinox.launcher\org.eclipse.equinox.launcher.win32.win32.x86_64_1.3.0.v20260203-2149\eclipse_11919.dll
0x00007ff9ce540000 - 0x00007ff9ce6d8000 	C:\Windows\System32\ole32.dll
0x00007ff9cc6d0000 - 0x00007ff9cc6eb000 	C:\Windows\SYSTEM32\CRYPTSP.dll
0x00007ff9cbde0000 - 0x00007ff9cbe19000 	C:\Windows\system32\rsaenh.dll
0x00007ff9cc4a0000 - 0x00007ff9cc4d3000 	C:\Windows\SYSTEM32\USERENV.dll
0x00007ff9ccfe0000 - 0x00007ff9cd00a000 	C:\Windows\SYSTEM32\bcrypt.dll
0x00007ff9cc6f0000 - 0x00007ff9cc6fc000 	C:\Windows\SYSTEM32\CRYPTBASE.dll
0x00007ff9cb890000 - 0x00007ff9cb8c3000 	C:\Windows\SYSTEM32\IPHLPAPI.DLL
0x00007ff9cfe10000 - 0x00007ff9cfe1a000 	C:\Windows\System32\NSI.dll
0x00007ff988330000 - 0x00007ff988379000 	C:\Users\RISHABH UPWANSHI\AppData\Local\Temp\jna-1647839792\jna4461423060295279623.dll
0x00007ff9ce6e0000 - 0x00007ff9ce6e8000 	C:\Windows\System32\PSAPI.DLL
0x00007ff9c7460000 - 0x00007ff9c747d000 	C:\Windows\SYSTEM32\dhcpcsvc6.DLL
0x00007ff9c7010000 - 0x00007ff9c7035000 	C:\Windows\SYSTEM32\dhcpcsvc.DLL

JVMTI agents:
c:\Users\RISHABH UPWANSHI\.vscode\extensions\redhat.java-1.54.0-win32-x64\lombok\lombok-1.18.39-4050.jar path:c:\Users\RISHABH UPWANSHI\.vscode\extensions\redhat.java-1.54.0-win32-x64\jre\21.0.10-win32-x86_64\bin\instrument.dll, loaded, initialized, instrumentlib options:none

dbghelp: loaded successfully - version: 4.0.5 - missing functions: none
symbol engine: initialized successfully - sym options: 0x614 - pdb path: .;c:\Users\RISHABH UPWANSHI\.vscode\extensions\redhat.java-1.54.0-win32-x64\jre\21.0.10-win32-x86_64\bin;C:\Windows\SYSTEM32;C:\Windows\WinSxS\amd64_microsoft.windows.common-controls_6595b64144ccf1df_6.0.26100.8521_none_3e08b75ce33403b3;c:\Users\RISHABH UPWANSHI\.vscode\extensions\redhat.java-1.54.0-win32-x64\jre\21.0.10-win32-x86_64\bin\server;C:\Users\RISHABH UPWANSHI\AppData\Roaming\Code\User\globalStorage\redhat.java\1.54.0\config_ss_win\org.eclipse.equinox.launcher\org.eclipse.equinox.launcher.win32.win32.x86_64_1.3.0.v20260203-2149;C:\Users\RISHABH UPWANSHI\AppData\Local\Temp\jna-1647839792

VM Arguments:
jvm_args: --add-modules=ALL-SYSTEM --add-opens=java.base/java.util=ALL-UNNAMED --add-opens=java.base/java.lang=ALL-UNNAMED --add-opens=java.base/sun.nio.fs=ALL-UNNAMED -Declipse.application=org.eclipse.jdt.ls.core.id1 -Dosgi.bundles.defaultStartLevel=4 -Declipse.product=org.eclipse.jdt.ls.core.product -Djava.import.generatesMetadataFilesAtProjectRoot=false -DDetectVMInstallationsJob.disabled=true -Dfile.encoding=utf8 -XX:+UseParallelGC -XX:GCTimeRatio=4 -XX:AdaptiveSizePolicyWeight=90 -Dsun.zip.disableMemoryMapping=true -Xmx2G -Xms100m -Xlog:disable -javaagent:c:\Users\RISHABH UPWANSHI\.vscode\extensions\redhat.java-1.54.0-win32-x64\lombok\lombok-1.18.39-4050.jar 
java_command: c:\Users\RISHABH UPWANSHI\.vscode\extensions\redhat.java-1.54.0-win32-x64\server\plugins\org.eclipse.equinox.launcher_1.7.100.v20251111-0406.jar -configuration c:\Users\RISHABH UPWANSHI\AppData\Roaming\Code\User\globalStorage\redhat.java\1.54.0\config_ss_win -data c:\Users\RISHABH UPWANSHI\AppData\Roaming\Code\User\workspaceStorage\f4a2606078933381c2a47e88c5c240c0\redhat.java\ss_ws --pipe=\\.\pipe\lsp-297707c1c59c3d56d99221cb6f0154ff-sock
java_class_path (initial): c:\Users\RISHABH UPWANSHI\.vscode\extensions\redhat.java-1.54.0-win32-x64\server\plugins\org.eclipse.equinox.launcher_1.7.100.v20251111-0406.jar
Launcher Type: SUN_STANDARD

[Global flags]
    uintx AdaptiveSizePolicyWeight                 = 90                                        {product} {command line}
     intx CICompilerCount                          = 12                                        {product} {ergonomic}
    uintx GCTimeRatio                              = 4                                         {product} {command line}
   size_t InitialHeapSize                          = 104857600                                 {product} {command line}
   size_t MaxHeapSize                              = 2147483648                                {product} {command line}
   size_t MaxNewSize                               = 715653120                                 {product} {ergonomic}
   size_t MinHeapDeltaBytes                        = 524288                                    {product} {ergonomic}
   size_t MinHeapSize                              = 104857600                                 {product} {command line}
   size_t NewSize                                  = 34603008                                  {product} {ergonomic}
    uintx NonNMethodCodeHeapSize                   = 7602480                                {pd product} {ergonomic}
    uintx NonProfiledCodeHeapSize                  = 122027880                              {pd product} {ergonomic}
   size_t OldSize                                  = 70254592                                  {product} {ergonomic}
    uintx ProfiledCodeHeapSize                     = 122027880                              {pd product} {ergonomic}
    uintx ReservedCodeCacheSize                    = 251658240                              {pd product} {ergonomic}
     bool SegmentedCodeCache                       = true                                      {product} {ergonomic}
   size_t SoftMaxHeapSize                          = 2147483648                             {manageable} {ergonomic}
     bool UseCompressedOops                        = true                           {product lp64_product} {ergonomic}
     bool UseLargePagesIndividualAllocation        = false                                  {pd product} {ergonomic}
     bool UseParallelGC                            = true                                      {product} {command line}

Logging:
Log output configuration:
 #0: stdout all=off uptime,level,tags foldmultilines=false
 #1: stderr all=off uptime,level,tags foldmultilines=false

Release file:
JAVA_VERSION="21.0.10" 
MODULES="java.base java.compiler java.datatransfer java.xml java.prefs java.desktop java.instrument java.logging java.management java.security.sasl java.naming java.rmi java.management.rmi java.net.http java.scripting java.security.jgss java.transaction.xa java.sql java.sql.rowset java.xml.crypto java.se java.smartcardio jdk.accessibility jdk.internal.jvmstat jdk.attach jdk.charsets jdk.internal.opt jdk.zipfs jdk.compiler jdk.crypto.ec jdk.crypto.cryptoki jdk.crypto.mscapi jdk.dynalink jdk.internal.ed jdk.editpad jdk.hotspot.agent jdk.httpserver jdk.internal.le jdk.internal.vm.ci jdk.internal.vm.compiler jdk.internal.vm.compiler.management jdk.jartool jdk.javadoc jdk.jcmd jdk.management jdk.management.agent jdk.jconsole jdk.jdeps jdk.jdwp.agent jdk.jdi jdk.jfr jdk.jshell jdk.jsobject jdk.jstatd jdk.localedata jdk.management.jfr jdk.naming.dns jdk.naming.rmi jdk.net jdk.nio.mapmode jdk.random jdk.sctp jdk.security.auth jdk.security.jgss jdk.unsupported jdk.unsupported.desktop jdk.xml.dom" 

Environment Variables:
PATH=C:\Program Files\Common Files\Oracle\Java\javapath;C:\Python313\Scripts\;C:\Python313\;C:\Windows\system32;C:\Windows;C:\Windows\System32\Wbem;C:\Windows\System32\WindowsPowerShell\v1.0\;C:\Windows\System32\OpenSSH\;C:\Program Files (x86)\NVIDIA Corporation\PhysX\Common;C:\Program Files\dotnet\;C:\Program Files\NVIDIA Corporation\NVIDIA App\NvDLISR;C:\ProgramData\chocolatey\bin;C:\TDM-GCC-64\bin;C:\msys64\ucrt64\bin;C:\Program Files\Git\cmd;C:\Program Files\MongoDB\Server\8.2\bin;C:\Program Files\nodejs\;C:\Program Files\Microsoft SQL Server\170\Tools\Binn\;C:\Program Files\Microsoft SQL Server\Client SDK\ODBC\170\Tools\Binn\;E:\apache-maven-3.9.16-bin\apache-maven-3.9.16\bin;C:\Users\RISHABH UPWANSHI\AppData\Local\agy\bin;C:\Program Files\MySQL\MySQL Shell 8.0\bin\;C:\Users\RISHABH UPWANSHI\AppData\Local\Microsoft\WindowsApps;C:\Users\RISHABH UPWANSHI\AppData\Local\Programs\Microsoft VS Code\bin;C:\MinGW\bin;C:\Program Files\JetBrains\WebStorm 2025.2.2\bin;C:\Program Files\MySQL\MySQL Server 8.0\bin;C:\Program Files\mongosh\;C:\Users\RISHABH UPWANSHI\AppData\Roaming\npm;C:\Users\RISHABH UPWANSHI\.dotnet\tools
USERNAME=RISHABH UPWANSHI
OS=Windows_NT
PROCESSOR_IDENTIFIER=AMD64 Family 25 Model 68 Stepping 1, AuthenticAMD
TMP=C:\Users\RISHAB~1\AppData\Local\Temp
TEMP=C:\Users\RISHAB~1\AppData\Local\Temp




Periodic native trim disabled

---------------  S Y S T E M  ---------------

OS:
 Windows 11 , 64 bit Build 26100 (10.0.26100.8521)
OS uptime: 0 days 0:14 hours
Hyper-V role detected

CPU: total 16 (initial active 16) (16 cores per cpu, 2 threads per core) family 25 model 68 stepping 1 microcode 0xa404107, cx8, cmov, fxsr, ht, mmx, 3dnowpref, sse, sse2, sse3, ssse3, sse4a, sse4.1, sse4.2, popcnt, lzcnt, tsc, tscinvbit, avx, avx2, aes, erms, clmul, bmi1, bmi2, adx, sha, fma, vzeroupper, clflush, clflushopt, hv, rdtscp, rdpid, fsrm, f16c, cet_ss
Processor Information for processor 0
  Max Mhz: 3100, Current Mhz: 3100, Mhz Limit: 3100
Processor Information for processor 1
  Max Mhz: 3100, Current Mhz: 3100, Mhz Limit: 3100
Processor Information for processor 2
  Max Mhz: 3100, Current Mhz: 3100, Mhz Limit: 3100
Processor Information for processor 3
  Max Mhz: 3100, Current Mhz: 3100, Mhz Limit: 3100
Processor Information for processor 4
  Max Mhz: 3100, Current Mhz: 3100, Mhz Limit: 3100
Processor Information for processor 5
  Max Mhz: 3100, Current Mhz: 3100, Mhz Limit: 3100
Processor Information for processor 6
  Max Mhz: 3100, Current Mhz: 3100, Mhz Limit: 3100
Processor Information for processor 7
  Max Mhz: 3100, Current Mhz: 2523, Mhz Limit: 3100
Processor Information for processor 8
  Max Mhz: 3100, Current Mhz: 3100, Mhz Limit: 3100
Processor Information for processor 9
  Max Mhz: 3100, Current Mhz: 3100, Mhz Limit: 3100
Processor Information for processor 10
  Max Mhz: 3100, Current Mhz: 2523, Mhz Limit: 3100
Processor Information for processor 11
  Max Mhz: 3100, Current Mhz: 3100, Mhz Limit: 3100
Processor Information for processor 12
  Max Mhz: 3100, Current Mhz: 3100, Mhz Limit: 3100
Processor Information for processor 13
  Max Mhz: 3100, Current Mhz: 3100, Mhz Limit: 3100
Processor Information for processor 14
  Max Mhz: 3100, Current Mhz: 3100, Mhz Limit: 3100
Processor Information for processor 15
  Max Mhz: 3100, Current Mhz: 3100, Mhz Limit: 3100

Memory: 4k page, system-wide physical 16202M (7034M free)
TotalPageFile size 16202M (AvailPageFile size 91M)
current process WorkingSet (physical memory assigned to process): 165M, peak: 165M
current process commit charge ("private bytes"): 312M, peak: 315M

vm_info: OpenJDK 64-Bit Server VM (21.0.10+7-LTS) for windows-amd64 JRE (21.0.10+7-LTS), built on 2026-01-20T00:00:00Z by "admin" with MS VC++ 17.12 (VS2022)

END.
