#
# There is insufficient memory for the Java Runtime Environment to continue.
# Native memory allocation (malloc) failed to allocate 285664 bytes. Error detail: Chunk::new
# Possible reasons:
#   The system is out of physical RAM or swap space
#   This process is running with CompressedOops enabled, and the Java Heap may be blocking the growth of the native heap
# Possible solutions:
#   Reduce memory load on the system
#   Increase physical memory or swap space
#   Check if swap backing store is full
#   Decrease Java heap size (-Xmx/-Xms)
#   Decrease number of Java threads
#   Decrease Java thread stack sizes (-Xss)
#   Set larger code cache with -XX:ReservedCodeCacheSize=
#   JVM is running with Unscaled Compressed Oops mode in which the Java heap is
#     placed in the first 4GB address space. The Java Heap base address is the
#     maximum limit for the native heap growth. Please use -XX:HeapBaseMinAddress
#     to set the Java Heap base and to place the Java Heap above 4GB virtual address.
# This output file may be truncated or incomplete.
#
#  Out of Memory Error (arena.cpp:168), pid=26436, tid=18484
#
# JRE version: OpenJDK Runtime Environment Temurin-21.0.10+7 (21.0.10+7) (build 21.0.10+7-LTS)
# Java VM: OpenJDK 64-Bit Server VM Temurin-21.0.10+7 (21.0.10+7-LTS, mixed mode, sharing, tiered, compressed oops, compressed class ptrs, parallel gc, windows-amd64)
# No core dump will be written. Minidumps are not enabled by default on client versions of Windows
#

---------------  S U M M A R Y ------------

Command Line: --add-modules=ALL-SYSTEM --add-opens=java.base/java.util=ALL-UNNAMED --add-opens=java.base/java.lang=ALL-UNNAMED --add-opens=java.base/sun.nio.fs=ALL-UNNAMED -Declipse.application=org.eclipse.jdt.ls.core.id1 -Dosgi.bundles.defaultStartLevel=4 -Declipse.product=org.eclipse.jdt.ls.core.product -Djava.import.generatesMetadataFilesAtProjectRoot=false -DDetectVMInstallationsJob.disabled=true -Dfile.encoding=utf8 -XX:+UseParallelGC -XX:GCTimeRatio=4 -XX:AdaptiveSizePolicyWeight=90 -Dsun.zip.disableMemoryMapping=true -Xmx2G -Xms100m -Xlog:disable -javaagent:c:\Users\RISHABH UPWANSHI\.vscode\extensions\redhat.java-1.54.0-win32-x64\lombok\lombok-1.18.39-4050.jar c:\Users\RISHABH UPWANSHI\.vscode\extensions\redhat.java-1.54.0-win32-x64\server\plugins\org.eclipse.equinox.launcher_1.7.100.v20251111-0406.jar -configuration c:\Users\RISHABH UPWANSHI\AppData\Roaming\Code\User\globalStorage\redhat.java\1.54.0\config_ss_win -data c:\Users\RISHABH UPWANSHI\AppData\Roaming\Code\User\workspaceStorage\f4a2606078933381c2a47e88c5c240c0\redhat.java\ss_ws --pipe=\\.\pipe\lsp-c1670c185196312fc061e91ed71310a4-sock

Host: AMD Ryzen 7 7435HS                             , 16 cores, 15G,  Windows 11 , 64 bit Build 26100 (10.0.26100.8521)
Time: Wed Jun 24 23:43:24 2026 India Standard Time elapsed time: 22.133051 seconds (0d 0h 0m 22s)

---------------  T H R E A D  ---------------

Current thread (0x000001ee6c7c6cd0):  JavaThread "C2 CompilerThread1" daemon [_thread_in_native, id=18484, stack(0x000000060e600000,0x000000060e700000) (1024K)]


Current CompileTask:
C2:22133 2370       4       java.util.Properties::loadConvert (540 bytes)

Stack: [0x000000060e600000,0x000000060e700000]
Native frames: (J=compiled Java code, j=interpreted, Vv=VM code, C=native code)
V  [jvm.dll+0x6d7a39]
V  [jvm.dll+0x8b4b26]
V  [jvm.dll+0x8b70de]
V  [jvm.dll+0x8b77c3]
V  [jvm.dll+0x284346]
V  [jvm.dll+0xc66ed]
V  [jvm.dll+0xc6c31]
V  [jvm.dll+0x3bec3b]
V  [jvm.dll+0x38b162]
V  [jvm.dll+0x38a5aa]
V  [jvm.dll+0x24c560]
V  [jvm.dll+0x24bb40]
V  [jvm.dll+0x1cb34e]
V  [jvm.dll+0x25b85d]
V  [jvm.dll+0x259dea]
V  [jvm.dll+0x3f857e]
V  [jvm.dll+0x85f59d]
V  [jvm.dll+0x6d626d]
C  [ucrtbase.dll+0x2cd30]
C  [KERNEL32.DLL+0x2e957]
C  [ntdll.dll+0x87c1c]


---------------  P R O C E S S  ---------------

Threads class SMR info:
_java_thread_list=0x000001ee6c880b60, length=21, elements={
0x000001ee507abda0, 0x000001ee52b03400, 0x000001ee52b03fd0, 0x000001ee52b09f50,
0x000001ee52b0c020, 0x000001ee52b08ba0, 0x000001ee52b0ac70, 0x000001ee52b18a40,
0x000001ee52b1b410, 0x000001ee52b0a5e0, 0x000001ee52b0b990, 0x000001ee52b0b300,
0x000001ee52b09230, 0x000001ee52b098c0, 0x000001ee71323200, 0x000001ee710f7990,
0x000001ee6c7c6cd0, 0x000001ee6c7c7380, 0x000001ee71322b70, 0x000001ee6a9d3db0,
0x000001ee711da310
}

Java Threads: ( => current thread )
  0x000001ee507abda0 JavaThread "main"                              [_thread_blocked, id=29376, stack(0x000000060cb00000,0x000000060cc00000) (1024K)]
  0x000001ee52b03400 JavaThread "Reference Handler"          daemon [_thread_blocked, id=22348, stack(0x000000060cf00000,0x000000060d000000) (1024K)]
  0x000001ee52b03fd0 JavaThread "Finalizer"                  daemon [_thread_blocked, id=29408, stack(0x000000060d000000,0x000000060d100000) (1024K)]
  0x000001ee52b09f50 JavaThread "Signal Dispatcher"          daemon [_thread_blocked, id=30280, stack(0x000000060d100000,0x000000060d200000) (1024K)]
  0x000001ee52b0c020 JavaThread "Attach Listener"            daemon [_thread_blocked, id=29044, stack(0x000000060d200000,0x000000060d300000) (1024K)]
  0x000001ee52b08ba0 JavaThread "Service Thread"             daemon [_thread_blocked, id=15708, stack(0x000000060d300000,0x000000060d400000) (1024K)]
  0x000001ee52b0ac70 JavaThread "Monitor Deflation Thread"   daemon [_thread_blocked, id=30348, stack(0x000000060d400000,0x000000060d500000) (1024K)]
  0x000001ee52b18a40 JavaThread "C2 CompilerThread0"         daemon [_thread_blocked, id=24836, stack(0x000000060d500000,0x000000060d600000) (1024K)]
  0x000001ee52b1b410 JavaThread "C1 CompilerThread0"         daemon [_thread_blocked, id=844, stack(0x000000060d600000,0x000000060d700000) (1024K)]
  0x000001ee52b0a5e0 JavaThread "Common-Cleaner"             daemon [_thread_blocked, id=29564, stack(0x000000060dc00000,0x000000060dd00000) (1024K)]
  0x000001ee52b0b990 JavaThread "Notification Thread"        daemon [_thread_blocked, id=29084, stack(0x000000060db00000,0x000000060dc00000) (1024K)]
  0x000001ee52b0b300 JavaThread "Active Thread: Equinox Container: ab6b7b37-a8e8-480f-b1ef-00abbeb6f812"        [_thread_blocked, id=29804, stack(0x000000060e400000,0x000000060e500000) (1024K)]
  0x000001ee52b09230 JavaThread "Framework Event Dispatcher: Equinox Container: ab6b7b37-a8e8-480f-b1ef-00abbeb6f812" daemon [_thread_blocked, id=12592, stack(0x000000060d700000,0x000000060d800000) (1024K)]
  0x000001ee52b098c0 JavaThread "Start Level: Equinox Container: ab6b7b37-a8e8-480f-b1ef-00abbeb6f812" daemon [_thread_blocked, id=29928, stack(0x000000060da00000,0x000000060db00000) (1024K)]
  0x000001ee71323200 JavaThread "SCR Component Actor"        daemon [_thread_blocked, id=20544, stack(0x000000060dd00000,0x000000060de00000) (1024K)]
  0x000001ee710f7990 JavaThread "C1 CompilerThread1"         daemon [_thread_blocked, id=29348, stack(0x000000060de00000,0x000000060df00000) (1024K)]
=>0x000001ee6c7c6cd0 JavaThread "C2 CompilerThread1"         daemon [_thread_in_native, id=18484, stack(0x000000060e600000,0x000000060e700000) (1024K)]
  0x000001ee6c7c7380 JavaThread "C2 CompilerThread2"         daemon [_thread_blocked, id=21988, stack(0x000000060e700000,0x000000060e800000) (1024K)]
  0x000001ee71322b70 JavaThread "Worker-JM"                         [_thread_blocked, id=16308, stack(0x000000060e500000,0x000000060e600000) (1024K)]
  0x000001ee6a9d3db0 JavaThread "C1 CompilerThread2"         daemon [_thread_blocked, id=15480, stack(0x000000060ea00000,0x000000060eb00000) (1024K)]
  0x000001ee711da310 JavaThread "C1 CompilerThread3"         daemon [_thread_blocked, id=27540, stack(0x000000060eb00000,0x000000060ec00000) (1024K)]
Total: 21

Other Threads:
  0x000001ee6a8c3b90 VMThread "VM Thread"                           [id=22316, stack(0x000000060ce00000,0x000000060cf00000) (1024K)] _threads_hazard_ptr=0x000001ee6c880b60
  0x000001ee693eca00 WatcherThread "VM Periodic Task Thread"        [id=30436, stack(0x000000060cd00000,0x000000060ce00000) (1024K)]
  0x000001ee52a7c570 WorkerThread "GC Thread#0"                     [id=29216, stack(0x000000060cc00000,0x000000060cd00000) (1024K)]
  0x000001ee6a9c64e0 WorkerThread "GC Thread#1"                     [id=27240, stack(0x000000060d900000,0x000000060da00000) (1024K)]
  0x000001ee6a9c6c90 WorkerThread "GC Thread#2"                     [id=29800, stack(0x000000060df00000,0x000000060e000000) (1024K)]
  0x000001ee6a9c9060 WorkerThread "GC Thread#3"                     [id=29452, stack(0x000000060e000000,0x000000060e100000) (1024K)]
  0x000001ee6c72dd40 WorkerThread "GC Thread#4"                     [id=4624, stack(0x000000060e100000,0x000000060e200000) (1024K)]
  0x000001ee6c72e4f0 WorkerThread "GC Thread#5"                     [id=22424, stack(0x000000060e200000,0x000000060e300000) (1024K)]
  0x000001ee6c72ecb0 WorkerThread "GC Thread#6"                     [id=4332, stack(0x000000060e300000,0x000000060e400000) (1024K)]
  0x000001ee6c87b1d0 WorkerThread "GC Thread#7"                     [id=8936, stack(0x000000060d800000,0x000000060d900000) (1024K)]
  0x000001ee6c4dce10 WorkerThread "GC Thread#8"                     [id=17844, stack(0x000000060e800000,0x000000060e900000) (1024K)]
  0x000001ee6c526fe0 WorkerThread "GC Thread#9"                     [id=28728, stack(0x000000060e900000,0x000000060ea00000) (1024K)]
Total: 12

Threads with active compile tasks:
C2 CompilerThread0  22145 2393       4       jdk.internal.util.StrongReferenceKey::hashCode (8 bytes)
C1 CompilerThread0  22145 2392       3       java.lang.invoke.DelegatingMethodHandle::whichKind (44 bytes)
C1 CompilerThread1  22145 2391       3       java.lang.invoke.DelegatingMethodHandle::makeReinvokerForm (326 bytes)
C2 CompilerThread1  22145 2370       4       java.util.Properties::loadConvert (540 bytes)
C2 CompilerThread2  22145 2369 %     4       java.util.Properties$LineReader::readLine @ 53 (584 bytes)
C1 CompilerThread2  22145 2403       3       java.lang.invoke.BoundMethodHandle$SpeciesData::extendWith (64 bytes)
Total: 6

VM state: synchronizing (normal execution)

VM Mutex/Monitor currently owned by a thread:  ([mutex/lock_event])
[0x00007ffae631e560] Threads_lock - owner thread: 0x000001ee6a8c3b90

Heap address: 0x0000000080000000, size: 2048 MB, Compressed Oops mode: 32-bit

CDS archive(s) mapped at: [0x000001ee00000000-0x000001ee00ba0000-0x000001ee00ba0000), size 12189696, SharedBaseAddress: 0x000001ee00000000, ArchiveRelocationMode: 1.
Compressed class space mapped at: 0x000001ee01000000-0x000001ee41000000, reserved size: 1073741824
Narrow klass base: 0x000001ee00000000, Narrow klass shift: 0, Narrow klass range: 0x100000000

GC Precious Log:
 CardTable entry size: 512
 CPUs: 16 total, 16 available
 Memory: 16202M
 Large Page Support: Disabled
 NUMA Support: Disabled
 Compressed Oops: Enabled (32-bit)
 Alignments: Space 512K, Generation 512K, Heap 2M
 Heap Min Capacity: 100M
 Heap Initial Capacity: 100M
 Heap Max Capacity: 2G
 Pre-touch: Disabled
 Parallel Workers: 13

Heap:
 PSYoungGen      total 29696K, used 6809K [0x00000000d5580000, 0x00000000d7680000, 0x0000000100000000)
  eden space 25600K, 10% used [0x00000000d5580000,0x00000000d582b450,0x00000000d6e80000)
  from space 4096K, 99% used [0x00000000d6e80000,0x00000000d727b0a8,0x00000000d7280000)
  to   space 4096K, 0% used [0x00000000d7280000,0x00000000d7280000,0x00000000d7680000)
 ParOldGen       total 68608K, used 2511K [0x0000000080000000, 0x0000000084300000, 0x00000000d5580000)
  object space 68608K, 3% used [0x0000000080000000,0x0000000080273f18,0x0000000084300000)
 Metaspace       used 12850K, committed 13376K, reserved 1114112K
  class space    used 1354K, committed 1600K, reserved 1048576K

Card table byte_map: [0x000001ee52400000,0x000001ee52810000] _byte_map_base: 0x000001ee52000000

Marking Bits: (ParMarkBitMap*) 0x00007ffae6323450
 Begin Bits: [0x000001ee64f10000, 0x000001ee66f10000)
 End Bits:   [0x000001ee66f10000, 0x000001ee68f10000)

Polling page: 0x000001ee50c30000

Metaspace:

Usage:
  Non-class:     11.23 MB used.
      Class:      1.32 MB used.
       Both:     12.55 MB used.

Virtual space:
  Non-class space:       64.00 MB reserved,      11.50 MB ( 18%) committed,  1 nodes.
      Class space:        1.00 GB reserved,       1.56 MB ( <1%) committed,  1 nodes.
             Both:        1.06 GB reserved,      13.06 MB (  1%) committed. 

Chunk freelists:
   Non-Class:  4.38 MB
       Class:  14.48 MB
        Both:  18.86 MB

MaxMetaspaceSize: unlimited
CompressedClassSpaceSize: 1.00 GB
Initial GC threshold: 21.00 MB
Current GC threshold: 21.00 MB
CDS: on
 - commit_granule_bytes: 65536.
 - commit_granule_words: 8192.
 - virtual_space_node_default_size: 8388608.
 - enlarge_chunks_in_place: 1.
 - use_allocation_guard: 0.


Internal statistics:

num_allocs_failed_limit: 0.
num_arena_births: 330.
num_arena_deaths: 0.
num_vsnodes_births: 2.
num_vsnodes_deaths: 0.
num_space_committed: 209.
num_space_uncommitted: 0.
num_chunks_returned_to_freelist: 0.
num_chunks_taken_from_freelist: 755.
num_chunk_merges: 0.
num_chunk_splits: 479.
num_chunks_enlarged: 313.
num_inconsistent_stats: 0.

CodeHeap 'non-profiled nmethods': size=119168Kb used=1504Kb max_used=1504Kb free=117663Kb
 bounds [0x000001ee5d800000, 0x000001ee5da70000, 0x000001ee64c60000]
CodeHeap 'profiled nmethods': size=119104Kb used=4604Kb max_used=4604Kb free=114499Kb
 bounds [0x000001ee55c60000, 0x000001ee560e0000, 0x000001ee5d0b0000]
CodeHeap 'non-nmethods': size=7488Kb used=2387Kb max_used=2895Kb free=5100Kb
 bounds [0x000001ee5d0b0000, 0x000001ee5d490000, 0x000001ee5d800000]
CodeCache: size=245760Kb, used=8495Kb, max_used=9003Kb, free=237262Kb
 total_blobs=2920, nmethods=2398, adapters=423, full_count=0
Compilation: enabled, stopped_count=0, restarted_count=0

Compilation events (20 events):
Event: 20.115 Thread 0x000001ee52b1b410 nmethod 2387 0x000001ee560d7190 code [0x000001ee560d74a0, 0x000001ee560d8380]
Event: 20.115 Thread 0x000001ee710f7990 nmethod 2394 0x000001ee560d8890 code [0x000001ee560d8ac0, 0x000001ee560d9230]
Event: 20.115 Thread 0x000001ee710f7990 2400       3       java.lang.invoke.MethodHandle::getApproximateCommonClassLoader (58 bytes)
Event: 20.115 Thread 0x000001ee52b1b410 2401       3       java.lang.invoke.MethodHandle::keepsAlive (49 bytes)
Event: 20.116 Thread 0x000001ee710f7990 nmethod 2400 0x000001ee560d9490 code [0x000001ee560d9700, 0x000001ee560da1f0]
Event: 20.116 Thread 0x000001ee710f7990 2395       3       java.lang.invoke.DirectMethodHandle$StaticAccessor::<init> (30 bytes)
Event: 20.116 Thread 0x000001ee52b1b410 nmethod 2401 0x000001ee560da610 code [0x000001ee560da880, 0x000001ee560db380]
Event: 20.116 Thread 0x000001ee710f7990 nmethod 2395 0x000001ee560db790 code [0x000001ee560db940, 0x000001ee560dbb20]
Event: 20.116 Thread 0x000001ee710f7990 2397       3       java.lang.invoke.DirectMethodHandle::shouldBeInitialized (117 bytes)
Event: 20.116 Thread 0x000001ee52b1b410 2389       3       java.lang.invoke.MethodType::methodType (44 bytes)
Event: 20.117 Thread 0x000001ee52b1b410 nmethod 2389 0x000001ee560dbc90 code [0x000001ee560dbe80, 0x000001ee560dc2f0]
Event: 20.117 Thread 0x000001ee710f7990 nmethod 2397 0x000001ee560dc410 code [0x000001ee560dc660, 0x000001ee560dce10]
Event: 20.117 Thread 0x000001ee710f7990 2399       3       java.lang.invoke.BoundMethodHandle::makeReinvoker (27 bytes)
Event: 20.117 Thread 0x000001ee52b1b410 2390       3       java.lang.invoke.DelegatingMethodHandle::makeReinvokerForm (10 bytes)
Event: 20.117 Thread 0x000001ee52b1b410 nmethod 2390 0x000001ee560dd010 code [0x000001ee560dd1c0, 0x000001ee560dd2e8]
Event: 20.117 Thread 0x000001ee710f7990 nmethod 2399 0x000001ee560dd390 code [0x000001ee560dd560, 0x000001ee560dd848]
Event: 20.117 Thread 0x000001ee6a9d3db0 2403       3       java.lang.invoke.BoundMethodHandle$SpeciesData::extendWith (64 bytes)
Event: 20.117 Thread 0x000001ee710f7990 2391       3       java.lang.invoke.DelegatingMethodHandle::makeReinvokerForm (326 bytes)
Event: 20.117 Thread 0x000001ee52b1b410 2392       3       java.lang.invoke.DelegatingMethodHandle::whichKind (44 bytes)
Event: 22.131 Thread 0x000001ee52b1b410 nmethod 2392 0x000001ee560dd990 code [0x000001ee560ddb40, 0x000001ee560ddd18]

GC Heap History (6 events):
Event: 1.903 GC heap before
{Heap before GC invocations=1 (full 0):
 PSYoungGen      total 29696K, used 25600K [0x00000000d5580000, 0x00000000d7680000, 0x0000000100000000)
  eden space 25600K, 100% used [0x00000000d5580000,0x00000000d6e80000,0x00000000d6e80000)
  from space 4096K, 0% used [0x00000000d7280000,0x00000000d7280000,0x00000000d7680000)
  to   space 4096K, 0% used [0x00000000d6e80000,0x00000000d6e80000,0x00000000d7280000)
 ParOldGen       total 68608K, used 0K [0x0000000080000000, 0x0000000084300000, 0x00000000d5580000)
  object space 68608K, 0% used [0x0000000080000000,0x0000000080000000,0x0000000084300000)
 Metaspace       used 4181K, committed 4480K, reserved 1114112K
  class space    used 454K, committed 576K, reserved 1048576K
}
Event: 1.908 GC heap after
{Heap after GC invocations=1 (full 0):
 PSYoungGen      total 29696K, used 3636K [0x00000000d5580000, 0x00000000d7680000, 0x0000000100000000)
  eden space 25600K, 0% used [0x00000000d5580000,0x00000000d5580000,0x00000000d6e80000)
  from space 4096K, 88% used [0x00000000d6e80000,0x00000000d720d2a0,0x00000000d7280000)
  to   space 4096K, 0% used [0x00000000d7280000,0x00000000d7280000,0x00000000d7680000)
 ParOldGen       total 68608K, used 16K [0x0000000080000000, 0x0000000084300000, 0x00000000d5580000)
  object space 68608K, 0% used [0x0000000080000000,0x0000000080004000,0x0000000084300000)
 Metaspace       used 4181K, committed 4480K, reserved 1114112K
  class space    used 454K, committed 576K, reserved 1048576K
}
Event: 3.493 GC heap before
{Heap before GC invocations=2 (full 0):
 PSYoungGen      total 29696K, used 29236K [0x00000000d5580000, 0x00000000d7680000, 0x0000000100000000)
  eden space 25600K, 100% used [0x00000000d5580000,0x00000000d6e80000,0x00000000d6e80000)
  from space 4096K, 88% used [0x00000000d6e80000,0x00000000d720d2a0,0x00000000d7280000)
  to   space 4096K, 0% used [0x00000000d7280000,0x00000000d7280000,0x00000000d7680000)
 ParOldGen       total 68608K, used 16K [0x0000000080000000, 0x0000000084300000, 0x00000000d5580000)
  object space 68608K, 0% used [0x0000000080000000,0x0000000080004000,0x0000000084300000)
 Metaspace       used 7890K, committed 8192K, reserved 1114112K
  class space    used 816K, committed 960K, reserved 1048576K
}
Event: 3.498 GC heap after
{Heap after GC invocations=2 (full 0):
 PSYoungGen      total 29696K, used 4086K [0x00000000d5580000, 0x00000000d7680000, 0x0000000100000000)
  eden space 25600K, 0% used [0x00000000d5580000,0x00000000d5580000,0x00000000d6e80000)
  from space 4096K, 99% used [0x00000000d7280000,0x00000000d767d810,0x00000000d7680000)
  to   space 4096K, 0% used [0x00000000d6e80000,0x00000000d6e80000,0x00000000d7280000)
 ParOldGen       total 68608K, used 1033K [0x0000000080000000, 0x0000000084300000, 0x00000000d5580000)
  object space 68608K, 1% used [0x0000000080000000,0x00000000801026a8,0x0000000084300000)
 Metaspace       used 7890K, committed 8192K, reserved 1114112K
  class space    used 816K, committed 960K, reserved 1048576K
}
Event: 20.085 GC heap before
{Heap before GC invocations=3 (full 0):
 PSYoungGen      total 29696K, used 29686K [0x00000000d5580000, 0x00000000d7680000, 0x0000000100000000)
  eden space 25600K, 100% used [0x00000000d5580000,0x00000000d6e80000,0x00000000d6e80000)
  from space 4096K, 99% used [0x00000000d7280000,0x00000000d767d810,0x00000000d7680000)
  to   space 4096K, 0% used [0x00000000d6e80000,0x00000000d6e80000,0x00000000d7280000)
 ParOldGen       total 68608K, used 1033K [0x0000000080000000, 0x0000000084300000, 0x00000000d5580000)
  object space 68608K, 1% used [0x0000000080000000,0x00000000801026a8,0x0000000084300000)
 Metaspace       used 12509K, committed 13056K, reserved 1114112K
  class space    used 1325K, committed 1536K, reserved 1048576K
}
Event: 20.089 GC heap after
{Heap after GC invocations=3 (full 0):
 PSYoungGen      total 29696K, used 4076K [0x00000000d5580000, 0x00000000d7680000, 0x0000000100000000)
  eden space 25600K, 0% used [0x00000000d5580000,0x00000000d5580000,0x00000000d6e80000)
  from space 4096K, 99% used [0x00000000d6e80000,0x00000000d727b0a8,0x00000000d7280000)
  to   space 4096K, 0% used [0x00000000d7280000,0x00000000d7280000,0x00000000d7680000)
 ParOldGen       total 68608K, used 2511K [0x0000000080000000, 0x0000000084300000, 0x00000000d5580000)
  object space 68608K, 3% used [0x0000000080000000,0x0000000080273f18,0x0000000084300000)
 Metaspace       used 12509K, committed 13056K, reserved 1114112K
  class space    used 1325K, committed 1536K, reserved 1048576K
}

Dll operation events (9 events):
Event: 0.016 Loaded shared library c:\Users\RISHABH UPWANSHI\.vscode\extensions\redhat.java-1.54.0-win32-x64\jre\21.0.10-win32-x86_64\bin\java.dll
Event: 0.096 Loaded shared library c:\Users\RISHABH UPWANSHI\.vscode\extensions\redhat.java-1.54.0-win32-x64\jre\21.0.10-win32-x86_64\bin\zip.dll
Event: 0.116 Loaded shared library C:\Users\RISHABH UPWANSHI\.vscode\extensions\redhat.java-1.54.0-win32-x64\jre\21.0.10-win32-x86_64\bin\instrument.dll
Event: 0.162 Loaded shared library C:\Users\RISHABH UPWANSHI\.vscode\extensions\redhat.java-1.54.0-win32-x64\jre\21.0.10-win32-x86_64\bin\net.dll
Event: 0.219 Loaded shared library C:\Users\RISHABH UPWANSHI\.vscode\extensions\redhat.java-1.54.0-win32-x64\jre\21.0.10-win32-x86_64\bin\nio.dll
Event: 0.227 Loaded shared library C:\Users\RISHABH UPWANSHI\.vscode\extensions\redhat.java-1.54.0-win32-x64\jre\21.0.10-win32-x86_64\bin\zip.dll
Event: 0.248 Loaded shared library C:\Users\RISHABH UPWANSHI\.vscode\extensions\redhat.java-1.54.0-win32-x64\jre\21.0.10-win32-x86_64\bin\jimage.dll
Event: 0.367 Loaded shared library c:\Users\RISHABH UPWANSHI\.vscode\extensions\redhat.java-1.54.0-win32-x64\jre\21.0.10-win32-x86_64\bin\verify.dll
Event: 14.759 Loaded shared library C:\Users\RISHABH UPWANSHI\AppData\Roaming\Code\User\globalStorage\redhat.java\1.54.0\config_ss_win\org.eclipse.equinox.launcher\org.eclipse.equinox.launcher.win32.win32.x86_64_1.3.0.v20260203-2149\eclipse_11919.dll

Deoptimization events (20 events):
Event: 19.931 Thread 0x000001ee52b098c0 Uncommon trap: trap_request=0xffffffc6 fr.pc=0x000001ee5d8d049c relative=0x000000000000131c
Event: 19.931 Thread 0x000001ee52b098c0 Uncommon trap: reason=bimorphic_or_optimized_type_check action=maybe_recompile pc=0x000001ee5d8d049c method=java.io.DataInputStream.readFully([BII)V @ 30 c2
Event: 19.931 Thread 0x000001ee52b098c0 DEOPT PACKING pc=0x000001ee5d8d049c sp=0x000000060dafb7b0
Event: 19.931 Thread 0x000001ee52b098c0 DEOPT UNPACKING pc=0x000001ee5d103aa2 sp=0x000000060dafb7a8 mode 2
Event: 20.044 Thread 0x000001ee52b098c0 Uncommon trap: trap_request=0xffffffc6 fr.pc=0x000001ee5d8da50c relative=0x00000000000004cc
Event: 20.044 Thread 0x000001ee52b098c0 Uncommon trap: reason=bimorphic_or_optimized_type_check action=maybe_recompile pc=0x000001ee5d8da50c method=java.io.DataInputStream.readUnsignedByte()I @ 4 c2
Event: 20.044 Thread 0x000001ee52b098c0 DEOPT PACKING pc=0x000001ee5d8da50c sp=0x000000060daf8860
Event: 20.044 Thread 0x000001ee52b098c0 DEOPT UNPACKING pc=0x000001ee5d103aa2 sp=0x000000060daf87a8 mode 2
Event: 20.044 Thread 0x000001ee52b098c0 Uncommon trap: trap_request=0xffffffc6 fr.pc=0x000001ee5d8da50c relative=0x00000000000004cc
Event: 20.044 Thread 0x000001ee52b098c0 Uncommon trap: reason=bimorphic_or_optimized_type_check action=maybe_recompile pc=0x000001ee5d8da50c method=java.io.DataInputStream.readUnsignedByte()I @ 4 c2
Event: 20.044 Thread 0x000001ee52b098c0 DEOPT PACKING pc=0x000001ee5d8da50c sp=0x000000060daf87d0
Event: 20.044 Thread 0x000001ee52b098c0 DEOPT UNPACKING pc=0x000001ee5d103aa2 sp=0x000000060daf8718 mode 2
Event: 20.044 Thread 0x000001ee52b098c0 Uncommon trap: trap_request=0xffffffc6 fr.pc=0x000001ee5d8da50c relative=0x00000000000004cc
Event: 20.044 Thread 0x000001ee52b098c0 Uncommon trap: reason=bimorphic_or_optimized_type_check action=maybe_recompile pc=0x000001ee5d8da50c method=java.io.DataInputStream.readUnsignedByte()I @ 4 c2
Event: 20.044 Thread 0x000001ee52b098c0 DEOPT PACKING pc=0x000001ee5d8da50c sp=0x000000060daf87d0
Event: 20.044 Thread 0x000001ee52b098c0 DEOPT UNPACKING pc=0x000001ee5d103aa2 sp=0x000000060daf8718 mode 2
Event: 20.044 Thread 0x000001ee52b098c0 Uncommon trap: trap_request=0xffffffc6 fr.pc=0x000001ee5d8da50c relative=0x00000000000004cc
Event: 20.044 Thread 0x000001ee52b098c0 Uncommon trap: reason=bimorphic_or_optimized_type_check action=maybe_recompile pc=0x000001ee5d8da50c method=java.io.DataInputStream.readUnsignedByte()I @ 4 c2
Event: 20.044 Thread 0x000001ee52b098c0 DEOPT PACKING pc=0x000001ee5d8da50c sp=0x000000060daf87d0
Event: 20.044 Thread 0x000001ee52b098c0 DEOPT UNPACKING pc=0x000001ee5d103aa2 sp=0x000000060daf8718 mode 2

Classes loaded (20 events):
Event: 20.045 Loading class java/time/zone/TzdbZoneRulesProvider
Event: 20.046 Loading class java/time/zone/TzdbZoneRulesProvider done
Event: 20.047 Loading class java/time/zone/Ser
Event: 20.048 Loading class java/io/Externalizable
Event: 20.048 Loading class java/io/Externalizable done
Event: 20.048 Loading class java/time/zone/Ser done
Event: 20.049 Loading class java/util/Formatter$FixedString
Event: 20.049 Loading class java/util/Formatter$FixedString done
Event: 20.065 Loading class java/util/concurrent/TimeoutException
Event: 20.065 Loading class java/util/concurrent/TimeoutException done
Event: 20.091 Loading class java/util/PropertyResourceBundle
Event: 20.091 Loading class java/util/PropertyResourceBundle done
Event: 20.091 Loading class sun/util/PropertyResourceBundleCharset
Event: 20.092 Loading class sun/util/PropertyResourceBundleCharset done
Event: 20.092 Loading class sun/util/PropertyResourceBundleCharset$PropertiesFileDecoder
Event: 20.092 Loading class sun/util/PropertyResourceBundleCharset$PropertiesFileDecoder done
Event: 20.092 Loading class java/lang/invoke/DirectMethodHandle$StaticAccessor
Event: 20.092 Loading class java/lang/invoke/DirectMethodHandle$StaticAccessor done
Event: 20.110 Loading class java/lang/AbstractMethodError
Event: 20.110 Loading class java/lang/AbstractMethodError done

Classes unloaded (0 events):
No events

Classes redefined (0 events):
No events

Internal exceptions (20 events):
Event: 1.973 Thread 0x000001ee507abda0 Exception <a 'java/lang/NoSuchMethodError'{0x00000000d58fec68}: 'void java.lang.invoke.DirectMethodHandle$Holder.invokeStatic(java.lang.Object, java.lang.Object, java.lang.Object, java.lang.Object)'> (0x00000000d58fec68) 
thrown [s\src\hotspot\share\interpreter\linkResolver.cpp, line 773]
Event: 1.974 Thread 0x000001ee507abda0 Implicit null exception at 0x000001ee5d85e49a to 0x000001ee5d85e6a4
Event: 1.974 Thread 0x000001ee507abda0 Implicit null exception at 0x000001ee5d85e0bd to 0x000001ee5d85e141
Event: 2.057 Thread 0x000001ee507abda0 Exception <a 'java/lang/NoSuchMethodError'{0x00000000d5c45428}: 'void java.lang.invoke.DirectMethodHandle$Holder.invokeSpecial(java.lang.Object, java.lang.Object, java.lang.Object)'> (0x00000000d5c45428) 
thrown [s\src\hotspot\share\interpreter\linkResolver.cpp, line 773]
Event: 2.264 Thread 0x000001ee507abda0 Exception <a 'java/lang/NoSuchMethodError'{0x00000000d658dd68}: 'int java.lang.invoke.DirectMethodHandle$Holder.invokeVirtual(java.lang.Object, java.lang.Object)'> (0x00000000d658dd68) 
thrown [s\src\hotspot\share\interpreter\linkResolver.cpp, line 773]
Event: 2.322 Thread 0x000001ee507abda0 Exception <a 'java/lang/NoSuchMethodError'{0x00000000d6716138}: 'int java.lang.invoke.DirectMethodHandle$Holder.invokeStaticInit(java.lang.Object, java.lang.Object, java.lang.Object, java.lang.Object)'> (0x00000000d6716138) 
thrown [s\src\hotspot\share\interpreter\linkResolver.cpp, line 773]
Event: 2.323 Thread 0x000001ee507abda0 Exception <a 'java/lang/IncompatibleClassChangeError'{0x00000000d671e540}: Found class java.lang.Object, but interface was expected> (0x00000000d671e540) 
thrown [s\src\hotspot\share\interpreter\linkResolver.cpp, line 840]
Event: 2.324 Thread 0x000001ee507abda0 Exception <a 'java/lang/NoSuchMethodError'{0x00000000d67253b0}: 'void java.lang.invoke.DirectMethodHandle$Holder.invokeStaticInit(java.lang.Object, java.lang.Object)'> (0x00000000d67253b0) 
thrown [s\src\hotspot\share\interpreter\linkResolver.cpp, line 773]
Event: 2.325 Thread 0x000001ee507abda0 Exception <a 'java/lang/NoSuchMethodError'{0x00000000d672eec8}: 'int java.lang.invoke.DirectMethodHandle$Holder.invokeStaticInit(java.lang.Object, java.lang.Object)'> (0x00000000d672eec8) 
thrown [s\src\hotspot\share\interpreter\linkResolver.cpp, line 773]
Event: 3.387 Thread 0x000001ee507abda0 Exception <a 'java/lang/NoSuchMethodError'{0x00000000d69a3c10}: 'java.lang.Object java.lang.invoke.DirectMethodHandle$Holder.newInvokeSpecial(java.lang.Object, int, java.lang.Object)'> (0x00000000d69a3c10) 
thrown [s\src\hotspot\share\interpreter\linkResolver.cpp, line 773]
Event: 3.440 Thread 0x000001ee507abda0 Exception <a 'java/lang/ClassNotFoundException'{0x00000000d6bd5c30}: sun/net/www/protocol/plurl/Handler> (0x00000000d6bd5c30) 
thrown [s\src\hotspot\share\classfile\systemDictionary.cpp, line 312]
Event: 3.440 Thread 0x000001ee507abda0 Exception <a 'java/lang/ClassNotFoundException'{0x00000000d6bd6ab0}: sun/net/www/protocol/plurl/Handler> (0x00000000d6bd6ab0) 
thrown [s\src\hotspot\share\classfile\systemDictionary.cpp, line 312]
Event: 14.753 Thread 0x000001ee507abda0 Exception <a 'java/lang/UnsatisfiedLinkError'{0x00000000d57e0980}: 'void org.eclipse.equinox.launcher.JNIBridge._update_splash()'> (0x00000000d57e0980) 
thrown [s\src\hotspot\share\prims\nativeLookup.cpp, line 415]
Event: 15.824 Thread 0x000001ee52b098c0 Exception <a 'java/lang/NullPointerException'{0x00000000d5b27568}> (0x00000000d5b27568) 
thrown [s\src\hotspot\share\interpreter\linkResolver.cpp, line 1372]
Event: 15.824 Thread 0x000001ee52b098c0 Exception <a 'java/lang/NullPointerException'{0x00000000d5b27848}> (0x00000000d5b27848) 
thrown [s\src\hotspot\share\interpreter\linkResolver.cpp, line 1372]
Event: 18.845 Thread 0x000001ee52b098c0 Exception <a 'java/lang/NoSuchMethodError'{0x00000000d64274f8}: 'long java.lang.invoke.DirectMethodHandle$Holder.invokeSpecial(java.lang.Object, java.lang.Object)'> (0x00000000d64274f8) 
thrown [s\src\hotspot\share\interpreter\linkResolver.cpp, line 773]
Event: 19.924 Thread 0x000001ee52b098c0 Exception <a 'java/io/FileNotFoundException'{0x00000000d65f1ce0}> (0x00000000d65f1ce0) 
thrown [s\src\hotspot\share\prims\jni.cpp, line 520]
Event: 20.004 Thread 0x000001ee52b098c0 Exception <a 'java/lang/NoSuchMethodError'{0x00000000d6937fa8}: 'java.lang.Object java.lang.invoke.Invokers$Holder.linkToTargetMethod(java.lang.Object, long, java.lang.Object)'> (0x00000000d6937fa8) 
thrown [s\src\hotspot\share\interpreter\linkResolver.cpp, line 773]
Event: 20.066 Thread 0x000001ee52b098c0 Exception <a 'java/lang/NoSuchMethodError'{0x00000000d6cbf6b8}: 'void java.lang.invoke.DirectMethodHandle$Holder.invokeInterface(java.lang.Object, java.lang.Object, java.lang.Object)'> (0x00000000d6cbf6b8) 
thrown [s\src\hotspot\share\interpreter\linkResolver.cpp, line 773]
Event: 20.094 Thread 0x000001ee52b098c0 Exception <a 'java/lang/NoSuchMethodError'{0x00000000d55dccd0}: 'void java.lang.invoke.Invokers$Holder.invokeExact_MT(java.lang.Object, java.lang.Object, java.lang.Object)'> (0x00000000d55dccd0) 
thrown [s\src\hotspot\share\interpreter\linkResolver.cpp, line 773]

ZGC Phase Switch (0 events):
No events

VM Operations (20 events):
Event: 3.436 Executing non-safepoint VM operation: HandshakeAllThreads (Deoptimize) done
Event: 3.492 Executing safepoint VM operation: ParallelGCFailedAllocation (Allocation Failure)
Event: 3.498 Executing safepoint VM operation: ParallelGCFailedAllocation (Allocation Failure) done
Event: 4.510 Executing safepoint VM operation: Cleanup
Event: 4.510 Executing safepoint VM operation: Cleanup done
Event: 15.603 Executing safepoint VM operation: Cleanup
Event: 15.820 Executing safepoint VM operation: Cleanup done
Event: 16.823 Executing safepoint VM operation: Cleanup
Event: 16.823 Executing safepoint VM operation: Cleanup done
Event: 18.746 Executing non-safepoint VM operation: HandshakeAllThreads (Deoptimize)
Event: 18.746 Executing non-safepoint VM operation: HandshakeAllThreads (Deoptimize) done
Event: 18.746 Executing safepoint VM operation: Cleanup
Event: 18.746 Executing safepoint VM operation: Cleanup done
Event: 19.752 Executing safepoint VM operation: Cleanup
Event: 19.874 Executing safepoint VM operation: Cleanup done
Event: 20.045 Executing non-safepoint VM operation: HandshakeAllThreads (Deoptimize)
Event: 20.045 Executing non-safepoint VM operation: HandshakeAllThreads (Deoptimize) done
Event: 20.085 Executing safepoint VM operation: ParallelGCFailedAllocation (Allocation Failure)
Event: 20.089 Executing safepoint VM operation: ParallelGCFailedAllocation (Allocation Failure) done
Event: 21.097 Executing safepoint VM operation: Cleanup

Memory protections (0 events):
No events

Nmethod flushes (0 events):
No events

Events (20 events):
Event: 2.103 Thread 0x000001ee6a9c31c0 Thread added: 0x000001ee71029f70
Event: 2.335 Thread 0x000001ee507abda0 Thread added: 0x000001ee52b0b300
Event: 3.384 Thread 0x000001ee6a9cc920 Thread exited: 0x000001ee6a9cc920
Event: 3.385 Thread 0x000001ee6a9c31c0 Thread exited: 0x000001ee6a9c31c0
Event: 3.479 Thread 0x000001ee52b1b410 Thread added: 0x000001ee7136d410
Event: 3.682 Thread 0x000001ee71029f70 Thread exited: 0x000001ee71029f70
Event: 3.697 Thread 0x000001ee6c255230 Thread exited: 0x000001ee6c255230
Event: 3.697 Thread 0x000001ee6c1b7fe0 Thread exited: 0x000001ee6c1b7fe0
Event: 6.482 Thread 0x000001ee7136d410 Thread exited: 0x000001ee7136d410
Event: 14.749 Thread 0x000001ee507abda0 Thread added: 0x000001ee52b09230
Event: 14.752 Thread 0x000001ee507abda0 Thread added: 0x000001ee52b098c0
Event: 18.736 Thread 0x000001ee52b098c0 Thread added: 0x000001ee71323200
Event: 18.749 Thread 0x000001ee52b1b410 Thread added: 0x000001ee710f7990
Event: 18.749 Thread 0x000001ee52b1b410 Thread added: 0x000001ee710baad0
Event: 18.851 Thread 0x000001ee710f7990 Thread added: 0x000001ee6c7c6cd0
Event: 18.851 Thread 0x000001ee710f7990 Thread added: 0x000001ee6c7c7380
Event: 19.884 Thread 0x000001ee710baad0 Thread exited: 0x000001ee710baad0
Event: 20.071 Thread 0x000001ee52b098c0 Thread added: 0x000001ee71322b70
Event: 20.117 Thread 0x000001ee52b1b410 Thread added: 0x000001ee6a9d3db0
Event: 20.117 Thread 0x000001ee52b1b410 Thread added: 0x000001ee711da310


Dynamic libraries:
0x00007ff74d210000 - 0x00007ff74d21e000 	c:\Users\RISHABH UPWANSHI\.vscode\extensions\redhat.java-1.54.0-win32-x64\jre\21.0.10-win32-x86_64\bin\java.exe
0x00007ffb71840000 - 0x00007ffb71aa6000 	C:\Windows\SYSTEM32\ntdll.dll
0x00007ffb6fe80000 - 0x00007ffb6ff49000 	C:\Windows\System32\KERNEL32.DLL
0x00007ffb6f1b0000 - 0x00007ffb6f5aa000 	C:\Windows\System32\KERNELBASE.dll
0x00007ffb6ecd0000 - 0x00007ffb6ee1c000 	C:\Windows\System32\ucrtbase.dll
0x00007ffb4e3b0000 - 0x00007ffb4e3c8000 	c:\Users\RISHABH UPWANSHI\.vscode\extensions\redhat.java-1.54.0-win32-x64\jre\21.0.10-win32-x86_64\bin\jli.dll
0x00007ffb3ea00000 - 0x00007ffb3ea1e000 	c:\Users\RISHABH UPWANSHI\.vscode\extensions\redhat.java-1.54.0-win32-x64\jre\21.0.10-win32-x86_64\bin\VCRUNTIME140.dll
0x00007ffb71510000 - 0x00007ffb716d7000 	C:\Windows\System32\USER32.dll
0x00007ffb54740000 - 0x00007ffb549d2000 	C:\Windows\WinSxS\amd64_microsoft.windows.common-controls_6595b64144ccf1df_6.0.26100.8521_none_3e08b75ce33403b3\COMCTL32.dll
0x00007ffb6f0d0000 - 0x00007ffb6f0f7000 	C:\Windows\System32\win32u.dll
0x00007ffb708e0000 - 0x00007ffb7090b000 	C:\Windows\System32\GDI32.dll
0x00007ffb701e0000 - 0x00007ffb70289000 	C:\Windows\System32\msvcrt.dll
0x00007ffb6efa0000 - 0x00007ffb6f0cb000 	C:\Windows\System32\gdi32full.dll
0x00007ffb6f100000 - 0x00007ffb6f1a3000 	C:\Windows\System32\msvcp_win.dll
0x00007ffb71270000 - 0x00007ffb712a2000 	C:\Windows\System32\IMM32.DLL
0x00007ffb5a190000 - 0x00007ffb5a19c000 	c:\Users\RISHABH UPWANSHI\.vscode\extensions\redhat.java-1.54.0-win32-x64\jre\21.0.10-win32-x86_64\bin\vcruntime140_1.dll
0x00007ffb34370000 - 0x00007ffb343fd000 	c:\Users\RISHABH UPWANSHI\.vscode\extensions\redhat.java-1.54.0-win32-x64\jre\21.0.10-win32-x86_64\bin\msvcp140.dll
0x00007ffae5660000 - 0x00007ffae6401000 	c:\Users\RISHABH UPWANSHI\.vscode\extensions\redhat.java-1.54.0-win32-x64\jre\21.0.10-win32-x86_64\bin\server\jvm.dll
0x00007ffb6f630000 - 0x00007ffb6f6e6000 	C:\Windows\System32\ADVAPI32.dll
0x00007ffb70910000 - 0x00007ffb709ba000 	C:\Windows\System32\sechost.dll
0x00007ffb709c0000 - 0x00007ffb70ad8000 	C:\Windows\System32\RPCRT4.dll
0x00007ffb70080000 - 0x00007ffb70100000 	C:\Windows\System32\WS2_32.dll
0x00007ffb6e930000 - 0x00007ffb6e98e000 	C:\Windows\SYSTEM32\POWRPROF.dll
0x00007ffb63320000 - 0x00007ffb63356000 	C:\Windows\SYSTEM32\WINMM.dll
0x00007ffb67920000 - 0x00007ffb6792b000 	C:\Windows\SYSTEM32\VERSION.dll
0x00007ffb6e910000 - 0x00007ffb6e924000 	C:\Windows\SYSTEM32\UMPDC.dll
0x00007ffb6d860000 - 0x00007ffb6d87b000 	C:\Windows\SYSTEM32\kernel.appcore.dll
0x00007ffb5a0b0000 - 0x00007ffb5a0ba000 	c:\Users\RISHABH UPWANSHI\.vscode\extensions\redhat.java-1.54.0-win32-x64\jre\21.0.10-win32-x86_64\bin\jimage.dll
0x00007ffb56ad0000 - 0x00007ffb56d12000 	C:\Windows\SYSTEM32\DBGHELP.DLL
0x00007ffb703c0000 - 0x00007ffb70743000 	C:\Windows\System32\combase.dll
0x00007ffb702e0000 - 0x00007ffb703b9000 	C:\Windows\System32\OLEAUT32.dll
0x00007ffb4e590000 - 0x00007ffb4e5cb000 	C:\Windows\SYSTEM32\dbgcore.DLL
0x00007ffb6ead0000 - 0x00007ffb6eb78000 	C:\Windows\System32\bcryptPrimitives.dll
0x00007ffb56910000 - 0x00007ffb5691f000 	c:\Users\RISHABH UPWANSHI\.vscode\extensions\redhat.java-1.54.0-win32-x64\jre\21.0.10-win32-x86_64\bin\instrument.dll
0x00007ffb3e9c0000 - 0x00007ffb3e9e0000 	c:\Users\RISHABH UPWANSHI\.vscode\extensions\redhat.java-1.54.0-win32-x64\jre\21.0.10-win32-x86_64\bin\java.dll
0x00007ffb6f6f0000 - 0x00007ffb6fe74000 	C:\Windows\System32\SHELL32.dll
0x00007ffb6c660000 - 0x00007ffb6cee0000 	C:\Windows\SYSTEM32\windows.storage.dll
0x00007ffb71700000 - 0x00007ffb717f6000 	C:\Windows\System32\SHCORE.dll
0x00007ffb6ff50000 - 0x00007ffb6ffb7000 	C:\Windows\System32\shlwapi.dll
0x00007ffb6e9f0000 - 0x00007ffb6ea19000 	C:\Windows\SYSTEM32\profapi.dll
0x00007ffb3e9e0000 - 0x00007ffb3e9f8000 	c:\Users\RISHABH UPWANSHI\.vscode\extensions\redhat.java-1.54.0-win32-x64\jre\21.0.10-win32-x86_64\bin\zip.dll
0x00007ffb3ea40000 - 0x00007ffb3ea50000 	C:\Users\RISHABH UPWANSHI\.vscode\extensions\redhat.java-1.54.0-win32-x64\jre\21.0.10-win32-x86_64\bin\net.dll
0x00007ffb68840000 - 0x00007ffb68969000 	C:\Windows\SYSTEM32\WINHTTP.dll
0x00007ffb6ddd0000 - 0x00007ffb6de3c000 	C:\Windows\system32\mswsock.dll
0x00007ffb34840000 - 0x00007ffb34856000 	C:\Users\RISHABH UPWANSHI\.vscode\extensions\redhat.java-1.54.0-win32-x64\jre\21.0.10-win32-x86_64\bin\nio.dll
0x00007ffb342b0000 - 0x00007ffb342c0000 	c:\Users\RISHABH UPWANSHI\.vscode\extensions\redhat.java-1.54.0-win32-x64\jre\21.0.10-win32-x86_64\bin\verify.dll
0x00007ffb33840000 - 0x00007ffb33885000 	C:\Users\RISHABH UPWANSHI\AppData\Roaming\Code\User\globalStorage\redhat.java\1.54.0\config_ss_win\org.eclipse.equinox.launcher\org.eclipse.equinox.launcher.win32.win32.x86_64_1.3.0.v20260203-2149\eclipse_11919.dll
0x00007ffb70ae0000 - 0x00007ffb70c78000 	C:\Windows\System32\ole32.dll

JVMTI agents:
c:\Users\RISHABH UPWANSHI\.vscode\extensions\redhat.java-1.54.0-win32-x64\lombok\lombok-1.18.39-4050.jar path:c:\Users\RISHABH UPWANSHI\.vscode\extensions\redhat.java-1.54.0-win32-x64\jre\21.0.10-win32-x86_64\bin\instrument.dll, loaded, initialized, instrumentlib options:none

dbghelp: loaded successfully - version: 4.0.5 - missing functions: none
symbol engine: initialized successfully - sym options: 0x614 - pdb path: .;c:\Users\RISHABH UPWANSHI\.vscode\extensions\redhat.java-1.54.0-win32-x64\jre\21.0.10-win32-x86_64\bin;C:\Windows\SYSTEM32;C:\Windows\WinSxS\amd64_microsoft.windows.common-controls_6595b64144ccf1df_6.0.26100.8521_none_3e08b75ce33403b3;c:\Users\RISHABH UPWANSHI\.vscode\extensions\redhat.java-1.54.0-win32-x64\jre\21.0.10-win32-x86_64\bin\server;C:\Users\RISHABH UPWANSHI\AppData\Roaming\Code\User\globalStorage\redhat.java\1.54.0\config_ss_win\org.eclipse.equinox.launcher\org.eclipse.equinox.launcher.win32.win32.x86_64_1.3.0.v20260203-2149

VM Arguments:
jvm_args: --add-modules=ALL-SYSTEM --add-opens=java.base/java.util=ALL-UNNAMED --add-opens=java.base/java.lang=ALL-UNNAMED --add-opens=java.base/sun.nio.fs=ALL-UNNAMED -Declipse.application=org.eclipse.jdt.ls.core.id1 -Dosgi.bundles.defaultStartLevel=4 -Declipse.product=org.eclipse.jdt.ls.core.product -Djava.import.generatesMetadataFilesAtProjectRoot=false -DDetectVMInstallationsJob.disabled=true -Dfile.encoding=utf8 -XX:+UseParallelGC -XX:GCTimeRatio=4 -XX:AdaptiveSizePolicyWeight=90 -Dsun.zip.disableMemoryMapping=true -Xmx2G -Xms100m -Xlog:disable -javaagent:c:\Users\RISHABH UPWANSHI\.vscode\extensions\redhat.java-1.54.0-win32-x64\lombok\lombok-1.18.39-4050.jar 
java_command: c:\Users\RISHABH UPWANSHI\.vscode\extensions\redhat.java-1.54.0-win32-x64\server\plugins\org.eclipse.equinox.launcher_1.7.100.v20251111-0406.jar -configuration c:\Users\RISHABH UPWANSHI\AppData\Roaming\Code\User\globalStorage\redhat.java\1.54.0\config_ss_win -data c:\Users\RISHABH UPWANSHI\AppData\Roaming\Code\User\workspaceStorage\f4a2606078933381c2a47e88c5c240c0\redhat.java\ss_ws --pipe=\\.\pipe\lsp-c1670c185196312fc061e91ed71310a4-sock
java_class_path (initial): c:\Users\RISHABH UPWANSHI\.vscode\extensions\redhat.java-1.54.0-win32-x64\server\plugins\org.eclipse.equinox.launcher_1.7.100.v20251111-0406.jar
Launcher Type: SUN_STANDARD

[Global flags]
    uintx AdaptiveSizePolicyWeight                 = 90                                        {product} {command line}
     intx CICompilerCount                          = 12                                        {product} {ergonomic}
    uintx GCTimeRatio                              = 4                                         {product} {command line}
   size_t InitialHeapSize                          = 104857600                                 {product} {command line}
   size_t MaxHeapSize                              = 2147483648                                {product} {command line}
   size_t MaxNewSize                               = 715653120                                 {product} {ergonomic}
   size_t MinHeapDeltaBytes                        = 524288                                    {product} {ergonomic}
   size_t MinHeapSize                              = 104857600                                 {product} {command line}
   size_t NewSize                                  = 34603008                                  {product} {ergonomic}
    uintx NonNMethodCodeHeapSize                   = 7602480                                {pd product} {ergonomic}
    uintx NonProfiledCodeHeapSize                  = 122027880                              {pd product} {ergonomic}
   size_t OldSize                                  = 70254592                                  {product} {ergonomic}
    uintx ProfiledCodeHeapSize                     = 122027880                              {pd product} {ergonomic}
    uintx ReservedCodeCacheSize                    = 251658240                              {pd product} {ergonomic}
     bool SegmentedCodeCache                       = true                                      {product} {ergonomic}
   size_t SoftMaxHeapSize                          = 2147483648                             {manageable} {ergonomic}
     bool UseCompressedOops                        = true                           {product lp64_product} {ergonomic}
     bool UseLargePagesIndividualAllocation        = false                                  {pd product} {ergonomic}
     bool UseParallelGC                            = true                                      {product} {command line}

Logging:
Log output configuration:
 #0: stdout all=off uptime,level,tags foldmultilines=false
 #1: stderr all=off uptime,level,tags foldmultilines=false

Release file:
JAVA_VERSION="21.0.10" 
MODULES="java.base java.compiler java.datatransfer java.xml java.prefs java.desktop java.instrument java.logging java.management java.security.sasl java.naming java.rmi java.management.rmi java.net.http java.scripting java.security.jgss java.transaction.xa java.sql java.sql.rowset java.xml.crypto java.se java.smartcardio jdk.accessibility jdk.internal.jvmstat jdk.attach jdk.charsets jdk.internal.opt jdk.zipfs jdk.compiler jdk.crypto.ec jdk.crypto.cryptoki jdk.crypto.mscapi jdk.dynalink jdk.internal.ed jdk.editpad jdk.hotspot.agent jdk.httpserver jdk.internal.le jdk.internal.vm.ci jdk.internal.vm.compiler jdk.internal.vm.compiler.management jdk.jartool jdk.javadoc jdk.jcmd jdk.management jdk.management.agent jdk.jconsole jdk.jdeps jdk.jdwp.agent jdk.jdi jdk.jfr jdk.jshell jdk.jsobject jdk.jstatd jdk.localedata jdk.management.jfr jdk.naming.dns jdk.naming.rmi jdk.net jdk.nio.mapmode jdk.random jdk.sctp jdk.security.auth jdk.security.jgss jdk.unsupported jdk.unsupported.desktop jdk.xml.dom" 

Environment Variables:
PATH=C:\Program Files\Common Files\Oracle\Java\javapath;C:\Python313\Scripts\;C:\Python313\;C:\Windows\system32;C:\Windows;C:\Windows\System32\Wbem;C:\Windows\System32\WindowsPowerShell\v1.0\;C:\Windows\System32\OpenSSH\;C:\Program Files (x86)\NVIDIA Corporation\PhysX\Common;C:\Program Files\dotnet\;C:\Program Files\NVIDIA Corporation\NVIDIA App\NvDLISR;C:\ProgramData\chocolatey\bin;C:\TDM-GCC-64\bin;C:\msys64\ucrt64\bin;C:\Program Files\Git\cmd;C:\Program Files\MongoDB\Server\8.2\bin;C:\Program Files\nodejs\;C:\Program Files\Microsoft SQL Server\170\Tools\Binn\;C:\Program Files\Microsoft SQL Server\Client SDK\ODBC\170\Tools\Binn\;E:\apache-maven-3.9.16-bin\apache-maven-3.9.16\bin;C:\Users\RISHABH UPWANSHI\AppData\Local\agy\bin;C:\Program Files\MySQL\MySQL Shell 8.0\bin\;C:\Users\RISHABH UPWANSHI\AppData\Local\Microsoft\WindowsApps;C:\Users\RISHABH UPWANSHI\AppData\Local\Programs\Microsoft VS Code\bin;C:\MinGW\bin;C:\Program Files\JetBrains\WebStorm 2025.2.2\bin;C:\Program Files\MySQL\MySQL Server 8.0\bin;C:\Program Files\mongosh\;C:\Users\RISHABH UPWANSHI\AppData\Roaming\npm;C:\Users\RISHABH UPWANSHI\.dotnet\tools;C:\Program Files\PostgreSQL\17\bin;
USERNAME=RISHABH UPWANSHI
OS=Windows_NT
PROCESSOR_IDENTIFIER=AMD64 Family 25 Model 68 Stepping 1, AuthenticAMD
TMP=C:\Users\RISHAB~1\AppData\Local\Temp
TEMP=C:\Users\RISHAB~1\AppData\Local\Temp




Periodic native trim disabled

---------------  S Y S T E M  ---------------

OS:
 Windows 11 , 64 bit Build 26100 (10.0.26100.8521)
OS uptime: 0 days 0:22 hours
Hyper-V role detected

CPU: total 16 (initial active 16) (16 cores per cpu, 2 threads per core) family 25 model 68 stepping 1 microcode 0xa404107, cx8, cmov, fxsr, ht, mmx, 3dnowpref, sse, sse2, sse3, ssse3, sse4a, sse4.1, sse4.2, popcnt, lzcnt, tsc, tscinvbit, avx, avx2, aes, erms, clmul, bmi1, bmi2, adx, sha, fma, vzeroupper, clflush, clflushopt, hv, rdtscp, rdpid, fsrm, f16c, cet_ss
Processor Information for the first 16 processors :
  Max Mhz: 3100, Current Mhz: 3100, Mhz Limit: 3100

Memory: 4k page, system-wide physical 16202M (6682M free)
TotalPageFile size 16202M (AvailPageFile size 13M)
current process WorkingSet (physical memory assigned to process): 109M, peak: 109M
current process commit charge ("private bytes"): 267M, peak: 267M

vm_info: OpenJDK 64-Bit Server VM (21.0.10+7-LTS) for windows-amd64 JRE (21.0.10+7-LTS), built on 2026-01-20T00:00:00Z by "admin" with MS VC++ 17.12 (VS2022)

END.
