#
# There is insufficient memory for the Java Runtime Environment to continue.
# Native memory allocation (malloc) failed to allocate 1847664 bytes. Error detail: Chunk::new
# Possible reasons:
#   The system is out of physical RAM or swap space
#   This process is running with CompressedOops enabled, and the Java Heap may be blocking the growth of the native heap
# Possible solutions:
#   Reduce memory load on the system
#   Increase physical memory or swap space
#   Check if swap backing store is full
#   Decrease Java heap size (-Xmx/-Xms)
#   Decrease number of Java threads
#   Decrease Java thread stack sizes (-Xss)
#   Set larger code cache with -XX:ReservedCodeCacheSize=
#   JVM is running with Unscaled Compressed Oops mode in which the Java heap is
#     placed in the first 4GB address space. The Java Heap base address is the
#     maximum limit for the native heap growth. Please use -XX:HeapBaseMinAddress
#     to set the Java Heap base and to place the Java Heap above 4GB virtual address.
# This output file may be truncated or incomplete.
#
#  Out of Memory Error (arena.cpp:168), pid=19464, tid=18036
#
# JRE version: OpenJDK Runtime Environment Temurin-21.0.10+7 (21.0.10+7) (build 21.0.10+7-LTS)
# Java VM: OpenJDK 64-Bit Server VM Temurin-21.0.10+7 (21.0.10+7-LTS, mixed mode, sharing, tiered, compressed oops, compressed class ptrs, parallel gc, windows-amd64)
# No core dump will be written. Minidumps are not enabled by default on client versions of Windows
#

---------------  S U M M A R Y ------------

Command Line: --add-modules=ALL-SYSTEM --add-opens=java.base/java.util=ALL-UNNAMED --add-opens=java.base/java.lang=ALL-UNNAMED --add-opens=java.base/sun.nio.fs=ALL-UNNAMED -Declipse.application=org.eclipse.jdt.ls.core.id1 -Dosgi.bundles.defaultStartLevel=4 -Declipse.product=org.eclipse.jdt.ls.core.product -Djava.import.generatesMetadataFilesAtProjectRoot=false -DDetectVMInstallationsJob.disabled=true -Dfile.encoding=utf8 -XX:+UseParallelGC -XX:GCTimeRatio=4 -XX:AdaptiveSizePolicyWeight=90 -Dsun.zip.disableMemoryMapping=true -Xmx2G -Xms100m -Xlog:disable -javaagent:c:\Users\RISHABH UPWANSHI\.vscode\extensions\redhat.java-1.54.0-win32-x64\lombok\lombok-1.18.39-4050.jar -XX:+HeapDumpOnOutOfMemoryError -XX:HeapDumpPath=c:\Users\RISHABH UPWANSHI\AppData\Roaming\Code\User\workspaceStorage\f4a2606078933381c2a47e88c5c240c0\redhat.java -Daether.dependencyCollector.impl=bf c:\Users\RISHABH UPWANSHI\.vscode\extensions\redhat.java-1.54.0-win32-x64\server\plugins\org.eclipse.equinox.launcher_1.7.100.v20251111-0406.jar -configuration c:\Users\RISHABH UPWANSHI\AppData\Roaming\Code\User\globalStorage\redhat.java\1.54.0\config_win -data c:\Users\RISHABH UPWANSHI\AppData\Roaming\Code\User\workspaceStorage\f4a2606078933381c2a47e88c5c240c0\redhat.java\jdt_ws --pipe=\\.\pipe\lsp-45575f494dc41544df8b7c182c1111b9-sock

Host: AMD Ryzen 7 7435HS                             , 16 cores, 15G,  Windows 11 , 64 bit Build 26100 (10.0.26100.8521)
Time: Wed Jun 24 21:38:26 2026 India Standard Time elapsed time: 32.503496 seconds (0d 0h 0m 32s)

---------------  T H R E A D  ---------------

Current thread (0x000001daf50bb690):  JavaThread "C2 CompilerThread1" daemon [_thread_in_native, id=18036, stack(0x000000b11bf00000,0x000000b11c000000) (1024K)]


Current CompileTask:
C2:32503 4886   !   4       org.eclipse.osgi.internal.loader.classpath.ClasspathManager::findClassImpl (328 bytes)

Stack: [0x000000b11bf00000,0x000000b11c000000]
Native frames: (J=compiled Java code, j=interpreted, Vv=VM code, C=native code)
V  [jvm.dll+0x6d7a39]
V  [jvm.dll+0x8b4b26]
V  [jvm.dll+0x8b70de]
V  [jvm.dll+0x8b77c3]
V  [jvm.dll+0x284346]
V  [jvm.dll+0xc66ed]
V  [jvm.dll+0xc6c31]
V  [jvm.dll+0x3bec3b]
V  [jvm.dll+0x38b162]
V  [jvm.dll+0x38a5aa]
V  [jvm.dll+0x24c560]
V  [jvm.dll+0x24bb40]
V  [jvm.dll+0x1cb34e]
V  [jvm.dll+0x25b85d]
V  [jvm.dll+0x259dea]
V  [jvm.dll+0x3f857e]
V  [jvm.dll+0x85f59d]
V  [jvm.dll+0x6d626d]
C  [ucrtbase.dll+0x2cd30]
C  [KERNEL32.DLL+0x2e957]
C  [ntdll.dll+0x87c1c]


---------------  P R O C E S S  ---------------

Threads class SMR info:
_java_thread_list=0x000001dafe24e120, length=37, elements={
0x000001dadacd8e50, 0x000001dadd1497a0, 0x000001dadd26cb60, 0x000001dadd153d50,
0x000001dadd1547b0, 0x000001dadd157b70, 0x000001dadd159050, 0x000001daf4f313e0,
0x000001daf4f31e80, 0x000001daf517b530, 0x000001daf68f50c0, 0x000001dafb101120,
0x000001dafb227350, 0x000001daf6a9a580, 0x000001daf6a9b3b0, 0x000001dafb52f3d0,
0x000001dafba717e0, 0x000001dafb1e5800, 0x000001dafb8aac00, 0x000001dafb0c2750,
0x000001dafbc7b930, 0x000001dafbc78b40, 0x000001dafbc79ef0, 0x000001daf50bb690,
0x000001dafc85d3a0, 0x000001dafc85c600, 0x000001dafbc79860, 0x000001dafc85ccd0,
0x000001dafc85da70, 0x000001dafc85b190, 0x000001dafc85b860, 0x000001dafc85bf30,
0x000001dafbc7a580, 0x000001dafbc791d0, 0x000001dafbc784b0, 0x000001dafbc7ac10,
0x000001dafbc7b2a0
}

Java Threads: ( => current thread )
  0x000001dadacd8e50 JavaThread "main"                              [_thread_blocked, id=19824, stack(0x000000b119800000,0x000000b119900000) (1024K)]
  0x000001dadd1497a0 JavaThread "Reference Handler"          daemon [_thread_blocked, id=19472, stack(0x000000b119c00000,0x000000b119d00000) (1024K)]
  0x000001dadd26cb60 JavaThread "Finalizer"                  daemon [_thread_blocked, id=19672, stack(0x000000b119d00000,0x000000b119e00000) (1024K)]
  0x000001dadd153d50 JavaThread "Signal Dispatcher"          daemon [_thread_blocked, id=19720, stack(0x000000b119e00000,0x000000b119f00000) (1024K)]
  0x000001dadd1547b0 JavaThread "Attach Listener"            daemon [_thread_blocked, id=21044, stack(0x000000b119f00000,0x000000b11a000000) (1024K)]
  0x000001dadd157b70 JavaThread "Service Thread"             daemon [_thread_blocked, id=19952, stack(0x000000b11a000000,0x000000b11a100000) (1024K)]
  0x000001dadd159050 JavaThread "Monitor Deflation Thread"   daemon [_thread_blocked, id=19900, stack(0x000000b11a100000,0x000000b11a200000) (1024K)]
  0x000001daf4f313e0 JavaThread "C2 CompilerThread0"         daemon [_thread_in_native, id=20564, stack(0x000000b11a200000,0x000000b11a300000) (1024K)]
  0x000001daf4f31e80 JavaThread "C1 CompilerThread0"         daemon [_thread_blocked, id=20968, stack(0x000000b11a300000,0x000000b11a400000) (1024K)]
  0x000001daf517b530 JavaThread "Common-Cleaner"             daemon [_thread_blocked, id=21192, stack(0x000000b11a700000,0x000000b11a800000) (1024K)]
  0x000001daf68f50c0 JavaThread "Notification Thread"        daemon [_thread_blocked, id=12820, stack(0x000000b11a900000,0x000000b11aa00000) (1024K)]
  0x000001dafb101120 JavaThread "Active Thread: Equinox Container: 8d2a435a-7682-42f4-8f58-1e806bc36b0b"        [_thread_blocked, id=22080, stack(0x000000b11b200000,0x000000b11b300000) (1024K)]
  0x000001dafb227350 JavaThread "Refresh Thread: Equinox Container: 8d2a435a-7682-42f4-8f58-1e806bc36b0b" daemon [_thread_blocked, id=12904, stack(0x000000b11a800000,0x000000b11a900000) (1024K)]
  0x000001daf6a9a580 JavaThread "Framework Event Dispatcher: Equinox Container: 8d2a435a-7682-42f4-8f58-1e806bc36b0b" daemon [_thread_blocked, id=15260, stack(0x000000b11aa00000,0x000000b11ab00000) (1024K)]
  0x000001daf6a9b3b0 JavaThread "Start Level: Equinox Container: 8d2a435a-7682-42f4-8f58-1e806bc36b0b" daemon [_thread_blocked, id=27504, stack(0x000000b11b100000,0x000000b11b200000) (1024K)]
  0x000001dafb52f3d0 JavaThread "Bundle File Closer"         daemon [_thread_blocked, id=10396, stack(0x000000b11b600000,0x000000b11b700000) (1024K)]
  0x000001dafba717e0 JavaThread "C1 CompilerThread1"         daemon [_thread_blocked, id=7864, stack(0x000000b11b500000,0x000000b11b600000) (1024K)]
  0x000001dafb1e5800 JavaThread "SCR Component Actor"        daemon [_thread_blocked, id=6832, stack(0x000000b11b700000,0x000000b11b800000) (1024K)]
  0x000001dafb8aac00 JavaThread "Worker-JM"                         [_thread_blocked, id=4324, stack(0x000000b11bb00000,0x000000b11bc00000) (1024K)]
  0x000001dafb0c2750 JavaThread "C1 CompilerThread2"         daemon [_thread_blocked, id=8316, stack(0x000000b11bc00000,0x000000b11bd00000) (1024K)]
  0x000001dafbc7b930 JavaThread "JNA Cleaner"                daemon [_thread_blocked, id=15548, stack(0x000000b11b800000,0x000000b11b900000) (1024K)]
  0x000001dafbc78b40 JavaThread "Worker-0: Repository registry initialization"        [_thread_in_Java, id=9152, stack(0x000000b11bd00000,0x000000b11be00000) (1024K)]
  0x000001dafbc79ef0 JavaThread "Worker-1"                          [_thread_blocked, id=22436, stack(0x000000b11be00000,0x000000b11bf00000) (1024K)]
=>0x000001daf50bb690 JavaThread "C2 CompilerThread1"         daemon [_thread_in_native, id=18036, stack(0x000000b11bf00000,0x000000b11c000000) (1024K)]
  0x000001dafc85d3a0 JavaThread "C1 CompilerThread3"         daemon [_thread_blocked, id=22444, stack(0x000000b11c000000,0x000000b11c100000) (1024K)]
  0x000001dafc85c600 JavaThread "C2 CompilerThread2"         daemon [_thread_in_native, id=4944, stack(0x000000b119700000,0x000000b119800000) (1024K)]
  0x000001dafbc79860 JavaThread "Java indexing"              daemon [_thread_blocked, id=11392, stack(0x000000b11c100000,0x000000b11c200000) (1024K)]
  0x000001dafc85ccd0 JavaThread "C2 CompilerThread3"         daemon [_thread_in_native, id=28560, stack(0x000000b11c200000,0x000000b11c300000) (1024K)]
  0x000001dafc85da70 JavaThread "C2 CompilerThread4"         daemon [_thread_in_native, id=17136, stack(0x000000b11c300000,0x000000b11c400000) (1024K)]
  0x000001dafc85b190 JavaThread "C2 CompilerThread5"         daemon [_thread_in_native, id=12816, stack(0x000000b11c400000,0x000000b11c500000) (1024K)]
  0x000001dafc85b860 JavaThread "C2 CompilerThread6"         daemon [_thread_in_native, id=12808, stack(0x000000b11c500000,0x000000b11c600000) (1024K)]
  0x000001dafc85bf30 JavaThread "C2 CompilerThread7"         daemon [_thread_in_native, id=12952, stack(0x000000b11c600000,0x000000b11c700000) (1024K)]
  0x000001dafbc7a580 JavaThread "Worker-2"                          [_thread_blocked, id=12460, stack(0x000000b11c700000,0x000000b11c800000) (1024K)]
  0x000001dafbc791d0 JavaThread "Worker-3"                          [_thread_blocked, id=23020, stack(0x000000b11c900000,0x000000b11ca00000) (1024K)]
  0x000001dafbc784b0 JavaThread "Worker-4"                          [_thread_blocked, id=15184, stack(0x000000b11ca00000,0x000000b11cb00000) (1024K)]
  0x000001dafbc7ac10 JavaThread "pool-2-thread-1"                   [_thread_blocked, id=16444, stack(0x000000b11cb00000,0x000000b11cc00000) (1024K)]
  0x000001dafbc7b2a0 JavaThread "Framework stop - Equinox Container: 8d2a435a-7682-42f4-8f58-1e806bc36b0b"        [_thread_blocked, id=9652, stack(0x000000b11cc00000,0x000000b11cd00000) (1024K)]
Total: 37

Other Threads:
  0x000001dadd141dd0 VMThread "VM Thread"                           [id=19444, stack(0x000000b119b00000,0x000000b119c00000) (1024K)]
  0x000001dadd03ca00 WatcherThread "VM Periodic Task Thread"        [id=21404, stack(0x000000b119a00000,0x000000b119b00000) (1024K)]
  0x000001dadd1cbbf0 WorkerThread "GC Thread#0"                     [id=19932, stack(0x000000b119900000,0x000000b119a00000) (1024K)]
  0x000001dafb04b4a0 WorkerThread "GC Thread#1"                     [id=22544, stack(0x000000b11ab00000,0x000000b11ac00000) (1024K)]
  0x000001dafb277ee0 WorkerThread "GC Thread#2"                     [id=23336, stack(0x000000b11ac00000,0x000000b11ad00000) (1024K)]
  0x000001dafb278290 WorkerThread "GC Thread#3"                     [id=29064, stack(0x000000b11ad00000,0x000000b11ae00000) (1024K)]
  0x000001dafb278640 WorkerThread "GC Thread#4"                     [id=28188, stack(0x000000b11ae00000,0x000000b11af00000) (1024K)]
  0x000001dafb2789f0 WorkerThread "GC Thread#5"                     [id=20272, stack(0x000000b11af00000,0x000000b11b000000) (1024K)]
  0x000001daf6fa7f10 WorkerThread "GC Thread#6"                     [id=28200, stack(0x000000b11b000000,0x000000b11b100000) (1024K)]
  0x000001daf6f48780 WorkerThread "GC Thread#7"                     [id=22096, stack(0x000000b11b300000,0x000000b11b400000) (1024K)]
  0x000001daf52609c0 WorkerThread "GC Thread#8"                     [id=3176, stack(0x000000b11a400000,0x000000b11a500000) (1024K)]
  0x000001dafb0c5ef0 WorkerThread "GC Thread#9"                     [id=19800, stack(0x000000b11a500000,0x000000b11a600000) (1024K)]
  0x000001daf6a254a0 WorkerThread "GC Thread#10"                    [id=29880, stack(0x000000b11a600000,0x000000b11a700000) (1024K)]
  0x000001dafbc3b540 WorkerThread "GC Thread#11"                    [id=2360, stack(0x000000b11b900000,0x000000b11ba00000) (1024K)]
  0x000001dafbc8f260 WorkerThread "GC Thread#12"                    [id=15540, stack(0x000000b11ba00000,0x000000b11bb00000) (1024K)]
Total: 15

Threads with active compile tasks:
C2 CompilerThread0  32522 5000   !   4       org.eclipse.osgi.internal.loader.classpath.ClasspathManager::findLocalClass (210 bytes)
C2 CompilerThread1  32523 4886   !   4       org.eclipse.osgi.internal.loader.classpath.ClasspathManager::findClassImpl (328 bytes)
C2 CompilerThread2  32523 4925       4       org.eclipse.osgi.internal.serviceregistry.ServiceRegistry::notifyHooksPrivileged (57 bytes)
C2 CompilerThread3  32523 5143       4       java.lang.invoke.MemberName::getMethodOrFieldType (72 bytes)
C2 CompilerThread4  32523 4911       4       org.eclipse.osgi.internal.loader.BundleLoader::addExportedProvidersFor (167 bytes)
C2 CompilerThread5  32523 5119       4       com.google.gson.internal.bind.TypeAdapterRuntimeTypeWrapper::read (9 bytes)
C2 CompilerThread6  32523 5121       4       com.google.gson.internal.bind.TypeAdapters$15::read (6 bytes)
C2 CompilerThread7  32523 5133       4       com.google.gson.stream.JsonReader::hasNext (36 bytes)
Total: 8

VM state: not at safepoint (normal execution)

VM Mutex/Monitor currently owned by a thread: None

Heap address: 0x0000000080000000, size: 2048 MB, Compressed Oops mode: 32-bit

CDS archive(s) mapped at: [0x000001da80000000-0x000001da80ba0000-0x000001da80ba0000), size 12189696, SharedBaseAddress: 0x000001da80000000, ArchiveRelocationMode: 1.
Compressed class space mapped at: 0x000001da81000000-0x000001dac1000000, reserved size: 1073741824
Narrow klass base: 0x000001da80000000, Narrow klass shift: 0, Narrow klass range: 0x100000000

GC Precious Log:
 CardTable entry size: 512
 CPUs: 16 total, 16 available
 Memory: 16202M
 Large Page Support: Disabled
 NUMA Support: Disabled
 Compressed Oops: Enabled (32-bit)
 Alignments: Space 512K, Generation 512K, Heap 2M
 Heap Min Capacity: 100M
 Heap Initial Capacity: 100M
 Heap Max Capacity: 2G
 Pre-touch: Disabled
 Parallel Workers: 13

Heap:
 PSYoungGen      total 22528K, used 7178K [0x00000000d5580000, 0x00000000d7080000, 0x0000000100000000)
  eden space 22016K, 32% used [0x00000000d5580000,0x00000000d5c82b98,0x00000000d6b00000)
  from space 512K, 0% used [0x00000000d6e00000,0x00000000d6e00000,0x00000000d6e80000)
  to   space 1024K, 0% used [0x00000000d6f80000,0x00000000d6f80000,0x00000000d7080000)
 ParOldGen       total 68608K, used 18789K [0x0000000080000000, 0x0000000084300000, 0x00000000d5580000)
  object space 68608K, 27% used [0x0000000080000000,0x00000000812596a8,0x0000000084300000)
 Metaspace       used 35347K, committed 36480K, reserved 1114112K
  class space    used 3648K, committed 4096K, reserved 1048576K

Card table byte_map: [0x000001dadcb50000,0x000001dadcf60000] _byte_map_base: 0x000001dadc750000

Marking Bits: (ParMarkBitMap*) 0x00007ff918243450
 Begin Bits: [0x000001daef660000, 0x000001daf1660000)
 End Bits:   [0x000001daf1660000, 0x000001daf3660000)

Polling page: 0x000001dadaf80000

Metaspace:

Usage:
  Non-class:     30.96 MB used.
      Class:      3.56 MB used.
       Both:     34.52 MB used.

Virtual space:
  Non-class space:       64.00 MB reserved,      31.62 MB ( 49%) committed,  1 nodes.
      Class space:        1.00 GB reserved,       4.00 MB ( <1%) committed,  1 nodes.
             Both:        1.06 GB reserved,      35.62 MB (  3%) committed. 

Chunk freelists:
   Non-Class:  216.00 KB
       Class:  11.94 MB
        Both:  12.15 MB

MaxMetaspaceSize: unlimited
CompressedClassSpaceSize: 1.00 GB
Initial GC threshold: 21.00 MB
Current GC threshold: 58.38 MB
CDS: on
 - commit_granule_bytes: 65536.
 - commit_granule_words: 8192.
 - virtual_space_node_default_size: 8388608.
 - enlarge_chunks_in_place: 1.
 - use_allocation_guard: 0.


Internal statistics:

num_allocs_failed_limit: 6.
num_arena_births: 888.
num_arena_deaths: 14.
num_vsnodes_births: 2.
num_vsnodes_deaths: 0.
num_space_committed: 570.
num_space_uncommitted: 0.
num_chunks_returned_to_freelist: 20.
num_chunks_taken_from_freelist: 2479.
num_chunk_merges: 12.
num_chunk_splits: 1509.
num_chunks_enlarged: 836.
num_inconsistent_stats: 0.

CodeHeap 'non-profiled nmethods': size=119168Kb used=2108Kb max_used=2355Kb free=117059Kb
 bounds [0x000001dae7f50000, 0x000001dae81c0000, 0x000001daef3b0000]
CodeHeap 'profiled nmethods': size=119104Kb used=9565Kb max_used=10945Kb free=109539Kb
 bounds [0x000001dae03b0000, 0x000001dae0e70000, 0x000001dae7800000]
CodeHeap 'non-nmethods': size=7488Kb used=3042Kb max_used=3095Kb free=4445Kb
 bounds [0x000001dae7800000, 0x000001dae7b70000, 0x000001dae7f50000]
CodeCache: size=245760Kb, used=14715Kb, max_used=16395Kb, free=231043Kb
 total_blobs=5249, nmethods=4600, adapters=552, full_count=0
Compilation: enabled, stopped_count=0, restarted_count=0

Compilation events (20 events):
Event: 32.392 Thread 0x000001dafc85ccd0 nmethod 5112 0x000001dae7fd1610 code [0x000001dae7fd18e0, 0x000001dae7fd38d8]
Event: 32.398 Thread 0x000001dafb0c2750 5145       3       java.util.Comparator::lambda$thenComparing$36697e65$1 (29 bytes)
Event: 32.398 Thread 0x000001dafba717e0 5144       3       java.util.Comparator$$Lambda/0x000001da81022de0::compare (16 bytes)
Event: 32.398 Thread 0x000001dafb0c2750 nmethod 5145 0x000001dae0458890 code [0x000001dae0458a60, 0x000001dae0458d80]
Event: 32.399 Thread 0x000001dafba717e0 nmethod 5144 0x000001dae03e3590 code [0x000001dae03e3760, 0x000001dae03e3bd0]
Event: 32.402 Thread 0x000001dafb0c2750 5146       3       sun.reflect.generics.parser.SignatureParser::skipIdentifier (67 bytes)
Event: 32.403 Thread 0x000001dafc85ccd0 5143       4       java.lang.invoke.MemberName::getMethodOrFieldType (72 bytes)
Event: 32.403 Thread 0x000001dafb0c2750 nmethod 5146 0x000001dae0474c90 code [0x000001dae0474ea0, 0x000001dae0475400]
Event: 32.421 Thread 0x000001dafc85d3a0 5148       3       java.util.Comparator$$Lambda/0x000001da81023080::compare (10 bytes)
Event: 32.421 Thread 0x000001dafb0c2750 5150       3       com.google.inject.internal.DeclaredMembers$$Lambda/0x000001da813e3508::apply (8 bytes)
Event: 32.421 Thread 0x000001dafba717e0 5149       3       java.util.Comparator::lambda$comparing$77a9974f$1 (23 bytes)
Event: 32.421 Thread 0x000001daf4f31e80 5151   !   3       java.lang.reflect.Executable::declaredAnnotations (85 bytes)
Event: 32.421 Thread 0x000001dafb0c2750 nmethod 5150 0x000001dae03db390 code [0x000001dae03db540, 0x000001dae03db760]
Event: 32.421 Thread 0x000001dafba717e0 nmethod 5149 0x000001dae03f2290 code [0x000001dae03f2460, 0x000001dae03f28d0]
Event: 32.421 Thread 0x000001dafc85d3a0 nmethod 5148 0x000001dae03b1d10 code [0x000001dae03b1f00, 0x000001dae03b23f8]
Event: 32.422 Thread 0x000001daf4f31e80 nmethod 5151 0x000001dae03b3190 code [0x000001dae03b33e0, 0x000001dae03b3ca0]
Event: 32.423 Thread 0x000001daf4f31e80 5152       3       java.lang.reflect.Method::getRoot (5 bytes)
Event: 32.423 Thread 0x000001daf4f31e80 nmethod 5152 0x000001dae0570790 code [0x000001dae0570920, 0x000001dae0570a40]
Event: 32.424 Thread 0x000001dafc85bf30 nmethod 4896 0x000001dae819cf10 code [0x000001dae819d660, 0x000001dae81a4a68]
Event: 32.462 Thread 0x000001dafb0c2750 5153       3       java.lang.invoke.DelegatingMethodHandle$Holder::reinvoke_L (20 bytes)

GC Heap History (20 events):
Event: 29.716 GC heap before
{Heap before GC invocations=6 (full 0):
 PSYoungGen      total 29184K, used 29165K [0x00000000d5580000, 0x00000000d7a00000, 0x0000000100000000)
  eden space 25088K, 100% used [0x00000000d5580000,0x00000000d6e00000,0x00000000d6e00000)
  from space 4096K, 99% used [0x00000000d6e80000,0x00000000d727b418,0x00000000d7280000)
  to   space 6144K, 0% used [0x00000000d7400000,0x00000000d7400000,0x00000000d7a00000)
 ParOldGen       total 68608K, used 7564K [0x0000000080000000, 0x0000000084300000, 0x00000000d5580000)
  object space 68608K, 11% used [0x0000000080000000,0x0000000080763070,0x0000000084300000)
 Metaspace       used 18823K, committed 19648K, reserved 1114112K
  class space    used 1963K, committed 2304K, reserved 1048576K
}
Event: 29.721 GC heap after
{Heap after GC invocations=6 (full 0):
 PSYoungGen      total 29696K, used 5078K [0x00000000d5580000, 0x00000000d7900000, 0x0000000100000000)
  eden space 24576K, 0% used [0x00000000d5580000,0x00000000d5580000,0x00000000d6d80000)
  from space 5120K, 99% used [0x00000000d7400000,0x00000000d78f58d0,0x00000000d7900000)
  to   space 5632K, 0% used [0x00000000d6e00000,0x00000000d6e00000,0x00000000d7380000)
 ParOldGen       total 68608K, used 7572K [0x0000000080000000, 0x0000000084300000, 0x00000000d5580000)
  object space 68608K, 11% used [0x0000000080000000,0x0000000080765070,0x0000000084300000)
 Metaspace       used 18823K, committed 19648K, reserved 1114112K
  class space    used 1963K, committed 2304K, reserved 1048576K
}
Event: 29.982 GC heap before
{Heap before GC invocations=7 (full 0):
 PSYoungGen      total 29696K, used 23825K [0x00000000d5580000, 0x00000000d7900000, 0x0000000100000000)
  eden space 24576K, 76% used [0x00000000d5580000,0x00000000d67ced60,0x00000000d6d80000)
  from space 5120K, 99% used [0x00000000d7400000,0x00000000d78f58d0,0x00000000d7900000)
  to   space 5632K, 0% used [0x00000000d6e00000,0x00000000d6e00000,0x00000000d7380000)
 ParOldGen       total 68608K, used 7572K [0x0000000080000000, 0x0000000084300000, 0x00000000d5580000)
  object space 68608K, 11% used [0x0000000080000000,0x0000000080765070,0x0000000084300000)
 Metaspace       used 20647K, committed 21504K, reserved 1114112K
  class space    used 2191K, committed 2560K, reserved 1048576K
}
Event: 29.986 GC heap after
{Heap after GC invocations=7 (full 0):
 PSYoungGen      total 29184K, used 4496K [0x00000000d5580000, 0x00000000d7780000, 0x0000000100000000)
  eden space 24576K, 0% used [0x00000000d5580000,0x00000000d5580000,0x00000000d6d80000)
  from space 4608K, 97% used [0x00000000d6e00000,0x00000000d7264288,0x00000000d7280000)
  to   space 5120K, 0% used [0x00000000d7280000,0x00000000d7280000,0x00000000d7780000)
 ParOldGen       total 68608K, used 9188K [0x0000000080000000, 0x0000000084300000, 0x00000000d5580000)
  object space 68608K, 13% used [0x0000000080000000,0x00000000808f9068,0x0000000084300000)
 Metaspace       used 20647K, committed 21504K, reserved 1114112K
  class space    used 2191K, committed 2560K, reserved 1048576K
}
Event: 29.986 GC heap before
{Heap before GC invocations=8 (full 1):
 PSYoungGen      total 29184K, used 4496K [0x00000000d5580000, 0x00000000d7780000, 0x0000000100000000)
  eden space 24576K, 0% used [0x00000000d5580000,0x00000000d5580000,0x00000000d6d80000)
  from space 4608K, 97% used [0x00000000d6e00000,0x00000000d7264288,0x00000000d7280000)
  to   space 5120K, 0% used [0x00000000d7280000,0x00000000d7280000,0x00000000d7780000)
 ParOldGen       total 68608K, used 9188K [0x0000000080000000, 0x0000000084300000, 0x00000000d5580000)
  object space 68608K, 13% used [0x0000000080000000,0x00000000808f9068,0x0000000084300000)
 Metaspace       used 20647K, committed 21504K, reserved 1114112K
  class space    used 2191K, committed 2560K, reserved 1048576K
}
Event: 30.016 GC heap after
{Heap after GC invocations=8 (full 1):
 PSYoungGen      total 29184K, used 0K [0x00000000d5580000, 0x00000000d7780000, 0x0000000100000000)
  eden space 24576K, 0% used [0x00000000d5580000,0x00000000d5580000,0x00000000d6d80000)
  from space 4608K, 0% used [0x00000000d6e00000,0x00000000d6e00000,0x00000000d7280000)
  to   space 5120K, 0% used [0x00000000d7280000,0x00000000d7280000,0x00000000d7780000)
 ParOldGen       total 68608K, used 12967K [0x0000000080000000, 0x0000000084300000, 0x00000000d5580000)
  object space 68608K, 18% used [0x0000000080000000,0x0000000080ca9c58,0x0000000084300000)
 Metaspace       used 20635K, committed 21504K, reserved 1114112K
  class space    used 2187K, committed 2560K, reserved 1048576K
}
Event: 30.275 GC heap before
{Heap before GC invocations=9 (full 1):
 PSYoungGen      total 29184K, used 24576K [0x00000000d5580000, 0x00000000d7780000, 0x0000000100000000)
  eden space 24576K, 100% used [0x00000000d5580000,0x00000000d6d80000,0x00000000d6d80000)
  from space 4608K, 0% used [0x00000000d6e00000,0x00000000d6e00000,0x00000000d7280000)
  to   space 5120K, 0% used [0x00000000d7280000,0x00000000d7280000,0x00000000d7780000)
 ParOldGen       total 68608K, used 12967K [0x0000000080000000, 0x0000000084300000, 0x00000000d5580000)
  object space 68608K, 18% used [0x0000000080000000,0x0000000080ca9c58,0x0000000084300000)
 Metaspace       used 22627K, committed 23616K, reserved 1114112K
  class space    used 2365K, committed 2752K, reserved 1048576K
}
Event: 30.277 GC heap after
{Heap after GC invocations=9 (full 1):
 PSYoungGen      total 26624K, used 2332K [0x00000000d5580000, 0x00000000d7500000, 0x0000000100000000)
  eden space 24064K, 0% used [0x00000000d5580000,0x00000000d5580000,0x00000000d6d00000)
  from space 2560K, 91% used [0x00000000d7280000,0x00000000d74c7240,0x00000000d7500000)
  to   space 3584K, 0% used [0x00000000d6e00000,0x00000000d6e00000,0x00000000d7180000)
 ParOldGen       total 68608K, used 12975K [0x0000000080000000, 0x0000000084300000, 0x00000000d5580000)
  object space 68608K, 18% used [0x0000000080000000,0x0000000080cabc58,0x0000000084300000)
 Metaspace       used 22627K, committed 23616K, reserved 1114112K
  class space    used 2365K, committed 2752K, reserved 1048576K
}
Event: 30.469 GC heap before
{Heap before GC invocations=10 (full 1):
 PSYoungGen      total 26624K, used 26348K [0x00000000d5580000, 0x00000000d7500000, 0x0000000100000000)
  eden space 24064K, 99% used [0x00000000d5580000,0x00000000d6cf3e38,0x00000000d6d00000)
  from space 2560K, 91% used [0x00000000d7280000,0x00000000d74c7240,0x00000000d7500000)
  to   space 3584K, 0% used [0x00000000d6e00000,0x00000000d6e00000,0x00000000d7180000)
 ParOldGen       total 68608K, used 12975K [0x0000000080000000, 0x0000000084300000, 0x00000000d5580000)
  object space 68608K, 18% used [0x0000000080000000,0x0000000080cabc58,0x0000000084300000)
 Metaspace       used 26001K, committed 26944K, reserved 1114112K
  class space    used 2616K, committed 3008K, reserved 1048576K
}
Event: 30.471 GC heap after
{Heap after GC invocations=10 (full 1):
 PSYoungGen      total 27136K, used 3578K [0x00000000d5580000, 0x00000000d7580000, 0x0000000100000000)
  eden space 23552K, 0% used [0x00000000d5580000,0x00000000d5580000,0x00000000d6c80000)
  from space 3584K, 99% used [0x00000000d6e00000,0x00000000d717eb60,0x00000000d7180000)
  to   space 4096K, 0% used [0x00000000d7180000,0x00000000d7180000,0x00000000d7580000)
 ParOldGen       total 68608K, used 13359K [0x0000000080000000, 0x0000000084300000, 0x00000000d5580000)
  object space 68608K, 19% used [0x0000000080000000,0x0000000080d0bc58,0x0000000084300000)
 Metaspace       used 26001K, committed 26944K, reserved 1114112K
  class space    used 2616K, committed 3008K, reserved 1048576K
}
Event: 30.798 GC heap before
{Heap before GC invocations=11 (full 1):
 PSYoungGen      total 27136K, used 27130K [0x00000000d5580000, 0x00000000d7580000, 0x0000000100000000)
  eden space 23552K, 100% used [0x00000000d5580000,0x00000000d6c80000,0x00000000d6c80000)
  from space 3584K, 99% used [0x00000000d6e00000,0x00000000d717eb60,0x00000000d7180000)
  to   space 4096K, 0% used [0x00000000d7180000,0x00000000d7180000,0x00000000d7580000)
 ParOldGen       total 68608K, used 13359K [0x0000000080000000, 0x0000000084300000, 0x00000000d5580000)
  object space 68608K, 19% used [0x0000000080000000,0x0000000080d0bc58,0x0000000084300000)
 Metaspace       used 27691K, committed 28672K, reserved 1114112K
  class space    used 2724K, committed 3136K, reserved 1048576K
}
Event: 30.800 GC heap after
{Heap after GC invocations=11 (full 1):
 PSYoungGen      total 26112K, used 2664K [0x00000000d5580000, 0x00000000d7480000, 0x0000000100000000)
  eden space 23040K, 0% used [0x00000000d5580000,0x00000000d5580000,0x00000000d6c00000)
  from space 3072K, 86% used [0x00000000d7180000,0x00000000d741a2b0,0x00000000d7480000)
  to   space 3584K, 0% used [0x00000000d6d80000,0x00000000d6d80000,0x00000000d7100000)
 ParOldGen       total 68608K, used 14433K [0x0000000080000000, 0x0000000084300000, 0x00000000d5580000)
  object space 68608K, 21% used [0x0000000080000000,0x0000000080e186a8,0x0000000084300000)
 Metaspace       used 27691K, committed 28672K, reserved 1114112K
  class space    used 2724K, committed 3136K, reserved 1048576K
}
Event: 31.582 GC heap before
{Heap before GC invocations=12 (full 1):
 PSYoungGen      total 26112K, used 25704K [0x00000000d5580000, 0x00000000d7480000, 0x0000000100000000)
  eden space 23040K, 100% used [0x00000000d5580000,0x00000000d6c00000,0x00000000d6c00000)
  from space 3072K, 86% used [0x00000000d7180000,0x00000000d741a2b0,0x00000000d7480000)
  to   space 3584K, 0% used [0x00000000d6d80000,0x00000000d6d80000,0x00000000d7100000)
 ParOldGen       total 68608K, used 14433K [0x0000000080000000, 0x0000000084300000, 0x00000000d5580000)
  object space 68608K, 21% used [0x0000000080000000,0x0000000080e186a8,0x0000000084300000)
 Metaspace       used 31052K, committed 32192K, reserved 1114112K
  class space    used 3085K, committed 3584K, reserved 1048576K
}
Event: 31.585 GC heap after
{Heap after GC invocations=12 (full 1):
 PSYoungGen      total 25088K, used 2068K [0x00000000d5580000, 0x00000000d7200000, 0x0000000100000000)
  eden space 22528K, 0% used [0x00000000d5580000,0x00000000d5580000,0x00000000d6b80000)
  from space 2560K, 80% used [0x00000000d6d80000,0x00000000d6f851c8,0x00000000d7000000)
  to   space 2048K, 0% used [0x00000000d7000000,0x00000000d7000000,0x00000000d7200000)
 ParOldGen       total 68608K, used 16958K [0x0000000080000000, 0x0000000084300000, 0x00000000d5580000)
  object space 68608K, 24% used [0x0000000080000000,0x000000008108f8f8,0x0000000084300000)
 Metaspace       used 31052K, committed 32192K, reserved 1114112K
  class space    used 3085K, committed 3584K, reserved 1048576K
}
Event: 31.955 GC heap before
{Heap before GC invocations=13 (full 1):
 PSYoungGen      total 25088K, used 24596K [0x00000000d5580000, 0x00000000d7200000, 0x0000000100000000)
  eden space 22528K, 100% used [0x00000000d5580000,0x00000000d6b80000,0x00000000d6b80000)
  from space 2560K, 80% used [0x00000000d6d80000,0x00000000d6f851c8,0x00000000d7000000)
  to   space 2048K, 0% used [0x00000000d7000000,0x00000000d7000000,0x00000000d7200000)
 ParOldGen       total 68608K, used 16958K [0x0000000080000000, 0x0000000084300000, 0x00000000d5580000)
  object space 68608K, 24% used [0x0000000080000000,0x000000008108f8f8,0x0000000084300000)
 Metaspace       used 33819K, committed 35008K, reserved 1114112K
  class space    used 3420K, committed 3904K, reserved 1048576K
}
Event: 31.958 GC heap after
{Heap after GC invocations=13 (full 1):
 PSYoungGen      total 24064K, used 1593K [0x00000000d5580000, 0x00000000d7200000, 0x0000000100000000)
  eden space 22016K, 0% used [0x00000000d5580000,0x00000000d5580000,0x00000000d6b00000)
  from space 2048K, 77% used [0x00000000d7000000,0x00000000d718e4b0,0x00000000d7200000)
  to   space 2048K, 0% used [0x00000000d6e00000,0x00000000d6e00000,0x00000000d7000000)
 ParOldGen       total 68608K, used 18785K [0x0000000080000000, 0x0000000084300000, 0x00000000d5580000)
  object space 68608K, 27% used [0x0000000080000000,0x0000000081258608,0x0000000084300000)
 Metaspace       used 33819K, committed 35008K, reserved 1114112K
  class space    used 3420K, committed 3904K, reserved 1048576K
}
Event: 32.119 GC heap before
{Heap before GC invocations=14 (full 1):
 PSYoungGen      total 24064K, used 8980K [0x00000000d5580000, 0x00000000d7200000, 0x0000000100000000)
  eden space 22016K, 33% used [0x00000000d5580000,0x00000000d5cb6c70,0x00000000d6b00000)
  from space 2048K, 77% used [0x00000000d7000000,0x00000000d718e4b0,0x00000000d7200000)
  to   space 2048K, 0% used [0x00000000d6e00000,0x00000000d6e00000,0x00000000d7000000)
 ParOldGen       total 68608K, used 18785K [0x0000000080000000, 0x0000000084300000, 0x00000000d5580000)
  object space 68608K, 27% used [0x0000000080000000,0x0000000081258608,0x0000000084300000)
 Metaspace       used 34750K, committed 35840K, reserved 1114112K
  class space    used 3548K, committed 4032K, reserved 1048576K
}
Event: 32.122 GC heap after
{Heap after GC invocations=14 (full 1):
 PSYoungGen      total 22528K, used 512K [0x00000000d5580000, 0x00000000d7080000, 0x0000000100000000)
  eden space 22016K, 0% used [0x00000000d5580000,0x00000000d5580000,0x00000000d6b00000)
  from space 512K, 100% used [0x00000000d6e00000,0x00000000d6e80000,0x00000000d6e80000)
  to   space 1024K, 0% used [0x00000000d6f80000,0x00000000d6f80000,0x00000000d7080000)
 ParOldGen       total 68608K, used 20111K [0x0000000080000000, 0x0000000084300000, 0x00000000d5580000)
  object space 68608K, 29% used [0x0000000080000000,0x00000000813a3f10,0x0000000084300000)
 Metaspace       used 34750K, committed 35840K, reserved 1114112K
  class space    used 3548K, committed 4032K, reserved 1048576K
}
Event: 32.123 GC heap before
{Heap before GC invocations=15 (full 2):
 PSYoungGen      total 22528K, used 512K [0x00000000d5580000, 0x00000000d7080000, 0x0000000100000000)
  eden space 22016K, 0% used [0x00000000d5580000,0x00000000d5580000,0x00000000d6b00000)
  from space 512K, 100% used [0x00000000d6e00000,0x00000000d6e80000,0x00000000d6e80000)
  to   space 1024K, 0% used [0x00000000d6f80000,0x00000000d6f80000,0x00000000d7080000)
 ParOldGen       total 68608K, used 20111K [0x0000000080000000, 0x0000000084300000, 0x00000000d5580000)
  object space 68608K, 29% used [0x0000000080000000,0x00000000813a3f10,0x0000000084300000)
 Metaspace       used 34750K, committed 35840K, reserved 1114112K
  class space    used 3548K, committed 4032K, reserved 1048576K
}
Event: 32.165 GC heap after
{Heap after GC invocations=15 (full 2):
 PSYoungGen      total 22528K, used 0K [0x00000000d5580000, 0x00000000d7080000, 0x0000000100000000)
  eden space 22016K, 0% used [0x00000000d5580000,0x00000000d5580000,0x00000000d6b00000)
  from space 512K, 0% used [0x00000000d6e00000,0x00000000d6e00000,0x00000000d6e80000)
  to   space 1024K, 0% used [0x00000000d6f80000,0x00000000d6f80000,0x00000000d7080000)
 ParOldGen       total 68608K, used 18789K [0x0000000080000000, 0x0000000084300000, 0x00000000d5580000)
  object space 68608K, 27% used [0x0000000080000000,0x00000000812596a8,0x0000000084300000)
 Metaspace       used 34750K, committed 35840K, reserved 1114112K
  class space    used 3548K, committed 4032K, reserved 1048576K
}

Dll operation events (10 events):
Event: 0.008 Loaded shared library c:\Users\RISHABH UPWANSHI\.vscode\extensions\redhat.java-1.54.0-win32-x64\jre\21.0.10-win32-x86_64\bin\java.dll
Event: 0.067 Loaded shared library c:\Users\RISHABH UPWANSHI\.vscode\extensions\redhat.java-1.54.0-win32-x64\jre\21.0.10-win32-x86_64\bin\zip.dll
Event: 0.094 Loaded shared library C:\Users\RISHABH UPWANSHI\.vscode\extensions\redhat.java-1.54.0-win32-x64\jre\21.0.10-win32-x86_64\bin\instrument.dll
Event: 0.100 Loaded shared library C:\Users\RISHABH UPWANSHI\.vscode\extensions\redhat.java-1.54.0-win32-x64\jre\21.0.10-win32-x86_64\bin\net.dll
Event: 0.103 Loaded shared library C:\Users\RISHABH UPWANSHI\.vscode\extensions\redhat.java-1.54.0-win32-x64\jre\21.0.10-win32-x86_64\bin\nio.dll
Event: 0.108 Loaded shared library C:\Users\RISHABH UPWANSHI\.vscode\extensions\redhat.java-1.54.0-win32-x64\jre\21.0.10-win32-x86_64\bin\zip.dll
Event: 0.129 Loaded shared library C:\Users\RISHABH UPWANSHI\.vscode\extensions\redhat.java-1.54.0-win32-x64\jre\21.0.10-win32-x86_64\bin\jimage.dll
Event: 0.212 Loaded shared library c:\Users\RISHABH UPWANSHI\.vscode\extensions\redhat.java-1.54.0-win32-x64\jre\21.0.10-win32-x86_64\bin\verify.dll
Event: 9.920 Loaded shared library C:\Users\RISHABH UPWANSHI\AppData\Roaming\Code\User\globalStorage\redhat.java\1.54.0\config_win\org.eclipse.equinox.launcher\org.eclipse.equinox.launcher.win32.win32.x86_64_1.3.0.v20260203-2149\eclipse_11919.dll
Event: 29.409 Loaded shared library C:\Users\RISHABH UPWANSHI\AppData\Local\Temp\jna-1647839792\jna9057601675635842270.dll

Deoptimization events (20 events):
Event: 31.550 Thread 0x000001daf6a9b3b0 DEOPT PACKING pc=0x000001dae8071068 sp=0x000000b11b1fccc0
Event: 31.551 Thread 0x000001daf6a9b3b0 DEOPT UNPACKING pc=0x000001dae7853aa2 sp=0x000000b11b1fcc28 mode 2
Event: 31.651 Thread 0x000001dadacd8e50 Uncommon trap: trap_request=0xffffff45 fr.pc=0x000001dae8133380 relative=0x0000000000000e60
Event: 31.651 Thread 0x000001dadacd8e50 Uncommon trap: reason=unstable_if action=reinterpret pc=0x000001dae8133380 method=java.util.Properties.loadConvert([CIILjava/lang/StringBuilder;)Ljava/lang/String; @ 463 c2
Event: 31.651 Thread 0x000001dadacd8e50 DEOPT PACKING pc=0x000001dae8133380 sp=0x000000b1198f84b0
Event: 31.651 Thread 0x000001dadacd8e50 DEOPT UNPACKING pc=0x000001dae7853aa2 sp=0x000000b1198f8490 mode 2
Event: 31.751 Thread 0x000001dafbc79ef0 Uncommon trap: trap_request=0xffffff45 fr.pc=0x000001dae80e6698 relative=0x0000000000000a18
Event: 31.751 Thread 0x000001dafbc79ef0 Uncommon trap: reason=unstable_if action=reinterpret pc=0x000001dae80e6698 method=java.util.concurrent.locks.ReentrantLock$Sync.lock()V @ 4 c2
Event: 31.751 Thread 0x000001dafbc79ef0 DEOPT PACKING pc=0x000001dae80e6698 sp=0x000000b11befab30
Event: 31.751 Thread 0x000001dafbc79ef0 DEOPT UNPACKING pc=0x000001dae7853aa2 sp=0x000000b11befa9d8 mode 2
Event: 31.975 Thread 0x000001dafbc7a580 Uncommon trap: trap_request=0xffffffde fr.pc=0x000001dae7fcfb34 relative=0x00000000000005f4
Event: 31.975 Thread 0x000001dafbc7a580 Uncommon trap: reason=class_check action=maybe_recompile pc=0x000001dae7fcfb34 method=java.io.BufferedInputStream.implRead([BII)I @ 100 c2
Event: 31.975 Thread 0x000001dafbc7a580 DEOPT PACKING pc=0x000001dae7fcfb34 sp=0x000000b11c7fd300
Event: 31.975 Thread 0x000001dafbc7a580 DEOPT UNPACKING pc=0x000001dae7853aa2 sp=0x000000b11c7fd2d8 mode 2
Event: 31.976 Thread 0x000001dafbc7a580 Uncommon trap: trap_request=0xffffff45 fr.pc=0x000001dae7fcfb04 relative=0x00000000000005c4
Event: 31.976 Thread 0x000001dafbc7a580 Uncommon trap: reason=unstable_if action=reinterpret pc=0x000001dae7fcfb04 method=java.io.BufferedInputStream.implRead([BII)I @ 55 c2
Event: 31.976 Thread 0x000001dafbc7a580 DEOPT PACKING pc=0x000001dae7fcfb04 sp=0x000000b11c7fd300
Event: 31.976 Thread 0x000001dafbc7a580 DEOPT UNPACKING pc=0x000001dae7853aa2 sp=0x000000b11c7fd2d8 mode 2
Event: 32.039 Thread 0x000001dafbc7a580 DEOPT PACKING pc=0x000001dae08f0f1f sp=0x000000b11c7fd380
Event: 32.039 Thread 0x000001dafbc7a580 DEOPT UNPACKING pc=0x000001dae7854242 sp=0x000000b11c7fc858 mode 0

Classes loaded (20 events):
Event: 32.025 Loading class java/util/concurrent/atomic/AtomicLongArray
Event: 32.025 Loading class java/util/concurrent/atomic/AtomicLongArray done
Event: 32.028 Loading class sun/net/www/protocol/https/Handler
Event: 32.028 Loading class sun/net/www/protocol/http/Handler
Event: 32.028 Loading class sun/net/www/protocol/http/Handler done
Event: 32.028 Loading class sun/net/www/protocol/https/Handler done
Event: 32.064 Loading class sun/reflect/generics/reflectiveObjects/ParameterizedTypeImpl
Event: 32.064 Loading class java/lang/reflect/ParameterizedType
Event: 32.064 Loading class java/lang/reflect/ParameterizedType done
Event: 32.064 Loading class sun/reflect/generics/reflectiveObjects/ParameterizedTypeImpl done
Event: 32.065 Loading class sun/reflect/generics/reflectiveObjects/TypeVariableImpl
Event: 32.066 Loading class sun/reflect/generics/reflectiveObjects/LazyReflectiveObjectGenerator
Event: 32.066 Loading class sun/reflect/generics/reflectiveObjects/LazyReflectiveObjectGenerator done
Event: 32.066 Loading class sun/reflect/generics/reflectiveObjects/TypeVariableImpl done
Event: 32.067 Loading class sun/reflect/generics/tree/TypeVariableSignature
Event: 32.067 Loading class sun/reflect/generics/tree/TypeVariableSignature done
Event: 32.077 Loading class java/lang/reflect/WildcardType
Event: 32.077 Loading class java/lang/reflect/WildcardType done
Event: 32.306 Loading class java/lang/annotation/ElementType
Event: 32.306 Loading class java/lang/annotation/ElementType done

Classes unloaded (7 events):
Event: 29.990 Thread 0x000001dadd141dd0 Unloading class 0x000001da811a9400 'java/lang/invoke/LambdaForm$MH+0x000001da811a9400'
Event: 29.990 Thread 0x000001dadd141dd0 Unloading class 0x000001da811a9000 'java/lang/invoke/LambdaForm$MH+0x000001da811a9000'
Event: 29.990 Thread 0x000001dadd141dd0 Unloading class 0x000001da811a8c00 'java/lang/invoke/LambdaForm$MH+0x000001da811a8c00'
Event: 29.990 Thread 0x000001dadd141dd0 Unloading class 0x000001da811a8800 'java/lang/invoke/LambdaForm$MH+0x000001da811a8800'
Event: 29.990 Thread 0x000001dadd141dd0 Unloading class 0x000001da811a8400 'java/lang/invoke/LambdaForm$BMH+0x000001da811a8400'
Event: 29.990 Thread 0x000001dadd141dd0 Unloading class 0x000001da811a8000 'java/lang/invoke/LambdaForm$DMH+0x000001da811a8000'
Event: 29.990 Thread 0x000001dadd141dd0 Unloading class 0x000001da811a6c00 'java/lang/invoke/LambdaForm$DMH+0x000001da811a6c00'

Classes redefined (0 events):
No events

Internal exceptions (20 events):
Event: 31.804 Thread 0x000001dadacd8e50 Exception <a 'sun/nio/fs/WindowsException'{0x00000000d64d9808}> (0x00000000d64d9808) 
thrown [s\src\hotspot\share\prims\jni.cpp, line 520]
Event: 31.846 Thread 0x000001dafbc7a580 Exception <a 'java/io/FileNotFoundException'{0x00000000d6770c50}> (0x00000000d6770c50) 
thrown [s\src\hotspot\share\prims\jni.cpp, line 520]
Event: 31.999 Thread 0x000001dafbc7a580 Exception <a 'sun/nio/fs/WindowsException'{0x00000000d5790950}> (0x00000000d5790950) 
thrown [s\src\hotspot\share\prims\jni.cpp, line 520]
Event: 32.000 Thread 0x000001dafbc7a580 Exception <a 'sun/nio/fs/WindowsException'{0x00000000d57914d0}> (0x00000000d57914d0) 
thrown [s\src\hotspot\share\prims\jni.cpp, line 520]
Event: 32.000 Thread 0x000001dafbc7a580 Exception <a 'sun/nio/fs/WindowsException'{0x00000000d5792698}> (0x00000000d5792698) 
thrown [s\src\hotspot\share\prims\jni.cpp, line 520]
Event: 32.000 Thread 0x000001dafbc7a580 Exception <a 'sun/nio/fs/WindowsException'{0x00000000d5793218}> (0x00000000d5793218) 
thrown [s\src\hotspot\share\prims\jni.cpp, line 520]
Event: 32.007 Thread 0x000001dafbc7a580 Exception <a 'sun/nio/fs/WindowsException'{0x00000000d57e6098}> (0x00000000d57e6098) 
thrown [s\src\hotspot\share\prims\jni.cpp, line 520]
Event: 32.008 Thread 0x000001dafbc7a580 Exception <a 'sun/nio/fs/WindowsException'{0x00000000d57e6c18}> (0x00000000d57e6c18) 
thrown [s\src\hotspot\share\prims\jni.cpp, line 520]
Event: 32.038 Thread 0x000001dafbc7a580 Exception <a 'sun/nio/fs/WindowsException'{0x00000000d587c990}> (0x00000000d587c990) 
thrown [s\src\hotspot\share\prims\jni.cpp, line 520]
Event: 32.039 Thread 0x000001dafbc7a580 Exception <a 'sun/nio/fs/WindowsException'{0x00000000d587d510}> (0x00000000d587d510) 
thrown [s\src\hotspot\share\prims\jni.cpp, line 520]
Event: 32.046 Thread 0x000001dafbc7a580 Exception <a 'sun/nio/fs/WindowsException'{0x00000000d59738e8}> (0x00000000d59738e8) 
thrown [s\src\hotspot\share\prims\jni.cpp, line 520]
Event: 32.046 Thread 0x000001dafbc7a580 Exception <a 'sun/nio/fs/WindowsException'{0x00000000d59741c8}> (0x00000000d59741c8) 
thrown [s\src\hotspot\share\prims\jni.cpp, line 520]
Event: 32.047 Thread 0x000001dafbc7a580 Exception <a 'sun/nio/fs/WindowsException'{0x00000000d5974d98}> (0x00000000d5974d98) 
thrown [s\src\hotspot\share\prims\jni.cpp, line 520]
Event: 32.047 Thread 0x000001dafbc7a580 Exception <a 'sun/nio/fs/WindowsException'{0x00000000d5975678}> (0x00000000d5975678) 
thrown [s\src\hotspot\share\prims\jni.cpp, line 520]
Event: 32.047 Thread 0x000001dafbc7a580 Exception <a 'sun/nio/fs/WindowsException'{0x00000000d59762a8}> (0x00000000d59762a8) 
thrown [s\src\hotspot\share\prims\jni.cpp, line 520]
Event: 32.048 Thread 0x000001dafbc7a580 Exception <a 'sun/nio/fs/WindowsException'{0x00000000d5976b88}> (0x00000000d5976b88) 
thrown [s\src\hotspot\share\prims\jni.cpp, line 520]
Event: 32.049 Thread 0x000001dafbc7a580 Exception <a 'sun/nio/fs/WindowsException'{0x00000000d59873f8}> (0x00000000d59873f8) 
thrown [s\src\hotspot\share\prims\jni.cpp, line 520]
Event: 32.049 Thread 0x000001dafbc7a580 Exception <a 'sun/nio/fs/WindowsException'{0x00000000d5987cd8}> (0x00000000d5987cd8) 
thrown [s\src\hotspot\share\prims\jni.cpp, line 520]
Event: 32.059 Thread 0x000001dafbc7a580 Exception <a 'java/lang/NoSuchMethodError'{0x00000000d59b1d60}: 'void java.lang.invoke.DirectMethodHandle$Holder.invokeVirtual(java.lang.Object, java.lang.Object, java.lang.Object, java.lang.Object)'> (0x00000000d59b1d60) 
thrown [s\src\hotspot\share\interpreter\linkResolver.cpp, line 773]
Event: 32.098 Thread 0x000001dafbc7a580 Exception <a 'java/lang/NullPointerException'{0x00000000d5b71900}> (0x00000000d5b71900) 
thrown [s\src\hotspot\share\interpreter\linkResolver.cpp, line 1372]

ZGC Phase Switch (0 events):
No events

VM Operations (20 events):
Event: 30.275 Executing safepoint VM operation: ParallelGCFailedAllocation (Allocation Failure)
Event: 30.277 Executing safepoint VM operation: ParallelGCFailedAllocation (Allocation Failure) done
Event: 30.469 Executing safepoint VM operation: ParallelGCFailedAllocation (Allocation Failure)
Event: 30.471 Executing safepoint VM operation: ParallelGCFailedAllocation (Allocation Failure) done
Event: 30.798 Executing safepoint VM operation: ParallelGCFailedAllocation (Allocation Failure)
Event: 30.800 Executing safepoint VM operation: ParallelGCFailedAllocation (Allocation Failure) done
Event: 30.948 Executing non-safepoint VM operation: HandshakeAllThreads (Deoptimize)
Event: 30.948 Executing non-safepoint VM operation: HandshakeAllThreads (Deoptimize) done
Event: 31.165 Executing non-safepoint VM operation: HandshakeAllThreads (Deoptimize)
Event: 31.166 Executing non-safepoint VM operation: HandshakeAllThreads (Deoptimize) done
Event: 31.207 Executing non-safepoint VM operation: HandshakeAllThreads (Deoptimize)
Event: 31.208 Executing non-safepoint VM operation: HandshakeAllThreads (Deoptimize) done
Event: 31.409 Executing safepoint VM operation: ICBufferFull
Event: 31.409 Executing safepoint VM operation: ICBufferFull done
Event: 31.577 Executing safepoint VM operation: ParallelGCFailedAllocation (Allocation Failure)
Event: 31.585 Executing safepoint VM operation: ParallelGCFailedAllocation (Allocation Failure) done
Event: 31.944 Executing safepoint VM operation: ParallelGCFailedAllocation (Allocation Failure)
Event: 31.958 Executing safepoint VM operation: ParallelGCFailedAllocation (Allocation Failure) done
Event: 32.117 Executing safepoint VM operation: CollectForMetadataAllocation (Metadata GC Threshold)
Event: 32.165 Executing safepoint VM operation: CollectForMetadataAllocation (Metadata GC Threshold) done

Memory protections (0 events):
No events

Nmethod flushes (20 events):
Event: 32.152 Thread 0x000001dadd141dd0 flushing  nmethod 0x000001dae0a4a790
Event: 32.152 Thread 0x000001dadd141dd0 flushing  nmethod 0x000001dae0a4e090
Event: 32.152 Thread 0x000001dadd141dd0 flushing  nmethod 0x000001dae0a7db10
Event: 32.152 Thread 0x000001dadd141dd0 flushing  nmethod 0x000001dae0a80510
Event: 32.152 Thread 0x000001dadd141dd0 flushing  nmethod 0x000001dae0a80e10
Event: 32.152 Thread 0x000001dadd141dd0 flushing  nmethod 0x000001dae0a82010
Event: 32.152 Thread 0x000001dadd141dd0 flushing  nmethod 0x000001dae0a82810
Event: 32.152 Thread 0x000001dadd141dd0 flushing  nmethod 0x000001dae0a82f90
Event: 32.152 Thread 0x000001dadd141dd0 flushing  nmethod 0x000001dae0a84510
Event: 32.152 Thread 0x000001dadd141dd0 flushing  nmethod 0x000001dae0a84a10
Event: 32.152 Thread 0x000001dadd141dd0 flushing  nmethod 0x000001dae0a85310
Event: 32.152 Thread 0x000001dadd141dd0 flushing  nmethod 0x000001dae0a86710
Event: 32.152 Thread 0x000001dadd141dd0 flushing  nmethod 0x000001dae0a88190
Event: 32.152 Thread 0x000001dadd141dd0 flushing  nmethod 0x000001dae0a8a410
Event: 32.152 Thread 0x000001dadd141dd0 flushing  nmethod 0x000001dae0ace610
Event: 32.152 Thread 0x000001dadd141dd0 flushing  nmethod 0x000001dae0ad4e90
Event: 32.152 Thread 0x000001dadd141dd0 flushing  nmethod 0x000001dae0ad9c90
Event: 32.152 Thread 0x000001dadd141dd0 flushing  nmethod 0x000001dae0ae0910
Event: 32.152 Thread 0x000001dadd141dd0 flushing  nmethod 0x000001dae0b94310
Event: 32.152 Thread 0x000001dadd141dd0 flushing  nmethod 0x000001dae0bec710

Events (20 events):
Event: 28.943 Thread 0x000001dafb32b6a0 Thread exited: 0x000001dafb32b6a0
Event: 29.128 Thread 0x000001daf4f313e0 Thread added: 0x000001dafb0c2750
Event: 29.278 Thread 0x000001daf506f030 Thread exited: 0x000001daf506f030
Event: 29.435 Thread 0x000001daf6a9b3b0 Thread added: 0x000001dafbc7b930
Event: 29.469 Thread 0x000001daf6a9b3b0 Thread added: 0x000001dafbc78b40
Event: 29.488 Thread 0x000001daf6a9b3b0 Thread added: 0x000001dafbc79ef0
Event: 29.569 Thread 0x000001dafba717e0 Thread added: 0x000001daf50bb690
Event: 29.855 Thread 0x000001daf4f31e80 Thread added: 0x000001dafc85d3a0
Event: 30.491 Thread 0x000001daf4f31e80 Thread added: 0x000001dafc85c600
Event: 30.906 Thread 0x000001daf6a9b3b0 Thread added: 0x000001dafbc79860
Event: 31.113 Thread 0x000001dafc85d3a0 Thread added: 0x000001dafc85ccd0
Event: 31.123 Thread 0x000001daf4f31e80 Thread added: 0x000001dafc85da70
Event: 31.137 Thread 0x000001daf4f31e80 Thread added: 0x000001dafc85b190
Event: 31.138 Thread 0x000001dafc85d3a0 Thread added: 0x000001dafc85b860
Event: 31.148 Thread 0x000001dafc85d3a0 Thread added: 0x000001dafc85bf30
Event: 31.151 Thread 0x000001dafbc78b40 Thread added: 0x000001dafbc7a580
Event: 31.684 Thread 0x000001dafbc79ef0 Thread added: 0x000001dafbc791d0
Event: 31.741 Thread 0x000001dafbc791d0 Thread added: 0x000001dafbc784b0
Event: 31.830 Thread 0x000001dadacd8e50 Thread added: 0x000001dafbc7ac10
Event: 31.864 Thread 0x000001dadacd8e50 Thread added: 0x000001dafbc7b2a0


Dynamic libraries:
0x00007ff77e310000 - 0x00007ff77e31e000 	c:\Users\RISHABH UPWANSHI\.vscode\extensions\redhat.java-1.54.0-win32-x64\jre\21.0.10-win32-x86_64\bin\java.exe
0x00007ff9cfe60000 - 0x00007ff9d00c6000 	C:\Windows\SYSTEM32\ntdll.dll
0x00007ff9ce210000 - 0x00007ff9ce2d9000 	C:\Windows\System32\KERNEL32.DLL
0x00007ff9cd740000 - 0x00007ff9cdb3a000 	C:\Windows\System32\KERNELBASE.dll
0x00007ff9cd5c0000 - 0x00007ff9cd70c000 	C:\Windows\System32\ucrtbase.dll
0x00007ff989770000 - 0x00007ff989788000 	c:\Users\RISHABH UPWANSHI\.vscode\extensions\redhat.java-1.54.0-win32-x64\jre\21.0.10-win32-x86_64\bin\jli.dll
0x00007ff989790000 - 0x00007ff9897ae000 	c:\Users\RISHABH UPWANSHI\.vscode\extensions\redhat.java-1.54.0-win32-x64\jre\21.0.10-win32-x86_64\bin\VCRUNTIME140.dll
0x00007ff9ce2e0000 - 0x00007ff9ce4a7000 	C:\Windows\System32\USER32.dll
0x00007ff9b1be0000 - 0x00007ff9b1e72000 	C:\Windows\WinSxS\amd64_microsoft.windows.common-controls_6595b64144ccf1df_6.0.26100.8521_none_3e08b75ce33403b3\COMCTL32.dll
0x00007ff9cd710000 - 0x00007ff9cd737000 	C:\Windows\System32\win32u.dll
0x00007ff9cf1d0000 - 0x00007ff9cf279000 	C:\Windows\System32\msvcrt.dll
0x00007ff9cf040000 - 0x00007ff9cf06b000 	C:\Windows\System32\GDI32.dll
0x00007ff9cd3e0000 - 0x00007ff9cd50b000 	C:\Windows\System32\gdi32full.dll
0x00007ff9cd330000 - 0x00007ff9cd3d3000 	C:\Windows\System32\msvcp_win.dll
0x00007ff9ce1d0000 - 0x00007ff9ce202000 	C:\Windows\System32\IMM32.DLL
0x00007ff9c63f0000 - 0x00007ff9c63fc000 	c:\Users\RISHABH UPWANSHI\.vscode\extensions\redhat.java-1.54.0-win32-x64\jre\21.0.10-win32-x86_64\bin\vcruntime140_1.dll
0x00007ff937fe0000 - 0x00007ff93806d000 	c:\Users\RISHABH UPWANSHI\.vscode\extensions\redhat.java-1.54.0-win32-x64\jre\21.0.10-win32-x86_64\bin\msvcp140.dll
0x00007ff917580000 - 0x00007ff918321000 	c:\Users\RISHABH UPWANSHI\.vscode\extensions\redhat.java-1.54.0-win32-x64\jre\21.0.10-win32-x86_64\bin\server\jvm.dll
0x00007ff9cdc90000 - 0x00007ff9cdd46000 	C:\Windows\System32\ADVAPI32.dll
0x00007ff9cec80000 - 0x00007ff9ced2a000 	C:\Windows\System32\sechost.dll
0x00007ff9cdd70000 - 0x00007ff9cde88000 	C:\Windows\System32\RPCRT4.dll
0x00007ff9cdc00000 - 0x00007ff9cdc80000 	C:\Windows\System32\WS2_32.dll
0x00007ff9ccf50000 - 0x00007ff9ccfae000 	C:\Windows\SYSTEM32\POWRPROF.dll
0x00007ff9c0e90000 - 0x00007ff9c0ec6000 	C:\Windows\SYSTEM32\WINMM.dll
0x00007ff9c5840000 - 0x00007ff9c584b000 	C:\Windows\SYSTEM32\VERSION.dll
0x00007ff9ccf30000 - 0x00007ff9ccf44000 	C:\Windows\SYSTEM32\UMPDC.dll
0x00007ff9cbe80000 - 0x00007ff9cbe9b000 	C:\Windows\SYSTEM32\kernel.appcore.dll
0x00007ff9c5af0000 - 0x00007ff9c5afa000 	c:\Users\RISHABH UPWANSHI\.vscode\extensions\redhat.java-1.54.0-win32-x64\jre\21.0.10-win32-x86_64\bin\jimage.dll
0x00007ff9b4a10000 - 0x00007ff9b4c52000 	C:\Windows\SYSTEM32\DBGHELP.DLL
0x00007ff9cf280000 - 0x00007ff9cf603000 	C:\Windows\System32\combase.dll
0x00007ff9cf0f0000 - 0x00007ff9cf1c9000 	C:\Windows\System32\OLEAUT32.dll
0x00007ff9ae710000 - 0x00007ff9ae74b000 	C:\Windows\SYSTEM32\dbgcore.DLL
0x00007ff9cd510000 - 0x00007ff9cd5b8000 	C:\Windows\System32\bcryptPrimitives.dll
0x00007ff99e850000 - 0x00007ff99e85f000 	c:\Users\RISHABH UPWANSHI\.vscode\extensions\redhat.java-1.54.0-win32-x64\jre\21.0.10-win32-x86_64\bin\instrument.dll
0x00007ff989750000 - 0x00007ff989770000 	c:\Users\RISHABH UPWANSHI\.vscode\extensions\redhat.java-1.54.0-win32-x64\jre\21.0.10-win32-x86_64\bin\java.dll
0x00007ff9cf680000 - 0x00007ff9cfe04000 	C:\Windows\System32\SHELL32.dll
0x00007ff9cac80000 - 0x00007ff9cb500000 	C:\Windows\SYSTEM32\windows.storage.dll
0x00007ff9ce6f0000 - 0x00007ff9ce7e6000 	C:\Windows\System32\SHCORE.dll
0x00007ff9cf610000 - 0x00007ff9cf677000 	C:\Windows\System32\shlwapi.dll
0x00007ff9cd010000 - 0x00007ff9cd039000 	C:\Windows\SYSTEM32\profapi.dll
0x00007ff989730000 - 0x00007ff989748000 	c:\Users\RISHABH UPWANSHI\.vscode\extensions\redhat.java-1.54.0-win32-x64\jre\21.0.10-win32-x86_64\bin\zip.dll
0x00007ff9999b0000 - 0x00007ff9999c0000 	C:\Users\RISHABH UPWANSHI\.vscode\extensions\redhat.java-1.54.0-win32-x64\jre\21.0.10-win32-x86_64\bin\net.dll
0x00007ff9c66a0000 - 0x00007ff9c67c9000 	C:\Windows\SYSTEM32\WINHTTP.dll
0x00007ff9cc3f0000 - 0x00007ff9cc45c000 	C:\Windows\system32\mswsock.dll
0x00007ff9896f0000 - 0x00007ff989706000 	C:\Users\RISHABH UPWANSHI\.vscode\extensions\redhat.java-1.54.0-win32-x64\jre\21.0.10-win32-x86_64\bin\nio.dll
0x00007ff989720000 - 0x00007ff989730000 	c:\Users\RISHABH UPWANSHI\.vscode\extensions\redhat.java-1.54.0-win32-x64\jre\21.0.10-win32-x86_64\bin\verify.dll
0x00007ff988c60000 - 0x00007ff988ca5000 	C:\Users\RISHABH UPWANSHI\AppData\Roaming\Code\User\globalStorage\redhat.java\1.54.0\config_win\org.eclipse.equinox.launcher\org.eclipse.equinox.launcher.win32.win32.x86_64_1.3.0.v20260203-2149\eclipse_11919.dll
0x00007ff9ce540000 - 0x00007ff9ce6d8000 	C:\Windows\System32\ole32.dll
0x00007ff9cc6d0000 - 0x00007ff9cc6eb000 	C:\Windows\SYSTEM32\CRYPTSP.dll
0x00007ff9cbde0000 - 0x00007ff9cbe19000 	C:\Windows\system32\rsaenh.dll
0x00007ff9cc4a0000 - 0x00007ff9cc4d3000 	C:\Windows\SYSTEM32\USERENV.dll
0x00007ff9ccfe0000 - 0x00007ff9cd00a000 	C:\Windows\SYSTEM32\bcrypt.dll
0x00007ff9cc6f0000 - 0x00007ff9cc6fc000 	C:\Windows\SYSTEM32\CRYPTBASE.dll
0x00007ff9cb890000 - 0x00007ff9cb8c3000 	C:\Windows\SYSTEM32\IPHLPAPI.DLL
0x00007ff9cfe10000 - 0x00007ff9cfe1a000 	C:\Windows\System32\NSI.dll
0x00007ff99e860000 - 0x00007ff99e8a9000 	C:\Users\RISHABH UPWANSHI\AppData\Local\Temp\jna-1647839792\jna9057601675635842270.dll
0x00007ff9ce6e0000 - 0x00007ff9ce6e8000 	C:\Windows\System32\PSAPI.DLL
0x00007ff9c7460000 - 0x00007ff9c747d000 	C:\Windows\SYSTEM32\dhcpcsvc6.DLL
0x00007ff9c7010000 - 0x00007ff9c7035000 	C:\Windows\SYSTEM32\dhcpcsvc.DLL

JVMTI agents:
c:\Users\RISHABH UPWANSHI\.vscode\extensions\redhat.java-1.54.0-win32-x64\lombok\lombok-1.18.39-4050.jar path:c:\Users\RISHABH UPWANSHI\.vscode\extensions\redhat.java-1.54.0-win32-x64\jre\21.0.10-win32-x86_64\bin\instrument.dll, loaded, initialized, instrumentlib options:none

dbghelp: loaded successfully - version: 4.0.5 - missing functions: none
symbol engine: initialized successfully - sym options: 0x614 - pdb path: .;c:\Users\RISHABH UPWANSHI\.vscode\extensions\redhat.java-1.54.0-win32-x64\jre\21.0.10-win32-x86_64\bin;C:\Windows\SYSTEM32;C:\Windows\WinSxS\amd64_microsoft.windows.common-controls_6595b64144ccf1df_6.0.26100.8521_none_3e08b75ce33403b3;c:\Users\RISHABH UPWANSHI\.vscode\extensions\redhat.java-1.54.0-win32-x64\jre\21.0.10-win32-x86_64\bin\server;C:\Users\RISHABH UPWANSHI\AppData\Roaming\Code\User\globalStorage\redhat.java\1.54.0\config_win\org.eclipse.equinox.launcher\org.eclipse.equinox.launcher.win32.win32.x86_64_1.3.0.v20260203-2149;C:\Users\RISHABH UPWANSHI\AppData\Local\Temp\jna-1647839792

VM Arguments:
jvm_args: --add-modules=ALL-SYSTEM --add-opens=java.base/java.util=ALL-UNNAMED --add-opens=java.base/java.lang=ALL-UNNAMED --add-opens=java.base/sun.nio.fs=ALL-UNNAMED -Declipse.application=org.eclipse.jdt.ls.core.id1 -Dosgi.bundles.defaultStartLevel=4 -Declipse.product=org.eclipse.jdt.ls.core.product -Djava.import.generatesMetadataFilesAtProjectRoot=false -DDetectVMInstallationsJob.disabled=true -Dfile.encoding=utf8 -XX:+UseParallelGC -XX:GCTimeRatio=4 -XX:AdaptiveSizePolicyWeight=90 -Dsun.zip.disableMemoryMapping=true -Xmx2G -Xms100m -Xlog:disable -javaagent:c:\Users\RISHABH UPWANSHI\.vscode\extensions\redhat.java-1.54.0-win32-x64\lombok\lombok-1.18.39-4050.jar -XX:+HeapDumpOnOutOfMemoryError -XX:HeapDumpPath=c:\Users\RISHABH UPWANSHI\AppData\Roaming\Code\User\workspaceStorage\f4a2606078933381c2a47e88c5c240c0\redhat.java -Daether.dependencyCollector.impl=bf 
java_command: c:\Users\RISHABH UPWANSHI\.vscode\extensions\redhat.java-1.54.0-win32-x64\server\plugins\org.eclipse.equinox.launcher_1.7.100.v20251111-0406.jar -configuration c:\Users\RISHABH UPWANSHI\AppData\Roaming\Code\User\globalStorage\redhat.java\1.54.0\config_win -data c:\Users\RISHABH UPWANSHI\AppData\Roaming\Code\User\workspaceStorage\f4a2606078933381c2a47e88c5c240c0\redhat.java\jdt_ws --pipe=\\.\pipe\lsp-45575f494dc41544df8b7c182c1111b9-sock
java_class_path (initial): c:\Users\RISHABH UPWANSHI\.vscode\extensions\redhat.java-1.54.0-win32-x64\server\plugins\org.eclipse.equinox.launcher_1.7.100.v20251111-0406.jar
Launcher Type: SUN_STANDARD

[Global flags]
    uintx AdaptiveSizePolicyWeight                 = 90                                        {product} {command line}
     intx CICompilerCount                          = 12                                        {product} {ergonomic}
    uintx GCTimeRatio                              = 4                                         {product} {command line}
     bool HeapDumpOnOutOfMemoryError               = true                                   {manageable} {command line}
    ccstr HeapDumpPath                             = c:\Users\RISHABH UPWANSHI\AppData\Roaming\Code\User\workspaceStorage\f4a2606078933381c2a47e88c5c240c0\redhat.java         {manageable} {command line}
   size_t InitialHeapSize                          = 104857600                                 {product} {command line}
   size_t MaxHeapSize                              = 2147483648                                {product} {command line}
   size_t MaxNewSize                               = 715653120                                 {product} {ergonomic}
   size_t MinHeapDeltaBytes                        = 524288                                    {product} {ergonomic}
   size_t MinHeapSize                              = 104857600                                 {product} {command line}
   size_t NewSize                                  = 34603008                                  {product} {ergonomic}
    uintx NonNMethodCodeHeapSize                   = 7602480                                {pd product} {ergonomic}
    uintx NonProfiledCodeHeapSize                  = 122027880                              {pd product} {ergonomic}
   size_t OldSize                                  = 70254592                                  {product} {ergonomic}
    uintx ProfiledCodeHeapSize                     = 122027880                              {pd product} {ergonomic}
    uintx ReservedCodeCacheSize                    = 251658240                              {pd product} {ergonomic}
     bool SegmentedCodeCache                       = true                                      {product} {ergonomic}
   size_t SoftMaxHeapSize                          = 2147483648                             {manageable} {ergonomic}
     bool UseCompressedOops                        = true                           {product lp64_product} {ergonomic}
     bool UseLargePagesIndividualAllocation        = false                                  {pd product} {ergonomic}
     bool UseParallelGC                            = true                                      {product} {command line}

Logging:
Log output configuration:
 #0: stdout all=off uptime,level,tags foldmultilines=false
 #1: stderr all=off uptime,level,tags foldmultilines=false

Release file:
JAVA_VERSION="21.0.10" 
MODULES="java.base java.compiler java.datatransfer java.xml java.prefs java.desktop java.instrument java.logging java.management java.security.sasl java.naming java.rmi java.management.rmi java.net.http java.scripting java.security.jgss java.transaction.xa java.sql java.sql.rowset java.xml.crypto java.se java.smartcardio jdk.accessibility jdk.internal.jvmstat jdk.attach jdk.charsets jdk.internal.opt jdk.zipfs jdk.compiler jdk.crypto.ec jdk.crypto.cryptoki jdk.crypto.mscapi jdk.dynalink jdk.internal.ed jdk.editpad jdk.hotspot.agent jdk.httpserver jdk.internal.le jdk.internal.vm.ci jdk.internal.vm.compiler jdk.internal.vm.compiler.management jdk.jartool jdk.javadoc jdk.jcmd jdk.management jdk.management.agent jdk.jconsole jdk.jdeps jdk.jdwp.agent jdk.jdi jdk.jfr jdk.jshell jdk.jsobject jdk.jstatd jdk.localedata jdk.management.jfr jdk.naming.dns jdk.naming.rmi jdk.net jdk.nio.mapmode jdk.random jdk.sctp jdk.security.auth jdk.security.jgss jdk.unsupported jdk.unsupported.desktop jdk.xml.dom" 

Environment Variables:
PATH=C:\Program Files\Common Files\Oracle\Java\javapath;C:\Python313\Scripts\;C:\Python313\;C:\Windows\system32;C:\Windows;C:\Windows\System32\Wbem;C:\Windows\System32\WindowsPowerShell\v1.0\;C:\Windows\System32\OpenSSH\;C:\Program Files (x86)\NVIDIA Corporation\PhysX\Common;C:\Program Files\dotnet\;C:\Program Files\NVIDIA Corporation\NVIDIA App\NvDLISR;C:\ProgramData\chocolatey\bin;C:\TDM-GCC-64\bin;C:\msys64\ucrt64\bin;C:\Program Files\Git\cmd;C:\Program Files\MongoDB\Server\8.2\bin;C:\Program Files\nodejs\;C:\Program Files\Microsoft SQL Server\170\Tools\Binn\;C:\Program Files\Microsoft SQL Server\Client SDK\ODBC\170\Tools\Binn\;E:\apache-maven-3.9.16-bin\apache-maven-3.9.16\bin;C:\Users\RISHABH UPWANSHI\AppData\Local\agy\bin;C:\Program Files\MySQL\MySQL Shell 8.0\bin\;C:\Users\RISHABH UPWANSHI\AppData\Local\Microsoft\WindowsApps;C:\Users\RISHABH UPWANSHI\AppData\Local\Programs\Microsoft VS Code\bin;C:\MinGW\bin;C:\Program Files\JetBrains\WebStorm 2025.2.2\bin;C:\Program Files\MySQL\MySQL Server 8.0\bin;C:\Program Files\mongosh\;C:\Users\RISHABH UPWANSHI\AppData\Roaming\npm;C:\Users\RISHABH UPWANSHI\.dotnet\tools
USERNAME=RISHABH UPWANSHI
OS=Windows_NT
PROCESSOR_IDENTIFIER=AMD64 Family 25 Model 68 Stepping 1, AuthenticAMD
TMP=C:\Users\RISHAB~1\AppData\Local\Temp
TEMP=C:\Users\RISHAB~1\AppData\Local\Temp




Periodic native trim disabled

---------------  S Y S T E M  ---------------

OS:
 Windows 11 , 64 bit Build 26100 (10.0.26100.8521)
OS uptime: 0 days 0:03 hours
Hyper-V role detected

CPU: total 16 (initial active 16) (16 cores per cpu, 2 threads per core) family 25 model 68 stepping 1 microcode 0xa404107, cx8, cmov, fxsr, ht, mmx, 3dnowpref, sse, sse2, sse3, ssse3, sse4a, sse4.1, sse4.2, popcnt, lzcnt, tsc, tscinvbit, avx, avx2, aes, erms, clmul, bmi1, bmi2, adx, sha, fma, vzeroupper, clflush, clflushopt, hv, rdtscp, rdpid, fsrm, f16c, cet_ss
Processor Information for processor 0
  Max Mhz: 3100, Current Mhz: 2523, Mhz Limit: 3100
Processor Information for processor 1
  Max Mhz: 3100, Current Mhz: 3100, Mhz Limit: 3100
Processor Information for processor 2
  Max Mhz: 3100, Current Mhz: 2523, Mhz Limit: 3100
Processor Information for processor 3
  Max Mhz: 3100, Current Mhz: 2523, Mhz Limit: 3100
Processor Information for processor 4
  Max Mhz: 3100, Current Mhz: 3100, Mhz Limit: 3100
Processor Information for processor 5
  Max Mhz: 3100, Current Mhz: 2523, Mhz Limit: 3100
Processor Information for processor 6
  Max Mhz: 3100, Current Mhz: 3100, Mhz Limit: 3100
Processor Information for processor 7
  Max Mhz: 3100, Current Mhz: 2523, Mhz Limit: 3100
Processor Information for processor 8
  Max Mhz: 3100, Current Mhz: 2523, Mhz Limit: 3100
Processor Information for processor 9
  Max Mhz: 3100, Current Mhz: 3100, Mhz Limit: 3100
Processor Information for processor 10
  Max Mhz: 3100, Current Mhz: 3100, Mhz Limit: 3100
Processor Information for processor 11
  Max Mhz: 3100, Current Mhz: 2523, Mhz Limit: 3100
Processor Information for processor 12
  Max Mhz: 3100, Current Mhz: 2523, Mhz Limit: 3100
Processor Information for processor 13
  Max Mhz: 3100, Current Mhz: 3100, Mhz Limit: 3100
Processor Information for processor 14
  Max Mhz: 3100, Current Mhz: 2523, Mhz Limit: 3100
Processor Information for processor 15
  Max Mhz: 3100, Current Mhz: 2523, Mhz Limit: 3100

Memory: 4k page, system-wide physical 16202M (6335M free)
TotalPageFile size 16202M (AvailPageFile size 5M)
current process WorkingSet (physical memory assigned to process): 237M, peak: 237M
current process commit charge ("private bytes"): 374M, peak: 376M

vm_info: OpenJDK 64-Bit Server VM (21.0.10+7-LTS) for windows-amd64 JRE (21.0.10+7-LTS), built on 2026-01-20T00:00:00Z by "admin" with MS VC++ 17.12 (VS2022)

END.
