#
# There is insufficient memory for the Java Runtime Environment to continue.
# Native memory allocation (malloc) failed to allocate 32744 bytes. Error detail: Chunk::new
# Possible reasons:
#   The system is out of physical RAM or swap space
#   This process is running with CompressedOops enabled, and the Java Heap may be blocking the growth of the native heap
# Possible solutions:
#   Reduce memory load on the system
#   Increase physical memory or swap space
#   Check if swap backing store is full
#   Decrease Java heap size (-Xmx/-Xms)
#   Decrease number of Java threads
#   Decrease Java thread stack sizes (-Xss)
#   Set larger code cache with -XX:ReservedCodeCacheSize=
#   JVM is running with Unscaled Compressed Oops mode in which the Java heap is
#     placed in the first 4GB address space. The Java Heap base address is the
#     maximum limit for the native heap growth. Please use -XX:HeapBaseMinAddress
#     to set the Java Heap base and to place the Java Heap above 4GB virtual address.
# This output file may be truncated or incomplete.
#
#  Out of Memory Error (arena.cpp:168), pid=19304, tid=19260
#
# JRE version: OpenJDK Runtime Environment Temurin-21.0.10+7 (21.0.10+7) (build 21.0.10+7-LTS)
# Java VM: OpenJDK 64-Bit Server VM Temurin-21.0.10+7 (21.0.10+7-LTS, mixed mode, sharing, tiered, compressed oops, compressed class ptrs, parallel gc, windows-amd64)
# No core dump will be written. Minidumps are not enabled by default on client versions of Windows
#

---------------  S U M M A R Y ------------

Command Line: --add-modules=ALL-SYSTEM --add-opens=java.base/java.util=ALL-UNNAMED --add-opens=java.base/java.lang=ALL-UNNAMED --add-opens=java.base/sun.nio.fs=ALL-UNNAMED -Declipse.application=org.eclipse.jdt.ls.core.id1 -Dosgi.bundles.defaultStartLevel=4 -Declipse.product=org.eclipse.jdt.ls.core.product -Djava.import.generatesMetadataFilesAtProjectRoot=false -DDetectVMInstallationsJob.disabled=true -Dfile.encoding=utf8 -XX:+UseParallelGC -XX:GCTimeRatio=4 -XX:AdaptiveSizePolicyWeight=90 -Dsun.zip.disableMemoryMapping=true -Xmx2G -Xms100m -Xlog:disable -javaagent:c:\Users\RISHABH UPWANSHI\.vscode\extensions\redhat.java-1.54.0-win32-x64\lombok\lombok-1.18.39-4050.jar c:\Users\RISHABH UPWANSHI\.vscode\extensions\redhat.java-1.54.0-win32-x64\server\plugins\org.eclipse.equinox.launcher_1.7.100.v20251111-0406.jar -configuration c:\Users\RISHABH UPWANSHI\AppData\Roaming\Code\User\globalStorage\redhat.java\1.54.0\config_ss_win -data c:\Users\RISHABH UPWANSHI\AppData\Roaming\Code\User\workspaceStorage\f4a2606078933381c2a47e88c5c240c0\redhat.java\ss_ws --pipe=\\.\pipe\lsp-3e838cc6b20398b25bcc1bd62e70d636-sock

Host: AMD Ryzen 7 7435HS                             , 16 cores, 15G,  Windows 11 , 64 bit Build 26100 (10.0.26100.8521)
Time: Wed Jun 24 14:30:29 2026 India Standard Time elapsed time: 14.482197 seconds (0d 0h 0m 14s)

---------------  T H R E A D  ---------------

Current thread (0x000002c9e4ecdc00):  JavaThread "C1 CompilerThread0" daemon [_thread_in_native, id=19260, stack(0x000000fad1f00000,0x000000fad2000000) (1024K)]


Current CompileTask:
C1:14482 1921   !   3       java.util.concurrent.ConcurrentHashMap::replaceNode (437 bytes)

Stack: [0x000000fad1f00000,0x000000fad2000000]
Native frames: (J=compiled Java code, j=interpreted, Vv=VM code, C=native code)
V  [jvm.dll+0x6d7a39]
V  [jvm.dll+0x8b4b26]
V  [jvm.dll+0x8b70de]
V  [jvm.dll+0x8b77c3]
V  [jvm.dll+0x284346]
V  [jvm.dll+0xc66ed]
V  [jvm.dll+0xc6c31]
V  [jvm.dll+0x198ac3]
V  [jvm.dll+0x198b8d]
V  [jvm.dll+0x19af48]
V  [jvm.dll+0x19c764]
V  [jvm.dll+0x1573b5]
V  [jvm.dll+0x156c57]
V  [jvm.dll+0x156e84]
V  [jvm.dll+0x15629c]
V  [jvm.dll+0x15802d]
V  [jvm.dll+0x25b85d]
V  [jvm.dll+0x259dea]
V  [jvm.dll+0x3f857e]
V  [jvm.dll+0x85f59d]
V  [jvm.dll+0x6d626d]
C  [ucrtbase.dll+0x2cd30]
C  [KERNEL32.DLL+0x2e957]
C  [ntdll.dll+0x87c1c]


---------------  P R O C E S S  ---------------

Threads class SMR info:
_java_thread_list=0x000002c9feefc1b0, length=15, elements={
0x000002c9e4e10f10, 0x000002c9e4eb63a0, 0x000002c9e4dbe190, 0x000002c9e4eb8da0,
0x000002c9e4eb9bb0, 0x000002c9e4ebbad0, 0x000002c9e4ec4430, 0x000002c9e4ec8210,
0x000002c9e4ecdc00, 0x000002c9fcdd8df0, 0x000002c9fcdd9480, 0x000002c9fcdda830,
0x000002c9fcc6da30, 0x000002c9fcdd9b10, 0x000002c9fcdda1a0
}

Java Threads: ( => current thread )
  0x000002c9e4e10f10 JavaThread "main"                              [_thread_blocked, id=26500, stack(0x000000fad1400000,0x000000fad1500000) (1024K)]
  0x000002c9e4eb63a0 JavaThread "Reference Handler"          daemon [_thread_blocked, id=18852, stack(0x000000fad1800000,0x000000fad1900000) (1024K)]
  0x000002c9e4dbe190 JavaThread "Finalizer"                  daemon [_thread_blocked, id=21468, stack(0x000000fad1900000,0x000000fad1a00000) (1024K)]
  0x000002c9e4eb8da0 JavaThread "Signal Dispatcher"          daemon [_thread_blocked, id=21980, stack(0x000000fad1a00000,0x000000fad1b00000) (1024K)]
  0x000002c9e4eb9bb0 JavaThread "Attach Listener"            daemon [_thread_blocked, id=20120, stack(0x000000fad1b00000,0x000000fad1c00000) (1024K)]
  0x000002c9e4ebbad0 JavaThread "Service Thread"             daemon [_thread_blocked, id=3840, stack(0x000000fad1c00000,0x000000fad1d00000) (1024K)]
  0x000002c9e4ec4430 JavaThread "Monitor Deflation Thread"   daemon [_thread_blocked, id=1100, stack(0x000000fad1d00000,0x000000fad1e00000) (1024K)]
  0x000002c9e4ec8210 JavaThread "C2 CompilerThread0"         daemon [_thread_in_native, id=23184, stack(0x000000fad1e00000,0x000000fad1f00000) (1024K)]
=>0x000002c9e4ecdc00 JavaThread "C1 CompilerThread0"         daemon [_thread_in_native, id=19260, stack(0x000000fad1f00000,0x000000fad2000000) (1024K)]
  0x000002c9fcdd8df0 JavaThread "Common-Cleaner"             daemon [_thread_blocked, id=18692, stack(0x000000fad2300000,0x000000fad2400000) (1024K)]
  0x000002c9fcdd9480 JavaThread "Notification Thread"        daemon [_thread_blocked, id=26432, stack(0x000000fad2500000,0x000000fad2600000) (1024K)]
  0x000002c9fcdda830 JavaThread "Active Thread: Equinox Container: 31e5b157-1e72-4160-91f1-94cdf904faa9"        [_thread_blocked, id=25688, stack(0x000000fad2e00000,0x000000fad2f00000) (1024K)]
  0x000002c9fcc6da30 JavaThread "C1 CompilerThread1"         daemon [_thread_blocked, id=15224, stack(0x000000fad2000000,0x000000fad2100000) (1024K)]
  0x000002c9fcdd9b10 JavaThread "Framework Event Dispatcher: Equinox Container: 31e5b157-1e72-4160-91f1-94cdf904faa9" daemon [_thread_blocked, id=25712, stack(0x000000fad2200000,0x000000fad2300000) (1024K)]
  0x000002c9fcdda1a0 JavaThread "Start Level: Equinox Container: 31e5b157-1e72-4160-91f1-94cdf904faa9" daemon [_thread_in_Java, id=5600, stack(0x000000fad2400000,0x000000fad2500000) (1024K)]
Total: 15

Other Threads:
  0x000002c9fcb74ba0 VMThread "VM Thread"                           [id=21852, stack(0x000000fad1700000,0x000000fad1800000) (1024K)]
  0x000002c9e4c9ca00 WatcherThread "VM Periodic Task Thread"        [id=21624, stack(0x000000fad1600000,0x000000fad1700000) (1024K)]
  0x000002c9e4e31f10 WorkerThread "GC Thread#0"                     [id=21420, stack(0x000000fad1500000,0x000000fad1600000) (1024K)]
  0x000002c9fe8d2ea0 WorkerThread "GC Thread#1"                     [id=26240, stack(0x000000fad2700000,0x000000fad2800000) (1024K)]
  0x000002c9fed17420 WorkerThread "GC Thread#2"                     [id=26232, stack(0x000000fad2800000,0x000000fad2900000) (1024K)]
  0x000002c9fed19c80 WorkerThread "GC Thread#3"                     [id=26320, stack(0x000000fad2900000,0x000000fad2a00000) (1024K)]
  0x000002c9fed1a030 WorkerThread "GC Thread#4"                     [id=26424, stack(0x000000fad2a00000,0x000000fad2b00000) (1024K)]
  0x000002c9feb36580 WorkerThread "GC Thread#5"                     [id=26576, stack(0x000000fad2b00000,0x000000fad2c00000) (1024K)]
  0x000002c9feb36930 WorkerThread "GC Thread#6"                     [id=26588, stack(0x000000fad2c00000,0x000000fad2d00000) (1024K)]
  0x000002c9fed076e0 WorkerThread "GC Thread#7"                     [id=6204, stack(0x000000fad2100000,0x000000fad2200000) (1024K)]
Total: 10

Threads with active compile tasks:
C2 CompilerThread0  14509 1946       4       java.util.concurrent.ConcurrentHashMap::get (162 bytes)
C1 CompilerThread0  14509 1921   !   3       java.util.concurrent.ConcurrentHashMap::replaceNode (437 bytes)
Total: 2

VM state: not at safepoint (normal execution)

VM Mutex/Monitor currently owned by a thread: None

Heap address: 0x0000000080000000, size: 2048 MB, Compressed Oops mode: 32-bit

CDS archive(s) mapped at: [0x000002c980000000-0x000002c980ba0000-0x000002c980ba0000), size 12189696, SharedBaseAddress: 0x000002c980000000, ArchiveRelocationMode: 1.
Compressed class space mapped at: 0x000002c981000000-0x000002c9c1000000, reserved size: 1073741824
Narrow klass base: 0x000002c980000000, Narrow klass shift: 0, Narrow klass range: 0x100000000

GC Precious Log:
 CardTable entry size: 512
 CPUs: 16 total, 16 available
 Memory: 16202M
 Large Page Support: Disabled
 NUMA Support: Disabled
 Compressed Oops: Enabled (32-bit)
 Alignments: Space 512K, Generation 512K, Heap 2M
 Heap Min Capacity: 100M
 Heap Initial Capacity: 100M
 Heap Max Capacity: 2G
 Pre-touch: Disabled
 Parallel Workers: 13

Heap:
 PSYoungGen      total 29696K, used 6971K [0x00000000d5580000, 0x00000000d7680000, 0x0000000100000000)
  eden space 25600K, 11% used [0x00000000d5580000,0x00000000d5851540,0x00000000d6e80000)
  from space 4096K, 99% used [0x00000000d7280000,0x00000000d767d810,0x00000000d7680000)
  to   space 4096K, 0% used [0x00000000d6e80000,0x00000000d6e80000,0x00000000d7280000)
 ParOldGen       total 68608K, used 1073K [0x0000000080000000, 0x0000000084300000, 0x00000000d5580000)
  object space 68608K, 1% used [0x0000000080000000,0x000000008010c6a8,0x0000000084300000)
 Metaspace       used 8215K, committed 8512K, reserved 1114112K
  class space    used 863K, committed 960K, reserved 1048576K

Card table byte_map: [0x000002c9e47b0000,0x000002c9e4bc0000] _byte_map_base: 0x000002c9e43b0000

Marking Bits: (ParMarkBitMap*) 0x00007ff80b533450
 Begin Bits: [0x000002c9f72c0000, 0x000002c9f92c0000)
 End Bits:   [0x000002c9f92c0000, 0x000002c9fb2c0000)

Polling page: 0x000002c9e2ca0000

Metaspace:

Usage:
  Non-class:      7.18 MB used.
      Class:    864.80 KB used.
       Both:      8.03 MB used.

Virtual space:
  Non-class space:       64.00 MB reserved,       7.38 MB ( 12%) committed,  1 nodes.
      Class space:        1.00 GB reserved,     960.00 KB ( <1%) committed,  1 nodes.
             Both:        1.06 GB reserved,       8.31 MB ( <1%) committed. 

Chunk freelists:
   Non-Class:  8.64 MB
       Class:  14.88 MB
        Both:  23.52 MB

MaxMetaspaceSize: unlimited
CompressedClassSpaceSize: 1.00 GB
Initial GC threshold: 21.00 MB
Current GC threshold: 21.00 MB
CDS: on
 - commit_granule_bytes: 65536.
 - commit_granule_words: 8192.
 - virtual_space_node_default_size: 8388608.
 - enlarge_chunks_in_place: 1.
 - use_allocation_guard: 0.


Internal statistics:

num_allocs_failed_limit: 0.
num_arena_births: 236.
num_arena_deaths: 0.
num_vsnodes_births: 2.
num_vsnodes_deaths: 0.
num_space_committed: 133.
num_space_uncommitted: 0.
num_chunks_returned_to_freelist: 0.
num_chunks_taken_from_freelist: 446.
num_chunk_merges: 0.
num_chunk_splits: 284.
num_chunks_enlarged: 187.
num_inconsistent_stats: 0.

CodeHeap 'non-profiled nmethods': size=119168Kb used=784Kb max_used=784Kb free=118383Kb
 bounds [0x000002c9efbb0000, 0x000002c9efe20000, 0x000002c9f7010000]
CodeHeap 'profiled nmethods': size=119104Kb used=3584Kb max_used=3584Kb free=115519Kb
 bounds [0x000002c9e8010000, 0x000002c9e83a0000, 0x000002c9ef460000]
CodeHeap 'non-nmethods': size=7488Kb used=1780Kb max_used=2940Kb free=5708Kb
 bounds [0x000002c9ef460000, 0x000002c9ef750000, 0x000002c9efbb0000]
CodeCache: size=245760Kb, used=6148Kb, max_used=7308Kb, free=239610Kb
 total_blobs=2425, nmethods=1941, adapters=390, full_count=0
Compilation: enabled, stopped_count=0, restarted_count=0

Compilation events (20 events):
Event: 8.358 Thread 0x000002c9e4ecdc00 nmethod 1913 0x000002c9e8383c90 code [0x000002c9e8383e80, 0x000002c9e83841b8]
Event: 8.701 Thread 0x000002c9e4ec8210 1914       4       java.lang.StringLatin1::toLowerCase (186 bytes)
Event: 8.712 Thread 0x000002c9e4ec8210 nmethod 1914 0x000002c9efc70c90 code [0x000002c9efc70e60, 0x000002c9efc71640]
Event: 8.895 Thread 0x000002c9e4ecdc00 1915       1       sun.nio.fs.NativeBuffer::setOwner (6 bytes)
Event: 8.896 Thread 0x000002c9e4ecdc00 nmethod 1915 0x000002c9efc71990 code [0x000002c9efc71b20, 0x000002c9efc71c00]
Event: 9.909 Thread 0x000002c9e4ecdc00 1916       3       org.eclipse.core.runtime.adaptor.EclipseStarter::createURL (6 bytes)
Event: 9.909 Thread 0x000002c9e4ecdc00 nmethod 1916 0x000002c9e8384310 code [0x000002c9e83844c0, 0x000002c9e83845e8]
Event: 9.909 Thread 0x000002c9e4ecdc00 1917       3       org.eclipse.osgi.storage.url.reference.Handler::parseURL (47 bytes)
Event: 9.910 Thread 0x000002c9e4ecdc00 nmethod 1917 0x000002c9e8384690 code [0x000002c9e8384860, 0x000002c9e8384ba8]
Event: 9.910 Thread 0x000002c9e4ecdc00 1918       3       org.eclipse.equinox.plurl.PlurlStreamHandlerBase::setURL (56 bytes)
Event: 9.910 Thread 0x000002c9e4ecdc00 nmethod 1918 0x000002c9e8384d10 code [0x000002c9e8384ee0, 0x000002c9e83851b0]
Event: 12.070 Thread 0x000002c9e4ecdc00 1919       3       org.eclipse.osgi.framework.util.FilePath::hasTrailingSlash (13 bytes)
Event: 12.070 Thread 0x000002c9e4ecdc00 nmethod 1919 0x000002c9e8385310 code [0x000002c9e83854c0, 0x000002c9e8385638]
Event: 12.459 Thread 0x000002c9e4ecdc00 1920       1       org.eclipse.osgi.internal.framework.EquinoxBundle$EquinoxModule::getBundle (5 bytes)
Event: 12.460 Thread 0x000002c9e4ecdc00 nmethod 1920 0x000002c9efc71c90 code [0x000002c9efc71e20, 0x000002c9efc71ee8]
Event: 12.460 Thread 0x000002c9e4ecdc00 1921   !   3       java.util.concurrent.ConcurrentHashMap::replaceNode (437 bytes)
Event: 12.461 Thread 0x000002c9e4ec8210 1929       4       java.lang.String::equalsIgnoreCase (45 bytes)
Event: 14.479 Thread 0x000002c9e4ec8210 nmethod 1929 0x000002c9efc72390 code [0x000002c9efc72520, 0x000002c9efc72650]
Event: 14.479 Thread 0x000002c9e4ec8210 1930       4       java.lang.StringLatin1::regionMatchesCI (45 bytes)
Event: 14.479 Thread 0x000002c9fcc6da30 1926       2       org.eclipse.osgi.internal.framework.EquinoxContainer::checkAdminPermission (27 bytes)

GC Heap History (4 events):
Event: 1.097 GC heap before
{Heap before GC invocations=1 (full 0):
 PSYoungGen      total 29696K, used 25600K [0x00000000d5580000, 0x00000000d7680000, 0x0000000100000000)
  eden space 25600K, 100% used [0x00000000d5580000,0x00000000d6e80000,0x00000000d6e80000)
  from space 4096K, 0% used [0x00000000d7280000,0x00000000d7280000,0x00000000d7680000)
  to   space 4096K, 0% used [0x00000000d6e80000,0x00000000d6e80000,0x00000000d7280000)
 ParOldGen       total 68608K, used 0K [0x0000000080000000, 0x0000000084300000, 0x00000000d5580000)
  object space 68608K, 0% used [0x0000000080000000,0x0000000080000000,0x0000000084300000)
 Metaspace       used 4181K, committed 4480K, reserved 1114112K
  class space    used 454K, committed 576K, reserved 1048576K
}
Event: 1.106 GC heap after
{Heap after GC invocations=1 (full 0):
 PSYoungGen      total 29696K, used 3627K [0x00000000d5580000, 0x00000000d7680000, 0x0000000100000000)
  eden space 25600K, 0% used [0x00000000d5580000,0x00000000d5580000,0x00000000d6e80000)
  from space 4096K, 88% used [0x00000000d6e80000,0x00000000d720aff0,0x00000000d7280000)
  to   space 4096K, 0% used [0x00000000d7280000,0x00000000d7280000,0x00000000d7680000)
 ParOldGen       total 68608K, used 16K [0x0000000080000000, 0x0000000084300000, 0x00000000d5580000)
  object space 68608K, 0% used [0x0000000080000000,0x0000000080004000,0x0000000084300000)
 Metaspace       used 4181K, committed 4480K, reserved 1114112K
  class space    used 454K, committed 576K, reserved 1048576K
}
Event: 2.886 GC heap before
{Heap before GC invocations=2 (full 0):
 PSYoungGen      total 29696K, used 29227K [0x00000000d5580000, 0x00000000d7680000, 0x0000000100000000)
  eden space 25600K, 100% used [0x00000000d5580000,0x00000000d6e80000,0x00000000d6e80000)
  from space 4096K, 88% used [0x00000000d6e80000,0x00000000d720aff0,0x00000000d7280000)
  to   space 4096K, 0% used [0x00000000d7280000,0x00000000d7280000,0x00000000d7680000)
 ParOldGen       total 68608K, used 16K [0x0000000080000000, 0x0000000084300000, 0x00000000d5580000)
  object space 68608K, 0% used [0x0000000080000000,0x0000000080004000,0x0000000084300000)
 Metaspace       used 7988K, committed 8256K, reserved 1114112K
  class space    used 829K, committed 960K, reserved 1048576K
}
Event: 2.891 GC heap after
{Heap after GC invocations=2 (full 0):
 PSYoungGen      total 29696K, used 4086K [0x00000000d5580000, 0x00000000d7680000, 0x0000000100000000)
  eden space 25600K, 0% used [0x00000000d5580000,0x00000000d5580000,0x00000000d6e80000)
  from space 4096K, 99% used [0x00000000d7280000,0x00000000d767d810,0x00000000d7680000)
  to   space 4096K, 0% used [0x00000000d6e80000,0x00000000d6e80000,0x00000000d7280000)
 ParOldGen       total 68608K, used 1073K [0x0000000080000000, 0x0000000084300000, 0x00000000d5580000)
  object space 68608K, 1% used [0x0000000080000000,0x000000008010c6a8,0x0000000084300000)
 Metaspace       used 7988K, committed 8256K, reserved 1114112K
  class space    used 829K, committed 960K, reserved 1048576K
}

Dll operation events (8 events):
Event: 0.041 Loaded shared library c:\Users\RISHABH UPWANSHI\.vscode\extensions\redhat.java-1.54.0-win32-x64\jre\21.0.10-win32-x86_64\bin\java.dll
Event: 0.129 Loaded shared library c:\Users\RISHABH UPWANSHI\.vscode\extensions\redhat.java-1.54.0-win32-x64\jre\21.0.10-win32-x86_64\bin\zip.dll
Event: 0.160 Loaded shared library C:\Users\RISHABH UPWANSHI\.vscode\extensions\redhat.java-1.54.0-win32-x64\jre\21.0.10-win32-x86_64\bin\instrument.dll
Event: 0.169 Loaded shared library C:\Users\RISHABH UPWANSHI\.vscode\extensions\redhat.java-1.54.0-win32-x64\jre\21.0.10-win32-x86_64\bin\net.dll
Event: 0.173 Loaded shared library C:\Users\RISHABH UPWANSHI\.vscode\extensions\redhat.java-1.54.0-win32-x64\jre\21.0.10-win32-x86_64\bin\nio.dll
Event: 0.179 Loaded shared library C:\Users\RISHABH UPWANSHI\.vscode\extensions\redhat.java-1.54.0-win32-x64\jre\21.0.10-win32-x86_64\bin\zip.dll
Event: 0.206 Loaded shared library C:\Users\RISHABH UPWANSHI\.vscode\extensions\redhat.java-1.54.0-win32-x64\jre\21.0.10-win32-x86_64\bin\jimage.dll
Event: 0.329 Loaded shared library c:\Users\RISHABH UPWANSHI\.vscode\extensions\redhat.java-1.54.0-win32-x64\jre\21.0.10-win32-x86_64\bin\verify.dll

Deoptimization events (20 events):
Event: 1.832 Thread 0x000002c9e4e10f10 DEOPT PACKING pc=0x000002c9efc5010c sp=0x000000fad14fe680
Event: 1.832 Thread 0x000002c9e4e10f10 DEOPT UNPACKING pc=0x000002c9ef4b3aa2 sp=0x000000fad14fe5a8 mode 2
Event: 1.833 Thread 0x000002c9e4e10f10 Uncommon trap: trap_request=0xffffffde fr.pc=0x000002c9efbe28b8 relative=0x0000000000000478
Event: 1.833 Thread 0x000002c9e4e10f10 Uncommon trap: reason=class_check action=maybe_recompile pc=0x000002c9efbe28b8 method=java.util.HashMap.putVal(ILjava/lang/Object;Ljava/lang/Object;ZZ)Ljava/lang/Object; @ 253 c2
Event: 1.833 Thread 0x000002c9e4e10f10 DEOPT PACKING pc=0x000002c9efbe28b8 sp=0x000000fad14fe4e0
Event: 1.833 Thread 0x000002c9e4e10f10 DEOPT UNPACKING pc=0x000002c9ef4b3aa2 sp=0x000000fad14fe4a0 mode 2
Event: 1.898 Thread 0x000002c9e4e10f10 DEOPT PACKING pc=0x000002c9e812c08b sp=0x000000fad14fcbd0
Event: 1.898 Thread 0x000002c9e4e10f10 DEOPT UNPACKING pc=0x000002c9ef4b4242 sp=0x000000fad14fc048 mode 0
Event: 1.899 Thread 0x000002c9e4e10f10 DEOPT PACKING pc=0x000002c9e81b5e88 sp=0x000000fad14fc7d0
Event: 1.899 Thread 0x000002c9e4e10f10 DEOPT UNPACKING pc=0x000002c9ef4b4242 sp=0x000000fad14fbc50 mode 0
Event: 1.899 Thread 0x000002c9e4e10f10 DEOPT PACKING pc=0x000002c9e8126706 sp=0x000000fad14fc690
Event: 1.899 Thread 0x000002c9e4e10f10 DEOPT UNPACKING pc=0x000002c9ef4b4242 sp=0x000000fad14fbb10 mode 0
Event: 1.901 Thread 0x000002c9e4e10f10 DEOPT PACKING pc=0x000002c9e81b5e88 sp=0x000000fad14fcae0
Event: 1.901 Thread 0x000002c9e4e10f10 DEOPT UNPACKING pc=0x000002c9ef4b4242 sp=0x000000fad14fbf60 mode 0
Event: 1.902 Thread 0x000002c9e4e10f10 DEOPT PACKING pc=0x000002c9e8126706 sp=0x000000fad14fc8e0
Event: 1.902 Thread 0x000002c9e4e10f10 DEOPT UNPACKING pc=0x000002c9ef4b4242 sp=0x000000fad14fbd60 mode 0
Event: 1.902 Thread 0x000002c9e4e10f10 DEOPT PACKING pc=0x000002c9e81b5e88 sp=0x000000fad14fca30
Event: 1.902 Thread 0x000002c9e4e10f10 DEOPT UNPACKING pc=0x000002c9ef4b4242 sp=0x000000fad14fbeb0 mode 0
Event: 1.903 Thread 0x000002c9e4e10f10 DEOPT PACKING pc=0x000002c9e81b5e88 sp=0x000000fad14fcd30
Event: 1.903 Thread 0x000002c9e4e10f10 DEOPT UNPACKING pc=0x000002c9ef4b4242 sp=0x000000fad14fc1b0 mode 0

Classes loaded (20 events):
Event: 1.894 Loading class java/security/KeyStoreException
Event: 1.894 Loading class java/security/KeyStoreException done
Event: 1.920 Loading class java/util/LinkedList$Node
Event: 1.921 Loading class java/util/LinkedList$Node done
Event: 1.921 Loading class java/util/LinkedList$ListItr
Event: 1.921 Loading class java/util/LinkedList$ListItr done
Event: 1.922 Loading class java/lang/Thread$Builder$OfPlatform
Event: 1.922 Loading class java/lang/Thread$Builder
Event: 1.922 Loading class java/lang/Thread$Builder done
Event: 1.922 Loading class java/lang/Thread$Builder$OfPlatform done
Event: 1.922 Loading class java/lang/Thread$Builder$OfVirtual
Event: 1.922 Loading class java/lang/Thread$Builder$OfVirtual done
Event: 1.933 Loading class sun/nio/fs/WindowsChannelFactory
Event: 1.933 Loading class sun/nio/fs/WindowsChannelFactory done
Event: 1.933 Loading class sun/nio/fs/WindowsChannelFactory$1
Event: 1.933 Loading class sun/nio/fs/WindowsChannelFactory$1 done
Event: 1.933 Loading class sun/nio/fs/WindowsChannelFactory$Flags
Event: 1.933 Loading class sun/nio/fs/WindowsChannelFactory$Flags done
Event: 1.934 Loading class sun/nio/ch/FileChannelImpl$Closer
Event: 1.934 Loading class sun/nio/ch/FileChannelImpl$Closer done

Classes unloaded (0 events):
No events

Classes redefined (0 events):
No events

Internal exceptions (20 events):
Event: 0.874 Thread 0x000002c9e4e10f10 Exception <a 'java/lang/NoSuchMethodError'{0x00000000d67a24a8}: 'java.lang.Object java.lang.invoke.DirectMethodHandle$Holder.invokeInterface(java.lang.Object, java.lang.Object, int)'> (0x00000000d67a24a8) 
thrown [s\src\hotspot\share\interpreter\linkResolver.cpp, line 773]
Event: 1.059 Thread 0x000002c9e4e10f10 Exception <a 'java/lang/NoSuchMethodError'{0x00000000d6c11b80}: 'java.lang.ClassLoader java.lang.ClassLoader.getPlatformClassLoader(java.lang.Class)'> (0x00000000d6c11b80) 
thrown [s\src\hotspot\share\interpreter\linkResolver.cpp, line 773]
Event: 1.140 Thread 0x000002c9e4e10f10 Exception <a 'java/lang/ClassNotFoundException'{0x00000000d576c1a8}: sun/net/www/protocol/c/Handler> (0x00000000d576c1a8) 
thrown [s\src\hotspot\share\classfile\systemDictionary.cpp, line 312]
Event: 1.140 Thread 0x000002c9e4e10f10 Exception <a 'java/lang/ClassNotFoundException'{0x00000000d576d580}: sun/net/www/protocol/e/Handler> (0x00000000d576d580) 
thrown [s\src\hotspot\share\classfile\systemDictionary.cpp, line 312]
Event: 1.141 Thread 0x000002c9e4e10f10 Exception <a 'java/lang/ClassNotFoundException'{0x00000000d576e790}: sun/net/www/protocol/c/Handler> (0x00000000d576e790) 
thrown [s\src\hotspot\share\classfile\systemDictionary.cpp, line 312]
Event: 1.149 Thread 0x000002c9e4e10f10 Exception <a 'java/io/FileNotFoundException'{0x00000000d5797cd0}> (0x00000000d5797cd0) 
thrown [s\src\hotspot\share\prims\jni.cpp, line 520]
Event: 1.188 Thread 0x000002c9e4e10f10 Implicit null exception at 0x000002c9efc0e229 to 0x000002c9efc0ea9c
Event: 1.188 Thread 0x000002c9e4e10f10 Implicit null exception at 0x000002c9efc17d9a to 0x000002c9efc17fa4
Event: 1.188 Thread 0x000002c9e4e10f10 Exception <a 'java/lang/NoSuchMethodError'{0x00000000d58c88d0}: 'void java.lang.invoke.DirectMethodHandle$Holder.invokeStatic(java.lang.Object, java.lang.Object, java.lang.Object, java.lang.Object)'> (0x00000000d58c88d0) 
thrown [s\src\hotspot\share\interpreter\linkResolver.cpp, line 773]
Event: 1.190 Thread 0x000002c9e4e10f10 Implicit null exception at 0x000002c9efc1039a to 0x000002c9efc105a4
Event: 1.190 Thread 0x000002c9e4e10f10 Implicit null exception at 0x000002c9efc0ffbd to 0x000002c9efc10041
Event: 1.308 Thread 0x000002c9e4e10f10 Exception <a 'java/lang/NoSuchMethodError'{0x00000000d5c0f820}: 'void java.lang.invoke.DirectMethodHandle$Holder.invokeSpecial(java.lang.Object, java.lang.Object, java.lang.Object)'> (0x00000000d5c0f820) 
thrown [s\src\hotspot\share\interpreter\linkResolver.cpp, line 773]
Event: 1.669 Thread 0x000002c9e4e10f10 Exception <a 'java/lang/NoSuchMethodError'{0x00000000d6540f88}: 'int java.lang.invoke.DirectMethodHandle$Holder.invokeVirtual(java.lang.Object, java.lang.Object)'> (0x00000000d6540f88) 
thrown [s\src\hotspot\share\interpreter\linkResolver.cpp, line 773]
Event: 1.749 Thread 0x000002c9e4e10f10 Exception <a 'java/lang/NoSuchMethodError'{0x00000000d66b8148}: 'int java.lang.invoke.DirectMethodHandle$Holder.invokeStaticInit(java.lang.Object, java.lang.Object, java.lang.Object, java.lang.Object)'> (0x00000000d66b8148) 
thrown [s\src\hotspot\share\interpreter\linkResolver.cpp, line 773]
Event: 1.751 Thread 0x000002c9e4e10f10 Exception <a 'java/lang/IncompatibleClassChangeError'{0x00000000d66c0798}: Found class java.lang.Object, but interface was expected> (0x00000000d66c0798) 
thrown [s\src\hotspot\share\interpreter\linkResolver.cpp, line 840]
Event: 1.752 Thread 0x000002c9e4e10f10 Exception <a 'java/lang/NoSuchMethodError'{0x00000000d66c6d08}: 'void java.lang.invoke.DirectMethodHandle$Holder.invokeStaticInit(java.lang.Object, java.lang.Object)'> (0x00000000d66c6d08) 
thrown [s\src\hotspot\share\interpreter\linkResolver.cpp, line 773]
Event: 1.754 Thread 0x000002c9e4e10f10 Exception <a 'java/lang/NoSuchMethodError'{0x00000000d66d0f20}: 'int java.lang.invoke.DirectMethodHandle$Holder.invokeStaticInit(java.lang.Object, java.lang.Object)'> (0x00000000d66d0f20) 
thrown [s\src\hotspot\share\interpreter\linkResolver.cpp, line 773]
Event: 1.813 Thread 0x000002c9e4e10f10 Exception <a 'java/lang/NoSuchMethodError'{0x00000000d6924aa8}: 'java.lang.Object java.lang.invoke.DirectMethodHandle$Holder.newInvokeSpecial(java.lang.Object, int, java.lang.Object)'> (0x00000000d6924aa8) 
thrown [s\src\hotspot\share\interpreter\linkResolver.cpp, line 773]
Event: 1.869 Thread 0x000002c9e4e10f10 Exception <a 'java/lang/ClassNotFoundException'{0x00000000d6b3fea0}: sun/net/www/protocol/plurl/Handler> (0x00000000d6b3fea0) 
thrown [s\src\hotspot\share\classfile\systemDictionary.cpp, line 312]
Event: 1.870 Thread 0x000002c9e4e10f10 Exception <a 'java/lang/ClassNotFoundException'{0x00000000d6b40d20}: sun/net/www/protocol/plurl/Handler> (0x00000000d6b40d20) 
thrown [s\src\hotspot\share\classfile\systemDictionary.cpp, line 312]

ZGC Phase Switch (0 events):
No events

VM Operations (20 events):
Event: 0.673 Executing non-safepoint VM operation: HandshakeAllThreads (Deoptimize)
Event: 0.673 Executing non-safepoint VM operation: HandshakeAllThreads (Deoptimize) done
Event: 0.694 Executing non-safepoint VM operation: HandshakeAllThreads (Deoptimize)
Event: 0.694 Executing non-safepoint VM operation: HandshakeAllThreads (Deoptimize) done
Event: 1.097 Executing safepoint VM operation: ParallelGCFailedAllocation (Allocation Failure)
Event: 1.106 Executing safepoint VM operation: ParallelGCFailedAllocation (Allocation Failure) done
Event: 1.785 Executing non-safepoint VM operation: HandshakeAllThreads (Deoptimize)
Event: 1.785 Executing non-safepoint VM operation: HandshakeAllThreads (Deoptimize) done
Event: 1.797 Executing non-safepoint VM operation: HandshakeAllThreads (Deoptimize)
Event: 1.797 Executing non-safepoint VM operation: HandshakeAllThreads (Deoptimize) done
Event: 1.834 Executing safepoint VM operation: ICBufferFull
Event: 1.834 Executing safepoint VM operation: ICBufferFull done
Event: 1.850 Executing non-safepoint VM operation: HandshakeAllThreads (Deoptimize)
Event: 1.850 Executing non-safepoint VM operation: HandshakeAllThreads (Deoptimize) done
Event: 1.864 Executing non-safepoint VM operation: HandshakeAllThreads (Deoptimize)
Event: 1.865 Executing non-safepoint VM operation: HandshakeAllThreads (Deoptimize) done
Event: 2.872 Executing safepoint VM operation: Cleanup
Event: 2.872 Executing safepoint VM operation: Cleanup done
Event: 2.886 Executing safepoint VM operation: ParallelGCFailedAllocation (Allocation Failure)
Event: 2.891 Executing safepoint VM operation: ParallelGCFailedAllocation (Allocation Failure) done

Memory protections (0 events):
No events

Nmethod flushes (0 events):
No events

Events (20 events):
Event: 0.085 Thread 0x000002c9e4e10f10 Thread added: 0x000002c9e4ebbad0
Event: 0.085 Thread 0x000002c9e4e10f10 Thread added: 0x000002c9e4ec4430
Event: 0.085 Thread 0x000002c9e4e10f10 Thread added: 0x000002c9e4ec8210
Event: 0.085 Thread 0x000002c9e4e10f10 Thread added: 0x000002c9e4ecdc00
Event: 0.126 Thread 0x000002c9e4ecdc00 Thread added: 0x000002c9fcc6da30
Event: 0.127 Thread 0x000002c9e4ecdc00 Thread added: 0x000002c9fcc91dd0
Event: 0.138 Thread 0x000002c9e4ec8210 Thread added: 0x000002c9fcce28c0
Event: 0.163 Thread 0x000002c9e4e10f10 Thread added: 0x000002c9fcdd8df0
Event: 0.216 Thread 0x000002c9fcc91dd0 Thread added: 0x000002c9fce5ffb0
Event: 0.481 Thread 0x000002c9e4e10f10 Thread added: 0x000002c9fcdd9480
Event: 0.597 Thread 0x000002c9fcc6da30 Thread added: 0x000002c9fe49a4a0
Event: 1.376 Thread 0x000002c9fcc91dd0 Thread added: 0x000002c9fed58c80
Event: 1.769 Thread 0x000002c9e4e10f10 Thread added: 0x000002c9fcdda830
Event: 2.103 Thread 0x000002c9fed58c80 Thread exited: 0x000002c9fed58c80
Event: 2.134 Thread 0x000002c9fe49a4a0 Thread exited: 0x000002c9fe49a4a0
Event: 2.134 Thread 0x000002c9fcce28c0 Thread exited: 0x000002c9fcce28c0
Event: 2.841 Thread 0x000002c9fce5ffb0 Thread exited: 0x000002c9fce5ffb0
Event: 2.842 Thread 0x000002c9fcc91dd0 Thread exited: 0x000002c9fcc91dd0
Event: 3.045 Thread 0x000002c9fcc6da30 Thread exited: 0x000002c9fcc6da30
Event: 14.479 Thread 0x000002c9e4ec8210 Thread added: 0x000002c9fcc6da30


Dynamic libraries:
0x00007ff608ee0000 - 0x00007ff608eee000 	c:\Users\RISHABH UPWANSHI\.vscode\extensions\redhat.java-1.54.0-win32-x64\jre\21.0.10-win32-x86_64\bin\java.exe
0x00007ff89ca60000 - 0x00007ff89ccc6000 	C:\Windows\SYSTEM32\ntdll.dll
0x00007ff89bba0000 - 0x00007ff89bc69000 	C:\Windows\System32\KERNEL32.DLL
0x00007ff89a320000 - 0x00007ff89a71a000 	C:\Windows\System32\KERNELBASE.dll
0x00007ff89a120000 - 0x00007ff89a26c000 	C:\Windows\System32\ucrtbase.dll
0x00007ff88dd30000 - 0x00007ff88dd4e000 	c:\Users\RISHABH UPWANSHI\.vscode\extensions\redhat.java-1.54.0-win32-x64\jre\21.0.10-win32-x86_64\bin\VCRUNTIME140.dll
0x00007ff88dd10000 - 0x00007ff88dd28000 	c:\Users\RISHABH UPWANSHI\.vscode\extensions\redhat.java-1.54.0-win32-x64\jre\21.0.10-win32-x86_64\bin\jli.dll
0x00007ff89bd90000 - 0x00007ff89bf57000 	C:\Windows\System32\USER32.dll
0x00007ff899f70000 - 0x00007ff899f97000 	C:\Windows\System32\win32u.dll
0x00007ff87e950000 - 0x00007ff87ebe2000 	C:\Windows\WinSxS\amd64_microsoft.windows.common-controls_6595b64144ccf1df_6.0.26100.8521_none_3e08b75ce33403b3\COMCTL32.dll
0x00007ff89c3e0000 - 0x00007ff89c40b000 	C:\Windows\System32\GDI32.dll
0x00007ff89a8d0000 - 0x00007ff89a979000 	C:\Windows\System32\msvcrt.dll
0x00007ff899e40000 - 0x00007ff899f6b000 	C:\Windows\System32\gdi32full.dll
0x00007ff89a270000 - 0x00007ff89a313000 	C:\Windows\System32\msvcp_win.dll
0x00007ff89aa90000 - 0x00007ff89aac2000 	C:\Windows\System32\IMM32.DLL
0x00007ff893120000 - 0x00007ff89312c000 	c:\Users\RISHABH UPWANSHI\.vscode\extensions\redhat.java-1.54.0-win32-x64\jre\21.0.10-win32-x86_64\bin\vcruntime140_1.dll
0x00007ff88dc80000 - 0x00007ff88dd0d000 	c:\Users\RISHABH UPWANSHI\.vscode\extensions\redhat.java-1.54.0-win32-x64\jre\21.0.10-win32-x86_64\bin\msvcp140.dll
0x00007ff80a870000 - 0x00007ff80b611000 	c:\Users\RISHABH UPWANSHI\.vscode\extensions\redhat.java-1.54.0-win32-x64\jre\21.0.10-win32-x86_64\bin\server\jvm.dll
0x00007ff89c220000 - 0x00007ff89c2d6000 	C:\Windows\System32\ADVAPI32.dll
0x00007ff89c420000 - 0x00007ff89c4ca000 	C:\Windows\System32\sechost.dll
0x00007ff89bc70000 - 0x00007ff89bd88000 	C:\Windows\System32\RPCRT4.dll
0x00007ff89a9f0000 - 0x00007ff89aa70000 	C:\Windows\System32\WS2_32.dll
0x00007ff899b50000 - 0x00007ff899bae000 	C:\Windows\SYSTEM32\POWRPROF.dll
0x00007ff893ad0000 - 0x00007ff893adb000 	C:\Windows\SYSTEM32\VERSION.dll
0x00007ff88da80000 - 0x00007ff88dab6000 	C:\Windows\SYSTEM32\WINMM.dll
0x00007ff899b30000 - 0x00007ff899b44000 	C:\Windows\SYSTEM32\UMPDC.dll
0x00007ff898a80000 - 0x00007ff898a9b000 	C:\Windows\SYSTEM32\kernel.appcore.dll
0x00007ff88dc70000 - 0x00007ff88dc7a000 	c:\Users\RISHABH UPWANSHI\.vscode\extensions\redhat.java-1.54.0-win32-x64\jre\21.0.10-win32-x86_64\bin\jimage.dll
0x00007ff8812c0000 - 0x00007ff881502000 	C:\Windows\SYSTEM32\DBGHELP.DLL
0x00007ff89aed0000 - 0x00007ff89b253000 	C:\Windows\System32\combase.dll
0x00007ff89abd0000 - 0x00007ff89aca9000 	C:\Windows\System32\OLEAUT32.dll
0x00007ff879a20000 - 0x00007ff879a5b000 	C:\Windows\SYSTEM32\dbgcore.DLL
0x00007ff89a720000 - 0x00007ff89a7c8000 	C:\Windows\System32\bcryptPrimitives.dll
0x00007ff861770000 - 0x00007ff86177f000 	c:\Users\RISHABH UPWANSHI\.vscode\extensions\redhat.java-1.54.0-win32-x64\jre\21.0.10-win32-x86_64\bin\instrument.dll
0x00007ff845a30000 - 0x00007ff845a50000 	c:\Users\RISHABH UPWANSHI\.vscode\extensions\redhat.java-1.54.0-win32-x64\jre\21.0.10-win32-x86_64\bin\java.dll
0x00007ff89b260000 - 0x00007ff89b9e4000 	C:\Windows\System32\SHELL32.dll
0x00007ff897880000 - 0x00007ff898100000 	C:\Windows\SYSTEM32\windows.storage.dll
0x00007ff89c120000 - 0x00007ff89c216000 	C:\Windows\System32\SHCORE.dll
0x00007ff89a980000 - 0x00007ff89a9e7000 	C:\Windows\System32\shlwapi.dll
0x00007ff899c10000 - 0x00007ff899c39000 	C:\Windows\SYSTEM32\profapi.dll
0x00007ff88dc50000 - 0x00007ff88dc68000 	c:\Users\RISHABH UPWANSHI\.vscode\extensions\redhat.java-1.54.0-win32-x64\jre\21.0.10-win32-x86_64\bin\zip.dll
0x00007ff861760000 - 0x00007ff861770000 	C:\Users\RISHABH UPWANSHI\.vscode\extensions\redhat.java-1.54.0-win32-x64\jre\21.0.10-win32-x86_64\bin\net.dll
0x00007ff8932a0000 - 0x00007ff8933c9000 	C:\Windows\SYSTEM32\WINHTTP.dll
0x00007ff898ff0000 - 0x00007ff89905c000 	C:\Windows\system32\mswsock.dll
0x00007ff845a90000 - 0x00007ff845aa6000 	C:\Users\RISHABH UPWANSHI\.vscode\extensions\redhat.java-1.54.0-win32-x64\jre\21.0.10-win32-x86_64\bin\nio.dll
0x00007ff859680000 - 0x00007ff859690000 	c:\Users\RISHABH UPWANSHI\.vscode\extensions\redhat.java-1.54.0-win32-x64\jre\21.0.10-win32-x86_64\bin\verify.dll
0x00007ff83b930000 - 0x00007ff83b975000 	C:\Users\RISHABH UPWANSHI\AppData\Roaming\Code\User\globalStorage\redhat.java\1.54.0\config_ss_win\org.eclipse.equinox.launcher\org.eclipse.equinox.launcher.win32.win32.x86_64_1.3.0.v20260203-2149\eclipse_11919.dll
0x00007ff89ba00000 - 0x00007ff89bb98000 	C:\Windows\System32\ole32.dll

JVMTI agents:
c:\Users\RISHABH UPWANSHI\.vscode\extensions\redhat.java-1.54.0-win32-x64\lombok\lombok-1.18.39-4050.jar path:c:\Users\RISHABH UPWANSHI\.vscode\extensions\redhat.java-1.54.0-win32-x64\jre\21.0.10-win32-x86_64\bin\instrument.dll, loaded, initialized, instrumentlib options:none

dbghelp: loaded successfully - version: 4.0.5 - missing functions: none
symbol engine: initialized successfully - sym options: 0x614 - pdb path: .;c:\Users\RISHABH UPWANSHI\.vscode\extensions\redhat.java-1.54.0-win32-x64\jre\21.0.10-win32-x86_64\bin;C:\Windows\SYSTEM32;C:\Windows\WinSxS\amd64_microsoft.windows.common-controls_6595b64144ccf1df_6.0.26100.8521_none_3e08b75ce33403b3;c:\Users\RISHABH UPWANSHI\.vscode\extensions\redhat.java-1.54.0-win32-x64\jre\21.0.10-win32-x86_64\bin\server;C:\Users\RISHABH UPWANSHI\AppData\Roaming\Code\User\globalStorage\redhat.java\1.54.0\config_ss_win\org.eclipse.equinox.launcher\org.eclipse.equinox.launcher.win32.win32.x86_64_1.3.0.v20260203-2149

VM Arguments:
jvm_args: --add-modules=ALL-SYSTEM --add-opens=java.base/java.util=ALL-UNNAMED --add-opens=java.base/java.lang=ALL-UNNAMED --add-opens=java.base/sun.nio.fs=ALL-UNNAMED -Declipse.application=org.eclipse.jdt.ls.core.id1 -Dosgi.bundles.defaultStartLevel=4 -Declipse.product=org.eclipse.jdt.ls.core.product -Djava.import.generatesMetadataFilesAtProjectRoot=false -DDetectVMInstallationsJob.disabled=true -Dfile.encoding=utf8 -XX:+UseParallelGC -XX:GCTimeRatio=4 -XX:AdaptiveSizePolicyWeight=90 -Dsun.zip.disableMemoryMapping=true -Xmx2G -Xms100m -Xlog:disable -javaagent:c:\Users\RISHABH UPWANSHI\.vscode\extensions\redhat.java-1.54.0-win32-x64\lombok\lombok-1.18.39-4050.jar 
java_command: c:\Users\RISHABH UPWANSHI\.vscode\extensions\redhat.java-1.54.0-win32-x64\server\plugins\org.eclipse.equinox.launcher_1.7.100.v20251111-0406.jar -configuration c:\Users\RISHABH UPWANSHI\AppData\Roaming\Code\User\globalStorage\redhat.java\1.54.0\config_ss_win -data c:\Users\RISHABH UPWANSHI\AppData\Roaming\Code\User\workspaceStorage\f4a2606078933381c2a47e88c5c240c0\redhat.java\ss_ws --pipe=\\.\pipe\lsp-3e838cc6b20398b25bcc1bd62e70d636-sock
java_class_path (initial): c:\Users\RISHABH UPWANSHI\.vscode\extensions\redhat.java-1.54.0-win32-x64\server\plugins\org.eclipse.equinox.launcher_1.7.100.v20251111-0406.jar
Launcher Type: SUN_STANDARD

[Global flags]
    uintx AdaptiveSizePolicyWeight                 = 90                                        {product} {command line}
     intx CICompilerCount                          = 12                                        {product} {ergonomic}
    uintx GCTimeRatio                              = 4                                         {product} {command line}
   size_t InitialHeapSize                          = 104857600                                 {product} {command line}
   size_t MaxHeapSize                              = 2147483648                                {product} {command line}
   size_t MaxNewSize                               = 715653120                                 {product} {ergonomic}
   size_t MinHeapDeltaBytes                        = 524288                                    {product} {ergonomic}
   size_t MinHeapSize                              = 104857600                                 {product} {command line}
   size_t NewSize                                  = 34603008                                  {product} {ergonomic}
    uintx NonNMethodCodeHeapSize                   = 7602480                                {pd product} {ergonomic}
    uintx NonProfiledCodeHeapSize                  = 122027880                              {pd product} {ergonomic}
   size_t OldSize                                  = 70254592                                  {product} {ergonomic}
    uintx ProfiledCodeHeapSize                     = 122027880                              {pd product} {ergonomic}
    uintx ReservedCodeCacheSize                    = 251658240                              {pd product} {ergonomic}
     bool SegmentedCodeCache                       = true                                      {product} {ergonomic}
   size_t SoftMaxHeapSize                          = 2147483648                             {manageable} {ergonomic}
     bool UseCompressedOops                        = true                           {product lp64_product} {ergonomic}
     bool UseLargePagesIndividualAllocation        = false                                  {pd product} {ergonomic}
     bool UseParallelGC                            = true                                      {product} {command line}

Logging:
Log output configuration:
 #0: stdout all=off uptime,level,tags foldmultilines=false
 #1: stderr all=off uptime,level,tags foldmultilines=false

Release file:
JAVA_VERSION="21.0.10" 
MODULES="java.base java.compiler java.datatransfer java.xml java.prefs java.desktop java.instrument java.logging java.management java.security.sasl java.naming java.rmi java.management.rmi java.net.http java.scripting java.security.jgss java.transaction.xa java.sql java.sql.rowset java.xml.crypto java.se java.smartcardio jdk.accessibility jdk.internal.jvmstat jdk.attach jdk.charsets jdk.internal.opt jdk.zipfs jdk.compiler jdk.crypto.ec jdk.crypto.cryptoki jdk.crypto.mscapi jdk.dynalink jdk.internal.ed jdk.editpad jdk.hotspot.agent jdk.httpserver jdk.internal.le jdk.internal.vm.ci jdk.internal.vm.compiler jdk.internal.vm.compiler.management jdk.jartool jdk.javadoc jdk.jcmd jdk.management jdk.management.agent jdk.jconsole jdk.jdeps jdk.jdwp.agent jdk.jdi jdk.jfr jdk.jshell jdk.jsobject jdk.jstatd jdk.localedata jdk.management.jfr jdk.naming.dns jdk.naming.rmi jdk.net jdk.nio.mapmode jdk.random jdk.sctp jdk.security.auth jdk.security.jgss jdk.unsupported jdk.unsupported.desktop jdk.xml.dom" 

Environment Variables:
PATH=C:\Program Files\Common Files\Oracle\Java\javapath;C:\Python313\Scripts\;C:\Python313\;C:\Windows\system32;C:\Windows;C:\Windows\System32\Wbem;C:\Windows\System32\WindowsPowerShell\v1.0\;C:\Windows\System32\OpenSSH\;C:\Program Files (x86)\NVIDIA Corporation\PhysX\Common;C:\Program Files\dotnet\;C:\Program Files\NVIDIA Corporation\NVIDIA App\NvDLISR;C:\ProgramData\chocolatey\bin;C:\TDM-GCC-64\bin;C:\msys64\ucrt64\bin;C:\Program Files\Git\cmd;C:\Program Files\MongoDB\Server\8.2\bin;C:\Program Files\nodejs\;C:\Program Files\Microsoft SQL Server\170\Tools\Binn\;C:\Program Files\Microsoft SQL Server\Client SDK\ODBC\170\Tools\Binn\;E:\apache-maven-3.9.16-bin\apache-maven-3.9.16\bin;C:\Users\RISHABH UPWANSHI\AppData\Local\agy\bin;C:\Program Files\MySQL\MySQL Shell 8.0\bin\;C:\Users\RISHABH UPWANSHI\AppData\Local\Microsoft\WindowsApps;C:\Users\RISHABH UPWANSHI\AppData\Local\Programs\Microsoft VS Code\bin;C:\MinGW\bin;C:\Program Files\JetBrains\WebStorm 2025.2.2\bin;C:\Program Files\MySQL\MySQL Server 8.0\bin;C:\Program Files\mongosh\;C:\Users\RISHABH UPWANSHI\AppData\Roaming\npm;C:\Users\RISHABH UPWANSHI\.dotnet\tools
USERNAME=RISHABH UPWANSHI
OS=Windows_NT
PROCESSOR_IDENTIFIER=AMD64 Family 25 Model 68 Stepping 1, AuthenticAMD
TMP=C:\Users\RISHAB~1\AppData\Local\Temp
TEMP=C:\Users\RISHAB~1\AppData\Local\Temp




Periodic native trim disabled

---------------  S Y S T E M  ---------------

OS:
 Windows 11 , 64 bit Build 26100 (10.0.26100.8521)
OS uptime: 0 days 0:01 hours
Hyper-V role detected

CPU: total 16 (initial active 16) (16 cores per cpu, 2 threads per core) family 25 model 68 stepping 1 microcode 0xa404107, cx8, cmov, fxsr, ht, mmx, 3dnowpref, sse, sse2, sse3, ssse3, sse4a, sse4.1, sse4.2, popcnt, lzcnt, tsc, tscinvbit, avx, avx2, aes, erms, clmul, bmi1, bmi2, adx, sha, fma, vzeroupper, clflush, clflushopt, hv, rdtscp, rdpid, fsrm, f16c, cet_ss
Processor Information for the first 16 processors :
  Max Mhz: 3100, Current Mhz: 3100, Mhz Limit: 3100

Memory: 4k page, system-wide physical 16202M (5239M free)
TotalPageFile size 16202M (AvailPageFile size 1M)
current process WorkingSet (physical memory assigned to process): 91M, peak: 96M
current process commit charge ("private bytes"): 252M, peak: 260M

vm_info: OpenJDK 64-Bit Server VM (21.0.10+7-LTS) for windows-amd64 JRE (21.0.10+7-LTS), built on 2026-01-20T00:00:00Z by "admin" with MS VC++ 17.12 (VS2022)

END.
